24 61 41 55 4 16 26 97 6 53 70 71 7 52 80 51 95 40 12 58 47 86 75 98 99 65 10 62 27 68 1 30 39 77 90 94 0 11 67 28 37 19 92 85 50 60 74 8 33 45 87 32 81 42 88 64 23 5 35 93 72 76 84 96 29 54 13 43 63 25 20 15 34 89 57 78 82 21 17 59 91 22 73 49 56 79 66 31 2 36 38 9 69 48 3 14 83 46 18 44
24 61
24 41
24 35
24 29
61 55
61 4
61 98
61 68
61 64
61 82
61 2
41 7
41 80
55 6
55 27
4 16
4 46
16 26
16 71
16 62
16 37
16 85
26 97
26 28
26 60
26 57
97 51
97 86
97 65
97 17
6 1
6 45
6 38
53 70
53 40
53 47
53 50
70 52
70 7
71 95
71 42
71 84
71 34
7 5
52 99
52 93
80 90
51 19
95 63
40 10
12 58
12 30
12 83
58 68
58 74
58 72
58 69
47 67
47 23
47 36
86 75
86 94
75 0
75 73
98 22
98 66
99 56
65 33
10 96
62 77
62 87
62 9
27 8
27 76
1 81
30 39
77 88
90 32
94 11
0 89
11 78
28 43
37 3
37 44
19 92
19 20
92 49
85 91
74 21
8 15
33 54
32 25
32 59
81 31
5 13
5 14
35 79
91 48
9 18