48 51 57 36 59 67 24 74 17 86 9 94 44 7 98 1 81 31 55 5 69 28 78 99 89 88 87 79 91 90 80 97 95 93 92 83 82 77 96 85 84 76 75 73 72 71 70 68 66 65 64 63 54 53 62 61 58 60 56 52 50 49 39 38 37 29 41 40 30 47 45 43 42 33 32 27 46 35 34 26 25 23 22 21 20 19 18 16 15 14 13 4 3 12 11 8 10 6 2 0
48 51
48 36
48 49
48 39
48 38
48 37
48 29
51 57
51 55
51 52
51 50
57 59
57 62
57 61
57 58
36 24
36 44
36 28
36 46
36 35
36 34
36 26
36 25
59 67
59 64
59 63
59 54
59 53
67 74
67 69
67 71
67 70
67 68
67 66
67 65
24 17
24 23
24 22
74 86
74 73
74 72
17 9
17 21
17 20
17 19
17 18
17 16
17 15
86 94
86 98
86 96
86 85
86 84
86 76
86 75
9 7
9 14
9 13
9 4
9 3
94 81
94 97
94 95
94 93
94 92
94 83
94 82
44 31
44 47
44 45
44 43
44 42
44 33
44 32
7 1
7 12
7 11
7 8
98 99
98 89
98 88
98 87
98 79
1 5
1 2
1 0
81 91
81 90
81 80
31 41
31 40
31 30
55 60
55 56
5 10
5 6
69 78
28 27
78 77