16 68 23 15 90 51 17 22 63 38 46 10 54 72 74 97 9 4 39 21 28 19 87 42 77 53 2 61 47 32 78 75 14 86 60 59 94 11 35 44 13 88 92 58 70 5 41 82 91 1 83 43 67 85 81 50 7 98 36 76 57 55 71 37 27 40 66 62 64 80 45 93 20 48 65 96 69 31 56 29 3 33 89 34 84 49 99 95 12 73 18 30 0 79 25 6 24 26 8 52
16 68
16 90
16 5
68 2
68 61
68 11
23 15
23 38
23 72
23 59
23 26
15 39
15 82
15 6
90 51
90 46
90 28
90 69
51 60
51 94
51 33
51 99
17 22
17 4
17 37
17 24
22 63
22 86
22 89
22 0
63 54
38 75
38 43
46 87
46 8
10 54
10 9
10 32
10 31
54 42
72 53
72 35
74 97
74 19
74 44
97 42
97 87
9 47
9 7
4 76
4 66
21 28
21 91
21 64
21 80
19 27
87 62
42 77
42 55
42 96
77 70
77 81
53 67
53 85
2 71
2 79
61 59
61 49
47 34
32 78
32 14
32 12
78 65
75 83
75 29
86 56
86 3
60 52
59 93
94 45
94 30
11 57
35 25
13 88
13 92
88 98
88 36
92 80
58 70
5 84
5 73
41 82
41 1
83 20
83 95
81 50
40 66
20 48
29 18