66 93 81 1 96 99 87 46 84 68 92 15 33 85 77 7 49 43 60 24 2 78 72 54 91 11 3 62 63 22 95 69 21 23 58 80 97 98 89 70 53 83 13 51 55 38 94 64 79 52 30 27 76 73 37 17 75 86 45 67 29 82 10 0 34 39 6 41 40 48 59 71 50 4 28 74 20 57 36 5 8 61 9 42 19 47 65 35 12 25 88 18 32 56 14 31 26 44 90 16
66 93
66 46
66 85
66 72
66 97
93 81
93 87
93 62
93 94
93 42
93 65
93 90
81 92
81 77
81 3
81 21
81 38
1 96
1 99
1 33
1 11
1 61
96 87
96 15
96 13
99 68
99 7
87 29
87 28
46 84
46 14
84 60
84 54
84 18
84 16
68 63
68 0
68 56
92 49
92 41
15 24
15 48
33 89
33 64
85 43
85 32
77 27
77 34
7 79
49 95
49 71
43 78
60 55
24 98
2 78
2 80
78 69
78 50
72 91
54 37
91 6
91 36
11 5
3 75
3 4
62 52
63 58
22 95
22 23
22 17
95 20
69 76
21 86
21 70
58 40
58 12
97 59
98 82
98 9
89 83
89 57
70 53
53 25
83 8
13 51
13 47
13 31
55 44
38 10
52 30
30 26
27 45
76 73
76 67
17 39
48 35
59 74
50 88
19 47