27 50 48 18 76 19 5 95 16 35 52 69 31 28 94 34 4 80 51 41 42 44 45 56 67 68 25 26 57 43 33 81 61 36 87 17 8 93 62 22 11 53 6 54 0 1 99 29 71 55 88 83 9 2 12 46 82 92 60 59 37 23 70 84 30 38 97 98 10 14 3 66 21 15 7 75 24 96 78 74 65 64 58 20 73 47 40 85 63 91 90 39 49 13 77 89 86 72 32 79
27 50
27 16
27 28
27 61
27 99
50 48
50 51
50 92
50 49
48 18
48 76
48 55
48 88
48 47
18 19
18 33
76 52
76 75
76 74
19 94
19 8
5 95
5 4
5 6
95 69
16 17
16 1
16 96
35 52
35 31
35 34
35 36
35 60
35 72
69 43
31 12
31 30
28 67
94 53
94 59
34 45
4 80
4 87
4 3
80 56
80 71
80 46
51 70
51 13
41 42
41 11
41 40
42 33
42 2
44 45
44 43
45 57
56 15
67 68
67 81
67 29
67 25
25 26
25 22
25 24
25 77
57 58
81 84
61 62
36 37
87 86
17 7
8 93
8 9
8 39
62 14
62 63
22 98
22 66
22 91
11 90
53 54
53 83
0 1
0 73
99 10
29 32
55 21
88 89
9 20
46 82
92 78
23 70
23 85
30 38
97 98
66 65
78 79
65 64