42 60 41 55 23 70 51 54 34 83 27 77 21 47 16 12 92 93 79 95 76 62 57 91 50 66 43 73 58 24 9 74 7 84 65 94 56 67 98 53 44 40 33 59 29 46 28 32 22 63 18 72 13 15 10 8 71 5 4 3 1 68 96 99 87 85 75 89 90 49 61 80 45 38 36 48 39 25 81 69 20 19 30 14 37 2 0 86 82 78 64 88 52 35 26 97 17 11 6 31
42 60
42 73
42 44
42 40
60 62
60 35
41 55
41 23
41 7
41 80
41 45
55 70
55 67
55 43
55 86
55 88
55 17
23 92
51 54
54 91
54 98
34 83
83 40
83 0
27 77
27 58
27 8
27 39
27 5
21 47
21 63
47 16
16 24
16 93
12 92
12 2
92 93
92 76
92 57
92 10
92 87
92 33
92 11
93 62
93 84
79 95
79 56
95 43
95 91
95 85
62 53
50 66
50 53
50 90
50 52
66 5
66 68
66 49
43 3
43 61
24 81
24 69
24 19
9 74
9 99
74 82
65 94
65 56
65 29
94 26
56 31
98 25
33 59
59 22
29 46
28 32
28 96
22 72
22 97
63 99
18 72
72 78
13 15
15 10
10 30
8 71
8 4
8 14
4 37
1 68
96 99
96 38
96 20
75 89
89 36
90 64
45 36
36 48
86 6