17 76 78 3 20 1 79 29 69 85 30 31 32 33 34 35 53 36 37 38 39 91 40 58 92 2 89 50 55 13 4 56 99 96 23 80 42 41 26 83 6 14 43 49 63 95 97 94 7 18 0 15 28 82 98 22 59 88 84 44 77 75 68 67 73 72 70 66 65 54 21 12 16 64 46 93 52 57 27 48 5 60 9 47 61 81 51 45 62 87 86 90 25 74 71 24 11 10 8 19
17 76
17 1
17 53
17 13
76 78
78 79
78 73
78 72
78 70
78 66
78 65
78 74
78 71
3 20
3 1
3 14
3 11
20 29
20 26
20 27
20 24
1 2
1 16
1 8
79 69
79 77
79 75
79 68
79 67
29 30
29 23
69 85
85 91
85 99
85 96
30 31
31 32
32 33
33 34
34 35
35 36
53 58
53 55
36 37
37 38
38 39
39 40
91 92
91 94
40 42
40 41
40 49
40 45
58 50
58 64
58 52
58 60
92 89
92 83
2 18
2 15
89 80
89 87
50 56
55 63
55 61
55 51
13 4
13 12
4 6
4 0
4 19
56 59
56 54
56 57
99 97
99 86
96 95
96 90
23 28
23 22
80 98
80 81
42 43
41 44
41 46
26 21
26 25
83 82
6 7
14 9
43 48
49 47
63 62
95 84
97 93
94 88
7 5
18 10