13 88 29 87 49 42 41 59 25 40 19 14 32 74 67 58 17 4 15 35 34 95 11 63 78 53 51 37 84 22 70 85 81 20 5 91 52 28 61 10 1 62 79 27 50 2 69 60 54 3 44 57 76 0 6 75 45 90 80 26 16 7 72 56 97 73 93 18 55 46 89 31 24 33 48 8 92 77 98 43 64 12 71 38 9 94 21 36 39 66 47 83 96 86 68 30 82 23 65 99
13 88
13 25
13 67
13 1
88 29
88 87
29 41
29 84
29 5
29 92
87 53
87 20
87 2
87 54
87 16
87 64
49 42
49 19
49 70
49 31
42 59
42 81
42 45
42 55
41 59
41 14
41 62
41 38
59 56
59 36
25 43
25 12
40 19
40 32
40 74
14 35
32 57
74 61
67 22
58 17
58 28
58 84
17 80
17 24
4 15
4 76
4 47
15 37
15 20
35 72
35 93
34 95
34 10
34 62
34 27
34 9
34 86
95 11
11 75
63 78
63 20
78 51
53 98
53 39
51 33
51 77
37 60
37 68
84 0
84 89
70 85
70 26
85 7
81 79
81 18
81 66
5 73
91 52
91 7
52 97
61 69
61 65
10 3
10 21
62 23
27 50
2 71
69 46
3 44
3 90
6 75
45 99
26 82
7 8
72 96
97 30
18 83
33 94
48 8