13 59 3 40 4 41 9 51 6 46 52 26 85 31 95 28 90 19 71 15 64 20 73 23 80 25 84 10 54 45 29 91 18 70 83 74 53 0 34 33 79 16 66 63 32 98 97 27 88 42 96 30 94 17 67 65 60 12 58 39 2 37 86 5 44 22 77 68 14 61 1 36 35 24 81 21 76 11 55 89 72 82 56 7 47 78 75 62 92 69 93 87 8 50 48 49 57 43 38
13 59
13 60
59 57
3 40
3 39
3 1
40 38
4 41
4 42
4 15
41 43
9 51
9 52
9 15
9 17
9 29
51 49
6 46
6 45
6 26
46 48
26 85
26 86
26 29
26 24
31 95
31 96
31 11
31 18
31 23
95 93
28 90
28 89
28 19
19 71
19 72
71 69
15 64
15 63
15 25
20 73
20 74
20 16
73 75
23 80
23 79
25 84
25 83
10 54
10 53
10 14
29 91
29 92
29 18
18 70
18 69
18 27
18 0
0 34
0 33
16 66
16 65
16 27
63 61
32 98
32 97
32 12
27 88
27 87
30 94
30 93
17 67
17 68
17 22
12 58
12 57
12 11
2 37
2 38
5 44
5 43
22 77
22 78
14 61
14 62
1 36
1 35
1 24
24 81
24 82
21 76
21 75
11 55
11 56
7 47
7 48
8 50
8 49