0 99 1 98 97 2 3 96 95 4 5 94 93 6 7 92 91 8 9 90 89 10 11 88 87 12 13 86 85 14 15 84 83 16 17 82 81 18 19 80 79 20 21 78 77 22 23 76 75 24 25 74 73 26 27 72 71 28 29 70 69 30 31 68 67 32 33 66 65 34 35 64 63 36 37 62 61 38 39 60 59 40 41 58 57 42 43 56 55 44 45 54 53 46 47 52 51 48 49 50
0 99
0 1
99 98
1 2
98 97
97 96
2 3
3 4
96 95
95 94
4 5
5 6
94 93
93 92
6 7
7 8
92 91
91 90
8 9
9 10
90 89
89 88
10 11
11 12
88 87
87 86
12 13
13 14
86 85
85 84
14 15
15 16
84 83
83 82
16 17
17 18
82 81
81 80
18 19
19 20
80 79
79 78
20 21
21 22
78 77
77 76
22 23
23 24
76 75
75 74
24 25
25 26
74 73
73 72
26 27
27 28
72 71
71 70
28 29
29 30
70 69
69 68
30 31
31 32
68 67
67 66
32 33
33 34
66 65
65 64
34 35
35 36
64 63
63 62
36 37
37 38
62 61
61 60
38 39
39 40
60 59
59 58
40 41
41 42
58 57
57 56
42 43
43 44
56 55
55 54
44 45
45 46
54 53
53 52
46 47
47 48
52 51
51 50
48 49