39 93 12 4 42 59 10 21 28 9 23 11 78 16 20 68 61 65 81 22 54 74 56 89 48 55 8 30 83 49 67 47 32 69 40 84 87 51 1 5 35 31 27 91 26 77 7 50 75 33 82 46 90 36 43 37 73 19 2 79 29 94 52 64 76 53 25 38 17 80 45 63 18 98 72 3 95 0 97 58 24 14 85 62 6 41 96 70 34 71 57 44 92 60 88 15 66 86 13
39 93
39 11
39 56
39 17
39 94
39 34
93 59
93 64
12 4
12 42
12 28
12 69
12 95
4 9
4 72
42 54
42 90
42 19
59 20
59 5
59 27
59 77
10 21
10 23
10 73
10 14
10 96
21 68
21 48
21 98
28 48
28 55
28 33
9 11
23 50
78 16
78 53
16 8
16 30
16 51
16 13
68 74
68 88
61 65
61 40
61 26
65 30
81 22
81 83
81 91
22 89
22 6
54 76
74 1
56 89
56 70
56 71
89 75
89 46
48 79
55 60
8 43
30 83
30 47
49 67
49 40
49 80
67 87
47 32
47 82
47 3
32 45
84 87
51 18
51 85
1 36
5 57
35 31
31 7
31 24
91 86
7 2
50 25
50 15
75 38
75 41
36 0
43 37
73 44
19 66
2 29
2 72
94 52
52 62
45 63
97 58
97 85
96 92