43 45 40 48 53 54 36 39 34 33 51 27 29 31 60 62 26 64 20 22 57 23 66 68 12 13 14 17 11 8 9 69 71 74 80 82 5 7 2 75 78 98 92 93 83 86 89 96 94 56 42 41 38 84 1 97 90 76 18 70 37 46 87 59 6 65 49 30 28 3 67 44 21 63 16 72 50 85 79 88 77 19 91 32 58 55 10 95 35 0 73 61 52 25 24 15 4 81 47
43 45
43 40
43 44
45 48
45 46
40 39
40 42
48 51
48 49
53 54
53 51
53 50
54 57
54 56
54 55
36 39
36 34
34 33
33 31
33 32
51 52
27 29
27 26
27 28
27 25
29 31
31 30
60 62
60 57
62 64
62 63
26 23
26 24
64 66
64 65
20 22
20 17
20 18
20 19
22 23
22 21
66 68
68 69
68 70
12 13
12 9
12 10
13 11
14 17
14 11
8 9
8 7
8 6
69 71
71 74
74 75
74 76
80 82
80 78
82 83
82 84
5 7
5 2
2 98
2 0
75 78
78 81
98 1
92 93
92 89
92 90
93 96
93 94
83 86
86 89
89 91
56 59
56 58
42 41
41 38
38 37
84 87
84 85
1 97
1 3
97 95
90 88
76 79
76 77
18 16
18 15
70 72
70 73
37 35
46 47
59 61
6 4
65 67