2 95 21 28 46 92 63 86 91 68 58 62 14 88 71 82 87 23 16 49 37 44 93 94 78 54 38 15 96 55 80 29 76 20 64 50 17 99 6 67 85 8 51 40 32 22 90 53 45 69 81 4 24 98 3 42 41 77 36 97 27 25 39 43 9 75 74 72 7 34 11 57 59 30 83 89 31 70 5 61 65 35 66 79 47 48 73 84 1 19 52 10 60 0 26 12 56 18 13 33
2 95
2 21
2 9
95 92
95 28
95 97
95 57
95 35
21 93
21 78
21 80
28 46
28 49
28 55
28 76
46 68
46 14
46 48
92 62
92 50
92 32
63 86
63 58
63 81
86 91
86 6
86 60
86 13
91 37
91 45
68 88
68 16
68 96
58 67
58 85
62 38
14 87
88 82
88 42
88 10
71 82
71 15
71 77
87 23
87 37
87 1
23 66
23 56
16 3
49 75
49 59
37 44
37 22
37 24
44 17
93 8
93 41
93 43
94 78
94 54
54 5
38 51
15 90
96 98
96 89
55 4
80 12
29 76
29 39
20 64
20 40
64 53
64 24
50 84
17 27
99 6
99 61
67 47
85 26
8 7
32 74
32 65
90 83
53 36
45 31
69 81
4 0
24 18
3 11
42 25
97 79
27 34
39 73
43 70
9 72
75 33
59 30
5 52
79 19