53 56 54 39 44 60 67 34 29 21 71 73 12 83 88 84 6 90 72 59 76 42 58 28 0 23 48 22 7 75 77 80 9 87 33 14 24 18 8 11 51 74 92 93 96 30 43 35 36 70 78 47 68 61 52 19 46 98 95 89 86 85 79 65 50 49 45 41 38 20 16 13 3 2 1 94 32 17 10 81 97 91 99 15 31 37 64 55 27 4 25 26 5 82 66 69 63 62 40 57
53 56
53 44
53 46
56 54
54 60
54 59
54 61
54 55
39 44
39 34
39 36
44 42
60 67
60 65
60 64
67 71
67 72
67 68
34 29
29 21
29 28
29 23
29 24
21 12
21 18
71 73
73 83
12 6
12 16
12 17
12 15
83 88
88 84
84 90
84 89
84 86
84 85
6 0
6 7
6 10
90 92
90 93
90 96
90 95
90 94
90 91
72 76
72 75
72 74
59 58
59 63
76 77
76 78
42 43
42 47
42 45
58 48
28 33
28 35
0 3
0 2
0 1
0 4
23 22
48 51
48 49
22 14
22 25
7 9
75 80
77 70
77 82
80 87
9 11
33 30
14 8
24 27
24 26
18 19
18 20
8 5
11 13
51 50
74 81
92 97
93 99
96 98
30 32
43 37
35 31
36 41
36 38
70 66
78 79
47 52
68 69
61 62
52 57
46 40