5 88 37 57 71 65 30 87 34 82 95 29 84 54 2 77 47 33 45 69 99 91 92 13 12 14 32 86 61 70 80 7 89 11 76 75 21 96 19 40 8 26 17 18 9 31 98 16 42 73 55 43 10 36 39 79 50 25 1 41 3 83 90 60 72 4 51 35 6 66 63 81 28 94 49 53 38 20 56 74 22 44 59 52 93 0 27 97 85 78 23 68 48 62 46 67 58 64 15 24
5 88
5 71
5 87
5 84
5 83
5 52
5 15
88 99
88 61
88 81
88 25
88 97
37 57
37 82
37 95
37 62
57 34
57 87
57 29
57 6
71 47
71 70
71 31
65 30
65 34
65 26
65 58
30 2
30 75
34 77
34 68
82 54
82 17
95 12
95 32
95 49
29 90
29 28
29 22
84 40
54 69
54 3
2 19
2 20
2 44
77 86
47 13
33 45
33 89
33 51
45 76
45 42
45 36
45 66
69 14
99 80
99 7
99 8
91 92
91 9
91 79
92 70
13 38
12 76
12 21
14 96
14 85
32 72
32 53
86 18
86 41
61 59
61 23
70 10
80 50
7 39
89 11
11 94
75 60
21 56
40 16
40 78
8 93
26 4
17 63
31 98
98 67
16 27
73 55
55 43
55 66
79 0
25 1
25 74
41 46
3 64
3 24
4 48
51 35