31 35 0 26 25 2 44 3 70 74 22 93 91 76 84 95 15 23 21 88 17 48 78 47 7 12 62 89 19 83 90 16 42 60 72 14 67 36 55 77 68 9 52 18 80 82 27 33 10 57 8 49 73 28 38 92 96 61 64 6 4 71 69 40 32 87 11 59 24 99 97 94 66 81 45 63 5 98 85 53 37 41 79 56 39 51 13 65 1 86 50 54 75 20 30 58 46 43 34 29
31 35
31 2
31 44
35 3
35 95
35 47
35 25
0 26
0 25
0 27
26 42
26 37
25 54
2 33
44 88
44 6
3 36
3 34
70 74
70 15
70 91
74 16
74 80
22 93
22 91
22 92
91 48
76 84
76 17
84 19
95 23
95 87
15 71
23 96
23 94
21 88
21 89
21 90
17 78
17 77
48 7
48 68
78 90
47 7
47 55
47 85
7 46
12 62
62 57
89 72
19 83
19 82
83 60
83 64
83 49
83 98
16 73
16 75
42 5
14 67
14 68
14 69
36 39
55 10
77 97
9 52
9 53
52 94
18 80
18 81
18 79
27 86
33 59
10 57
10 56
8 49
8 51
8 50
28 38
28 97
28 1
38 4
61 64
61 40
61 32
6 45
6 43
11 59
11 58
24 99
24 97
99 29
66 81
66 13
45 63
5 41
85 20
13 65
1 30