70 18 97 38 8 61 46 30 23 72 95 34 59 58 65 68 80 56 4 86 14 60 64 99 19 89 6 81 74 5 44 98 39 9 26 67 17 79 27 43 82 69 71 41 1 11 37 40 36 88 33 47 96 10 57 94 77 75 3 91 20 29 22 15 32 93 21 48 12 63 52 55 42 62 83 87 53 73 90 51 85 13 84 2 28 25 35 31 78 54 24 0 7 45 76 66 92 50 49 16
70 18
70 97
70 8
18 34
18 93
18 25
97 38
38 46
38 86
38 96
8 61
8 58
61 80
61 99
61 4
61 44
61 98
61 75
46 59
46 27
46 48
30 23
30 65
30 47
23 14
23 64
23 94
72 95
72 59
72 1
72 88
72 62
95 39
95 11
95 87
95 24
34 68
59 71
59 0
58 67
58 12
65 60
68 26
68 40
80 19
80 90
56 4
56 10
56 32
4 89
86 37
86 63
86 54
14 9
60 41
60 33
64 69
99 77
99 85
19 9
19 42
89 81
6 81
6 82
6 52
74 5
74 55
74 45
5 27
5 31
98 15
98 7
39 16
26 36
26 3
67 83
17 79
17 43
17 76
79 37
27 57
69 35
1 50
40 78
36 20
36 49
96 28
57 84
3 91
3 53
91 51
20 2
29 22
22 73
22 32
32 21
42 92
85 13
25 66