1 3 17 7 19 18 2 11 21 12 15 0 20 4 28 10 27 5 14 6 47 13 79 29 16 22 30 45 8 78 25 26 44 23 81 48 40 62 52 66 77 9 97 60 24 98 89 39 33 83 53 38 42 65 86 73 75 92 96 46 67 74 70 57 69 37 49 95 85 80 61 55 50 58 41 36 63 54 99 34 64 71 84 43 59 76 87 32 93 91 56 51 94 82 72 35 90 68 88 31
1 3
1 27
1 47
1 48
1 62
1 52
1 60
1 53
1 57
1 49
1 61
1 55
1 50
1 58
1 54
1 59
1 56
1 51
3 17
3 79
3 29
3 78
3 81
3 89
3 83
3 86
3 92
3 85
3 80
3 63
3 84
3 87
3 93
3 90
3 88
17 21
17 6
7 19
7 12
7 64
19 18
19 40
19 73
18 15
18 39
18 72
2 11
2 28
2 66
2 77
2 65
2 75
2 74
2 70
2 71
2 76
2 68
11 15
11 98
11 35
21 8
12 4
15 16
0 20
0 28
0 27
0 13
0 30
0 45
0 44
0 33
0 38
0 42
0 46
0 37
0 41
0 36
0 34
0 43
0 32
20 10
4 26
4 97
4 96
4 99
4 94
10 5
10 14
10 23
10 67
10 82
5 24
5 31
14 25
13 22
13 69
22 91
8 95
23 9