39 58 6 10 14 33 50 99 62 85 70 8 98 84 64 4 68 24 36 48 69 9 92 15 47 53 42 44 91 45 56 74 78 34 23 79 25 38 75 20 52 12 40 67 94 72 1 30 26 2 35 93 82 96 32 21 3 29 97 76 87 89 95 51 31 5 80 73 27 41 71 55 81 63 86 11 46 7 37 77 16 18 65 19 59 49 0 13 61 66 28 43 17 90 83 57 60 88 54 22
39 58
39 10
39 14
39 61
58 6
58 85
58 20
58 49
58 13
6 62
6 84
6 36
6 55
10 9
10 82
10 21
10 73
10 41
14 99
14 24
14 54
33 50
33 70
50 99
50 68
50 93
50 46
99 32
99 18
62 64
85 78
85 28
70 44
70 95
8 98
8 42
8 5
98 15
98 26
84 35
64 56
64 40
4 68
4 34
4 2
68 72
24 79
36 25
36 57
48 69
48 27
69 44
69 81
9 92
9 52
9 19
9 17
92 74
15 20
47 53
47 45
53 94
42 37
91 45
91 75
56 3
56 90
74 38
78 29
78 65
34 23
34 16
34 0
34 83
23 7
23 60
79 96
79 63
25 88
38 75
75 67
75 43
20 87
52 12
12 59
40 51
1 30
1 71
1 3
1 86
1 22
30 97
2 11
82 76
32 89
29 31
29 77
76 80
16 66