69 78 21 88 20 85 14 5 41 90 16 74 86 17 75 2 32 7 47 0 25 8 49 51 9 54 24 97 1 30 50 81 43 89 18 99 22 92 40 79 3 35 52 98 42 59 11 26 77 46 27 80 67 60 48 68 72 65 57 82 13 19 83 70 62 23 94 63 64 84 96 10 55 38 56 37 36 73 33 76 29 4 28 12 95 6 31 53 45 66 61 15 91 44 34 39 71 93 87 58
69 78
69 14
78 17
78 79
78 32
78 72
78 56
21 88
21 90
21 89
88 81
88 73
20 85
20 86
85 41
85 63
14 67
14 68
5 41
5 40
5 42
90 47
16 74
16 75
74 89
74 57
74 96
86 50
86 47
86 87
17 77
17 76
75 59
2 32
2 33
2 31
32 43
7 47
7 46
7 48
0 25
0 26
0 27
25 52
8 49
8 51
8 50
49 70
49 38
9 54
9 52
9 53
54 82
54 36
24 97
24 99
24 98
97 26
97 62
1 30
1 29
30 50
30 99
81 18
43 6
89 92
18 80
22 92
22 91
22 93
92 77
79 28
3 35
3 34
35 59
98 64
42 60
42 37
59 11
11 58
27 83
67 65
60 94
72 15
65 13
57 10
13 66
19 83
19 84
62 12
23 94
23 95
10 55
38 4
38 71
33 39
12 61
6 45
6 44