19 36 12 82 99 15 96 81 86 23 27 21 42 28 34 71 61 26 11 98 29 90 54 56 70 59 2 37 20 31 93 13 52 73 16 35 83 50 69 64 75 80 5 44 24 14 45 57 46 51 3 84 68 79 65 95 53 4 25 6 22 60 94 92 78 67 72 85 88 77 47 40 0 63 17 97 18 32 76 49 55 41 33 39 8 1 7 10 91 89 66 38 62 74 58 30 9 48 43 87
19 36
19 21
19 93
19 67
36 81
36 71
36 54
36 96
36 65
12 82
12 96
12 63
12 8
82 99
82 86
82 11
99 15
15 56
15 53
15 41
15 58
96 90
96 69
81 26
81 7
86 42
23 27
23 70
23 16
23 30
27 28
27 66
21 83
21 22
21 47
21 38
42 61
42 59
28 34
28 68
34 11
34 31
34 6
71 37
71 13
71 51
61 98
61 75
61 77
26 52
26 50
26 97
11 3
11 5
98 29
98 35
29 79
90 45
54 57
56 80
70 78
70 85
59 2
59 20
37 64
37 4
20 73
93 95
13 92
52 46
73 18
73 55
35 9
35 43
83 91
50 94
69 17
64 40
80 0
5 44
5 60
44 76
24 14
24 1
14 25
45 72
45 49
46 48
3 84
84 87
68 25
65 62
95 33
92 89
72 32
88 77
77 10
63 74
41 39