64 26 63 66 39 77 56 43 55 62 93 20 24 35 33 41 90 92 34 50 13 31 18 81 51 30 89 45 99 70 47 48 12 6 10 87 4 1 53 91 44 8 54 25 57 67 11 68 84 9 22 82 58 15 14 52 5 46 72 73 75 28 29 2 85 17 94 78 61 23 80 97 86 69 40 38 59 98 42 65 79 21 74 32 71 95 16 96 36 19 3 60 7 27 76 49 0 37 83 88
64 26
64 56
64 33
64 89
64 68
26 63
26 45
26 12
26 58
26 42
63 87
63 44
63 57
63 46
63 72
63 36
66 39
66 77
66 55
39 20
39 41
39 21
39 49
77 43
56 62
56 13
43 18
43 10
43 15
43 98
55 93
55 67
55 84
62 93
62 22
62 23
93 35
93 90
20 24
20 81
20 51
20 82
24 0
35 31
33 70
33 48
33 94
41 61
41 71
90 50
92 34
92 30
92 1
34 99
50 91
50 8
13 47
31 38
31 79
18 25
18 3
81 14
81 52
81 76
51 80
51 37
89 6
45 59
99 6
99 40
70 27
48 19
12 53
6 17
10 11
87 4
4 32
1 74
91 2
91 97
91 69
91 95
8 54
8 5
8 88
54 78
25 9
57 29
67 85
67 7
11 73
52 65
73 75
28 29
61 86
61 60
59 16
59 96
16 83