23 34 31 94 24 18 37 43 77 59 57 49 5 72 91 38 46 27 51 93 80 12 79 15 75 63 8 35 36 16 40 29 65 47 11 52 28 42 68 39 22 81 69 53 70 13 1 78 76 45 3 7 64 73 10 97 41 86 19 21 95 90 98 4 54 74 96 82 0 32 84 20 58 9 60 26 14 99 83 85 87 56 33 2 17 55 66 44 48 61 6 88 67 89 25 92 71 62 30 50
23 34
23 18
23 59
23 46
34 31
34 24
34 43
34 27
34 19
31 94
31 2
94 37
94 16
94 47
94 25
24 57
24 13
24 71
18 93
18 12
37 91
37 44
37 30
43 77
43 5
43 28
77 72
77 80
59 79
59 60
57 49
57 92
49 51
49 75
49 95
5 8
5 76
72 39
72 69
72 78
91 35
91 36
91 54
38 46
38 81
38 86
38 66
46 29
27 15
51 40
51 74
93 52
80 63
12 10
12 55
79 3
79 32
79 84
79 26
15 42
75 1
63 67
8 21
35 65
36 11
16 33
16 88
40 68
40 45
29 90
65 22
47 4
52 64
28 98
28 89
42 82
42 58
68 56
22 73
22 61
81 85
69 7
53 70
53 90
53 0
13 14
13 50
1 41
78 6
45 9
64 83
10 97
97 96
41 20
19 17
4 62
14 99
83 87
44 48