21 77 68 69 27 0 15 35 36 28 63 41 19 20 70 56 26 1 50 75 74 8 52 73 22 23 9 11 12 51 67 16 29 3 18 33 60 7 43 44 14 49 10 6 47 64 31 55 58 25 2 4 54 45 59 40 38 39 34 61 53 37 5 71 24 46 66 65 76 57 48 72 62 13 32 42 17 30
21 77
21 27
21 63
21 41
21 20
21 9
21 35
21 6
77 68
77 76
68 69
68 67
68 55
68 61
69 70
69 74
27 28
27 26
27 33
0 15
0 1
0 75
0 49
15 16
15 14
15 47
15 43
35 36
35 23
35 34
36 56
36 3
28 29
28 37
63 64
63 62
41 40
41 38
19 20
19 18
70 7
70 71
56 57
26 60
26 25
1 2
50 75
50 51
75 74
75 11
74 73
8 52
8 9
52 53
73 72
22 23
22 42
23 31
23 24
9 10
9 45
11 12
12 13
51 58
51 65
67 66
3 4
18 17
33 32
60 59
43 44
49 48
6 5
31 30
55 54
45 46
38 39