33 94 16 43 61 46 70 4 15 50 39 28 92 56 54 26 40 90 98 96 22 68 52 97 9 21 24 73 88 20 65 75 44 48 63 34 86 57 91 85 82 72 19 29 7 6 45 67 17 93 87 78 25 41 71 74 27 18 2 83 36 10 53 32 84 49 11 80 42 38 13 37 12 23 51 99 47 76 60 59 64 79 3 58 77 30 69 0 8 35 1 55 66 14 31 81 5 89 95 62
33 94
33 15
33 20
33 42
94 52
94 48
16 43
16 87
16 2
16 91
43 92
43 59
61 46
61 27
61 90
61 31
46 86
46 88
46 60
70 4
70 21
70 29
70 71
4 88
15 50
15 5
50 93
50 36
50 72
39 28
39 97
28 90
28 44
92 25
92 38
56 54
56 68
56 48
56 77
54 99
26 40
40 38
40 3
90 41
98 96
98 29
98 65
22 68
22 80
68 32
52 49
97 9
97 53
9 85
9 91
9 82
21 78
24 73
24 63
24 76
73 17
65 75
65 19
75 12
63 34
34 27
86 6
86 58
57 91
57 79
57 1
91 74
91 13
91 47
85 8
82 72
82 18
19 83
7 6
45 67
45 10
45 55
87 30
87 89
25 51
71 95
27 14
36 64
10 60
53 11
84 49
80 23
37 12
23 69
47 81
64 62
69 0
8 35
55 66