0 6 11 2 13 32 29 20 7 23 1 21 33 4 24 3 5 22 90 53 64 16 9 12 8 31 26 15 25 38 88 46 63 82 14 84 40 42 73 27 66 62 83 55 28 39 19 35 77 51 54 91 61 93 59 76 71 65 70 56 87 60 41 69 58 10 52 85 49 48 18 98 94 79 89 44 95 72 17 45 86 67 97 37 36 80 43 47 92 50 74 68 34 99 81 30 96 75 78 57
0 6
0 32
0 33
0 38
0 46
0 40
0 42
0 39
0 35
0 51
0 41
0 52
0 49
0 48
0 44
0 45
0 37
0 36
0 43
0 47
0 50
0 34
6 11
6 29
6 93
6 56
11 23
11 21
11 22
11 60
11 79
2 13
2 90
2 53
2 15
2 88
2 82
2 84
2 73
2 83
2 28
2 77
2 91
2 76
2 85
2 89
2 72
2 86
2 74
2 81
2 75
2 78
13 29
13 9
13 26
13 97
32 1
29 69
20 7
20 3
7 21
7 24
7 5
7 12
7 94
23 16
23 87
23 10
1 4
1 64
1 31
1 63
1 66
1 62
1 55
1 61
1 71
1 65
1 70
1 58
1 67
1 68
1 57
4 54
4 92
24 8
24 19
5 25
22 14
90 27
16 18
9 59
9 95
12 80
12 96
8 30
15 99
25 17
14 98