0 65 10 71 1 68 3 79 94 78 69 9 60 97 76 80 83 13 20 54 58 5 74 85 98 41 29 61 18 33 50 87 6 64 19 48 62 31 53 89 77 57 93 88 44 90 86 91 15 26 67 99 92 73 81 84 96 27 38 95 12 70 56 45 21 49 47 40 24 52 23 59 22 55 14 17 37 63 51 8 72 2 39 46 82 66 16 11 35 75 34 32 36 28 30 4 25 42 43 7
0 65
0 10
0 71
0 68
0 79
0 94
0 78
0 69
0 97
0 76
0 80
0 83
0 74
0 85
0 98
0 87
0 89
0 77
0 93
0 88
0 90
0 86
0 91
0 67
0 99
0 92
0 73
0 81
0 84
0 96
0 95
0 70
0 72
0 82
0 66
0 75
65 1
10 3
71 9
1 40
1 51
1 8
68 5
3 13
79 19
94 41
78 18
69 6
9 60
9 58
9 48
60 14
97 44
76 15
80 20
83 27
13 47
13 63
20 54
20 33
20 55
54 26
58 61
5 24
5 37
74 12
98 45
41 57
29 61
29 64
29 38
18 59
33 50
87 31
6 53
19 21
62 31
62 49
53 17
53 28
77 16
93 39
88 32
44 52
90 34
86 30
91 35
15 22
26 56
67 4
99 46
92 36
73 11
81 25
96 43
27 2
95 42
70 7
21 23