14 62 19 54 61 36 67 9 29 99 37 52 26 23 12 21 5 22 11 72 70 92 59 69 24 47 90 95 30 46 66 38 83 28 82 16 60 76 81 56 40 13 71 87 2 44 55 18 85 42 49 41 75 88 7 8 4 48 93 51 89 77 64 58 80 31 84 32 1 27 63 91 94 33 0 97 74 73 34 68 86 50 10 20 35 57 43 53 98 15 65 78 96 45 79 3 39 17 6 25
14 62
14 67
14 26
14 66
14 81
14 59
14 77
14 1
14 0
14 74
62 61
62 19
62 50
19 54
19 23
19 51
19 10
54 36
61 22
61 86
61 43
36 21
36 52
36 68
67 60
9 29
9 65
9 45
29 5
29 95
29 28
99 37
99 52
99 38
99 44
99 8
37 88
37 20
37 57
26 80
26 32
23 30
12 21
12 83
12 58
21 46
5 64
5 13
22 16
22 40
22 72
22 35
11 72
11 56
11 2
11 25
70 92
70 42
92 90
92 85
92 94
59 69
59 93
69 87
24 47
24 88
47 63
47 34
90 76
90 7
90 79
95 48
95 42
95 96
30 53
30 15
30 6
46 28
46 91
83 75
28 82
28 18
16 31
60 27
40 97
13 71
71 55
49 41
49 4
75 33
4 77
48 3
51 89
31 84
33 98
74 73
74 17
73 39
10 78