49 50 48 51 47 52 46 53 45 54 44 55 43 56 42 57 58 41 59 40 60 39 61 38 62 37 63 36 64 35 65 34 66 33 67 32 31 68 69 30 70 29 71 28 72 27 73 26 25 74 24 75 23 76 22 77 21 78 20 79 80 19 81 18 82 17 83 16 84 15 85 14 86 13 87 12 88 11 10 89 9 90 91 8 92 7 93 6 5 94 4 95 3 96 2 97 1 98 0 99
49 50
49 48
50 51
48 47
51 52
47 46
52 53
46 45
53 54
45 44
54 55
44 43
55 56
43 42
56 57
42 41
57 58
58 59
41 40
59 60
40 39
60 61
39 38
61 62
38 37
62 63
37 36
63 64
36 35
64 65
35 34
65 66
34 33
66 67
33 32
67 68
32 31
31 30
68 69
69 70
30 29
70 71
29 28
71 72
28 27
72 73
27 26
73 74
26 25
25 24
74 75
24 23
75 76
23 22
76 77
22 21
77 78
21 20
78 79
20 19
79 80
80 81
19 18
81 82
18 17
82 83
17 16
83 84
16 15
84 85
15 14
85 86
14 13
86 87
13 12
87 88
12 11
88 89
11 10
10 9
89 90
9 8
90 91
91 92
8 7
92 93
7 6
93 94
6 5
5 4
94 95
4 3
95 96
3 2
96 97
2 1
97 98
1 0
98 99