77 45 37 34 15 47 64 89 51 22 1 4 44 58 10 29 97 88 18 17 40 23 71 86 73 46 81 68 79 87 21 56 80 70 67 83 62 50 12 14 95 53 96 98 92 7 85 42 82 84 72 57 74 13 32 69 54 66 78 43 41 9 39 65 55 30 28 33 38 5 27 20 48 94 52 90 11 61 25 76 6 63 19 24 8 26 2 16 99 31 0 75 60 93 59 91 36 3 35 49
77 45
77 34
45 37
45 51
37 15
34 22
34 40
34 71
34 9
34 55
15 81
15 56
47 64
47 4
47 82
64 89
64 10
89 1
89 79
89 86
89 60
51 88
22 4
22 8
1 73
44 58
44 23
44 85
58 29
58 57
58 39
10 87
29 97
29 67
29 80
97 86
88 84
88 52
88 36
18 17
18 46
18 69
18 61
18 35
17 98
40 46
40 13
23 7
23 76
71 92
71 42
71 78
71 11
73 90
73 0
46 75
81 68
68 14
68 95
79 41
79 94
87 96
87 66
87 63
21 56
21 50
21 33
56 12
80 70
80 43
67 5
67 91
83 62
83 72
62 92
62 28
50 20
14 93
95 53
53 25
96 30
98 19
92 6
92 59
85 99
42 32
57 74
57 3
69 54
54 48
43 2
9 65
9 31
33 38
38 16
5 27
76 24
6 26
19 49