0 1 2 4 3 43 10 5 32 7 15 27 79 11 86 97 69 84 71 51 41 9 28 17 26 21 91 16 93 44 81 70 96 54 38 40 72 77 34 58 67 68 61 42 8 19 62 18 66 80 29 46 25 55 48 35 64 23 63 49 24 30 56 76 74 45 75 52 14 83 88 85 50 87 94 6 20 36 89 92 99 39 37 82 73 53 65 33 60 98 90 47 22 59 57 13 12 78 95 31
0 1
0 43
0 32
0 7
0 51
0 41
0 44
0 54
0 38
0 40
0 34
0 42
0 46
0 55
0 48
0 35
0 49
0 56
0 45
0 52
0 50
0 36
0 39
0 37
0 53
0 47
0 57
1 3
1 69
1 71
1 70
1 72
1 58
1 67
1 68
1 61
1 62
1 66
1 64
1 63
1 76
1 74
1 75
1 73
1 65
1 60
1 59
1 31
2 4
2 32
2 79
2 86
2 97
2 84
2 26
2 91
2 93
2 81
2 96
2 80
2 83
2 88
2 85
2 87
2 94
2 89
2 92
2 90
2 95
4 5
4 27
4 33
3 10
3 9
3 77
3 19
3 99
3 98
43 15
10 11
10 82
5 14
5 78
7 29
15 8
15 23
79 6
11 28
86 16
69 20
84 12
9 13
28 17
28 21
28 25
17 18
16 24
23 22
24 30