93 96 88 91 83 86 78 81 73 76 68 71 63 66 58 61 53 56 48 51 43 46 38 41 33 36 28 31 23 26 18 21 13 16 8 11 3 6 1 98 97 92 87 82 77 72 67 62 57 52 47 42 37 32 27 22 17 12 7 2 44 49 40 45 39 35 34 30 29 25 24 20 19 15 14 10 9 4 5 0 54 50 99 95 89 94 85 90 84 80 79 75 74 70 69 65 64 60 59 55
93 96
93 92
96 97
88 91
88 87
91 92
91 94
91 90
83 86
83 82
86 87
78 81
78 77
81 82
73 76
73 72
76 77
68 71
68 67
71 72
63 66
63 62
66 67
58 61
58 57
61 62
53 56
53 52
56 57
48 51
48 47
51 52
43 46
43 42
46 47
38 41
38 37
41 42
33 36
33 32
36 37
28 31
28 27
31 32
23 26
23 22
26 27
18 21
18 17
21 22
13 16
13 12
16 17
8 11
8 7
11 12
3 6
3 2
6 7
1 98
98 97
44 49
44 39
49 54
40 45
40 35
45 50
39 34
35 30
34 29
30 25
29 24
25 20
24 19
20 15
19 14
15 10
14 9
10 5
9 4
4 99
5 0
0 95
54 59
50 55
89 94
89 84
85 90
85 80
84 79
80 75
79 74
75 70
74 69
70 65
69 64
65 60
64 59
60 55