73 82 19 18 81 3 35 83 99 16 21 89 25 14 67 28 48 6 45 54 10 55 74 68 15 71 36 56 4 39 96 90 93 20 87 80 44 47 7 24 79 9 52 17 77 78 57 43 23 27 32 60 34 95 53 0 1 50 11 38 72 84 88 98 5 42 85 22 40 31 13 66 70 64 8 49 91 61 65 2 12 33 29 59 41 76 86 63 51 37 97 46 69 30 94 62 58 92 75 26
73 82
73 16
73 54
73 57
82 19
82 44
82 61
19 83
18 81
18 80
18 79
81 35
81 91
3 35
3 36
3 34
35 89
83 99
83 88
99 47
99 24
16 74
16 75
21 89
21 90
89 25
25 26
14 67
14 68
14 69
67 48
67 49
28 48
28 39
28 1
48 7
48 78
48 40
6 45
6 44
6 43
45 56
45 96
54 9
10 55
10 57
55 32
55 86
74 87
74 30
15 71
15 72
15 70
71 95
36 39
4 39
4 38
4 37
96 23
96 29
90 93
93 22
20 87
20 85
87 66
80 50
47 7
7 46
24 98
24 97
79 64
9 52
9 53
17 77
17 78
17 76
77 31
43 65
23 95
23 94
27 32
27 0
32 60
32 2
60 11
95 59
53 33
53 51
50 8
11 58
72 84
5 42
5 40
5 41
22 92
13 66
61 12
12 63
12 62