54 80 48 47 13 60 58 10 74 67 84 38 9 79 78 93 55 85 12 91 56 21 32 31 33 82 50 8 59 27 43 16 29 62 94 52 36 30 71 0 23 98 66 51 76 69 2 65 95 72 68 41 99 73 75 39 11 6 14 77 18 28 17 34 45 46 89 63 64 35 1 26 3 53 22 49 61 88 7 5 96 19 20 87 57 40 70 37 44 97 25 42 24 86 81 4 90 15 83 92
54 80
54 48
54 55
54 23
80 74
80 67
80 91
80 92
48 47
48 13
48 18
48 88
47 60
13 58
13 12
13 14
60 50
60 59
60 36
58 10
10 9
10 11
10 6
74 85
74 27
74 66
74 28
67 56
67 84
84 38
84 98
84 76
38 21
38 7
38 24
9 93
9 71
79 78
79 8
79 52
79 63
79 61
78 82
78 93
93 94
93 25
55 46
85 16
12 0
91 43
56 89
56 57
21 33
21 22
32 31
32 33
32 39
31 30
50 51
50 35
27 26
43 96
16 17
16 90
16 15
29 62
29 30
62 83
94 95
94 86
52 53
36 73
36 37
36 81
71 72
71 44
98 99
98 1
51 69
51 68
76 77
2 65
2 3
2 70
65 95
95 41
72 40
68 34
75 39
75 4
45 46
63 64
63 87
22 19
49 61
5 96
19 20
87 97
25 42