17 67 12 57 16 66 58 18 70 20 74 29 91 14 62 26 85 23 79 30 94 21 75 69 4 42 2 37 92 24 81 41 86 15 63 6 45 93 11 56 0 34 32 98 97 82 22 78 8 50 3 40 33 55 10 53 9 51 49 7 48 46 1 36 25 84 80 52 38 35 31 95 54 27 88 61 47 5 43 65 83 28 90 39 44 96 73 19 71 77 87 64 89 76 59 72 13 60 68
17 67
17 68
17 31
67 65
12 57
12 58
12 2
12 18
57 59
16 66
16 32
66 68
58 60
18 70
18 69
18 25
18 31
70 72
20 74
20 73
20 10
20 8
20 27
74 76
29 91
29 92
29 32
29 4
29 7
29 0
91 89
14 62
14 61
14 2
14 23
62 64
26 85
26 86
26 5
85 87
23 79
23 80
23 30
23 27
23 1
30 94
30 93
21 75
21 76
4 42
4 41
2 37
2 38
24 81
24 82
24 32
15 63
15 64
6 45
6 46
6 31
11 56
11 55
56 54
0 34
0 33
32 98
32 97
22 78
22 77
78 80
8 50
8 49
3 40
3 39
3 31
10 53
10 54
9 51
9 52
9 31
7 48
7 47
1 36
1 35
25 84
25 83
31 95
31 96
27 88
27 87
5 43
5 44
28 90
28 89
19 71
19 72
13 60