27 82 63 84 36 33 14 86 73 70 94 5 15 48 1 30 91 78 0 81 75 62 6 96 4 52 32 85 95 20 92 35 19 97 76 12 21 25 3 83 53 55 13 57 90 80 79 43 59 71 10 16 56 74 87 60 58 8 47 64 9 40 89 31 69 29 72 66 77 37 24 28 22 98 44 45 38 67 54 17 7 50 26 49 46 41 51 34 18 65 61 39 23 93 88 42 2 11 68
27 82
27 63
27 14
27 70
27 94
27 10
27 31
82 36
82 73
82 15
82 48
82 78
82 85
82 75
82 76
82 13
82 57
82 79
82 77
82 46
82 39
82 68
63 84
63 33
63 86
63 30
63 91
63 6
63 96
84 28
36 47
33 41
14 5
86 44
73 1
73 21
73 54
73 56
70 90
70 89
70 72
94 52
94 35
94 97
94 12
94 55
94 80
94 95
94 43
94 59
94 58
94 98
94 67
48 51
91 45
78 0
81 75
81 4
81 32
81 37
81 25
81 87
81 18
75 62
75 92
75 83
75 74
96 53
96 69
96 7
96 50
52 8
32 71
85 40
85 42
95 20
95 19
20 93
92 34
97 61
97 11
25 3
57 22
90 49
79 24
16 56
87 60
87 38
60 9
64 9
64 66
69 29
69 65
69 23
77 17
26 49
93 88
42 2