50 57 71 60 0 81 25 44 90 61 91 72 62 73 63 74 64 75 65 40 18 76 66 45 19 77 67 26 78 68 36 21 79 69 48 22 23 3 9 7 6 4 2 1 37 39 99 98 97 96 95 94 93 92 89 88 87 86 85 84 83 82 80 70 59 58 56 55 54 53 52 51 49 47 46 43 42 41 35 34 33 32 31 30 29 28 27 24 20 17 16 15 5 14 13 12 11 10 8 38
50 57
50 60
50 25
50 59
50 58
50 56
50 55
50 54
50 53
50 52
50 51
57 71
71 0
71 44
71 72
71 3
71 5
60 81
60 61
0 18
0 9
0 7
0 6
0 4
0 2
0 1
0 10
0 8
81 90
81 89
81 88
81 87
81 86
81 85
81 84
81 83
81 82
25 26
25 22
25 35
25 34
25 33
25 32
25 31
25 30
25 29
25 28
25 27
44 40
44 45
90 91
61 62
91 99
91 98
91 97
91 96
91 95
91 94
91 93
91 92
72 73
62 63
73 74
63 64
74 75
64 65
75 76
65 66
40 39
40 43
40 42
40 41
18 19
76 77
66 67
45 48
45 47
45 46
19 21
19 20
77 78
67 68
26 36
78 79
68 69
36 37
79 80
69 70
48 49
22 23
23 24
3 13
9 17
7 16
6 15
4 14
2 12
1 11
37 38