12 65 5 2 77 54 58 30 56 55 62 53 59 6 67 78 70 76 61 57 69 50 71 72 52 0 23 35 60 44 51 75 66 48 29 63 79 1 13 36 19 15 47 17 68 18 28 43 34 32 22 37 14 64 74 10 41 26 46 3 21 73 49 25 39 40 8 16 11 4 42 27 31 9 33 24 38 7 20 45
12 65
12 5
12 11
12 7
65 62
5 2
5 13
5 4
2 77
77 30
54 58
54 55
54 61
54 60
58 56
58 59
30 35
30 29
30 19
30 34
56 53
56 57
56 73
55 6
55 50
62 59
62 63
62 64
53 52
53 74
6 0
6 8
6 9
67 78
67 60
78 79
78 32
70 76
70 57
76 23
61 69
69 71
69 22
50 51
71 72
71 66
72 48
52 44
0 1
0 17
0 3
23 21
23 25
23 24
35 36
44 43
44 45
51 75
75 15
48 47
29 39
29 40
63 68
79 18
1 26
13 28
36 37
19 20
15 14
15 10
47 46
18 41
28 27
43 42
34 33
32 31
22 38
14 16
46 49