19 52 74 26 59 75 29 0 98 72 8 68 18 97 46 35 7 23 42 37 44 62 24 86 28 63 65 50 58 90 92 10 48 66 47 56 99 12 9 16 39 61 85 5 3 73 11 94 6 32 49 21 34 69 4 55 84 2 60 31 54 81 82 33 95 89 93 30 67 79 38 25 70 22 27 83 77 36 88 45 1 51 96 15 78 14 53 13 91 87 57 64 71 80 76 20 41 43 17 40
19 52
19 59
19 72
19 92
19 9
19 71
52 75
52 68
52 63
74 26
74 75
74 84
74 30
26 29
26 65
26 33
59 35
59 44
59 91
75 53
29 98
29 86
0 98
0 18
0 21
98 66
72 8
72 32
72 82
8 28
8 11
8 81
68 85
68 93
18 46
18 61
18 10
18 88
97 46
97 7
97 37
35 90
35 45
7 47
7 94
23 42
23 99
23 3
42 24
42 34
37 16
37 51
44 24
44 6
62 24
62 56
86 67
86 70
28 5
63 83
63 14
63 43
65 50
65 77
50 12
58 90
58 25
58 15
58 76
92 17
10 48
48 39
66 22
66 40
47 49
47 41
56 69
56 78
99 55
99 95
12 57
9 27
9 87
16 36
16 80
39 73
61 4
85 13
85 20
5 96
73 54
11 60
94 2
6 31
32 89
55 79
2 1
31 38
95 64