18 79 0 27 32 47 7 2 33 80 48 15 72 19 84 61 29 60 1 30 26 71 14 69 85 95 68 20 86 56 82 13 65 23 25 4 37 50 75 91 11 43 66 31 70 10 98 16 73 22 99 81 9 52 67 58 78 83 24 88 6 97 28 40 35 36 44 63 94 64 96 17 39 77 74 54 87 53 57 21 90 8 38 12 3 41 59 46 5 42 62 45 55 34 76 49 51 92 93 89
18 79
18 80
18 81
79 84
79 68
0 27
0 26
0 25
27 85
27 65
27 98
32 47
32 2
32 71
32 73
47 7
47 60
47 99
47 52
47 53
7 48
7 46
2 33
2 31
33 91
33 35
33 94
80 95
80 56
80 30
48 61
48 50
15 72
15 71
15 70
72 58
72 77
72 76
19 84
19 82
19 83
61 26
61 63
61 12
29 60
29 1
60 11
1 30
1 28
30 36
14 69
14 68
14 67
69 37
69 51
85 20
95 23
95 88
95 62
20 86
20 87
86 75
56 10
56 44
82 40
82 49
13 65
13 66
13 64
23 96
25 78
25 42
4 37
4 39
4 38
37 57
50 8
75 16
91 22
11 59
43 66
43 6
98 24
16 74
22 92
9 52
9 54
78 17
24 97
88 21
6 45
40 5
35 3
63 41
87 55
53 93
21 90
21 89
3 34