22 87 79 92 70 90 43 72 29 60 63 11 21 48 4 94 46 8 6 67 98 73 55 50 26 95 10 13 37 86 58 44 52 75 35 99 24 0 85 64 41 19 39 1 56 65 77 12 69 78 57 17 49 68 51 15 16 83 42 71 14 93 81 9 59 7 34 33 5 89 47 54 84 31 30 53 91 25 36 62 32 23 45 76 2 18 28 74 80 96 61 27 97 38 3 88 82 40 20 66
22 87
22 54
22 84
22 31
22 30
22 53
22 91
22 25
22 36
22 62
22 32
22 23
22 45
22 76
22 2
22 18
22 28
22 74
22 80
22 96
22 61
22 27
22 97
22 38
87 79
87 92
87 90
87 43
87 72
87 29
87 60
87 63
87 11
87 21
87 48
87 4
87 94
87 46
87 8
87 6
87 67
87 98
87 73
87 55
87 50
87 26
87 95
87 10
87 13
87 37
87 86
87 58
87 44
87 52
87 75
87 35
87 99
87 24
87 0
87 85
87 64
87 41
87 19
87 39
87 1
87 56
87 65
87 77
87 12
87 69
87 78
87 57
87 17
87 49
87 68
87 51
87 15
87 16
87 83
87 42
87 71
87 14
87 93
87 81
87 9
87 59
87 7
87 34
87 33
87 5
87 89
87 47
87 3
87 88
87 82
87 40
87 66
79 20
92 70