49 50 53 43 46 42 56 57 60 36 39 35 63 64 67 29 32 28 70 71 74 22 25 21 77 78 81 18 15 14 84 85 88 11 8 91 7 92 95 4 96 89 1 82 6 75 13 68 20 93 98 27 61 86 34 79 54 72 0 41 47 65 48 58 40 55 51 99 97 90 83 76 69 62 44 37 30 23 16 9 2 94 33 5 87 80 12 73 66 19 59 52 26 45 38 31 24 17 10 3
49 50
49 46
49 48
49 52
50 53
53 56
53 54
43 46
43 42
46 47
42 39
42 41
42 45
56 57
56 55
56 59
57 60
60 63
60 61
36 39
36 35
39 40
35 32
35 34
35 38
63 64
63 66
64 67
67 70
67 68
29 32
29 28
32 33
28 25
28 27
28 31
70 71
70 73
71 74
74 77
74 75
22 25
22 21
25 26
21 18
21 20
21 19
21 24
77 78
77 80
78 81
81 84
81 82
18 15
15 14
14 11
14 13
14 12
14 17
84 85
84 87
85 88
88 91
88 89
11 8
8 7
91 92
91 94
7 4
7 6
7 5
7 10
92 95
95 96
95 98
4 1
96 93
89 86
1 0
82 79
6 2
75 72
13 9
68 65
20 16
93 97
98 99
27 23
61 58
86 90
34 30
79 83
54 51
72 76
0 3
41 37
65 69
48 44
58 62