77 55 84 49 44 43 63 78 22 47 69 33 54 2 90 32 85 88 17 86 5 80 31 50 60 40 71 28 48 57 3 29 53 23 89 82 25 13 26 21 91 65 75 64 46 83 8 12 61 41 58 36 27 81 15 56 52 94 20 37 45 30 87 92 72 76 93 14 18 95 6 68 74 73 10 1 0 11 70 16 39 42 7 59 19 9 62 34 67 4 66 79 35 38 51 24
77 55
77 69
77 81
77 14
55 44
55 22
55 3
55 64
55 12
84 49
84 69
84 54
84 2
84 86
84 82
84 94
49 43
49 93
44 33
43 63
63 78
63 11
78 26
78 27
78 0
22 90
22 25
47 69
47 23
47 41
47 42
47 67
69 50
69 37
69 24
33 80
33 46
33 20
54 60
54 91
2 83
2 19
2 35
90 58
90 4
32 85
32 31
32 13
32 45
85 29
85 71
88 17
88 52
17 86
17 51
86 57
86 95
5 80
80 8
31 60
31 72
50 89
50 75
50 62
60 36
60 74
40 71
40 48
40 79
28 48
57 87
57 38
3 61
29 53
53 65
53 16
23 39
89 21
82 15
25 73
13 70
26 59
21 56
91 7
65 34
75 76
64 68
46 6
41 30
52 1
94 92
20 10
37 66
14 18
19 9