31 38 21 76 46 91 24 4 68 39 14 49 92 11 81 12 84 53 27 78 0 72 60 85 65 2 47 34 87 74 77 43 61 42 23 70 15 56 10 35 7 44 63 37 8 28 6 45 25 59 22 54 67 62 80 13 26 55 33 82 3 32 57 75 51 79 20 18 71 30 89 64 58 36 83 16 5 86 40 1 50 41 52 9 73 90 69 48 17 93 66 88 19 29
31 38
31 68
31 92
31 84
31 40
38 21
38 76
38 46
38 60
38 13
21 14
21 77
21 27
21 86
21 9
76 4
76 0
76 35
76 30
46 49
46 50
91 24
91 39
91 65
91 43
91 70
91 69
24 81
24 72
24 7
24 57
4 8
4 51
4 79
68 11
68 12
68 20
39 14
39 87
49 2
49 75
92 66
11 10
11 55
81 71
81 6
81 93
12 32
84 53
53 44
27 78
27 85
78 56
78 80
0 62
72 67
60 88
85 90
65 15
65 37
2 16
47 34
47 15
34 58
87 74
74 23
74 28
74 22
77 42
77 1
43 83
61 42
61 54
23 33
70 82
15 26
56 19
7 36
63 37
63 17
8 89
28 73
28 29
6 45
6 18
25 59
25 22
54 64
13 48
82 3
16 5
86 52
1 41