0 40 31 1 76 63 60 75 13 10 9 38 50 14 21 71 83 55 64 84 73 72 24 67 74 68 82 37 46 7 66 79 77 17 44 15 58 51 90 56 69 53 62 35 19 6 80 59 11 87 47 4 89 81 54 32 86 92 85 29 97 61 42 22 30 36 99 65 28 16 2 26 18 20 41 98 49 33 27 94 23 48 34 95 96 91 43 78 39 70 8 25 5 52 45 88 57 12 3 93
0 40
0 76
0 63
0 60
0 75
0 71
0 83
0 55
0 64
0 84
0 73
0 72
0 67
0 74
0 68
0 82
0 66
0 79
0 77
0 58
0 56
0 69
0 53
0 62
0 80
0 59
0 81
0 54
0 85
0 61
0 65
0 41
0 78
0 70
0 52
0 57
40 31
40 20
31 1
31 29
1 51
1 90
1 87
1 89
1 86
1 92
1 97
1 99
1 98
1 94
1 96
1 91
1 88
76 38
63 21
60 13
75 37
13 10
13 9
13 14
13 95
10 50
10 24
10 45
9 15
38 19
38 22
50 46
50 8
14 17
14 12
21 35
21 42
71 32
83 47
64 23
84 48
73 34
72 33
24 7
67 26
74 36
68 27
37 49
7 44
7 6
7 4
7 18
66 25
79 43
77 39
17 16
44 28
15 3
53 5
6 11
11 93
47 2
32 30