40 41 25 24 15 44 14 10 9 8 6 68 46 5 4 75 29 60 55 45 26 18 43 7 58 27 39 0 59 1 37 19 31 62 3 48 20 33 49 57 53 69 79 66 50 64 35 11 32 28 56 70 61 73 78 80 65 76 67 71 51 74 47 72 54 52 63 42 77 36 30 23 2 22 21 17 12 13 34 38 16
40 41
40 25
40 68
40 39
41 44
41 64
25 24
24 15
15 14
15 16
44 46
44 55
14 10
14 11
14 13
10 9
9 8
9 28
8 6
6 5
6 7
68 75
68 77
46 45
46 48
5 4
4 29
75 60
75 78
29 26
60 58
60 57
60 71
55 43
55 63
45 49
45 66
45 72
45 54
45 52
26 18
18 19
18 23
18 17
43 62
43 50
7 27
58 59
27 31
39 0
0 1
59 79
59 61
59 67
1 37
1 3
1 2
37 33
19 20
31 32
31 30
62 69
62 70
48 74
48 47
20 22
20 21
33 35
49 53
57 56
53 51
69 73
79 65
66 80
50 42
64 76
35 36
11 12
32 34
28 38