16 93 61 74 34 18 64 14 95 21 60 77 33 48 79 7 37 67 62 81 22 8 23 13 47 20 29 89 87 39 92 3 71 35 40 83 88 96 82 55 1 17 43 58 11 12 49 73 75 86 97 15 24 99 69 85 78 59 80 0 5 44 72 25 65 6 91 36 90 51 45 30 32 38 9 94 57 4 50 54 52 42 10 68 2 46 53 41 56 28 70 31 98 66 19 76 63 27 26 84
16 93
16 61
16 21
16 95
16 81
93 74
93 34
93 67
93 35
61 77
61 20
61 3
61 52
74 88
74 86
74 12
74 27
34 33
34 48
34 78
18 64
18 29
18 92
64 79
64 37
14 95
14 60
14 80
14 54
95 62
21 43
60 90
60 70
77 7
33 17
33 99
48 40
48 98
79 71
79 15
7 8
7 2
37 1
37 23
37 75
37 51
67 68
62 45
81 22
22 0
22 65
8 39
8 83
23 13
13 58
13 76
47 20
47 44
47 46
47 66
29 89
29 72
29 9
89 85
87 39
87 55
87 10
87 28
39 82
39 63
92 97
3 71
3 91
71 42
35 50
40 38
83 41
88 96
96 36
55 24
1 69
1 30
17 4
17 53
43 94
58 5
11 12
11 6
49 73
49 97
73 31
75 19
86 84
85 59
85 56
5 25
72 57
30 32
9 26