79 89 77 21 44 82 96 16 99 97 2 74 15 57 91 20 62 10 40 42 35 52 46 3 17 72 33 37 73 55 8 85 66 41 32 7 0 18 25 48 36 47 53 54 83 38 90 98 81 24 6 49 39 23 63 67 26 11 88 80 22 68 86 5 58 28 31 27 43 56 92 60 30 19 69 71 14 64 70 61 95 78 51 76 65 9 12 59 84 1 13 75 45 4 34 94 93 29 87 50
79 89
79 52
79 20
79 15
79 18
79 58
79 43
79 34
89 77
89 21
89 57
89 53
89 90
77 91
77 46
77 33
77 3
77 39
77 29
21 44
44 99
44 81
82 96
82 62
82 8
82 49
96 16
96 66
96 68
16 88
16 92
99 37
99 56
97 2
97 15
2 74
74 42
74 0
15 72
15 64
57 73
57 67
91 40
20 62
20 55
20 54
20 23
20 5
62 71
10 40
10 35
10 83
10 38
10 24
10 65
42 86
42 19
42 4
35 47
35 87
52 98
52 78
46 25
3 17
3 7
17 85
17 41
72 48
33 30
73 45
73 94
8 32
66 76
66 59
41 36
41 14
7 69
0 6
0 13
18 63
25 51
48 26
53 93
83 61
6 80
6 31
39 70
23 22
63 12
26 11
26 27
26 50
88 28
5 1
43 9
92 60
30 84
61 95
65 75