19 71 15 63 27 88 1 35 28 89 24 82 10 54 16 65 9 51 5 44 53 20 73 31 95 4 41 22 78 96 18 70 36 87 90 7 47 3 39 8 50 81 14 62 13 60 32 98 97 21 76 23 79 77 17 68 66 59 12 57 48 6 46 40 2 38 74 25 83 64 58 52 29 92 45 37 26 85 72 0 34 30 94 80 93 43 75 11 55 42 67 49 56 84 69 91 33 86 61
19 71
19 72
19 31
19 22
19 15
19 21
71 69
15 63
15 64
63 61
27 88
27 87
88 86
1 35
1 36
1 28
35 33
28 89
28 90
28 23
28 20
28 9
28 13
89 91
24 82
24 81
24 32
82 84
10 54
10 53
10 32
10 6
54 56
16 65
16 66
16 4
65 67
9 51
9 52
9 4
51 49
5 44
5 43
44 42
20 73
20 74
31 95
31 96
4 41
4 32
4 42
22 78
22 77
22 32
18 70
18 69
7 47
7 48
7 26
3 39
3 40
3 32
39 37
8 50
8 49
14 62
14 61
13 60
13 59
32 98
32 97
32 30
32 12
21 76
21 75
23 79
23 80
17 68
17 67
12 57
12 58
6 46
6 45
2 38
2 37
25 83
25 84
29 92
29 91
26 85
26 86
26 30
0 34
0 33
30 94
30 93
11 55
11 56