94 21 19 5 51 64 6 22 61 53 1 91 50 20 11 82 96 15 9 39 65 29 90 59 42 99 87 88 16 89 47 25 44 32 49 72 74 92 70 12 43 48 28 17 69 34 24 54 41 71 30 83 84 67 81 97 4 8 86 75 77 3 52 23 0 33 85 80 26 55 38 37 10 66 45 79 46 62 57 7 18 93 13 40 60 63 2 95 73 27 36 58 35 68 76 78 14 31 56 98
94 21
94 5
94 9
94 99
94 3
21 19
21 20
21 87
21 48
21 24
19 64
19 44
19 74
19 54
19 79
19 31
5 51
5 22
5 2
5 95
51 6
51 8
51 37
64 1
64 39
64 29
64 78
6 91
6 84
6 62
22 61
22 18
61 53
61 89
61 32
53 70
53 97
53 40
1 50
91 80
91 45
91 93
50 15
50 52
20 96
20 56
11 82
11 16
11 47
11 41
82 15
96 65
96 42
96 88
15 25
9 77
9 0
39 92
39 12
39 13
39 68
65 69
65 46
29 49
29 67
90 59
90 72
59 25
42 30
42 63
99 43
87 55
87 76
16 34
89 28
89 85
47 17
44 73
44 58
32 26
49 4
49 66
74 81
92 57
70 75
12 27
43 71
48 38
48 36
28 83
17 98
24 7
54 86
8 23
0 33
80 60
37 10
62 35
2 14