0 1 2 4 3 5 10 9 8 7 6 11 23 22 21 20 19 18 17 16 15 14 13 12 24 48 47 46 45 44 43 42 41 40 39 38 37 36 35 34 33 32 31 30 29 28 27 26 25 49 99 98 97 96 95 94 93 92 91 90 89 88 87 86 85 84 83 82 81 80 79 78 77 76 75 74 73 72 71 70 69 68 67 66 65 64 63 62 61 60 59 58 57 56 55 54 53 52 51 50
0 1
0 2
1 4
1 3
2 5
2 6
4 10
4 9
3 8
3 7
5 11
5 12
10 22
10 21
9 20
9 19
8 18
8 17
7 16
7 15
6 14
6 13
11 23
11 24
23 48
23 47
22 46
22 45
21 44
21 43
20 42
20 41
19 40
19 39
18 38
18 37
17 36
17 35
16 34
16 33
15 32
15 31
14 30
14 29
13 28
13 27
12 26
12 25
24 49
24 50
48 98
48 97
47 96
47 95
46 94
46 93
45 92
45 91
44 90
44 89
43 88
43 87
42 86
42 85
41 84
41 83
40 82
40 81
39 80
39 79
38 78
38 77
37 76
37 75
36 74
36 73
35 72
35 71
34 70
34 69
33 68
33 67
32 66
32 65
31 64
31 63
30 62
30 61
29 60
29 59
28 58
28 57
27 56
27 55
26 54
26 53
25 52
25 51
49 99