0 55 25 93 98 65 51 2 74 38 97 86 64 43 32 42 49 22 53 7 92 78 57 9 54 69 28 18 27 71 77 70 73 60 31 72 68 82 83 66 84 99 94 85 89 96 95 46 24 63 59 76 90 91 6 80 88 50 37 52 11 36 58 4 23 15 19 47 56 16 45 48 13 75 62 61 3 44 21 12 10 1 26 67 8 79 81 29 17 20 39 14 40 35 34 5 87 30 33 41
0 55
0 93
0 98
0 65
0 2
0 74
0 97
0 86
0 64
0 92
0 78
0 69
0 71
0 77
0 70
0 73
0 72
0 68
0 82
0 83
0 66
0 84
0 99
0 94
0 85
0 89
0 96
0 95
0 63
0 76
0 90
0 91
0 80
0 88
0 75
0 62
0 61
0 67
0 79
0 81
0 87
55 25
55 9
25 51
25 54
25 23
25 20
93 38
98 43
65 7
51 32
2 28
74 18
38 19
38 1
97 42
86 31
64 6
43 60
32 53
42 49
49 46
22 53
53 57
7 59
92 37
57 27
57 50
9 58
54 36
69 11
28 15
18 56
18 16
27 24
27 47
27 35
27 33
71 13
77 21
70 12
73 17
60 52
31 4
72 14
68 10
82 26
66 8
84 29
99 44
94 39
85 30
89 34
96 41
95 40
63 5
59 48
6 3
37 45