1 51 93 38 56 45 87 0 21 78 14 59 96 10 84 15 88 29 44 39 77 94 30 76 28 27 68 65 25 23 67 35 52 49 98 70 37 32 34 89 80 33 71 42 62 6 61 36 95 8 47 7 19 83 24 31 17 40 73 16 50 20 66 9 90 26 97 85 86 12 55 79 41 4 3 11 64 69 81 74 75 54 18 57 58 99 48 63 72 53 46 60 43 91 22 13 2 5 82 92
1 51
1 45
1 0
1 59
1 10
1 50
1 3
1 58
51 93
51 38
51 32
51 33
51 20
93 70
93 42
93 61
38 56
38 41
56 84
56 64
56 5
45 76
45 12
45 46
45 92
87 0
87 78
0 37
0 53
21 78
21 14
21 94
78 71
14 96
59 29
59 85
96 44
96 62
96 86
10 77
10 97
84 39
84 80
15 88
15 68
88 29
88 83
44 89
44 60
39 30
77 73
77 69
94 52
30 67
76 28
76 27
76 75
28 23
28 18
27 35
27 25
68 81
65 25
65 34
23 98
23 6
23 72
67 79
35 26
52 49
52 90
49 9
70 7
32 55
89 74
80 43
33 57
71 19
6 24
6 95
36 95
36 16
8 47
47 24
7 40
31 17
17 9
40 11
16 4
50 54
20 66
20 22
97 82
12 63
12 99
11 91
99 48
53 13
53 2