16 66 31 95 18 70 26 85 4 41 15 63 7 47 24 81 12 58 23 80 6 46 25 84 0 33 79 1 36 42 21 75 28 90 86 11 56 8 49 50 3 39 30 94 20 74 55 69 57 32 98 97 89 65 64 40 96 29 91 17 67 14 62 2 38 19 71 13 59 76 10 53 9 52 37 27 88 54 51 92 73 5 44 34 22 77 35 82 48 78 68 93 60 87 83 72 43 61 45
16 66
16 65
16 23
66 68
31 95
31 96
31 15
31 2
95 93
18 70
18 69
18 23
70 72
26 85
26 86
26 13
26 3
26 30
26 20
26 23
85 87
4 41
4 42
4 7
41 43
15 63
15 64
63 61
7 47
7 48
7 23
47 45
24 81
24 82
24 0
81 83
12 58
12 57
58 60
23 80
23 79
80 78
6 46
6 45
25 84
25 83
25 13
25 9
0 33
0 34
33 35
1 36
1 35
21 75
21 76
21 29
75 73
28 90
28 89
28 5
28 11
11 56
11 55
8 49
8 50
8 5
3 39
3 40
30 94
30 93
30 32
20 74
20 73
32 98
32 97
29 91
29 92
29 10
17 67
17 68
14 62
14 61
2 38
2 37
19 71
19 72
13 59
13 60
10 53
10 54
9 52
9 51
27 88
27 87
5 44
5 43
22 77
22 78