29 53 38 92 67 12 56 15 27 0 11 93 41 48 54 88 74 89 57 69 64 77 1 99 9 32 81 80 8 47 73 66 25 19 10 84 23 14 46 76 50 83 33 51 61 75 36 7 79 44 72 28 5 45 96 94 4 17 39 6 2 78 59 13 37 30 82 34 97 68 87 22 85 70 52 65 86 18 60 31 21 95 24 98 62 90 43 26 16 71 35 40 42 49 91 58 55 20 63 3
29 53
29 38
53 27
53 41
53 48
53 82
53 34
38 92
38 1
92 67
92 4
92 2
67 69
67 64
67 91
12 56
12 15
12 0
12 88
12 81
56 54
56 44
56 26
56 55
15 47
15 28
27 11
27 86
0 85
11 93
11 50
11 72
93 57
41 73
41 62
54 46
54 52
54 31
88 25
74 89
74 7
89 32
89 19
89 47
57 61
57 39
69 84
69 18
64 77
64 66
64 24
77 14
1 90
99 9
99 7
99 79
99 70
99 35
32 94
32 37
32 87
81 66
81 63
80 8
80 13
8 61
8 75
8 43
47 22
73 33
73 36
73 58
66 40
25 51
19 96
10 84
10 23
10 60
10 21
23 45
14 6
46 42
46 3
76 50
76 97
50 83
33 59
61 30
61 65
75 71
36 95
7 17
28 5
5 78
94 20
2 68
24 98
26 16
16 49