50 56 63 60 29 61 34 41 39 46 62 98 22 38 44 95 94 96 93 91 90 37 20 13 86 64 30 36 87 82 26 12 24 21 15 17 31 16 84 81 68 11 83 77 4 6 51 9 54 14 76 80 58 35 73 28 92 74 65 67 10 69 32 8 7 53 47 27 88 79 97 89 85 78 71 72 66 59 55 75 57 48 45 52 25 23 18 19 5 3 2 33 70 1 0 43 42 40 49
50 56
50 29
56 63
56 53
63 60
60 61
60 59
29 34
29 22
29 51
29 35
61 62
61 64
34 41
41 46
41 47
41 52
41 40
39 46
39 38
46 45
62 98
98 94
98 74
22 21
22 17
22 23
38 44
44 95
44 37
95 96
94 93
96 91
93 90
91 87
91 92
90 86
90 89
37 36
37 43
37 42
20 13
20 15
20 14
13 26
13 12
86 82
64 68
64 67
30 36
30 24
87 84
87 55
82 81
82 85
26 32
26 33
12 6
12 18
12 19
24 31
24 25
21 15
17 16
16 11
84 83
81 77
68 65
68 69
11 4
11 10
83 80
77 76
4 9
4 3
6 7
6 1
6 0
51 54
9 8
54 58
54 49
76 73
80 88
80 79
58 75
58 57
35 28
73 72
28 27
92 97
74 78
65 66
67 71
10 5
69 70
8 2
47 48