25 28 31 22 24 27 34 30 21 18 19 37 33 15 40 36 16 12 43 39 13 46 42 9 10 49 45 6 26 29 32 23 20 7 35 52 17 48 38 3 14 41 55 4 51 44 11 0 58 54 47 8 1 50 97 5 61 57 53 98 94 2 64 60 56 91 95 67 99 63 59 88 92 70 96 62 66 85 89 93 82 73 65 69 79 76 86 90 68 72 83 87 80 71 84 75 77 81 74 78
25 28
25 22
28 31
31 34
22 19
24 27
24 21
27 30
34 37
30 33
21 18
18 15
19 16
37 40
33 36
15 12
40 43
36 39
16 13
12 9
43 46
39 42
13 10
46 49
42 45
9 6
10 7
49 52
45 48
6 3
26 29
26 23
29 32
32 35
23 20
20 17
7 4
35 38
52 55
17 14
48 51
38 41
3 0
14 11
41 44
55 58
4 1
51 54
44 47
11 8
0 97
58 61
54 57
47 50
8 5
1 98
50 53
97 94
5 2
61 64
57 60
53 56
98 95
94 91
2 99
64 67
60 63
56 59
91 88
95 92
67 70
99 96
63 66
59 62
88 85
92 89
70 73
96 93
62 65
66 69
85 82
89 86
93 90
82 79
73 76
65 68
69 72
79 76
86 83
90 87
68 71
72 75
83 80
87 84
80 77
71 74
84 81
77 74
81 78