17 5 7 29 55 12 87 37 77 20 51 60 99 11 50 1 72 63 84 41 70 33 59 36 68 27 89 28 34 90 76 49 56 65 3 43 85 46 80 97 18 88 26 21 32 78 48 39 35 62 19 22 23 53 81 69 98 94 52 8 10 64 75 67 14 79 13 92 42 9 96 86 38 58 66 15 45 0 24 31 54 44 57 71 47 74 61 16 95 83 40 25 82 4 91 6 73 30 2 93
17 5
17 12
17 46
17 42
17 96
17 61
5 7
5 77
5 50
5 18
7 87
7 36
7 68
29 55
29 65
29 15
55 77
55 11
12 60
12 78
87 37
87 41
87 49
87 4
37 79
77 64
77 95
20 51
20 28
20 91
51 70
51 56
51 78
60 99
60 32
60 62
99 90
11 1
11 82
50 84
1 8
1 67
1 74
72 63
72 89
63 68
63 34
63 98
84 24
41 13
41 71
70 43
70 94
33 59
33 6
59 42
59 16
36 52
36 54
27 89
27 14
89 80
89 83
28 76
28 97
28 81
76 88
76 69
76 86
56 3
56 38
56 0
43 53
43 58
85 46
85 22
46 40
80 75
80 93
88 31
26 21
26 78
78 19
48 39
39 94
39 10
35 62
23 53
23 45
53 92
81 73
79 47
92 44
42 30
9 96
38 2
58 66
54 57
57 25