7 1 0 22 4 27 9 40 21 17 75 63 19 26 12 11 43 32 8 15 34 52 46 77 38 28 5 67 89 69 54 76 92 70 87 16 68 97 65 94 98 79 72 44 47 74 73 59 71 99 20 3 80 57 56 6 81 55 24 53 84 2 96 64 41 18 93 86 62 90 25 78 66 95 82 51 50 30 60 88 85 83 61 37 91 45 49 13 31 29 14 36 48 10 39 33 58 42 35 23
7 1
7 0
1 22
1 17
1 75
1 77
1 89
1 76
1 92
1 87
1 97
1 94
1 98
1 79
1 74
1 99
1 80
1 81
1 84
1 96
1 93
1 86
1 90
1 78
1 95
1 82
1 88
1 85
1 83
1 91
0 63
0 11
0 43
0 52
0 46
0 67
0 69
0 54
0 70
0 68
0 65
0 72
0 44
0 47
0 73
0 59
0 71
0 57
0 56
0 55
0 53
0 64
0 62
0 66
0 51
0 50
0 60
0 61
0 45
0 49
0 48
0 58
0 42
22 21
4 27
4 32
4 29
27 9
27 19
9 40
9 12
40 26
40 34
40 41
40 14
21 19
21 24
17 38
75 5
26 28
12 8
11 30
43 2
32 31
8 15
15 20
34 16
52 13
77 10
38 33
28 3
5 18
5 37
69 35
70 36
87 23
16 39
20 6
6 25