39 49 40 50 59 30 60 69 51 70 48 45 46 47 29 80 79 20 10 89 19 99 68 11 67 38 31 90 12 9 81 91 13 66 8 37 14 61 98 82 92 93 97 18 83 5 7 94 95 85 86 96 84 6 52 0 58 28 77 62 36 17 53 44 1 57 22 27 63 26 76 35 32 23 73 71 16 43 4 54 41 65 55 64 21 15 88 56 42 25 24 2 75 74 72 34 33 78 3 87
39 49
39 29
39 38
49 59
49 48
40 50
40 30
40 41
50 60
50 51
59 69
59 58
30 20
30 31
60 70
60 61
69 79
69 68
51 45
51 52
70 80
70 71
48 47
45 46
45 44
46 47
29 19
29 28
80 90
80 81
80 73
79 89
79 78
20 10
20 21
10 11
10 0
89 99
89 88
19 9
19 18
99 98
68 67
11 12
67 66
38 37
31 22
31 32
90 91
12 13
9 8
81 82
91 92
13 14
66 77
66 65
8 7
37 36
14 5
61 62
98 97
82 83
92 93
93 94
97 96
18 17
83 84
5 6
5 4
94 95
85 86
85 84
52 53
0 1
58 57
28 27
77 76
62 63
36 35
17 16
53 54
44 43
1 2
57 56
22 23
27 26
63 64
26 25
76 75
35 34
32 33
23 24
73 74
71 72
16 15
54 55
41 42
88 87
2 3