96 80 93 2 74 71 63 12 82 58 88 92 50 8 78 16 87 69 79 73 67 90 54 32 66 83 40 85 25 9 72 13 36 89 51 46 38 86 11 23 75 56 30 47 77 49 48 33 14 7 98 62 60 52 44 45 18 21 10 29 4 39 24 1 3 28 91 43 17 22 81 59 26 68 84 76 0 55 35 34 15 6 42 65 41 64 37 5 94 95 61 57 53 31 27 97 19 20 70 99
96 80
96 71
96 66
96 78
80 93
80 43
80 97
93 88
93 82
93 11
93 99
2 74
2 16
2 75
2 31
74 63
74 71
74 39
74 76
71 73
71 46
71 59
63 67
63 85
63 29
63 4
63 41
63 37
12 82
12 58
58 40
58 22
58 27
88 32
92 50
92 79
92 26
92 60
92 94
50 9
50 62
8 78
8 23
8 14
8 1
78 79
78 64
16 56
16 24
87 69
87 67
87 10
69 86
69 70
73 36
73 98
73 68
90 54
90 83
90 66
90 89
90 84
54 33
54 45
54 91
32 25
32 53
83 77
83 28
40 7
40 17
25 51
9 3
9 0
72 13
72 51
72 21
13 47
36 30
51 65
46 38
38 48
86 44
11 6
75 81
75 42
56 55
56 34
56 19
30 18
47 61
77 49
49 15
48 5
60 52
28 35
81 95
81 57
84 20