5 64 37 44 65 66 1 91 23 84 97 34 42 71 10 39 63 0 17 6 3 83 35 49 36 94 56 57 88 46 22 75 45 72 11 20 21 4 70 79 25 58 48 73 85 41 98 14 38 33 60 7 30 28 74 92 18 77 95 93 90 52 26 82 86 99 19 27 55 68 8 78 29 40 32 69 43 9 67 47 89 15 61 16 12 53 81 2 76 13 51 62 50 54 24 59 96 80 87 31
5 64
5 6
5 83
5 77
5 26
5 68
64 65
64 63
37 44
37 97
37 71
37 0
44 91
44 36
44 45
44 82
44 43
65 66
65 0
65 85
66 1
66 92
66 67
1 58
91 3
23 84
23 73
84 63
84 46
97 20
97 98
34 42
34 22
34 38
34 31
42 83
71 72
71 15
10 39
10 46
10 41
10 9
39 94
39 56
63 88
63 48
0 17
0 99
17 18
17 33
17 81
6 7
3 95
3 2
83 76
35 49
35 36
35 19
35 96
49 51
49 50
49 80
36 12
94 55
94 69
56 57
57 4
88 70
46 47
22 75
75 90
45 86
72 74
72 16
11 20
20 21
4 30
70 79
79 78
25 58
25 52
73 28
41 40
14 38
14 59
38 53
33 60
60 29
60 61
7 8
74 32
92 93
95 62
90 89
52 24
86 27
86 87
29 13
32 54