1 7 32 39 4 2 10 63 5 29 30 92 16 23 3 54 6 67 18 11 17 74 60 70 22 13 20 57 71 24 93 89 98 47 75 58 28 82 44 49 34 84 55 83 97 88 69 81 53 21 72 48 12 52 46 38 36 8 42 15 86 73 0 59 26 27 9 77 87 80 66 99 50 85 78 95 43 45 91 51 90 33 35 19 56 65 76 94 96 62 64 79 40 31 68 41 61 14 37 25
1 7
1 39
1 4
1 5
1 16
1 27
7 32
7 96
32 10
32 29
32 52
39 63
39 38
39 15
39 40
4 2
2 3
2 13
2 47
10 92
10 8
63 54
63 84
63 65
5 11
5 12
5 73
29 30
29 31
30 23
92 70
92 71
92 34
92 64
16 18
16 53
23 24
23 89
23 51
23 90
3 22
3 20
54 60
54 55
6 67
6 18
67 17
67 57
67 0
11 74
17 44
17 42
74 75
74 28
74 36
60 98
70 93
22 46
22 79
22 14
13 21
13 45
20 82
57 58
71 72
24 86
93 69
89 88
98 97
47 81
75 78
75 76
58 83
28 49
82 59
44 43
44 61
49 48
34 68
84 41
55 56
83 66
97 99
88 85
69 95
81 80
53 50
21 19
72 33
12 9
52 94
46 77
38 62
8 91
8 35
42 87
0 26
27 37
37 25