0 42 90 32 50 87 89 94 13 74 95 76 88 29 86 31 91 71 43 59 83 45 9 16 49 30 7 35 37 12 99 61 78 18 97 85 38 84 6 77 81 73 68 96 58 79 80 65 66 10 82 33 28 36 44 67 93 55 75 25 39 8 51 48 17 3 11 64 34 56 60 52 63 54 4 57 62 53 46 15 47 92 72 14 70 20 98 41 27 40 26 23 5 19 21 69 22 2 1 24
0 42
0 90
0 87
0 89
0 94
0 13
0 74
0 95
0 76
0 88
0 86
0 91
0 71
0 83
0 35
0 99
0 78
0 97
0 85
0 84
0 77
0 81
0 73
0 68
0 96
0 79
0 80
0 65
0 66
0 82
0 67
0 93
0 75
0 46
0 92
0 72
0 70
0 98
0 69
42 50
42 62
90 32
32 49
32 44
32 56
50 9
50 6
87 29
89 31
94 37
13 12
74 16
95 38
76 18
88 30
29 51
29 52
86 28
31 45
91 33
71 10
43 59
43 30
59 61
83 25
45 60
9 4
16 48
49 34
30 7
30 17
30 3
7 54
35 53
37 15
12 64
61 58
61 36
78 20
18 39
18 57
97 41
85 27
38 47
84 26
77 19
81 23
73 14
68 5
96 40
79 21
80 22
65 1
10 8
82 24
33 55
28 11
25 63
3 2