0 87 19 51 15 17 64 6 77 75 67 42 38 72 81 92 28 70 99 59 27 90 56 2 43 54 52 85 10 63 46 18 62 74 41 55 30 48 53 83 94 65 58 96 5 34 36 35 32 50 4 13 8 3 95 78 47 39 25 1 21 80 73 33 12 11 37 82 24 26 49 89 93 79 40 44 9 7 88 91 23 98 57 22 86 45 31 60 97 61 68 14 76 20 66 29 71 69 16 84
0 87
0 51
0 77
0 38
0 70
0 63
0 18
87 19
87 15
87 17
87 64
87 6
87 75
87 42
87 72
87 56
87 52
87 53
19 67
19 85
19 54
19 83
51 81
51 28
51 90
51 30
51 36
51 35
51 21
51 45
51 31
64 10
64 46
64 62
64 74
64 49
64 9
64 76
77 92
77 99
77 43
77 3
77 11
77 69
67 5
67 25
67 33
67 88
38 2
38 55
38 96
38 32
38 4
38 12
38 86
81 95
81 61
28 37
70 65
70 89
70 93
70 57
70 97
59 27
59 54
59 48
59 13
59 80
59 79
90 1
90 23
90 22
90 29
2 16
43 50
43 91
43 20
54 78
54 44
54 98
85 58
85 39
85 24
85 26
85 71
63 41
63 94
63 47
63 7
18 34
18 8
18 60
18 14
41 40
83 73
32 84
37 82
37 66
24 68