0 1 2 99 4 97 3 6 95 5 8 98 10 93 7 96 12 9 91 94 14 11 89 92 16 13 87 18 90 15 85 20 88 17 83 22 86 19 81 24 84 21 79 26 82 23 77 28 80 25 75 30 78 27 73 32 76 29 71 34 74 31 69 36 72 33 67 38 70 35 65 68 40 37 63 66 42 39 61 64 44 59 41 62 46 60 57 43 48 58 55 45 50 56 53 47 52 54 51 49
0 1
0 2
0 98
1 99
1 3
2 4
99 97
4 6
97 95
3 5
6 8
95 93
5 7
8 10
98 96
10 12
93 91
7 9
96 94
12 14
9 11
91 89
94 92
14 16
11 13
89 87
92 90
16 18
13 15
87 85
18 20
90 88
15 17
85 83
20 22
88 86
17 19
83 81
22 24
86 84
19 21
81 79
24 26
84 82
21 23
79 77
26 28
82 80
23 25
77 75
28 30
80 78
25 27
75 73
30 32
78 76
27 29
73 71
32 34
76 74
29 31
71 69
34 36
74 72
31 33
69 67
36 38
72 70
33 35
67 65
38 40
70 68
35 37
65 63
68 66
40 42
37 39
63 61
66 64
42 44
39 41
61 59
64 62
44 46
59 57
41 43
62 60
46 48
60 58
57 55
43 45
48 50
58 56
55 53
45 47
50 52
56 54
53 51
47 49