10 20 48 68 43 65 33 50 78 49 24 32 25 60 22 79 55 56 35 36 69 85 88 52 21 66 37 46 9 17 80 95 99 3 41 94 38 70 53 61 74 6 19 98 13 83 84 63 15 34 44 27 2 64 29 97 76 18 86 89 67 71 40 42 73 1 91 0 77 82 30 31 54 93 4 75 96 57 39 92 23 87 8 7 16 47 26 59 14 12 72 90 11 58 62 51 28 5 81 45
10 20
10 60
10 9
20 52
20 21
48 68
48 49
68 33
68 69
68 27
68 67
68 26
43 65
43 24
43 80
43 44
43 42
43 39
65 37
65 38
33 32
50 78
50 49
50 79
50 45
78 88
78 77
24 25
32 55
32 31
25 22
25 17
60 71
22 21
22 23
79 35
79 13
55 56
55 54
56 3
35 36
35 85
35 80
36 75
36 87
69 66
69 94
85 70
85 6
85 19
85 92
88 89
88 84
88 8
52 51
66 99
66 59
37 46
37 95
37 76
46 34
9 74
9 11
17 18
95 29
95 91
99 98
3 2
3 4
41 94
41 40
94 93
38 86
53 61
53 44
53 57
74 63
6 7
6 5
19 64
98 72
83 84
83 82
84 73
15 34
15 16
44 47
27 28
2 1
29 97
97 12
18 14
67 96
1 0
91 90
30 31
30 62
57 58
28 81