48 57 2 49 3 60 12 39 28 74 44 76 91 99 88 23 24 70 36 47 63 92 21 9 61 97 86 89 6 87 43 15 7 95 22 98 8 72 10 29 31 78 32 77 37 90 81 55 59 67 83 85 93 94 5 13 25 80 64 79 54 0 20 52 17 82 42 46 33 40 35 51 27 18 73 96 34 62 66 84 75 69 30 58 1 26 14 45 16 41 4 53 65 50 68 71 56 19 11 38
48 57
48 88
48 76
48 89
57 60
57 99
57 87
2 49
2 3
2 12
2 39
2 74
2 0
2 42
2 46
2 75
49 21
49 66
3 28
3 29
60 61
60 7
60 64
12 36
12 95
12 8
12 68
39 97
39 52
39 65
28 44
28 62
74 70
74 51
74 73
44 99
44 32
76 91
76 9
76 34
91 92
91 6
91 5
88 86
23 24
23 10
23 90
23 79
23 40
23 4
24 70
24 94
70 98
36 72
36 17
36 82
47 63
47 15
47 14
63 92
63 31
63 25
63 35
63 27
63 30
21 43
21 96
9 81
9 83
9 93
9 20
61 59
61 26
97 55
97 69
86 67
43 71
43 56
43 38
15 45
7 77
22 98
22 58
8 37
8 54
72 11
29 18
31 78
78 85
32 33
77 80
83 84
85 16
85 41
13 25
13 19
52 50
51 1
1 53