1 35 14 62 3 40 39 15 63 16 66 26 85 24 82 5 44 20 74 11 56 7 48 29 92 31 95 23 79 86 28 47 80 81 19 72 32 98 97 96 73 71 17 67 65 13 60 59 8 50 49 36 91 89 55 10 53 43 4 41 30 94 21 75 18 69 12 58 57 9 52 51 0 34 25 83 70 22 78 6 45 27 88 77 93 90 46 76 54 42 87 84 68 61 2 37 38 64 33
1 35
1 36
1 5
1 30
1 15
1 21
35 33
14 62
14 61
62 64
3 40
3 39
3 26
3 7
3 19
40 38
15 63
15 28
15 64
16 66
16 65
66 68
26 85
26 86
24 82
24 81
82 84
5 44
5 43
44 42
20 74
20 73
74 76
11 56
11 55
11 28
56 54
7 48
7 47
7 28
29 92
29 91
29 6
29 12
92 90
31 95
31 96
31 13
23 79
23 80
79 77
28 89
28 90
28 22
28 27
28 32
28 25
19 72
19 71
32 98
32 97
17 67
17 68
17 30
13 60
13 59
13 27
8 50
8 49
8 2
8 18
10 53
10 54
4 41
4 42
30 94
30 93
21 75
21 76
18 69
18 70
12 58
12 57
9 52
9 51
9 22
0 34
0 33
25 83
25 84
22 78
22 77
6 45
6 46
27 88
27 87
2 37
2 38