2 83 7 47 29 84 35 93 14 15 48 50 87 56 20 27 99 13 30 79 12 18 76 24 4 59 8 72 26 23 44 6 38 43 70 28 33 55 31 77 60 98 74 53 81 88 39 36 11 51 82 0 86 75 64 97 10 66 16 32 19 45 34 49 42 61 89 94 95 5 80 57 71 91 92 22 73 1 25 52 3 37 9 54 63 90 58 41 62 17 67 46 21 85 68 65 69 96 40 78
2 83
2 47
2 79
2 60
2 10
2 68
83 7
83 14
83 72
83 43
7 15
7 80
7 1
7 52
47 12
47 74
29 84
29 42
29 25
84 20
84 18
84 58
35 93
35 26
35 70
35 55
35 9
35 41
93 24
93 77
93 39
93 27
14 20
14 50
14 53
14 82
15 48
15 23
15 34
48 56
50 87
50 76
56 19
20 59
20 24
20 95
20 73
27 99
99 44
13 30
13 8
13 33
13 77
30 51
79 31
79 65
12 90
12 37
76 11
24 46
4 59
4 75
8 62
72 36
72 0
72 40
26 28
26 86
26 91
44 54
6 38
6 45
6 22
38 33
43 96
70 64
28 88
33 66
33 57
33 85
31 17
60 98
98 49
81 88
81 94
81 5
11 97
11 32
51 63
51 21
82 16
86 71
64 69
10 92
16 67
61 89
61 37
57 78
3 37