0 2 41 57 64 52 28 21 18 43 72 24 69 26 6 3 70 67 4 31 8 35 63 40 65 68 42 17 30 11 27 32 5 13 39 22 45 71 10 20 73 59 44 38 50 23 54 62 74 60 12 51 56 9 55 34 29 14 19 47 36 25 16 49 48 46 61 1 15 58 66 33 53 7 37
0 2
0 41
0 21
0 18
0 43
0 35
0 40
2 57
2 70
2 13
41 52
41 72
41 15
57 64
64 28
64 26
64 61
64 1
52 8
52 27
52 55
52 34
52 29
52 14
28 69
28 11
28 51
21 31
21 39
21 22
21 66
21 33
21 53
18 3
18 4
43 6
43 68
72 24
72 9
24 17
24 62
24 74
69 30
69 38
26 67
6 32
6 47
3 45
3 48
70 63
67 42
4 25
4 16
31 5
8 65
35 10
35 20
63 73
63 59
40 58
40 37
65 71
68 44
42 23
17 60
30 12
11 56
27 50
32 19
5 36
13 46
39 54
22 7
45 49