2 22 3 19 10 0 9 24 44 8 21 4 1 5 48 6 7 25 14 11 15 16 27 20 18 29 13 51 36 50 77 35 89 75 38 17 23 85 86 83 40 63 61 91 33 87 96 93 79 70 43 60 37 42 34 66 39 74 78 64 54 52 41 80 73 97 88 84 59 31 98 57 53 47 12 94 92 82 65 95 71 69 55 49 99 32 68 30 26 56 72 58 90 76 45 67 28 81 62 46
2 22
2 24
2 27
2 77
2 75
2 63
2 70
2 43
2 66
2 74
2 78
2 64
2 73
2 65
2 71
2 69
2 68
2 72
2 67
22 3
22 19
22 6
22 40
22 59
22 76
3 10
3 44
3 11
3 89
3 85
3 86
3 83
3 91
3 87
3 93
3 79
3 80
3 88
3 84
3 92
3 82
3 90
3 28
3 81
3 62
19 8
19 15
19 16
19 56
10 0
10 18
10 49
10 99
0 9
0 29
0 36
0 35
0 38
0 37
0 42
0 34
0 39
0 41
0 31
0 32
0 26
9 20
9 33
24 7
24 17
44 1
21 4
21 1
4 5
4 25
4 14
4 96
4 97
4 98
4 94
4 95
1 48
1 50
1 61
1 60
1 54
1 52
1 53
1 47
1 55
1 58
1 45
1 46
5 13
6 30
25 23
14 51
14 12
20 57