0 90 80 70 60 50 40 30 20 10 99 98 97 96 95 94 93 92 91 89 88 87 86 85 84 83 82 81 79 78 77 76 75 74 73 72 71 69 68 67 66 65 64 63 62 61 59 58 57 56 55 54 53 52 51 49 48 47 46 45 44 43 42 41 39 38 37 36 35 34 33 32 31 29 28 27 26 25 24 23 22 21 19 18 17 16 15 14 13 12 11 9 8 7 6 5 4 3 2 1
0 90
0 80
0 70
0 60
0 50
0 40
0 30
0 20
0 10
0 9
0 8
0 7
0 6
0 5
0 4
0 3
0 2
0 1
90 99
90 98
90 97
90 96
90 95
90 94
90 93
90 92
90 91
80 89
80 88
80 87
80 86
80 85
80 84
80 83
80 82
80 81
70 79
70 78
70 77
70 76
70 75
70 74
70 73
70 72
70 71
60 69
60 68
60 67
60 66
60 65
60 64
60 63
60 62
60 61
50 59
50 58
50 57
50 56
50 55
50 54
50 53
50 52
50 51
40 49
40 48
40 47
40 46
40 45
40 44
40 43
40 42
40 41
30 39
30 38
30 37
30 36
30 35
30 34
30 33
30 32
30 31
20 29
20 28
20 27
20 26
20 25
20 24
20 23
20 22
20 21
10 19
10 18
10 17
10 16
10 15
10 14
10 13
10 12
10 11