10 39 0 94 22 72 23 95 73 55 58 57 85 24 98 68 18 5 51 28 82 64 60 29 13 53 62 8 12 9 38 36 67 15 54 83 92 41 31 19 16 65 86 79 69 71 61 56 42 1 59 3 77 20 48 7 21 66 84 34 88 81 30 78 50 27 45 93 91 90 35 2 76 44 63 17 4 25 87 74 52 80 49 11 46 33 97 43 37 26 89 75 14 40 96 32 47 70 6
10 39
10 13
10 8
10 66
39 5
39 0
39 38
39 42
0 94
0 55
0 4
94 22
94 24
94 57
94 3
94 33
22 98
22 51
22 64
22 21
22 34
22 47
72 23
72 57
72 87
23 9
23 75
23 40
95 73
95 50
95 71
95 35
95 25
73 51
55 58
58 16
57 85
57 68
57 90
85 79
24 53
24 67
24 27
24 76
98 31
68 18
18 78
18 11
18 89
5 52
51 61
28 82
28 41
82 88
82 81
64 2
60 29
60 59
29 12
29 13
13 80
53 91
62 8
62 41
62 1
12 15
9 92
9 20
36 67
36 86
36 6
54 83
54 41
83 44
83 14
31 19
31 7
16 97
65 86
86 93
69 71
56 42
56 49
1 84
1 26
3 77
3 63
48 7
21 17
88 30
78 96
45 93
45 43
93 74
76 46
33 37
37 70
32 47