95 63 11 13 29 31 48 27 91 3 90 94 77 58 53 1 39 12 23 99 56 59 33 37 49 25 61 2 82 98 35 52 93 64 80 28 9 44 72 67 20 50 41 76 79 19 92 87 26 96 18 51 21 68 45 17 30 32 22 73 16 60 42 5 24 89 81 55 65 14 57 74 0 10 88 46 6 15 47 43 69 7 83 38 97 36 78 71 86 54 62 84 40 4 34 8 85 75 70 66
95 63
95 11
95 13
95 99
95 82
95 64
63 31
63 68
11 48
11 71
13 29
13 30
29 79
29 92
29 24
31 35
31 50
31 18
31 67
31 88
31 78
48 91
48 25
48 8
27 91
27 12
27 37
27 84
91 33
91 47
91 69
3 90
3 23
3 72
90 94
94 58
94 64
77 58
77 53
77 2
58 73
53 61
53 16
1 39
1 2
39 56
39 76
12 80
23 60
23 81
23 75
99 20
56 59
59 41
33 46
33 43
37 49
37 0
49 87
49 74
49 83
49 40
61 52
61 15
2 17
82 86
98 35
98 96
35 5
52 93
93 42
93 66
64 32
80 45
28 9
28 51
28 54
9 67
9 4
9 70
44 72
44 57
44 38
20 62
20 85
50 21
41 22
79 19
19 14
92 6
26 96
45 55
45 10
17 97
42 89
81 7
65 14
47 36
84 34