82 84 72 94 20 36 42 11 90 32 58 73 51 34 54 35 97 68 95 6 75 0 77 81 62 9 30 70 46 71 21 50 5 27 33 85 66 25 88 59 99 15 41 69 56 57 1 23 89 96 79 19 74 44 47 7 18 16 65 87 67 91 64 61 52 26 17 37 24 13 10 3 43 92 8 39 93 98 29 86 12 40 28 80 4 83 45 48 53 31 60 55 22 38 49 14 76 63 78 2
82 84
82 94
82 9
82 43
82 63
84 72
84 58
84 97
84 68
84 41
84 96
84 16
72 42
72 0
94 32
94 81
20 36
20 51
20 21
20 27
36 34
36 54
36 73
42 95
11 90
11 6
11 24
11 49
90 35
32 73
32 35
32 88
32 18
58 50
58 3
58 92
73 70
51 30
34 28
34 26
54 77
54 31
35 5
97 62
68 19
95 75
6 46
75 40
0 66
0 80
77 15
77 44
81 69
81 45
62 61
9 59
30 87
30 64
70 8
70 83
46 85
46 67
71 21
71 93
21 56
50 53
50 60
5 89
5 10
27 33
27 86
27 76
85 74
85 4
66 25
25 29
88 55
59 99
99 79
41 1
41 91
41 39
69 57
57 12
57 78
23 89
96 38
79 22
19 48
47 7
7 67
16 65
64 13
52 26
17 37
17 12
92 98
80 14
45 2