37 44 30 23 16 9 2 51 93 79 86 72 65 58 35 42 28 21 14 7 0 49 91 77 84 70 63 56 90 88 89 83 81 82 76 74 75 69 67 68 62 60 61 55 53 54 48 46 47 41 39 40 34 32 33 27 25 26 20 18 19 97 95 96 13 11 12 6 4 5 87 85 80 78 73 71 66 64 59 57 52 50 45 43 38 36 31 29 24 22 17 15 92 10 8 94 3 1
37 44
37 30
37 41
37 39
37 40
37 38
37 36
44 51
44 48
44 46
44 47
44 45
44 43
30 23
30 34
30 32
30 33
30 31
30 29
23 16
23 27
23 25
23 26
23 24
23 22
16 9
16 20
16 18
16 19
16 17
16 15
9 2
9 13
9 11
9 12
9 10
9 8
2 93
2 6
2 4
2 5
2 3
2 1
51 58
51 55
51 53
51 54
51 52
51 50
93 97
93 95
93 96
93 92
93 94
79 86
79 72
79 83
79 81
79 82
79 80
79 78
86 90
86 88
86 89
86 87
86 85
86 84
72 65
72 76
72 74
72 75
72 73
72 71
65 58
65 69
65 67
65 68
65 66
65 64
58 62
58 60
58 61
58 59
58 57
35 42
35 28
42 49
28 21
21 14
14 7
7 0
0 91
49 56
77 84
77 70
70 63
63 56