58 59 60 30 57 43 28 38 48 15 21 16 7 8 69 10 74 72 0 47 13 76 64 61 1 77 90 82 80 44 71 35 27 42 3 81 78 51 67 40 34 32 18 87 56 9 17 20 65 66 23 41 25 63 93 84 97 36 2 12 37 88 49 14 5 45 54 24 33 91 52 89 11 83 95 85 96 94 86 75 70 98 92 68 79 62 53 73 46 39 50 55 26 29 4 31 6 99 22 19
58 59
58 30
58 57
58 74
59 60
60 69
60 72
60 64
60 61
30 43
30 80
30 44
57 28
57 56
43 38
43 16
28 21
28 22
38 48
38 35
38 50
48 47
48 49
15 21
15 10
15 12
21 17
21 29
16 8
16 37
7 8
7 0
7 6
8 32
69 90
69 68
10 13
74 71
74 79
72 76
0 1
47 82
13 51
13 4
76 77
64 66
64 88
61 27
1 3
77 93
77 94
77 86
90 97
90 98
90 92
82 81
80 78
80 52
44 42
71 67
35 34
27 20
27 26
42 40
42 46
3 14
3 5
81 84
81 83
78 87
51 18
67 65
40 41
40 36
18 25
87 95
87 85
56 62
56 53
9 17
9 2
20 23
65 63
66 91
66 89
23 19
41 45
63 54
93 96
84 75
97 70
36 39
2 31
12 11
37 33
88 99
49 73
14 24
54 55