1 2 0 8 7 29 21 3 18 54 72 57 6 67 10 84 71 17 63 83 42 39 99 89 80 35 96 44 91 56 65 49 26 30 16 68 90 95 85 47 4 9 50 69 15 32 87 73 40 82 55 13 59 46 81 52 12 43 79 38 62 48 97 77 66 60 88 70 64 22 24 41 11 78 61 45 86 74 27 94 31 23 14 93 19 75 36 34 20 92 33 98 51 76 58 53 37 5 28 25
1 2
1 0
1 54
1 57
1 67
1 71
1 63
1 56
1 65
1 68
1 69
1 55
1 59
1 62
1 66
1 60
1 70
1 64
1 61
1 33
1 58
1 53
2 8
2 29
2 72
2 84
2 83
2 89
2 80
2 90
2 85
2 87
2 73
2 82
2 81
2 79
2 77
2 88
2 78
2 86
2 74
2 75
2 34
2 76
0 7
0 42
0 39
0 35
0 44
0 49
0 47
0 50
0 40
0 46
0 52
0 43
0 38
0 48
0 41
0 45
0 36
0 51
0 37
8 21
8 26
7 17
29 10
21 9
21 22
21 14
3 18
3 99
3 72
3 96
3 91
3 95
3 97
3 93
3 98
18 6
18 15
18 32
6 12
6 92
67 24
10 94
84 23
71 31
17 4
83 19
39 11
96 13
56 5
30 16
30 4
47 25
32 28
24 27
19 20