21 88 4 39 38 71 10 57 16 73 15 89 50 75 12 61 56 9 53 6 45 23 94 5 41 2 31 90 43 8 42 91 95 51 92 63 29 7 46 44 72 40 1 22 99 55 70 37 68 11 59 26 0 25 64 78 48 76 17 24 98 49 97 58 79 96 52 81 66 28 13 86 30 20 69 18 33 36 32 14 83 54 85 3 35 74 47 84 19 87 82 60 93 62 34 80 27 65 67 77
21 88
21 89
21 90
88 43
88 42
88 92
88 84
4 39
4 38
4 37
39 29
39 45
38 71
38 91
71 15
71 50
71 61
71 31
10 57
10 56
10 55
57 48
57 46
16 73
16 75
16 74
73 94
15 72
15 70
89 79
50 8
75 90
75 46
12 61
12 63
12 62
61 83
61 85
56 26
9 53
9 52
9 54
53 64
53 70
6 45
6 43
6 44
23 94
23 95
23 96
5 41
5 42
5 40
41 66
41 86
2 31
2 33
2 32
31 36
8 51
8 49
42 68
91 22
91 47
95 80
51 78
63 58
29 1
7 46
46 99
72 81
1 28
1 30
22 93
99 24
55 34
68 14
11 59
11 58
11 60
59 25
0 25
78 77
48 76
76 17
24 98
24 97
98 69
79 18
79 27
66 13
13 65
86 20
86 35
86 82
20 87
14 67
83 19
3 35