0 1 30 40 32 11 9 8 41 42 43 44 45 64 46 14 2 99 98 97 96 95 94 93 92 91 90 89 88 87 86 85 84 83 82 81 80 79 78 77 76 75 74 73 72 71 70 69 68 67 66 65 63 62 61 60 59 58 57 56 55 54 53 52 51 50 49 48 47 39 38 37 36 35 34 33 31 29 28 27 26 25 24 23 22 21 20 19 18 17 16 15 13 12 10 7 6 5 3 4
0 1
0 30
0 32
0 11
0 9
0 8
0 99
0 98
0 97
0 96
0 95
0 94
0 93
0 92
0 91
0 90
0 89
0 88
0 87
0 86
0 85
0 84
0 83
0 82
0 81
0 80
0 79
0 78
0 77
0 76
0 75
0 74
0 73
0 72
0 71
0 70
0 69
0 68
0 67
0 66
0 65
0 63
0 62
0 61
0 60
0 59
0 58
0 57
0 56
0 55
0 54
0 53
0 52
0 51
0 50
0 49
0 48
0 47
0 39
0 38
0 37
0 36
0 35
0 34
0 33
0 31
0 29
0 28
0 27
0 26
0 25
0 24
0 23
0 22
0 21
0 20
0 19
0 18
0 17
0 16
0 15
0 13
0 12
0 10
0 7
0 6
0 5
0 4
1 64
1 46
1 14
1 2
1 3
30 40
40 41
32 42
11 43
9 44
8 45