92 0 93 89 88 90 91 82 80 84 87 83 81 86 85 69 73 64 79 70 67 76 74 68 65 71 66 78 75 77 72 51 42 63 33 56 52 45 39 1 2 3 25 31 21 16 54 59 28 26 60 46 36 48 40 35 6 22 19 7 15 12 10 5 4 8 14 27 29 13 30 11 9 24 58 57 55 53 50 23 18 47 44 43 41 38 37 34 32 20 17 61 62 49
92 0
92 89
92 88
0 93
93 90
93 91
89 82
89 83
88 80
88 81
90 84
90 85
91 87
91 86
82 69
82 68
80 64
80 65
84 73
84 72
87 79
87 78
83 70
83 71
81 67
81 66
86 76
86 77
85 74
85 75
69 42
69 43
73 51
73 50
64 33
64 32
79 63
79 62
70 45
70 44
67 39
67 38
76 56
76 57
74 52
74 53
68 40
68 41
65 35
65 34
71 46
71 47
66 36
66 37
78 60
78 61
75 54
75 55
77 59
77 58
72 48
72 49
51 25
42 21
63 31
33 16
56 28
52 26
45 22
39 19
1 2
1 3
2 5
2 4
3 6
3 7
25 12
31 15
21 10
16 8
54 27
59 29
28 14
26 13
60 30
46 23
36 18
48 24
40 20
35 17
6 12
22 11
19 9