1 2 5 11 19 9 29 4 3 7 0 10 12 27 13 15 18 22 8 21 62 32 61 31 67 58 37 28 56 55 54 53 68 38 66 36 26 69 39 52 45 57 65 51 35 25 64 41 34 24 48 50 47 20 59 49 46 40 6 60 44 43 42 30 14 63 33 17 16 23
1 2
1 5
1 4
1 3
1 12
1 13
1 60
1 44
1 43
1 42
1 30
1 14
2 19
2 9
2 29
2 0
2 59
2 49
2 46
2 40
2 6
2 16
5 11
5 64
5 41
5 34
5 24
11 7
11 66
11 36
11 26
19 27
19 67
19 58
19 37
19 28
9 15
9 22
9 52
9 45
29 10
29 62
29 32
4 18
4 8
4 48
3 50
3 47
3 20
3 17
7 65
7 51
7 35
7 25
0 63
0 33
0 23
10 69
10 39
12 68
12 38
27 61
27 31
13 21
15 54
18 55
22 56
8 57
21 53