3 67 60 27 11 74 12 86 38 83 79 37 58 61 24 6 57 53 45 7 41 65 99 13 93 96 89 84 66 48 32 77 71 36 23 8 14 17 76 9 91 95 39 73 70 87 52 62 21 72 4 1 10 28 55 2 25 30 98 22 82 47 33 78 49 19 69 20 26 44 59 85 40 81 18 29 92 50 56 15 90 54 5 51 68 64 75 63 31 88 34 97 80 0 43 42 35 94 46 16
3 67
3 38
3 41
3 99
3 70
3 19
3 81
67 60
67 24
67 95
67 73
67 16
60 27
60 74
60 89
60 51
60 63
27 11
27 6
27 36
11 79
11 37
11 7
11 23
74 96
74 78
12 86
12 24
86 83
86 65
38 53
38 45
38 28
38 42
83 57
79 4
79 49
79 75
37 61
58 61
58 59
58 56
58 54
58 68
61 13
6 32
6 8
57 9
57 25
57 69
57 34
57 80
53 21
45 17
45 0
7 66
41 1
41 33
65 93
65 82
99 91
99 47
13 85
13 15
93 76
93 22
96 71
89 39
84 66
84 48
48 14
32 92
77 71
77 10
36 52
23 64
8 44
14 30
17 31
76 2
9 72
91 87
91 55
91 98
95 5
39 88
73 94
70 97
52 43
62 21
62 29
72 46
28 18
69 35
20 26
26 88
40 81
92 50
56 90