16 74 12 62 73 21 90 34 54 3 92 88 24 97 86 98 36 63 35 9 53 33 47 99 2 0 25 32 61 22 26 75 94 7 51 77 68 81 66 55 18 19 82 23 83 64 95 76 45 28 13 20 59 52 6 44 1 38 14 40 96 91 17 80 78 4 39 15 72 10 57 89 69 8 11 56 5 48 41 70 46 29 42 58 37 79 43 31 71 27 30 93 87 60 67 84 85 50 49 65
16 74
16 73
16 75
74 62
74 34
12 62
12 63
12 61
73 94
73 28
21 90
21 88
21 89
90 86
90 66
90 51
34 54
34 3
34 59
54 92
54 9
3 36
3 35
92 22
92 31
92 49
88 97
24 97
24 98
24 99
97 40
86 20
36 38
36 69
63 68
35 82
35 44
9 53
9 52
53 55
53 48
33 47
33 2
47 7
47 68
99 83
99 72
2 32
0 25
0 26
0 27
25 76
25 45
32 81
32 64
32 37
61 41
22 91
22 93
26 55
75 84
94 23
7 46
51 77
51 8
68 14
81 18
66 13
55 10
18 80
18 79
19 82
19 83
23 95
23 96
76 17
28 1
13 65
20 87
59 11
52 85
6 44
6 43
1 29
1 30
38 4
14 67
40 5
96 70
17 78
4 39
15 72
15 71
10 57
10 56
8 50
11 58
11 60
5 42