14 66 85 24 18 52 10 75 63 40 74 43 80 77 64 44 96 4 57 45 22 58 69 17 95 48 65 32 99 33 55 35 78 62 21 0 49 50 89 31 98 47 12 42 39 30 5 79 13 93 29 71 46 73 54 1 72 87 36 23 27 38 82 8 83 6 56 67 70 92 28 84 90 51 20 68 19 25 16 15 37 11 91 9 7 97 94 76 3 2 61 88 60 86 41 26 59 53 81 34
14 66
14 24
14 52
14 63
66 85
66 96
66 78
66 15
85 18
85 10
24 75
24 21
24 12
24 23
24 11
18 40
18 62
18 25
52 43
52 44
52 71
52 83
10 80
10 95
10 81
75 74
75 57
75 26
63 22
63 34
40 58
40 2
74 33
74 35
43 48
43 82
80 69
80 39
77 64
77 17
64 65
44 45
96 50
96 20
4 57
4 17
57 55
57 89
57 97
57 94
57 76
45 49
45 98
22 46
22 37
58 1
58 72
58 87
58 60
69 0
69 88
95 73
95 91
48 36
48 27
48 68
65 47
32 99
32 31
99 42
33 92
78 30
78 19
62 29
21 93
0 6
0 86
49 5
50 56
50 67
89 31
31 38
98 51
47 54
12 13
42 8
39 41
5 79
79 53
13 3
93 84
29 28
71 90
46 9
73 70
54 59
1 61
23 7
27 16