32 37 33 10 34 19 11 87 69 3 9 53 96 26 67 73 56 20 1 82 18 72 52 24 94 14 5 78 42 63 55 74 29 13 95 4 54 99 85 40 80 57 81 16 88 59 21 45 35 50 43 25 92 98 84 2 39 66 8 90 6 0 83 91 36 7 27 22 30 61 49 51 86 47 79 62 76 64 93 68 65 70 89 48 23 71 58 15 77 46 44 17 31 41 60 28 75 97 38 12
32 37
32 11
32 53
32 73
32 5
32 42
32 13
32 27
32 47
32 64
32 41
32 60
37 33
37 85
37 88
37 59
37 35
37 89
37 15
33 10
33 9
33 56
33 2
33 65
10 34
10 96
10 74
10 84
10 49
10 23
34 19
19 3
19 26
19 4
19 21
11 87
11 29
11 16
11 83
11 7
87 69
87 18
69 55
69 50
69 43
69 25
69 61
69 86
3 20
3 1
3 95
3 39
3 68
3 70
3 28
9 82
9 81
9 51
9 58
53 72
53 14
53 78
53 79
53 71
96 80
96 57
96 91
96 38
26 67
67 94
67 66
67 8
67 17
67 97
73 76
73 48
73 31
56 92
56 98
56 75
20 52
1 6
82 45
82 30
72 93
72 44
52 54
24 94
24 40
63 55
55 99
55 36
55 22
55 77
29 12
13 46
54 62
99 90
85 0