42 95 91 99 33 74 78 37 86 32 87 26 44 59 23 35 52 97 80 50 24 2 70 49 96 62 45 89 77 3 13 60 41 7 48 90 56 63 79 43 92 16 66 51 40 53 31 68 69 19 85 46 82 4 27 36 64 88 12 55 39 10 75 71 30 61 72 1 29 76 58 67 21 14 6 34 65 81 5 17 20 22 98 93 73 54 47 84 38 15 0 28 25 8 83 18 94 9 11 57
42 95
42 91
42 37
42 35
42 56
42 68
42 28
95 60
95 41
95 90
95 66
95 51
95 21
91 78
91 4
91 5
99 33
99 74
99 40
33 37
33 45
33 71
74 59
74 79
74 92
74 39
74 29
78 86
78 26
78 83
37 44
37 97
37 75
86 2
86 12
86 93
32 87
32 59
32 62
87 52
87 36
87 0
26 23
44 48
44 14
23 50
23 67
35 80
52 77
52 85
97 55
97 65
80 24
80 13
50 63
24 70
24 10
24 47
2 96
70 49
70 19
49 53
49 1
96 64
96 20
62 61
45 89
45 16
89 7
77 3
77 43
77 54
3 34
3 38
60 15
60 94
41 18
7 69
48 82
90 27
56 88
56 57
63 98
79 6
79 8
92 25
16 9
66 72
51 17
53 46
31 68
31 22
68 76
69 73
4 58
71 30
1 11
67 81
54 84