18 34 28 82 38 11 60 54 73 1 84 48 65 47 99 14 90 41 94 78 39 46 31 27 21 12 8 80 68 64 2 32 55 15 6 19 44 49 91 62 67 53 71 93 79 5 97 83 7 29 23 61 52 70 66 72 22 58 89 16 0 59 37 40 9 63 30 69 45 20 88 98 51 86 36 35 26 50 85 13 96 74 10 42 57 25 33 76 75 56 17 4 87 92 24 3 77 81 95 43
18 34
18 1
18 60
18 8
18 19
34 38
34 99
34 78
28 82
28 54
28 16
82 38
82 41
82 64
82 44
38 77
11 60
11 48
11 31
11 59
60 84
60 91
54 73
54 35
73 47
73 62
1 65
84 32
48 12
65 23
65 40
65 57
47 2
99 61
99 87
14 90
14 94
14 79
90 39
90 85
41 7
94 46
94 81
78 80
39 15
39 37
31 55
27 21
27 6
21 71
12 70
8 58
8 30
8 74
80 68
68 5
68 71
68 43
64 67
64 72
64 86
2 66
32 15
6 63
19 52
44 29
49 91
49 0
49 25
67 53
67 42
67 56
67 4
53 17
71 98
93 79
93 33
79 10
5 22
97 83
97 72
97 45
97 88
29 36
23 26
61 76
52 50
70 96
66 20
72 51
22 75
22 3
58 89
89 69
59 9
9 24
63 95
20 13
98 92