17 77 23 95 84 3 35 10 55 52 19 82 76 24 99 21 88 36 9 57 80 7 48 25 12 62 30 98 63 96 97 90 56 54 78 8 49 71 0 27 44 42 61 11 59 1 60 64 69 22 91 29 18 15 6 13 50 16 73 45 28 26 14 2 32 72 31 46 65 33 75 38 4 37 83 93 86 47 81 94 5 40 92 85 20 74 39 89 68 53 67 41 87 66 58 79 51 70 34 43
17 77
17 76
17 78
77 52
77 25
77 69
77 45
77 79
23 95
23 96
23 94
95 84
84 19
84 35
84 38
3 35
3 36
3 34
35 88
10 55
10 57
10 56
55 82
55 30
55 71
52 9
52 33
52 53
19 82
19 83
82 60
76 57
76 87
76 43
24 99
24 98
24 97
99 80
99 61
21 88
21 90
21 89
88 98
88 64
88 31
88 73
88 92
36 62
9 54
57 74
80 48
80 18
80 91
7 48
7 46
7 47
25 0
25 39
12 62
12 63
62 86
30 1
63 72
97 26
56 66
54 50
78 85
8 49
8 51
49 42
71 44
71 15
0 27
44 6
42 61
11 59
11 60
11 58
1 29
1 28
64 13
69 14
22 91
22 93
18 81
15 70
16 73
16 75
45 65
14 68
14 67
2 32
2 33
32 37
4 37
86 20
5 40
5 41
40 89