0 70 68 2 64 58 20 36 17 22 71 46 54 23 37 87 39 31 78 1 55 11 9 40 52 77 74 83 13 82 29 26 27 57 49 48 42 43 21 81 16 75 79 14 4 89 86 95 45 19 60 90 69 92 85 67 96 47 50 98 94 80 66 59 93 88 84 44 41 38 35 72 56 73 76 25 24 99 97 18 63 62 61 53 51 15 12 34 10 65 8 7 91 5 6 30 28 3 32 33
0 70
0 58
0 54
70 68
70 49
68 2
2 64
64 17
64 22
64 77
64 63
58 20
58 11
58 92
58 34
20 36
20 52
36 37
36 16
36 90
17 71
17 62
22 78
22 82
71 46
46 87
46 86
54 23
23 9
23 29
23 65
37 39
37 35
87 1
87 32
39 31
31 55
78 13
78 75
1 40
1 33
55 48
55 50
55 3
11 74
11 10
9 79
9 14
40 4
40 47
40 6
52 83
77 89
77 85
77 59
74 26
74 73
83 27
13 57
82 96
82 91
82 5
29 42
29 99
26 43
27 21
57 95
57 93
49 67
49 7
48 81
42 45
42 72
42 56
21 69
81 19
16 61
16 53
75 60
79 76
79 25
14 51
14 15
4 30
4 28
89 98
86 94
95 38
45 41
19 97
60 18
90 24
69 12
92 80
85 8
67 44
96 66
47 84
50 88