1 40 0 37 23 11 7 2 20 45 70 63 36 12 61 78 72 25 15 16 73 87 51 53 13 64 3 41 62 49 43 29 76 57 82 48 14 9 79 30 28 6 96 75 56 34 71 68 50 18 95 8 58 21 46 5 10 22 66 27 4 67 60 38 26 91 59 33 44 90 77 98 85 55 47 97 81 65 19 32 89 80 86 17 35 54 74 69 42 94 24 39 93 31 99 52 88 84 92 83
1 40
1 11
1 45
1 78
1 87
1 76
1 82
1 79
1 96
1 75
1 95
1 91
1 90
1 77
1 98
1 85
1 97
1 81
1 89
1 80
1 86
1 74
1 94
1 93
1 99
1 88
1 84
1 92
1 83
40 23
40 36
0 37
0 20
0 45
0 70
0 63
0 61
0 72
0 73
0 51
0 53
0 64
0 62
0 49
0 57
0 48
0 56
0 71
0 68
0 50
0 58
0 46
0 66
0 67
0 60
0 38
0 59
0 55
0 47
0 65
0 54
0 69
0 52
37 7
37 18
23 2
23 12
23 15
11 25
7 14
7 27
7 26
2 13
2 5
20 16
20 21
70 41
63 34
36 31
12 3
12 32
61 30
15 28
73 44
87 19
53 17
13 9
64 35
3 43
41 6
41 22
43 29
43 39
29 4
57 24
79 8
30 10
34 33
71 42