85 23 61 31 12 40 92 1 20 10 95 88 39 9 83 68 72 44 0 46 51 32 3 69 8 84 82 48 22 71 11 43 81 73 25 62 21 17 35 38 15 94 27 96 57 59 70 77 65 67 98 49 47 42 66 78 90 58 26 13 7 2 41 50 52 55 56 97 74 79 6 29 16 18 63 37 93 34 24 5 19 53 87 33 54 91 99 64 60 28 75 14 80 36 86 45 4 30 76 89
85 23
85 61
85 72
85 51
23 12
23 1
23 42
23 30
23 76
61 31
61 95
61 89
31 40
31 68
31 73
31 47
12 92
12 82
40 20
40 46
40 36
92 10
92 0
1 39
1 44
1 45
1 4
20 83
20 49
20 14
20 80
10 88
10 33
10 54
95 9
95 28
88 32
88 38
88 18
39 69
39 94
39 5
9 8
9 59
83 70
83 77
83 65
68 43
68 67
68 75
72 11
72 57
72 99
44 81
44 98
0 3
46 84
51 71
51 87
32 21
32 52
3 17
3 29
69 48
8 96
8 91
84 22
82 15
82 34
48 78
48 90
22 25
71 56
71 97
11 35
43 62
81 37
81 93
73 27
25 66
62 13
21 50
17 74
35 26
38 55
15 58
94 41
27 16
96 24
57 7
59 53
70 2
77 6
65 63
67 64
98 19
49 79
47 60
42 86