8 9 10 7 11 6 12 5 13 4 14 3 15 2 16 1 17 18 99 19 98 20 97 21 96 22 95 23 94 24 93 25 92 26 91 27 28 90 29 89 30 88 31 87 32 86 33 85 34 84 35 83 36 82 37 81 38 39 80 40 79 41 78 42 77 43 76 44 75 45 74 46 47 73 48 72 49 71 70 50 69 51 68 52 67 53 66 65 54 64 55 63 56 62 57 61 60 58 59 0
8 9
8 7
9 10
10 11
7 6
11 12
6 5
12 13
5 4
13 14
4 3
14 15
3 2
15 16
2 1
16 17
1 99
1 0
17 18
18 19
99 98
19 20
98 97
20 21
97 96
21 22
96 95
22 23
95 94
23 24
94 93
24 25
93 92
25 26
92 91
26 27
91 90
27 28
28 29
90 89
29 30
89 88
30 31
88 87
31 32
87 86
32 33
86 85
33 34
85 84
34 35
84 83
35 36
83 82
36 37
82 81
37 38
81 80
38 39
39 40
80 79
40 41
79 78
41 42
78 77
42 43
77 76
43 44
76 75
44 45
75 74
45 46
74 73
46 47
47 48
73 72
48 49
72 71
49 50
71 70
70 69
50 51
69 68
51 52
68 67
52 53
67 66
53 54
66 65
65 64
54 55
64 63
55 56
63 62
56 57
62 61
57 58
61 60
60 59