98 6 5 14 82 21 22 52 68 4 64 63 89 3 38 19 79 18 0 40 88 23 47 46 51 62 24 85 49 9 32 43 37 17 42 92 76 54 13 73 69 72 55 45 94 50 2 81 28 15 36 87 25 10 86 90 83 61 80 44 65 59 39 34 1 74 97 29 91 93 26 58 60 67 53 71 31 20 77 48 11 7 16 33 56 27 75 95 96 57 70 78 84 12 8 35 66 99 41 30
98 6
98 63
98 79
98 94
6 21
6 82
6 23
6 69
6 72
6 36
6 48
5 14
5 89
5 54
5 10
14 82
14 22
14 8
14 99
82 32
82 73
21 40
21 96
22 3
22 12
52 68
52 4
52 46
52 33
68 38
4 64
4 19
4 51
4 93
4 27
64 80
64 70
63 47
63 24
89 49
89 42
3 19
38 62
38 76
38 39
19 37
19 31
79 20
79 77
79 30
18 0
18 2
18 71
0 88
0 85
40 83
40 53
88 92
23 13
23 58
47 9
46 17
46 87
46 56
51 50
62 44
24 85
24 61
24 11
49 28
9 25
32 55
43 37
43 67
17 74
42 91
42 7
92 34
54 26
13 97
13 86
13 84
73 41
69 59
55 45
45 81
94 75
50 16
2 29
81 15
36 35
87 57
10 95
86 90
80 60
65 59
39 1
39 66
29 78