43 33 42 11 99 32 27 67 55 12 39 46 24 98 20 21 4 54 23 22 29 1 52 38 10 50 15 16 44 82 5 9 58 13 36 6 28 3 26 30 41 61 76 74 7 80 63 19 84 62 78 83 31 88 25 95 45 75 64 77 53 2 69 18 57 70 91 72 8 79 56 14 40 48 47 34 49 97 93 94 59 81 60 87 65 35 37 66 68 0 92 90 17 89 51 96 73 71 86 85
43 33
43 42
43 46
43 44
43 45
43 49
33 32
33 28
33 47
33 89
42 27
11 99
11 12
11 39
11 9
99 67
32 12
32 30
32 31
32 97
27 52
27 26
27 80
27 87
67 55
67 50
55 98
55 58
55 53
12 10
12 75
12 77
39 38
39 41
39 40
46 29
24 98
20 21
20 23
20 19
21 22
4 54
4 1
4 5
54 23
54 83
54 93
22 52
22 84
22 57
29 15
29 68
1 3
1 0
52 81
38 36
38 35
38 37
10 13
50 82
50 65
15 16
15 88
15 14
16 96
16 86
44 95
82 63
5 6
58 70
58 94
13 51
36 25
6 7
28 34
3 2
30 64
41 73
61 76
61 74
61 25
76 62
74 69
74 72
7 8
63 85
84 59
62 18
78 83
83 79
31 48
45 71
64 90
77 56
69 66
18 17
91 72
93 92
94 60