2 3 1 12 8 15 0 22 9 6 19 20 26 48 16 69 29 90 14 11 60 31 45 21 97 36 5 24 17 53 25 39 23 66 83 4 56 65 10 87 73 67 13 99 79 78 34 30 92 89 88 72 57 42 96 95 85 82 62 49 7 80 77 63 86 41 98 52 50 38 81 55 76 74 61 54 18 58 91 68 28 47 32 84 59 51 46 75 94 37 43 93 64 71 27 70 44 35 33 40
2 3
2 22
2 69
2 66
2 65
2 73
2 67
2 79
2 78
2 72
2 80
2 77
2 76
2 74
2 68
2 28
2 47
2 75
2 71
2 70
3 15
3 9
3 48
3 29
3 90
3 97
3 83
3 87
3 99
3 92
3 89
3 88
3 96
3 95
3 85
3 82
3 86
3 98
3 81
3 91
3 84
3 94
3 93
3 64
1 12
1 16
1 60
1 53
1 56
1 57
1 62
1 49
1 63
1 52
1 50
1 55
1 61
1 54
1 58
1 59
1 27
12 8
12 6
12 26
8 0
8 7
15 19
15 37
0 31
0 45
0 29
0 36
0 39
0 34
0 30
0 42
0 38
0 46
0 43
0 35
0 33
0 40
22 21
22 24
9 20
9 51
6 18
6 32
20 17
20 41
16 4
69 11
14 11
14 10
14 13
60 23
31 5
24 44
17 25