66 58 48 67 5 56 46 31 95 97 81 43 64 52 19 59 90 36 93 53 30 39 63 96 69 27 35 9 83 85 80 60 3 7 21 89 34 40 49 23 68 72 37 51 42 25 12 32 11 26 17 14 1 29 24 71 78 20 61 41 45 86 57 88 62 18 76 47 2 87 44 98 4 70 65 92 50 94 13 6 79 91 84 8 82 22 10 77 15 74 33 99 28 73 16 0 38 75 54 55
66 58
66 67
66 59
66 36
66 35
66 82
58 48
58 46
58 19
48 5
48 56
48 25
48 65
67 93
67 76
5 53
5 3
5 57
56 97
56 23
46 69
46 85
46 29
31 95
31 59
31 89
31 1
95 81
95 63
97 30
97 73
81 43
81 9
81 41
81 75
43 45
43 74
64 52
64 90
64 34
52 83
52 14
52 98
19 51
19 4
59 96
59 91
90 39
36 11
53 60
53 44
30 37
30 62
39 80
39 32
39 13
63 26
63 70
69 27
27 40
27 12
35 78
35 8
9 2
83 7
83 17
83 33
85 72
85 99
80 60
80 55
60 42
3 21
3 92
7 47
7 22
7 28
21 16
40 49
49 79
23 68
68 0
72 24
72 61
72 87
37 20
42 71
42 77
25 88
25 6
26 18
17 10
78 84
45 86
57 54
44 38
50 94
50 10
84 15