35 36 37 60 38 39 61 34 33 40 32 31 30 29 62 28 63 27 85 64 69 26 25 70 89 0 1 81 2 90 56 24 3 91 23 82 4 22 5 21 92 6 7 20 65 8 11 12 9 10 19 94 66 75 13 71 18 67 68 14 74 17 15 16 72 73 84 41 80 95 59 42 79 88 78 83 43 77 57 76 45 97 96 93 87 86 44 58 55 54 53 52 51 50 49 48 47 46
35 36
35 60
35 34
36 37
37 38
37 85
60 61
38 39
38 84
39 40
39 83
61 62
61 80
34 33
33 32
40 90
40 41
32 31
31 30
30 29
29 28
62 63
28 27
63 64
27 26
85 89
64 69
64 65
69 70
26 25
25 24
25 75
70 81
70 71
89 56
0 1
0 91
0 59
0 45
1 2
81 82
2 3
90 91
56 58
56 55
56 54
56 53
56 52
56 51
56 50
56 49
56 48
56 47
56 46
24 23
3 4
23 22
82 92
4 5
22 21
5 6
21 20
92 94
6 7
7 8
20 19
65 66
8 9
11 12
11 10
12 13
12 68
9 10
19 18
94 95
94 93
66 67
75 74
13 14
71 72
18 17
14 15
74 73
15 16
84 88
84 87
41 42
80 79
95 97
95 96
42 43
79 78
88 57
78 77
83 86
43 44
77 76