0 31 30 14 56 24 37 33 4 6 22 41 36 13 19 52 51 17 27 21 39 8 38 46 49 55 43 48 47 11 3 25 18 50 34 44 9 29 54 1 35 42 12 57 59 20 7 5 58 16 53 40 23 10 28 32 26 45 2 15
0 31
0 6
0 11
0 1
31 30
31 13
31 32
30 41
30 36
14 56
14 4
14 15
56 51
56 58
24 37
24 22
24 29
37 33
37 59
33 38
4 22
4 5
6 8
22 21
22 28
41 46
41 42
41 40
36 38
36 35
13 19
13 17
13 18
19 25
52 51
52 54
52 34
51 50
17 27
27 39
27 23
21 20
21 26
8 3
46 48
46 45
49 55
49 43
43 48
43 47
47 57
11 12
11 10
3 9
3 7
18 16
34 44
34 53
1 2