47 9 3 94 89 79 92 68 4 71 40 34 55 52 15 63 48 61 11 12 42 74 90 67 39 37 78 29 26 85 45 73 8 93 58 80 46 84 86 28 95 18 41 35 27 13 88 5 21 32 20 81 87 82 22 25 64 96 57 24 30 70 44 33 53 62 2 83 1 66 59 6 65 60 77 38 72 50 31 54 56 19 0 76 7 17 51 43 49 97 10 36 98 16 69 14 75 23 91
47 9
47 40
47 90
47 72
9 3
9 94
9 89
9 65
9 69
3 79
3 39
3 29
3 81
94 92
94 37
94 18
89 68
89 48
89 78
89 43
79 55
79 76
92 34
92 98
68 73
4 71
4 67
4 26
4 13
4 45
71 52
40 15
40 5
34 95
55 27
55 88
55 54
52 12
52 46
15 63
15 93
15 14
63 11
63 41
48 84
48 64
61 11
61 80
11 19
11 10
12 74
12 96
42 74
42 29
74 83
90 32
90 25
90 51
90 23
67 66
39 1
39 56
37 86
78 6
29 87
26 60
85 45
85 35
85 16
45 58
73 8
8 30
93 20
93 75
58 2
80 82
80 17
84 62
86 28
95 7
18 50
41 57
35 31
13 21
88 97
5 33
21 53
20 70
87 44
82 49
22 25
22 91
57 24
66 59
60 0
77 38
77 10
31 36