6 46 30 93 16 65 13 60 24 82 81 31 96 29 91 66 19 71 27 88 4 42 15 64 1 36 72 22 78 9 52 51 28 90 3 40 26 85 12 57 32 98 97 23 79 20 74 73 63 11 56 55 0 33 7 47 45 5 43 41 39 2 37 48 77 21 76 75 14 61 10 54 53 35 87 59 92 38 8 50 49 80 18 70 34 62 86 44 95 69 67 58 17 68 89 94 84 25 83
6 46
6 45
6 10
46 48
30 93
30 94
30 10
30 22
30 2
93 95
16 65
16 66
16 24
16 23
16 32
65 67
13 60
13 59
13 4
60 58
24 82
24 81
24 4
24 3
24 7
82 84
81 83
31 96
96 94
29 91
29 92
29 21
29 4
29 20
29 9
29 8
91 89
66 68
19 71
19 72
19 25
71 69
27 88
27 87
27 22
27 21
27 1
4 42
4 41
42 44
15 64
15 63
15 26
1 36
1 35
36 34
22 78
22 77
22 26
9 52
9 51
28 90
28 89
3 40
3 39
26 85
26 86
26 11
26 14
12 57
12 58
32 98
32 97
23 79
23 80
20 74
20 73
11 56
11 55
0 33
0 34
7 47
5 43
5 44
2 37
2 38
21 76
21 75
14 61
14 62
10 54
10 53
8 50
8 49
18 70
18 69
17 68
25 83