20 74 24 81 10 54 5 44 14 62 43 6 46 45 18 69 1 35 13 59 27 88 60 9 51 22 77 28 89 82 78 73 8 50 2 38 32 98 97 31 96 95 90 87 19 72 3 39 17 68 67 16 66 65 15 63 61 11 55 53 36 0 34 30 94 93 29 92 26 85 70 37 40 52 91 25 84 23 80 21 75 79 12 58 49 86 57 71 33 7 48 47 4 41 64 42 56 83 76
20 74
20 73
20 9
20 24
20 19
74 76
24 81
24 82
81 83
10 54
10 53
54 56
5 44
5 43
5 27
5 14
5 30
44 42
14 62
14 61
62 64
6 46
6 45
6 21
6 23
18 69
18 70
18 21
18 0
1 35
1 36
1 27
13 59
13 60
13 16
13 0
59 57
27 88
27 87
27 2
27 29
27 28
9 51
9 52
22 77
22 78
22 8
22 31
22 17
28 89
28 90
28 8
8 50
8 49
8 21
8 7
8 32
2 38
2 37
32 98
32 97
31 96
31 95
31 3
19 72
19 71
3 39
3 40
17 68
17 67
16 66
16 65
15 63
15 64
11 55
11 56
11 29
0 34
0 33
30 94
30 93
29 92
29 91
26 85
26 86
26 7
25 84
25 83
23 80
23 79
21 75
21 76
12 58
12 57
7 48
7 47
4 41
4 42