5 55 9 89 45 48 85 49 33 88 57 64 87 20 56 90 47 59 70 58 66 91 81 4 80 83 10 13 21 82 37 43 26 75 42 63 32 46 22 69 74 29 28 18 19 35 94 92 62 14 86 25 8 67 65 78 68 11 60 93 44 39 16 31 98 2 99 12 23 73 54 97 0 1 61 77 84 71 6 34 24 53 50 96 15 38 40 17 7 52 41 3 79 72 36 76 30 27 51 95
5 55
5 9
5 8
55 58
55 57
9 89
89 85
89 28
45 48
45 49
45 46
48 47
48 4
48 19
85 88
85 86
49 33
33 81
33 32
33 30
88 87
57 64
64 63
87 20
20 22
20 23
56 90
56 59
90 91
47 70
59 58
70 74
70 71
66 91
66 69
81 80
4 2
80 83
83 82
10 13
10 14
10 12
13 46
13 65
21 82
21 22
21 24
37 43
37 35
37 36
43 44
26 75
26 29
26 27
75 42
75 76
42 62
42 41
63 11
63 60
32 31
32 34
69 67
74 62
74 72
29 25
18 19
18 16
35 39
35 68
94 92
92 93
14 54
86 77
8 96
8 7
67 68
65 78
78 97
60 61
60 1
93 2
44 84
44 40
39 50
39 38
16 17
31 98
98 99
23 73
73 15
0 1
0 3
77 79
71 53
6 34
53 52
53 51
96 95