17 77 38 64 11 58 29 59 4 10 57 5 42 35 54 7 47 78 13 66 56 3 9 34 1 30 86 72 92 52 22 16 74 48 20 73 61 76 53 84 6 44 88 28 40 36 12 19 15 37 63 82 93 23 95 81 85 51 91 46 45 0 27 24 99 8 70 14 69 21 67 49 39 97 60 32 18 79 68 65 41 62 26 50 87 75 80 2 89 94 71 83 90 43 31 25 98 33 55 96
17 77
17 78
17 76
77 38
77 64
77 98
38 4
38 29
64 34
64 13
64 72
11 58
11 59
11 60
58 86
58 42
58 61
29 59
29 1
4 37
4 39
10 57
10 56
10 55
57 35
57 99
57 32
57 94
5 42
5 41
42 88
35 54
35 3
35 50
54 9
7 47
7 48
7 46
47 78
47 92
47 80
13 66
13 65
66 73
66 69
56 44
56 96
3 34
3 36
9 52
9 53
1 30
1 28
86 20
72 15
92 22
92 82
92 51
52 81
52 25
22 93
22 91
16 74
16 73
16 75
74 90
48 79
20 85
20 87
61 12
53 84
53 63
84 19
84 45
6 44
6 43
44 40
88 21
36 27
12 62
19 83
15 70
15 71
23 95
95 45
51 8
0 27
0 26
24 99
24 97
8 49
14 69
14 67
14 68
21 89
32 2
18 79
2 31
2 33