25 26 28 24 11 5 2 0 32 27 31 29 1 37 33 30 42 41 40 39 38 36 35 34 4 3 61 60 59 58 57 56 55 54 53 52 51 50 49 48 47 46 45 44 43 10 9 8 7 6 62 99 98 97 96 95 94 93 92 91 90 89 88 87 86 85 84 83 82 81 80 79 78 77 76 75 74 73 72 71 70 69 68 67 66 65 64 63 23 22 21 20 19 18 17 16 15 14 13 12
25 26
25 24
25 27
25 37
26 28
26 29
28 32
28 33
24 11
11 5
11 23
5 2
5 12
2 0
2 6
0 1
32 41
32 40
27 31
31 39
31 38
29 35
29 34
1 4
1 3
37 30
37 51
37 50
33 42
33 43
30 36
42 61
42 60
41 59
41 58
40 57
40 56
39 55
39 54
38 53
38 52
36 49
36 48
35 47
35 46
34 45
34 44
4 10
4 9
3 8
3 7
61 98
61 97
60 96
60 95
59 94
59 93
58 92
58 91
57 90
57 89
56 88
56 87
55 86
55 85
54 84
54 83
53 82
53 81
52 80
52 79
51 78
51 77
50 76
50 75
49 74
49 73
48 72
48 71
47 70
47 69
46 68
46 67
45 66
45 65
44 64
44 63
43 62
10 22
10 21
9 20
9 19
8 18
8 17
7 16
7 15
6 14
6 13
62 99