1 2 3 12 15 0 21 25 9 22 4 24 79 20 5 23 16 51 27 41 10 35 71 18 89 38 68 74 11 78 6 32 80 42 90 77 39 19 58 98 94 86 59 92 88 87 52 95 75 8 83 69 55 26 31 14 13 63 49 56 54 91 50 85 70 57 7 37 30 99 84 62 76 61 96 93 17 46 34 97 44 82 72 64 81 43 67 65 73 53 47 60 28 66 29 48 33 40 36 45
1 2
1 51
1 58
1 59
1 52
1 55
1 26
1 63
1 49
1 56
1 54
1 50
1 57
1 62
1 61
1 64
1 65
1 53
1 60
1 48
2 3
2 9
2 79
2 27
2 71
2 68
2 74
2 78
2 80
2 77
2 75
2 83
2 69
2 70
2 84
2 76
2 82
2 72
2 81
2 67
2 73
2 66
3 89
3 6
3 90
3 98
3 94
3 86
3 92
3 88
3 87
3 95
3 91
3 85
3 99
3 96
3 93
3 97
3 28
12 15
12 25
15 16
15 38
15 19
0 21
0 4
0 41
0 35
0 38
0 32
0 42
0 39
0 31
0 37
0 30
0 46
0 34
0 43
0 47
0 29
0 40
0 36
0 45
21 23
25 22
25 24
25 20
9 4
9 33
22 5
22 18
22 44
4 10
24 13
20 17
35 11
32 8
19 14
31 7