40 41 59 58 95 85 52 86 31 68 5 6 30 15 16 13 14 50 60 93 94 83 84 51 61 69 24 38 48 96 39 49 87 21 78 74 7 17 3 4 20 12 70 88 82 92 11 71 28 79 29 97 8 18 81 10 91 80 9 2 19 89 90 98 0 99 1 62 47 23 32 42 73 37 75 76 72 25 26 22 53 57 67 27 77 34 46 63 64 33 65 66 43 36 56 35 44 55 54 45
40 41
40 30
40 50
41 52
41 31
41 51
59 58
59 69
59 49
58 68
58 48
58 47
95 85
95 96
85 86
85 74
52 62
52 53
86 87
31 21
68 78
5 6
6 7
30 20
15 16
15 24
15 14
16 17
13 14
13 12
14 4
50 60
60 70
93 94
93 92
83 84
83 82
51 61
61 71
69 79
24 23
24 34
38 48
38 28
48 57
96 97
39 49
39 29
87 88
21 11
78 88
74 73
7 8
17 18
3 4
3 2
20 10
12 11
70 80
82 81
92 91
71 81
28 18
79 89
29 19
97 98
8 9
10 0
91 90
80 90
9 19
2 1
89 99
62 72
47 37
47 46
23 22
32 42
32 22
37 27
75 76
75 65
76 77
25 26
26 27
53 63
53 44
57 67
67 77
34 33
34 54
46 36
63 64
64 55
33 43
65 66
66 56
43 45
36 35