56 49 17 25 15 64 42 44 63 31 16 35 53 60 29 13 55 54 52 10 36 9 43 28 61 30 57 37 67 2 24 70 58 68 0 6 65 19 5 40 12 69 23 39 22 33 62 71 73 1 66 4 38 46 14 48 3 45 50 74 51 26 8 11 7 20 41 32 59 72 27 21 47 34 18
56 49
49 70
49 58
49 19
49 62
17 25
25 19
15 64
15 16
64 40
64 73
42 44
42 10
44 39
44 22
63 31
63 35
63 33
63 14
63 11
31 21
16 35
16 43
53 60
53 48
53 20
60 50
29 13
29 52
29 66
55 54
54 65
54 5
54 10
54 1
52 10
52 43
52 0
52 68
52 59
52 47
10 4
10 48
10 26
36 9
36 1
43 8
28 61
28 65
28 51
30 57
30 68
30 41
37 67
67 5
2 24
2 66
24 46
70 18
58 68
68 27
0 6
6 3
65 12
69 23
69 71
23 3
23 34
22 38
62 45
73 74
38 72
11 7
41 32