6 10 54 24 16 31 28 27 66 64 4 5 23 72 36 51 14 95 35 20 17 76 80 68 1 78 88 75 25 8 65 74 63 3 9 86 60 29 61 57 77 43 12 13 26 18 55 7 83 97 21 50 39 92 38 33 69 44 15 58 84 85 45 47 49 79 98 59 2 93 82 70 71 40 46 0 22 11 81 42 91 90 32 73 41 30 96 48 99 19 67 89 52 87 37 53 56 62 34 94
6 10
6 4
6 20
6 48
6 99
10 66
10 14
10 9
54 24
54 16
54 75
54 55
54 0
54 67
24 36
24 12
24 46
24 96
24 19
16 23
16 43
16 32
31 28
31 51
31 61
28 27
28 88
28 65
28 74
28 56
27 66
27 64
27 82
66 37
64 25
64 8
4 76
5 23
5 63
5 83
23 72
72 17
72 42
36 51
36 68
36 7
51 93
14 80
14 21
95 35
95 12
95 22
35 78
35 79
20 57
20 39
20 53
76 3
76 33
76 52
80 69
80 47
68 84
68 85
1 78
1 11
88 98
75 18
75 49
75 90
25 40
8 97
74 29
63 62
63 94
3 26
9 59
86 60
86 87
60 15
60 13
29 77
57 13
77 58
77 34
43 50
12 70
12 91
26 44
7 30
83 89
39 71
92 38
92 45
38 15
33 2
79 73
40 41
81 42