17 77 51 58 36 13 64 2 32 23 96 66 22 92 8 61 76 91 11 31 3 95 70 15 12 85 10 56 24 99 98 35 62 44 39 27 97 63 73 30 55 34 47 68 4 33 38 88 65 93 19 82 81 6 49 7 48 43 20 16 21 59 90 14 60 86 78 94 18 37 69 45 40 84 71 89 42 75 79 72 57 46 9 54 50 26 80 83 74 5 41 28 0 25 1 29 53 87 67 52
17 77
17 76
17 78
77 51
77 58
77 36
51 8
51 47
58 66
58 11
58 70
36 3
36 28
13 64
13 66
13 65
64 85
64 54
2 32
2 31
2 33
32 61
32 42
23 96
23 95
23 94
96 68
96 81
66 79
22 92
22 91
22 93
92 56
8 49
8 50
61 12
61 30
61 40
61 75
61 26
76 27
91 31
11 59
11 60
31 82
3 35
3 34
95 70
95 55
95 63
70 15
15 71
12 62
12 63
85 20
10 56
10 57
24 99
24 98
24 97
99 84
62 44
62 39
62 97
62 73
44 6
39 4
27 0
73 16
30 1
55 52
47 7
68 43
68 14
4 38
4 37
38 88
88 21
88 72
19 82
81 18
6 45
7 48
7 46
43 90
20 86
16 74
21 89
59 83
59 87
14 69
14 67
78 25
18 80
72 41
9 54
9 53
5 41
1 29