1 18 87 78 48 58 91 34 29 39 77 56 74 49 68 42 95 36 66 94 82 26 17 37 90 84 89 25 41 99 8 88 33 38 96 35 44 61 59 22 63 7 27 28 47 14 75 50 98 45 13 4 23 70 40 72 73 52 86 92 62 83 19 76 2 11 12 54 97 20 51 80 46 64 55 60 93 69 57 3 21 16 0 6 43 32 31 10 65 67 79 9 30 24 5 15 81 53 71 85
1 18
1 58
1 25
1 37
1 97
1 43
18 87
18 48
18 77
18 35
18 61
87 78
87 93
78 91
78 94
78 41
78 70
78 76
78 30
48 96
48 98
48 23
58 34
58 66
91 56
91 52
34 33
34 27
34 75
34 51
34 65
29 39
29 68
39 74
39 42
77 17
77 84
56 38
56 86
56 46
56 79
56 55
74 49
74 45
74 6
49 59
68 90
68 28
68 14
42 66
42 36
42 71
95 36
95 88
95 22
94 83
94 60
82 26
82 80
26 37
26 7
17 47
37 73
84 89
89 67
89 5
25 92
41 99
41 13
41 4
99 12
8 88
8 72
8 31
88 63
88 11
96 62
35 69
44 61
44 0
59 54
59 57
7 16
27 32
47 50
47 15
98 10
45 3
23 85
70 40
73 9
52 20
86 53
83 19
83 21
76 2
97 24
64 55
60 81