72 54 6 56 1 57 34 71 14 90 37 49 79 93 27 53 26 83 55 32 69 35 0 5 62 68 40 28 67 8 17 18 91 25 29 46 2 66 58 92 13 3 61 94 81 80 19 36 70 24 45 74 22 98 97 96 73 4 31 38 21 50 64 10 87 7 65 41 77 85 11 75 42 9 15 33 95 30 76 51 86 82 39 43 63 20 48 59 60 78 88 16 89 44 12 84 23 52 47 99
72 54
72 56
72 1
72 8
54 6
54 27
54 26
54 15
6 71
6 22
56 93
56 10
56 52
1 32
1 82
1 89
57 34
57 37
57 35
57 94
57 38
34 49
34 42
71 53
14 90
14 79
90 27
90 81
37 68
37 13
49 93
49 69
79 5
79 17
79 70
79 41
93 59
53 65
53 77
26 46
26 91
83 55
83 0
83 80
83 39
55 62
55 28
55 64
32 40
32 67
32 2
32 4
32 30
69 58
69 33
0 3
0 23
5 48
5 78
68 61
68 31
40 28
40 74
40 95
67 16
8 66
8 85
17 76
18 91
18 63
25 29
25 9
29 46
46 24
2 43
66 73
58 92
92 19
92 47
13 88
94 98
81 36
81 7
80 12
24 45
74 50
74 86
98 97
98 96
97 99
38 21
10 11
87 7
11 75
42 84
9 20
9 44
51 86
60 78