24 25 47 57 42 52 74 75 26 54 64 27 49 59 44 29 39 4 5 23 55 65 45 35 22 6 40 50 37 67 81 72 69 32 21 94 95 77 30 3 7 76 66 33 34 60 12 17 53 20 2 79 96 63 84 93 87 51 70 80 97 78 91 92 56 11 88 48 62 46 15 73 90 18 14 0 1 89 43 98 10 58 61 83 16 85 99 8 36 19 9 71 82 38 41 13 31 86 68 28
24 25
24 23
24 14
25 26
25 15
47 57
47 37
47 48
57 67
57 56
57 58
42 52
42 32
42 41
52 53
52 51
52 62
74 75
74 64
74 84
74 73
75 76
75 85
26 27
54 64
54 44
54 55
64 63
27 29
27 37
27 17
27 18
27 36
49 59
49 39
59 69
44 34
44 43
29 39
29 19
29 28
4 5
4 3
5 6
23 22
55 65
55 45
65 66
45 35
45 46
22 21
22 32
22 33
22 12
22 11
6 7
40 50
40 30
50 60
67 77
81 72
81 91
72 62
72 82
69 79
21 20
21 31
94 95
94 93
95 96
77 87
77 78
77 88
30 20
3 2
7 17
7 8
33 34
60 70
20 10
2 1
79 89
96 97
84 83
93 92
51 61
70 80
91 92
91 90
88 98
48 38
15 16
14 13
0 1
98 99
58 68
61 71
85 86
8 9