74 97 7 36 38 11 83 68 49 63 64 92 62 28 87 35 4 33 3 48 81 0 17 90 40 93 52 75 26 39 23 82 24 73 47 61 25 60 6 54 69 34 27 37 10 86 58 88 50 16 30 8 21 12 77 14 79 31 42 99 46 56 59 65 84 78 41 9 70 51 5 71 67 95 20 72 32 15 96 55 19 18 76 80 98 22 91 1 13 2 29 94 57 89 44 66 53 43 85 45
74 97
74 47
74 6
74 5
97 7
97 52
97 26
7 36
7 49
7 90
36 64
36 4
36 75
36 54
36 21
38 11
38 87
38 35
38 79
11 49
11 39
11 48
11 70
83 68
83 33
83 20
68 92
68 64
68 0
49 63
49 40
63 23
63 78
63 45
64 17
92 61
92 42
92 89
62 28
62 81
62 34
28 24
28 16
87 93
87 77
87 72
35 81
4 22
33 25
33 94
3 48
3 69
3 55
81 10
81 84
0 56
17 27
17 15
90 60
40 58
40 46
93 96
93 80
52 73
52 41
52 53
75 82
26 31
26 57
39 99
23 8
82 50
24 30
47 86
61 88
25 18
60 13
60 2
6 19
54 65
69 91
69 43
34 14
27 37
37 67
10 71
86 51
58 76
50 95
30 98
8 32
21 1
12 77
12 44
79 66
31 59
99 29
41 9
98 85