49 59 68 40 41 26 33 20 14 83 88 9 92 76 30 39 66 74 77 78 52 62 6 44 54 79 58 75 72 42 64 18 25 32 69 95 3 35 73 21 71 82 34 96 12 70 23 98 7 2 38 84 90 27 47 57 17 93 29 80 22 43 16 4 48 31 13 1 87 0 8 51 99 86 10 91 97 5 61 37 94 65 24 46 11 81 36 60 89 15 45 50 63 67 55 56 28 85 19 53
49 59
49 40
49 39
49 58
59 68
59 67
68 76
68 60
40 41
40 32
41 33
41 42
41 51
41 50
26 33
26 20
20 14
20 21
20 15
14 9
14 13
14 10
83 88
83 76
88 92
88 93
9 6
9 8
9 5
92 95
92 96
92 91
76 77
30 39
30 23
30 29
30 22
39 38
39 48
39 31
66 74
66 58
66 57
74 75
74 73
77 78
77 69
77 84
78 79
78 71
52 62
52 42
62 70
6 3
44 54
44 35
44 43
44 36
44 45
54 64
54 55
79 72
75 82
75 81
72 64
18 25
18 12
25 32
25 19
95 98
3 2
35 34
73 80
73 65
21 27
71 63
82 87
96 99
12 7
23 17
98 0
7 4
2 1
38 47
84 90
84 89
84 85
90 94
47 46
47 56
17 11
93 97
29 37
80 86
22 16
43 53
31 24
51 61
36 28