81 94 43 89 54 24 83 96 97 44 82 75 49 40 36 64 78 57 22 27 29 34 70 12 13 20 76 79 85 56 60 33 35 10 38 67 86 8 93 65 88 39 53 25 80 32 1 45 74 41 15 87 23 62 48 72 58 21 28 61 30 14 68 2 6 95 50 77 73 16 42 99 18 98 0 4 37 92 91 69 51 90 31 7 63 9 66 52 17 5 3 11 46 59 19 26 71 84 55 47
81 94
81 83
81 64
81 78
94 43
94 19
43 89
43 49
43 51
89 44
89 23
89 21
89 77
54 24
54 96
24 97
24 36
83 96
96 72
96 69
96 46
97 22
97 74
97 9
44 40
44 33
82 75
82 57
82 67
82 11
75 40
75 34
49 20
49 53
49 45
40 86
40 55
36 29
36 56
64 15
64 8
78 70
57 85
22 76
27 29
27 87
27 90
29 30
29 31
34 60
70 80
70 32
70 48
12 13
12 32
20 25
76 35
76 68
76 18
79 85
79 95
79 92
79 17
79 59
79 26
56 38
60 1
33 99
35 10
35 65
35 0
38 39
67 88
86 16
8 93
8 62
65 37
39 61
53 42
53 66
53 3
25 98
80 58
32 6
74 41
74 2
15 52
15 71
48 47
72 7
21 91
28 61
28 50
61 14
14 73
68 5
73 63
0 4
26 84