48 51 54 55 58 59 47 56 60 43 44 42 40 46 37 39 35 33 34 62 31 67 69 70 71 30 72 29 73 26 74 25 24 23 76 22 77 79 20 80 19 16 82 83 84 14 85 53 52 12 87 88 10 89 90 92 94 95 9 8 6 7 97 5 3 61 4 98 1 38 18 65 66 63 15 49 28 64 99 93 81 68 32 13 11 0 96 2 50 91 86 17 78 21 75 27 36 41 57 45
48 51
48 47
48 49
51 53
51 52
54 55
54 53
55 56
55 57
58 59
58 56
59 60
47 46
47 45
60 62
60 61
43 44
43 42
44 46
42 40
40 39
40 41
37 39
37 35
37 38
37 36
35 34
33 34
33 31
62 67
31 30
31 28
31 32
67 69
67 68
69 70
69 66
70 71
71 72
30 29
72 73
29 26
73 74
26 25
74 76
74 75
25 24
24 23
23 22
76 77
22 20
22 21
77 79
77 78
79 80
20 19
80 82
80 81
19 16
16 14
16 18
82 83
83 84
84 85
14 12
14 15
85 87
85 86
12 10
12 13
87 88
88 89
10 9
10 8
10 11
89 90
89 91
90 92
92 94
92 93
94 95
95 97
95 96
9 7
6 7
6 5
7 3
97 98
5 4
3 1
61 63
4 2
98 99
1 0
18 17
65 66
63 64
49 50
28 27