15 63 1 35 23 79 16 66 11 56 0 34 27 87 65 8 49 28 89 29 92 13 60 21 75 20 74 3 40 50 5 44 31 96 7 48 14 62 39 43 32 98 97 95 26 86 80 10 53 25 84 83 24 82 81 19 72 71 18 70 69 59 12 57 47 6 45 30 93 88 22 78 55 4 41 64 2 37 46 94 42 9 52 58 38 76 73 90 91 17 67 51 85 61 54 36 33 68 77
15 63
15 64
15 32
63 61
1 35
1 36
1 29
35 33
23 79
23 80
79 77
16 66
16 65
16 11
16 26
66 68
11 56
11 55
56 54
0 34
0 33
0 10
27 87
27 88
87 85
8 49
8 50
8 29
8 3
8 22
8 30
8 5
49 51
28 89
28 90
89 91
29 92
29 91
29 7
29 21
29 2
29 25
13 60
13 59
13 3
60 58
21 75
21 76
20 74
20 73
20 4
20 18
20 32
3 40
3 39
3 24
5 44
5 43
31 96
31 95
31 10
7 48
7 47
14 62
14 61
32 98
32 97
32 30
26 86
26 85
10 53
10 54
10 19
25 84
25 83
25 6
24 82
24 81
19 72
19 71
18 70
18 69
12 57
12 58
6 45
6 46
30 93
30 94
22 78
22 77
4 41
4 42
2 37
2 38
9 52
9 51
17 67
17 68