16 66 21 76 12 58 18 69 28 90 57 25 83 0 33 26 86 4 42 34 8 50 30 93 14 62 61 2 38 10 54 6 45 3 39 49 27 87 23 80 89 53 22 77 32 98 97 19 72 17 67 5 43 31 96 94 84 24 82 75 20 73 7 48 46 70 65 41 79 29 91 11 55 85 78 68 9 51 56 47 37 40 95 15 64 63 52 1 36 88 44 74 81 35 13 59 92 71 60
16 66
16 65
16 3
16 32
66 68
21 76
21 75
21 5
21 26
76 74
12 58
12 57
12 30
58 60
18 69
18 70
18 25
69 71
28 90
28 89
28 10
90 92
25 83
25 84
25 10
83 81
0 33
0 34
0 5
0 30
26 86
26 85
86 88
4 42
4 41
4 32
34 36
8 50
8 49
8 3
8 30
8 15
30 93
30 94
30 6
93 95
14 62
14 61
14 15
14 23
2 38
2 37
2 5
10 54
10 53
54 56
6 45
6 46
45 47
3 39
3 40
49 51
27 87
27 88
27 17
23 80
23 79
22 77
22 78
22 13
32 98
32 97
19 72
19 71
17 67
5 43
5 44
5 29
31 96
31 95
24 82
24 81
20 73
20 74
7 48
7 47
29 91
29 92
11 55
11 56
9 51
9 52
15 64
15 63
1 36
1 35
13 59
13 60