4 54 70 31 75 15 71 74 21 9 81 65 45 33 36 62 73 84 30 59 22 7 18 5 37 47 11 34 51 60 32 49 72 86 93 12 76 90 46 2 89 77 35 42 69 8 50 88 85 16 53 61 56 87 1 6 64 39 24 48 78 44 82 40 3 0 23 43 68 19 79 14 92 66 28 63 67 57 52 94 26 41 27 20 55 10 29 25 91 38 80 83 58 13 17
4 54
4 49
4 61
4 87
54 75
54 94
70 31
70 22
70 71
70 19
31 72
75 76
75 68
15 71
15 90
15 39
15 82
15 14
71 93
74 21
74 5
74 73
21 33
9 81
9 32
81 18
81 79
81 80
65 45
65 2
65 66
45 49
45 16
33 69
36 62
36 7
36 37
36 43
62 35
62 61
62 63
73 84
73 46
73 72
73 28
84 50
30 59
30 32
30 8
30 29
59 60
22 23
7 8
7 92
18 11
5 1
5 78
37 47
37 38
47 86
11 34
11 44
11 52
51 60
51 3
49 0
93 2
12 76
90 57
90 10
90 91
2 88
89 77
89 23
89 55
35 40
35 58
42 69
42 41
50 85
85 25
16 53
16 17
56 87
56 20
6 64
64 82
24 48
24 23
82 83
14 67
14 13
63 27
26 41