0 37 16 1 24 33 11 8 20 4 52 87 38 75 21 7 72 58 47 77 26 59 54 42 89 83 12 5 17 2 93 6 90 74 13 36 71 82 66 39 3 43 18 32 15 95 62 50 81 80 76 31 60 49 23 28 40 9 63 44 97 45 86 65 29 25 61 46 85 48 94 78 91 79 70 10 55 19 88 56 57 98 69 53 99 67 51 92 68 96 73 30 64 22 41 14 84 27 34 35
0 37
0 16
0 52
0 38
0 58
0 47
0 59
0 54
0 42
0 66
0 39
0 43
0 62
0 50
0 60
0 49
0 40
0 63
0 44
0 45
0 65
0 61
0 46
0 48
0 55
0 56
0 57
0 53
0 67
0 51
0 64
0 41
37 1
16 33
16 23
1 24
1 87
1 75
1 72
1 77
1 89
1 83
1 90
1 74
1 71
1 82
1 81
1 80
1 76
1 86
1 29
1 85
1 78
1 79
1 70
1 88
1 69
1 68
1 73
1 84
24 11
24 36
33 8
33 20
11 4
11 97
8 6
8 95
20 26
4 18
52 17
87 31
38 2
21 7
21 14
7 6
72 10
47 12
59 27
89 34
12 98
5 17
5 13
5 28
5 30
5 22
2 93
2 9
2 99
2 92
2 96
6 3
6 94
90 35
13 32
3 15
3 91
32 25
80 19