53 20 84 0 47 26 64 72 54 81 88 8 36 55 24 83 29 59 60 61 30 85 48 45 89 22 90 46 9 27 78 44 32 7 58 65 38 77 19 37 34 76 15 71 43 10 33 31 40 68 4 12 75 14 87 35 21 50 66 28 70 11 39 69 92 49 13 86 5 18 51 74 73 1 62 25 67 23 41 56 57 52 42 6 63 16 91 3 80 82 17 2 79
53 20
53 26
53 68
20 84
20 88
20 45
20 3
84 36
84 15
84 31
84 35
84 11
0 47
0 8
0 85
47 54
47 83
47 48
47 14
26 64
64 72
64 60
72 29
72 22
54 81
54 24
81 30
81 69
81 16
88 90
88 10
8 44
8 77
36 55
36 89
36 46
36 37
36 39
36 23
36 79
55 9
55 76
55 80
83 78
29 59
59 32
59 58
59 25
60 61
60 34
60 52
60 63
61 85
61 86
61 57
30 7
30 5
48 43
48 74
48 2
45 71
22 75
90 21
46 62
46 18
9 27
9 91
27 65
78 40
44 38
32 92
7 33
58 87
58 28
58 67
77 19
19 13
37 6
34 4
34 66
76 82
71 1
31 12
31 41
14 50
35 49
28 70
28 56
13 73
18 51
73 42
63 17