10 53 31 95 0 33 54 8 50 21 76 5 43 96 20 73 7 47 18 70 15 63 28 90 23 79 48 13 60 27 87 22 78 14 62 3 39 44 40 17 67 26 86 1 36 32 98 97 29 91 25 84 83 69 59 9 51 68 16 66 89 24 82 81 19 71 12 57 49 88 34 65 4 42 2 38 85 80 64 37 58 6 46 93 92 77 55 61 72 45 75 30 94 35 41 74 52 56 11
10 53
10 54
10 21
10 31
10 26
10 29
10 9
10 0
10 32
10 22
10 12
10 2
53 55
31 95
31 96
31 13
31 23
31 24
95 93
0 33
0 34
0 16
33 35
54 56
8 50
8 49
8 17
50 52
21 76
21 75
76 74
5 43
5 44
5 16
43 41
96 94
20 73
20 74
7 47
7 48
7 28
7 4
47 45
18 70
18 69
18 11
18 3
18 25
70 72
15 63
15 64
63 61
28 90
28 89
28 27
23 79
23 80
13 60
13 59
27 87
27 88
22 78
22 77
14 62
14 61
14 11
3 39
3 40
17 67
17 68
26 86
26 85
1 36
1 35
32 98
32 97
29 91
29 92
25 84
25 83
9 51
9 52
16 66
16 65
24 82
24 81
19 71
19 72
12 57
12 58
4 42
4 41
2 38
2 37
6 46
6 45
30 94
56 11