33 46 91 14 62 73 13 20 87 84 54 82 59 4 22 28 47 8 30 26 11 40 25 56 98 50 27 17 64 29 43 81 79 69 75 52 70 42 19 80 41 2 24 10 85 3 9 72 12 23 1 96 37 95 90 49 66 93 38 67 44 76 57 36 16 97 89 83 39 48 51 53 63 32 45 78 7 74 35 77 68 58 15 5 0 94 18 21 86 92 60 31 6 55 88 65 61 71 34
33 46
33 13
33 26
33 11
46 91
46 84
46 59
46 69
46 74
91 73
91 87
91 17
91 9
91 48
14 62
14 20
14 59
14 4
14 66
62 8
62 27
62 24
62 94
73 56
73 97
73 77
73 92
13 70
13 51
20 49
20 36
20 89
87 82
87 50
87 31
84 25
84 0
54 82
54 30
54 39
82 79
82 96
4 22
4 64
4 3
4 35
22 63
28 47
28 30
28 78
47 38
47 68
47 71
8 40
30 37
26 98
11 55
40 29
40 72
40 12
25 57
25 32
56 10
50 83
27 67
17 61
64 81
29 85
43 81
43 1
81 23
79 41
69 75
69 80
75 60
52 70
52 42
52 88
42 65
19 80
80 2
41 16
2 44
2 53
2 34
24 21
10 90
85 15
12 45
96 86
37 95
66 93
44 76
89 58
51 6
53 18
7 74
77 5