17 80 32 14 99 54 92 89 66 64 51 75 95 34 49 28 45 19 9 31 10 65 8 3 7 85 47 58 82 13 44 0 2 62 11 36 84 37 40 74 39 63 46 68 94 53 90 27 15 67 25 12 56 97 52 73 76 98 6 21 35 78 72 59 60 22 83 69 88 48 18 81 41 91 57 86 20 79 29 38 43 77 50 30 55 93 26 70 4 5 96 24 87 71 33 42 1 16 23 61
17 80
17 92
17 7
17 24
80 32
80 21
32 14
32 44
32 88
32 16
14 28
14 84
14 74
99 54
99 75
99 98
54 89
54 77
92 51
92 19
92 2
92 8
92 96
89 13
89 6
89 41
89 33
66 64
66 75
66 37
66 12
64 49
64 85
64 29
51 47
51 93
51 5
75 82
75 36
95 34
95 45
95 87
34 65
34 72
49 19
28 56
28 78
45 11
45 84
19 10
19 46
19 94
19 71
9 31
9 85
31 58
31 63
31 67
31 4
10 0
10 79
65 62
8 3
8 61
3 68
3 73
3 26
7 40
7 23
47 15
47 42
58 25
82 90
13 70
44 35
44 57
0 20
0 50
62 39
11 76
36 27
36 18
84 52
37 97
39 48
63 43
63 55
46 91
68 83
94 69
53 90
53 60
15 86
67 1
25 81
97 22
52 59
72 30
29 38