8 49 14 69 71 23 94 13 66 21 88 40 55 18 80 5 42 95 15 0 27 51 70 33 25 10 43 97 68 37 73 16 86 91 57 22 19 83 20 30 4 39 12 62 9 54 34 76 75 11 59 52 93 6 44 67 96 89 78 61 79 84 24 98 2 60 81 99 32 3 64 50 92 87 82 45 1 46 35 56 38 26 74 7 48 17 77 29 72 47 65 90 31 85 53 63 36 58 41 28
8 49
8 51
8 50
49 27
49 54
14 69
14 68
14 67
69 71
69 73
69 39
69 76
71 88
71 15
23 94
23 95
23 96
94 80
94 70
13 66
13 64
13 65
66 80
66 84
66 53
21 88
21 89
21 90
88 43
40 55
40 5
40 30
55 10
55 61
18 80
18 79
18 81
80 42
5 42
5 41
95 28
15 70
15 72
0 27
0 25
0 26
27 97
27 37
27 87
51 33
51 46
70 86
70 34
33 2
25 91
25 47
10 57
10 56
43 6
97 24
97 35
68 93
37 4
37 59
37 78
73 16
16 75
86 20
86 92
91 22
57 32
57 74
19 83
83 98
20 85
30 1
4 39
4 38
12 62
12 63
62 52
62 82
9 54
9 52
34 3
76 17
75 60
11 59
11 58
6 44
6 45
24 98
24 99
2 31
3 36
1 29
46 7
7 48
17 77