92 7 45 82 29 62 76 60 50 21 52 68 53 6 83 13 51 43 38 37 0 95 27 14 47 85 58 28 20 67 63 42 94 39 79 91 41 5 22 31 11 33 2 56 36 71 30 46 66 35 69 57 59 84 17 61 80 32 93 89 18 24 10 90 19 4 44 34 64 1 74 73 3 26 98 77 25 54 96 9 40 97 81 23 65 78 88 55 48 87 49 72 8 15 16 70 86 99 12 75
92 7
92 21
7 45
7 82
7 76
7 18
45 67
45 30
45 34
82 6
82 71
82 93
82 64
82 15
29 62
29 0
29 94
29 33
29 73
29 3
29 88
62 43
62 95
62 19
76 10
76 25
60 50
60 91
60 95
60 5
60 9
60 81
50 21
50 66
50 65
21 53
52 68
52 53
52 56
52 77
68 27
68 31
53 4
53 72
53 86
6 83
6 24
6 74
83 58
83 57
13 51
13 37
13 40
51 14
51 41
51 47
38 37
38 28
37 17
95 44
47 85
47 63
47 59
85 87
28 20
28 2
28 39
42 94
94 70
39 79
39 90
39 75
41 35
41 98
5 22
5 32
22 96
31 11
31 26
11 69
33 54
33 97
33 55
56 36
71 80
71 8
46 66
57 59
57 1
59 89
84 17
61 80
61 78
90 23
90 48
40 49
78 12
48 16
8 99