26 27 1 2 52 51 12 13 53 59 60 28 14 25 44 45 54 8 3 55 29 35 64 61 56 22 50 43 42 62 57 31 34 23 20 65 37 41 39 38 63 58 49 48 47 46 32 30 33 24 21 19 18 17 16 15 11 10 9 6 5 4 0 36 7 40
26 27
26 51
27 28
27 35
27 43
1 2
1 12
1 53
2 8
2 3
52 51
52 53
52 50
51 44
12 13
12 25
12 22
13 14
13 20
53 59
53 54
59 60
60 64
60 61
28 29
28 34
14 19
14 18
14 17
14 16
14 15
44 45
44 42
45 49
45 48
45 47
45 46
54 55
8 11
8 10
8 9
8 7
3 6
3 5
3 4
55 56
29 31
29 30
35 37
35 36
64 65
61 62
56 57
22 23
43 39
42 41
62 63
57 58
31 32
34 33
23 24
20 21
65 0
37 38
41 40