0 2 7 4 3 1 15 9 21 20 23 11 45 24 14 32 46 35 26 49 22 17 28 18 5 65 64 37 39 31 10 8 67 69 75 41 63 72 84 68 29 91 71 42 25 54 12 36 19 6 98 97 89 78 90 73 88 93 74 95 77 85 58 87 81 56 53 79 62 80 47 44 60 59 33 52 43 30 83 66 61 96 51 86 76 57 50 27 92 38 16 34 94 13 70 55 82 48 40
0 2
0 4
0 1
0 17
2 7
2 3
2 32
2 19
2 70
2 55
7 15
7 9
7 42
7 25
4 23
4 11
4 54
4 12
4 94
3 21
3 36
3 13
1 5
1 8
1 6
1 82
1 48
1 40
15 20
15 76
15 57
9 14
9 18
9 16
21 49
21 22
21 61
20 45
23 26
23 37
11 24
11 38
45 46
45 87
45 81
24 35
24 66
14 31
14 50
14 27
32 64
32 72
46 75
46 85
46 58
35 63
35 47
35 44
26 84
26 68
49 65
49 77
22 28
17 39
17 86
28 52
28 43
28 30
18 29
18 51
5 10
65 67
64 69
37 79
37 62
39 41
31 60
31 59
10 91
8 71
67 93
69 73
75 89
41 53
63 74
72 78
84 97
68 88
29 33
91 98
71 90
42 56
25 83
54 95
12 92
36 80
19 96
6 34