47 65 87 64 83 58 2 46 20 97 36 62 72 67 9 57 0 90 49 23 24 56 93 27 99 8 38 76 26 74 44 92 70 95 12 59 88 4 53 30 37 71 14 78 40 52 55 3 94 28 61 89 13 41 39 6 31 34 77 15 45 1 91 50 82 98 7 84 19 75 48 68 86 66 42 17 33 43 5 11 25 69 79 35 16 60 54 22 80 96 10 81 85 18 51 32 73 21 29 63
47 65
47 99
65 72
65 92
65 41
87 64
87 72
87 61
87 80
64 4
64 55
64 42
83 58
83 7
58 9
58 8
58 59
58 88
2 46
2 95
2 78
46 49
46 0
46 94
20 97
20 67
20 40
20 69
97 62
97 70
97 96
36 62
36 57
62 15
62 75
62 63
67 56
67 49
9 26
9 81
57 12
57 48
0 90
0 27
0 8
0 39
0 6
0 1
0 35
0 29
90 17
90 43
49 84
49 5
23 24
23 34
23 77
23 85
24 38
24 74
56 93
56 44
56 22
56 32
93 25
99 44
8 45
38 91
76 26
76 10
26 66
74 44
74 28
92 98
70 19
70 86
70 54
95 14
12 18
4 11
53 30
53 37
53 16
37 71
37 52
71 15
40 31
55 50
3 94
89 13
89 31
39 60
34 33
15 73
1 68
50 82
50 79
82 21
43 51