23 80 79 1 36 17 67 18 69 10 54 24 82 26 86 3 39 85 6 45 8 49 81 40 31 95 0 33 21 76 46 29 91 11 55 13 60 4 42 41 28 90 75 16 66 32 98 97 96 30 94 19 72 70 15 64 63 14 62 61 59 12 57 9 52 50 92 20 73 68 7 48 58 5 44 43 78 89 53 74 93 35 25 83 2 38 51 27 87 47 37 88 84 77 56 71 65 34 22
23 80
23 79
23 24
23 10
23 14
80 78
79 77
1 36
1 35
1 3
1 20
1 13
36 34
17 67
17 68
67 65
18 69
18 70
69 71
10 54
10 53
10 21
10 9
54 56
24 82
24 81
24 15
24 4
24 28
82 84
26 86
26 85
26 9
26 29
86 88
3 39
3 40
3 8
3 12
39 37
6 45
6 46
6 30
8 49
8 50
8 21
31 95
31 96
31 19
95 93
0 33
0 34
21 76
21 75
46 48
29 91
29 92
11 55
11 56
13 60
13 59
4 42
4 41
28 90
28 89
16 66
16 65
16 15
32 98
32 97
32 20
30 94
30 93
19 72
19 71
19 15
19 5
15 64
15 63
14 62
14 61
12 57
12 58
9 52
9 51
20 73
20 74
7 48
7 47
5 44
5 43
25 83
25 84
2 38
2 37
27 87
27 88
77 22