51 37 50 32 52 35 78 90 12 96 16 87 9 54 84 11 63 4 22 23 26 13 31 60 3 17 67 8 68 83 98 86 85 27 34 72 39 43 62 41 45 95 28 73 61 10 70 48 14 15 20 24 94 33 18 58 25 53 77 21 92 81 5 89 76 71 30 79 40 69 93 82 55 66 59 56 47 36 49 88 46 80 7 97 19 0 65 57 2 38 91 64 29 6 42 1 75 44 99 74
51 37
51 50
51 56
37 52
37 35
37 33
37 41
50 32
50 53
32 78
32 30
32 59
52 54
52 58
52 55
35 84
78 90
78 73
90 9
90 11
90 94
12 96
12 16
12 13
96 68
96 98
96 95
96 34
16 87
87 86
87 85
87 61
9 4
9 3
9 2
54 27
84 83
84 88
11 63
11 8
11 45
11 20
63 60
63 40
4 22
4 31
4 0
22 26
22 24
23 26
23 25
23 21
23 69
26 28
13 17
13 18
31 48
60 67
60 47
3 17
3 5
67 92
8 7
68 66
68 65
83 89
86 81
27 43
34 72
34 39
34 80
72 77
43 46
62 41
41 49
45 82
95 29
73 57
73 71
73 74
10 70
10 24
48 75
14 15
14 18
20 6
94 93
33 36
18 19
58 42
77 79
21 1
92 91
81 64
5 44
89 97
76 71
93 99
36 38