0 14 1 32 2 4 45 24 38 29 36 57 60 19 30 86 37 10 73 40 44 85 55 65 78 69 16 74 54 50 42 41 64 31 56 47 3 90 23 58 8 46 82 28 9 22 63 66 51 72 91 26 15 12 61 79 27 52 13 88 87 7 33 83 75 17 94 84 77 6 43 20 93 62 98 76 70 18 89 59 34 49 5 39 97 67 95 11 80 99 68 48 71 53 92 35 21 96 25 81
0 14
0 45
0 38
0 57
0 60
0 40
0 44
0 55
0 65
0 54
0 50
0 42
0 41
0 64
0 56
0 47
0 58
0 8
0 46
0 63
0 66
0 51
0 61
0 52
0 43
0 62
0 59
0 49
0 39
0 67
0 48
0 53
14 4
14 22
14 27
14 75
1 32
1 38
1 86
1 73
1 85
1 78
1 69
1 74
1 90
1 23
1 82
1 72
1 91
1 79
1 88
1 87
1 83
1 84
1 77
1 76
1 70
1 89
1 80
1 68
1 71
1 92
1 81
32 2
2 24
2 93
2 98
2 97
2 95
2 99
4 15
4 94
45 10
29 36
29 37
29 30
36 31
36 33
57 26
19 30
10 16
73 9
40 5
85 28
65 35
78 21
16 3
41 6
64 34
31 3
56 25
23 18
8 96
28 12
28 7
9 17
26 13
13 20
33 11