8 61 66 7 35 1 40 70 88 69 83 56 51 33 78 54 23 58 73 90 47 29 28 37 10 21 13 19 75 41 96 9 32 67 50 53 3 74 93 45 81 52 82 77 27 49 39 98 6 89 65 34 63 62 59 25 48 91 99 14 42 94 16 15 0 5 44 55 95 80 79 86 60 30 2 4 18 38 85 76 26 11 57 46 31 22 71 68 84 17 43 36 20 64 72 87 92 24 97 12
8 61
8 66
8 54
8 47
8 60
8 30
61 70
61 14
61 80
66 69
7 35
7 83
35 88
35 90
35 67
35 34
35 62
1 40
1 51
1 33
1 78
1 50
1 97
40 75
40 6
40 4
40 24
70 73
70 51
88 41
88 87
69 32
83 56
83 29
83 58
83 48
56 89
56 16
51 98
33 96
33 3
33 45
78 19
54 39
23 58
23 21
23 26
58 27
58 65
58 99
58 0
73 81
73 55
90 91
47 53
28 37
28 13
37 25
37 94
37 84
10 21
10 13
10 19
10 46
21 85
21 92
75 95
75 64
41 49
96 79
96 12
9 32
9 77
74 93
74 63
93 49
45 18
81 52
52 82
82 36
27 68
6 86
89 11
34 59
34 71
62 15
99 2
14 76
42 94
94 20
0 5
0 31
44 55
55 22
86 38
2 57
4 72
17 43
17 36