0 96 41 73 7 32 23 57 85 87 16 66 26 28 67 63 54 64 98 97 84 51 22 37 74 94 19 34 52 76 21 8 38 50 24 46 42 25 4 93 44 47 75 82 91 72 68 13 89 79 39 88 10 95 80 59 81 35 99 92 70 78 86 77 58 71 49 83 69 11 27 2 29 45 65 43 53 12 56 61 60 55 62 6 15 33 31 14 1 5 3 9 20 90 40 30 17 48 36 18
0 96
0 73
0 85
0 87
0 16
0 98
0 97
0 84
0 74
0 94
0 76
0 93
0 75
0 82
0 91
0 72
0 68
0 89
0 79
0 88
0 95
0 80
0 81
0 99
0 92
0 70
0 78
0 86
0 77
0 71
0 83
0 69
0 90
96 41
41 63
41 34
41 62
41 6
73 7
7 57
7 19
7 55
32 23
32 54
32 51
32 53
23 22
23 84
57 66
85 26
87 28
16 35
16 15
66 21
26 64
28 67
67 50
63 24
54 4
54 2
64 38
98 47
97 42
51 13
22 37
37 52
37 43
94 39
19 44
19 11
34 61
52 8
76 10
21 59
8 25
38 58
50 45
24 65
46 42
46 12
25 60
47 49
75 9
82 20
91 33
72 5
68 1
13 27
89 31
79 14
39 56
88 30
10 29
95 40
80 17
81 18
99 48
92 36
70 3