49 50 48 47 46 45 44 43 42 41 59 40 60 39 38 62 37 36 35 34 63 33 67 32 68 31 69 30 29 27 25 72 73 74 24 23 22 75 77 79 19 80 81 18 82 17 83 13 84 12 85 86 87 88 10 89 90 9 91 0 92 93 94 52 2 95 96 97 64 14 55 5 98 65 53 57 15 3 7 51 1 70 76 26 20 99 78 66 61 54 58 28 16 11 4 8 56 6 21 71
49 50
49 48
50 59
50 52
50 51
48 47
47 46
46 45
45 44
44 43
43 42
42 41
41 40
59 60
40 39
60 62
60 61
39 38
38 37
62 63
62 64
37 36
36 35
35 34
34 33
63 67
33 32
67 68
32 31
68 69
31 30
69 72
69 70
30 29
29 27
27 25
25 24
25 26
72 73
73 74
74 75
74 76
24 23
23 22
22 19
22 21
75 77
77 79
79 80
19 18
19 20
80 81
81 82
18 17
82 83
17 13
83 84
13 12
84 85
12 10
12 14
85 86
86 87
87 88
88 89
10 9
10 11
89 90
90 91
9 0
91 92
0 2
0 1
92 93
93 94
94 95
52 55
52 53
2 5
2 3
95 96
96 97
97 98
64 65
14 15
55 57
5 7
98 99
65 66
53 54
57 58
15 16
3 4
7 8
51 56
1 6
70 71
76 78
26 28