65 12 23 93 46 79 48 83 68 3 53 0 37 82 58 33 97 25 2 71 4 69 55 66 57 98 92 72 17 18 95 91 62 44 89 64 87 85 67 29 88 76 81 77 60 19 28 42 41 84 80 56 26 38 96 7 74 22 47 14 1 51 40 36 49 73 52 27 15 75 21 63 90 31 24 50 5 94 16 9 10 30 39 35 45 54 11 43 34 61 8 6 32 13 70 78 20 59 99 86
65 12
65 58
65 3
65 92
65 67
12 0
12 55
23 93
23 98
23 76
93 46
93 88
93 52
46 79
46 29
46 60
79 48
79 57
48 77
48 7
48 11
83 68
83 57
68 37
68 82
68 4
68 95
68 5
3 53
3 18
3 26
53 33
53 71
53 10
0 64
0 41
0 35
37 71
82 91
58 8
33 56
33 96
97 25
97 87
97 44
25 2
25 17
25 86
2 71
2 66
71 69
71 99
4 61
4 20
69 85
69 94
55 19
66 78
98 74
98 31
92 72
72 90
72 49
18 73
18 40
95 81
91 38
62 44
44 13
89 64
89 22
89 9
85 59
67 27
29 6
88 28
88 50
76 63
76 54
81 14
81 32
19 34
28 42
28 47
84 80
84 30
80 49
56 70
26 39
96 16
1 51
1 21
1 40
51 75
40 36
73 45
52 43
27 15
75 24