13 64 45 62 89 32 17 78 77 84 90 2 34 6 44 58 19 21 66 11 28 4 38 92 39 31 37 16 74 3 0 27 9 52 1 65 54 24 97 95 99 61 67 49 8 35 85 80 72 59 50 26 55 10 18 57 53 33 12 5 40 81 29 98 51 20 7 48 22 94 25 23 46 56 82 76 14 15 70 79 83 41 68 71 73 88 60 86 75 63 43 42 93 36 30 91 96 47 87 69
13 64
13 66
13 65
64 89
45 62
45 6
45 58
45 92
45 95
89 32
89 34
89 21
89 72
32 2
32 28
17 78
17 77
17 76
78 80
78 61
78 46
78 47
77 74
77 41
84 90
84 19
90 21
90 92
2 31
2 33
34 3
6 44
6 43
44 39
58 11
58 55
58 99
19 82
19 83
21 88
11 59
11 60
28 1
4 38
4 37
4 39
92 22
31 49
37 54
16 74
16 73
16 75
74 27
3 35
3 36
0 27
0 26
0 25
9 52
9 54
9 53
52 94
54 81
24 97
24 99
24 98
97 85
95 23
61 67
61 12
67 14
49 8
8 50
8 51
85 57
85 29
85 20
80 18
72 15
26 55
55 10
10 56
18 79
53 86
12 63
5 40
5 41
5 42
81 30
29 68
20 87
7 48
7 46
22 93
22 91
23 96
14 69
15 70
15 71