0 13 4 1 16 39 28 30 8 11 25 78 3 64 14 34 93 80 54 2 35 50 47 24 79 57 53 95 46 83 55 40 42 62 6 88 72 92 85 68 7 38 20 87 84 59 22 67 82 48 96 51 94 73 52 31 65 10 18 15 60 86 76 89 69 26 12 75 27 74 23 32 19 81 37 66 5 99 70 36 61 45 56 33 49 21 71 17 97 44 43 90 58 9 77 29 41 63 98 91
0 13
0 8
0 64
0 54
0 50
0 47
0 57
0 53
0 46
0 55
0 40
0 42
0 62
0 68
0 38
0 59
0 67
0 48
0 51
0 52
0 65
0 60
0 69
0 66
0 61
0 45
0 56
0 49
0 44
0 43
0 58
0 41
0 63
13 4
13 79
13 7
4 30
4 25
4 6
1 16
1 78
1 93
1 80
1 95
1 83
1 88
1 72
1 92
1 85
1 87
1 84
1 82
1 96
1 94
1 73
1 86
1 76
1 89
1 75
1 74
1 81
1 70
1 71
1 90
1 77
1 98
1 91
16 39
39 28
39 11
39 27
28 3
28 34
30 11
8 14
11 18
25 24
78 12
3 10
3 99
64 32
14 22
34 35
93 33
2 35
2 20
2 31
57 23
46 9
55 21
88 26
72 5
68 36
38 97
20 37
84 19
52 17
31 29
18 15