46 92 83 30 48 15 49 42 69 34 28 54 21 37 32 44 3 18 95 84 73 50 79 45 86 61 70 47 31 82 90 1 67 94 7 22 62 4 74 35 66 39 41 12 57 68 63 19 78 20 75 65 25 58 43 96 2 56 80 85 52 76 26 17 59 6 27 11 38 60 23 24 33 81 9 40 77 29 87 10 71 53 51 93 88 64 0 89 91 14 36 97 98 72 8 16 5 13 55 99
46 92
46 83
46 86
92 37
92 73
92 7
83 21
83 3
30 48
30 84
30 61
48 67
48 54
15 49
15 86
15 41
49 34
49 22
49 10
42 69
42 70
42 60
69 12
69 26
34 14
34 91
34 55
28 54
28 47
28 94
28 29
54 44
54 50
54 75
21 79
37 70
37 52
37 97
32 44
32 4
32 35
32 58
32 40
44 57
3 45
3 62
18 95
18 94
18 56
95 19
95 78
84 65
73 53
50 79
50 90
50 6
79 24
79 36
45 1
45 20
45 93
86 5
61 51
70 71
47 66
31 82
31 35
31 88
82 23
82 99
90 68
1 11
67 0
67 89
7 74
22 39
22 2
22 9
62 63
4 98
74 72
35 76
35 8
66 59
39 43
39 17
57 77
63 64
78 27
78 38
65 25
58 13
43 96
80 85
85 91
76 87
60 16
33 81
33 77