50 51 47 48 53 54 44 45 56 57 41 42 59 60 38 39 62 63 35 36 65 66 32 33 68 69 30 29 71 72 27 26 74 75 24 23 77 78 21 20 80 81 18 17 83 84 15 14 86 87 12 11 89 90 9 8 92 93 6 5 95 96 3 2 98 99 1 0 97 4 94 7 91 10 88 13 85 16 82 19 79 22 76 25 73 28 70 31 67 34 64 37 61 40 58 43 55 46 52 49
50 51
50 48
50 49
51 53
51 52
47 48
47 45
47 46
53 54
54 56
54 55
44 45
44 42
44 43
56 57
57 59
57 58
41 42
41 39
41 40
59 60
60 62
60 61
38 39
38 36
38 37
62 63
63 65
63 64
35 36
35 33
35 34
65 66
66 68
66 67
32 33
32 30
32 31
68 69
69 71
69 70
30 29
29 27
29 28
71 72
72 74
72 73
27 26
26 24
26 25
74 75
75 77
75 76
24 23
23 21
23 22
77 78
78 80
78 79
21 20
20 18
20 19
80 81
81 83
81 82
18 17
17 15
17 16
83 84
84 86
84 85
15 14
14 12
14 13
86 87
87 89
87 88
12 11
11 9
11 10
89 90
90 92
90 91
9 8
8 6
8 7
92 93
93 95
93 94
6 5
5 3
5 4
95 96
96 98
96 97
3 2
2 1
2 0
98 99