16 67 17 65 69 15 18 63 71 14 19 61 73 13 20 59 75 12 21 57 77 11 22 55 79 10 23 53 81 9 24 51 83 8 25 49 85 7 26 47 87 6 27 45 89 5 28 43 91 4 29 41 93 3 30 39 95 2 31 37 97 1 32 35 99 0 33 98 96 94 92 90 88 86 84 82 80 78 76 74 72 70 68 66 64 62 60 58 56 54 52 50 48 46 44 42 40 38 36 34
16 67
16 65
16 66
67 17
17 69
17 68
65 15
69 18
15 63
15 64
18 71
18 70
63 14
71 19
14 61
14 62
19 73
19 72
61 13
73 20
13 59
13 60
20 75
20 74
59 12
75 21
12 57
12 58
21 77
21 76
57 11
77 22
11 55
11 56
22 79
22 78
55 10
79 23
10 53
10 54
23 81
23 80
53 9
81 24
9 51
9 52
24 83
24 82
51 8
83 25
8 49
8 50
25 85
25 84
49 7
85 26
7 47
7 48
26 87
26 86
47 6
87 27
6 45
6 46
27 89
27 88
45 5
89 28
5 43
5 44
28 91
28 90
43 4
91 29
4 41
4 42
29 93
29 92
41 3
93 30
3 39
3 40
30 95
30 94
39 2
95 31
2 37
2 38
31 97
31 96
37 1
97 32
1 35
1 36
32 99
32 98
35 0
99 33
0 34