62 88 85 79 81 87 3 80 50 82 55 0 47 58 54 45 48 71 99 44 37 74 67 21 52 69 65 14 39 15 75 11 17 94 7 18 59 34 64 95 22 24 36 72 91 49 40 38 63 97 16 43 19 73 53 23 66 35 8 42 93 25 27 4 76 41 56 31 51 46 26 10 13 57 89 78 32 20 2 70 5 12 6 68 29 98 30 86 83 28 96 60 92 77 9 1 33 61 84 90
62 88
62 58
62 99
62 15
62 13
62 68
62 86
88 85
88 81
88 21
88 94
85 79
85 87
85 71
85 44
85 3
85 26
85 77
79 39
79 95
79 72
81 54
81 5
87 91
87 10
87 89
3 80
3 67
3 34
80 82
80 43
50 82
50 55
50 63
82 97
55 48
55 53
0 47
0 99
0 37
0 14
0 6
0 9
47 59
47 64
58 49
58 57
54 52
54 24
54 84
45 48
45 41
48 7
48 35
71 75
71 76
71 78
99 92
44 74
37 36
37 23
37 33
74 16
74 73
74 70
21 8
52 51
69 65
69 14
69 83
65 27
65 28
14 17
39 11
39 38
15 19
75 2
11 12
17 29
94 96
7 18
7 4
7 56
59 32
34 66
34 30
95 93
22 24
24 20
36 61
72 40
91 98
40 31
40 60
53 46
42 93
25 27
12 90
9 1