79 94 39 75 35 34 46 67 42 87 11 62 65 81 14 93 48 98 96 50 22 89 38 19 74 24 54 53 33 52 4 47 51 40 49 5 9 97 12 91 61 30 26 82 86 36 70 78 17 37 15 10 2 60 28 27 68 88 6 85 21 56 0 23 31 59 45 7 83 69 77 1 90 44 71 29 63 58 18 20 92 95 8 13 57 3 25 41 72 16 76 64 55 32 66 43 73 99 80 84
79 94
79 93
79 53
79 12
79 0
79 45
94 39
94 75
94 89
94 17
94 90
39 34
39 98
39 24
39 60
39 16
75 35
75 23
35 46
35 54
35 10
35 44
35 58
34 91
34 15
34 49
34 20
46 11
46 68
46 6
67 42
67 38
67 54
67 31
42 87
42 9
87 19
87 37
11 62
11 14
11 55
62 74
62 27
65 81
65 89
65 4
65 1
81 96
14 22
93 48
93 25
93 64
48 33
48 83
98 51
98 84
96 50
50 2
22 47
89 40
89 73
38 69
19 70
74 78
24 30
24 32
53 36
33 86
52 4
52 92
52 3
47 61
51 56
51 57
40 28
49 5
97 12
97 85
97 95
91 59
26 82
26 59
82 29
86 88
36 41
70 77
37 7
15 71
10 43
2 21
60 99
28 80
6 13
77 66
29 63
58 18
92 76
8 13
8 72