1 29 96 88 85 95 97 10 49 18 22 92 12 53 27 34 45 28 56 57 60 89 17 13 7 50 16 23 8 37 36 39 44 61 43 48 90 20 63 0 69 79 19 98 31 73 24 99 2 94 51 3 78 30 91 76 26 41 33 64 11 58 66 86 46 80 62 70 83 35 82 21 5 68 15 25 4 81 47 72 9 52 40 42 38 54 32 77 84 6 71 55 93 14 74 59 65 67 75 87
1 29
1 96
1 85
1 57
1 50
1 83
1 75
29 10
29 27
29 69
29 66
29 6
29 74
96 88
96 79
96 42
88 49
88 48
88 68
85 56
85 90
85 87
95 97
95 28
95 60
95 13
95 21
95 65
97 44
97 52
10 58
10 25
10 59
49 45
49 16
49 37
49 5
49 9
18 22
18 92
22 7
22 39
92 20
92 70
12 53
12 34
12 36
53 89
27 11
34 3
34 91
45 36
45 39
28 56
28 63
56 41
57 17
57 35
57 4
60 23
17 0
7 78
50 81
50 38
16 2
23 8
23 33
23 32
8 73
36 15
36 54
39 26
44 24
61 43
61 19
43 94
43 47
48 46
90 67
63 30
0 86
69 98
79 99
98 31
98 84
98 71
73 40
24 62
24 93
99 51
2 94
51 64
51 72
78 80
91 55
76 26
41 77
41 14
33 82