10 53 13 59 31 95 5 44 2 37 22 78 60 21 76 27 88 20 73 87 9 51 15 64 19 71 17 67 1 36 25 84 14 61 54 83 0 33 96 32 98 97 28 90 77 6 46 43 29 91 89 72 18 70 68 16 66 52 8 50 7 47 45 3 40 38 92 23 79 48 4 41 30 94 24 81 35 82 63 11 56 69 65 34 62 49 26 85 75 86 74 12 58 80 39 93 42 55 57
10 53
10 54
10 16
10 29
10 2
53 55
13 59
13 60
13 31
59 57
31 95
31 96
31 26
31 6
95 93
5 44
5 43
5 11
5 26
5 18
44 42
2 37
2 38
37 39
22 78
22 77
22 15
78 80
21 76
21 75
21 16
21 32
27 88
27 87
20 73
20 74
20 29
87 85
9 51
9 52
9 28
51 49
15 64
15 63
15 25
19 71
19 72
19 24
17 67
17 68
67 65
1 36
1 35
1 24
25 84
25 83
14 61
14 62
14 29
61 63
0 33
0 34
0 11
32 98
32 97
28 90
28 89
28 16
6 46
6 45
29 91
29 92
18 70
18 69
16 66
16 65
16 24
8 50
8 49
7 47
7 48
7 26
3 40
3 39
23 79
23 80
4 41
4 42
30 94
30 93
24 81
24 82
11 56
11 55
26 85
26 86
12 58
12 57