7 11 3 42 51 97 64 40 96 22 12 14 70 49 58 4 1 99 20 34 78 43 48 6 85 54 92 28 66 52 53 89 76 23 59 41 30 68 35 36 60 25 32 82 0 61 31 88 80 24 71 29 26 18 46 93 44 45 81 77 57 37 91 94 73 8 2 47 39 95 67 5 50 27 10 75 9 86 19 33 69 62 13 56 63 17 83 65 15 98 84 74 87 21 90 16 38 55 72 79
7 11
7 3
7 42
7 1
7 9
11 97
11 99
11 34
11 48
11 39
11 87
3 96
3 4
3 27
3 90
42 43
42 6
42 25
42 37
42 86
51 97
51 64
51 2
51 67
97 62
64 40
64 53
64 93
40 49
40 58
40 88
40 5
40 84
96 14
96 66
96 89
96 69
22 12
22 58
22 30
22 91
22 47
12 70
12 23
12 73
12 8
14 85
14 82
14 63
14 74
70 20
70 46
70 75
70 83
49 78
49 35
4 92
4 52
99 59
99 94
20 68
20 44
34 80
34 24
34 50
78 18
78 21
43 28
43 55
48 81
48 17
6 54
85 32
85 16
54 76
92 29
28 31
53 38
53 79
89 13
76 57
23 41
59 36
68 26
35 71
36 60
60 77
25 65
82 15
0 61
61 80
71 45
71 19
71 72
29 10
26 33
46 98
93 95
94 56