4 38 39 2 32 18 79 15 70 1 29 36 47 9 52 75 21 90 98 24 97 7 48 28 37 0 26 6 44 14 68 55 82 5 41 85 89 88 12 62 40 27 10 94 23 96 61 71 46 20 86 16 74 54 67 33 31 42 83 80 73 95 22 91 8 50 81 63 57 66 87 3 35 60 13 43 30 25 65 34 69 93 11 56 64 77 59 92 19 45 76 84 72 53 17 49 78 58 51 99
4 38
4 39
4 37
38 98
38 79
38 34
39 85
39 94
39 92
2 32
2 33
2 31
32 52
32 56
18 79
18 80
18 81
79 62
15 70
15 71
15 72
70 75
70 63
70 44
1 29
1 28
1 30
29 36
29 59
36 47
36 73
36 3
47 7
9 52
9 54
9 53
52 75
75 61
21 90
21 89
21 88
90 80
98 24
98 83
98 77
24 97
24 99
97 68
7 48
7 46
48 84
48 78
28 26
28 50
37 44
37 60
0 26
0 27
0 25
6 44
6 43
6 45
14 68
14 67
14 69
55 82
55 10
55 40
55 66
82 76
5 41
5 40
5 42
41 89
85 20
88 46
12 62
94 23
23 96
23 95
71 57
20 86
20 87
16 74
16 73
74 91
83 19
22 91
22 93
8 50
8 49
8 51
66 13
3 35
60 11
13 65
13 64
11 58
77 17