48 50 51 52 47 54 45 44 55 57 42 59 40 60 39 61 37 63 36 64 34 33 66 31 67 69 30 70 28 72 27 25 24 74 75 77 78 23 21 79 19 18 81 17 83 15 84 85 13 87 12 10 88 90 9 92 7 93 6 5 95 96 3 98 2 76 71 26 16 0 99 97 1 4 94 91 8 11 89 86 14 82 80 20 22 73 29 32 68 65 35 62 38 58 41 43 56 53 46 49
48 50
48 47
48 46
48 49
50 51
51 52
51 53
52 54
47 45
54 55
54 56
45 44
45 43
44 42
55 57
57 59
57 58
42 40
42 41
59 60
40 39
60 61
60 62
39 37
39 38
61 63
37 36
63 64
63 65
36 34
36 35
64 66
34 33
33 31
33 32
66 67
66 68
31 30
67 69
69 70
69 71
30 28
30 29
70 72
28 27
72 74
72 73
27 25
25 24
24 23
24 26
24 22
74 75
75 77
77 78
78 79
78 76
78 80
23 21
21 19
21 20
79 81
19 18
18 17
18 16
81 83
81 82
17 15
83 84
15 13
15 14
84 85
84 86
85 87
13 12
87 88
87 89
12 10
12 11
10 9
88 90
90 92
90 91
9 7
9 8
92 93
7 6
93 95
93 94
6 5
6 4
5 3
95 96
96 98
96 97
3 2
3 1
98 99
2 0