54 57 51 47 49 45 40 35 30 61 66 69 73 75 78 82 27 24 22 17 12 7 87 86 62 26 23 53 67 48 50 46 42 39 34 20 16 72 74 11 76 92 91 79 88 63 36 13 3 94 68 41 96 85 60 33 15 8 4 29 31 2 98 95 81 77 64 44 43 37 32 28 19 18 14 9 1 0 99 93 89 84 83 80 59 58 56 55 52 97 90 65 38 10 5 6 25 21 70 71
54 57
54 51
54 55
57 61
57 62
57 53
57 58
57 56
51 49
47 49
47 45
45 40
45 44
40 35
35 30
35 36
30 27
30 26
30 29
30 31
61 66
61 60
61 65
66 69
66 70
69 73
73 75
75 78
78 82
78 77
82 87
82 86
82 81
82 83
27 24
24 22
24 21
22 17
17 12
12 7
12 13
7 3
7 8
7 4
7 6
87 92
87 88
86 91
86 85
86 90
62 67
62 63
26 23
23 20
23 19
53 50
53 52
67 72
67 71
48 50
48 46
46 42
46 43
42 39
39 34
34 33
34 38
20 16
16 11
72 74
74 76
11 15
11 10
76 79
92 96
92 97
91 94
91 95
79 80
88 93
88 89
63 68
36 41
13 18
13 14
3 2
3 0
94 98
68 64
41 37
96 99
85 84
60 59
33 32
15 9
8 5
4 1
29 25
31 28