19 34 23 66 93 40 83 24 51 91 21 25 13 0 2 5 35 53 12 61 44 92 85 64 28 98 1 70 32 9 7 68 18 57 56 48 67 75 49 58 43 65 95 96 62 86 88 6 10 26 76 55 29 99 45 82 90 59 50 39 4 8 84 94 60 31 20 14 79 63 42 81 27 74 80 41 52 36 72 38 30 47 77 89 33 87 3 71 22 97 69 78 37 17 16 54 11 73 15 46
19 34
19 40
19 25
19 58
19 16
34 23
34 13
34 93
34 7
23 24
23 70
23 31
66 93
66 9
66 91
66 4
93 2
93 5
40 83
40 55
40 45
83 65
83 61
24 1
24 39
24 60
24 36
51 91
51 44
51 68
91 0
91 3
21 25
21 43
21 99
25 80
25 89
13 48
13 81
0 85
0 64
2 90
2 8
5 35
5 69
35 53
53 32
53 75
12 61
12 59
12 71
61 87
44 92
44 96
92 67
92 14
92 62
85 77
64 10
28 98
28 45
98 56
98 27
1 6
1 26
70 95
32 84
9 41
7 47
68 50
18 57
18 88
18 4
57 63
56 82
56 54
49 58
58 94
58 72
58 97
65 74
62 86
86 30
6 33
10 37
26 76
26 20
26 17
26 46
29 99
45 38
39 22
84 52
14 79
63 11
42 81
47 78
22 73
16 15