4 2 1 12 11 94 5 29 91 26 24 92 93 86 6 52 19 9 15 85 88 22 23 20 8 64 35 36 16 17 10 32 71 7 75 61 31 74 83 84 62 13 25 3 54 18 77 60 34 78 39 51 80 53 57 28 21 63 38 55 87 0 79 42 27 70 65 59 58 68 46 45 43 41 37 33 67 73 56 48 40 72 76 82 50 47 30 69 49 66 81 90 89 14 44
4 2
4 1
4 44
2 12
2 94
2 3
2 69
1 5
1 29
1 62
1 80
1 0
1 79
1 49
12 11
12 8
11 52
11 10
11 39
94 92
94 23
94 47
94 30
5 9
5 6
29 91
91 26
91 13
26 24
24 17
24 71
24 25
92 15
92 51
93 86
93 6
93 50
86 19
52 22
52 67
19 20
19 61
9 88
9 54
9 28
15 85
85 75
88 64
88 82
22 27
22 73
22 56
22 48
23 32
20 40
8 7
64 36
35 36
35 34
36 83
16 17
16 78
16 72
17 18
10 31
32 63
32 81
71 74
7 38
7 66
75 77
61 60
31 57
83 84
83 37
84 58
62 55
13 76
25 87
3 21
54 53
77 70
60 59
34 33
78 65
39 41
51 43
80 46
57 68
21 42
63 89
55 14
0 90
79 45