1 29 10 96 88 94 85 95 97 34 12 13 27 49 45 53 57 28 40 60 16 89 17 23 2 8 37 36 18 22 61 43 56 69 7 63 38 99 51 0 39 44 79 48 90 19 3 73 98 41 91 30 31 78 80 83 50 64 35 58 76 26 11 66 86 33 4 46 24 62 82 25 5 47 70 21 72 32 15 54 74 52 68 92 9 20 42 77 93 6 71 84 59 14 81 75 55 65 67 87
1 29
1 96
1 85
1 57
1 83
1 50
1 75
29 10
29 27
29 69
29 66
29 6
10 94
10 40
10 58
10 25
10 74
10 59
96 88
96 79
96 42
88 49
88 48
88 68
88 20
94 2
94 43
85 56
85 90
85 87
95 97
95 13
95 28
95 60
95 21
95 65
97 44
97 52
34 12
34 3
34 91
12 53
12 36
13 38
13 18
27 11
49 45
49 16
49 37
49 5
49 9
45 36
45 39
53 89
57 17
57 35
57 4
28 56
28 63
60 23
17 0
23 8
23 33
23 32
8 73
36 15
36 54
18 22
18 92
22 7
61 43
61 19
43 47
69 98
69 71
7 78
63 30
63 70
99 51
99 79
51 64
51 72
0 86
39 26
44 24
79 41
48 46
90 67
98 31
41 77
41 14
91 55
78 80
50 81
76 26
76 84
33 82
24 62
72 93