44 80 76 91 48 25 87 68 42 20 88 16 99 12 98 77 21 69 33 89 81 1 17 6 9 49 82 46 0 90 51 11 24 75 54 52 71 18 39 56 43 79 64 65 30 86 95 36 94 85 62 83 29 32 13 27 84 23 73 70 14 10 40 34 38 66 15 45 3 47 31 78 57 26 63 67 59 4 74 93 22 58 96 8 37 55 61 28 72 7 35 41 60 92 5 2 19 53 97 50
44 80
44 76
44 42
44 88
44 98
44 38
44 15
80 91
80 0
80 94
76 87
76 20
76 6
76 90
76 11
76 97
91 48
91 14
48 25
25 16
25 17
87 1
87 24
87 74
87 96
68 42
68 56
68 36
68 32
68 13
42 33
42 85
20 71
20 29
88 43
88 46
88 37
88 50
16 27
16 67
16 41
99 12
99 69
99 84
99 19
12 21
12 77
98 77
98 81
98 26
77 52
21 9
21 79
21 18
21 70
69 89
69 10
69 34
69 28
33 49
33 40
89 30
89 95
81 65
81 22
1 7
17 63
17 92
6 35
9 60
82 46
82 2
46 64
0 61
90 66
51 11
51 54
51 58
24 86
75 54
52 4
71 59
18 39
56 23
56 47
43 73
64 78
64 55
30 83
30 8
86 45
94 62
83 93
34 31
15 72
45 3
47 53
78 57
37 5