58 88 37 45 54 84 77 86 1 74 34 0 87 33 60 8 27 85 65 38 70 79 40 67 80 20 21 28 32 2 47 24 43 69 71 90 42 94 57 46 98 18 36 51 5 4 91 56 13 75 12 61 22 14 49 52 53 82 76 83 68 3 89 96 39 44 31 35 93 17 50 97 10 19 23 6 78 15 9 55 30 62 95 7 81 16 48 63 72 92 41 64 66 99 11 59 26 73 29 25
58 88
58 54
58 0
88 1
88 80
88 21
88 22
88 64
88 29
37 45
37 8
37 30
45 86
45 34
45 76
54 32
84 77
84 74
84 27
84 94
77 8
86 31
1 67
74 85
74 24
34 12
0 87
0 89
87 85
87 65
87 68
87 15
33 60
33 43
60 40
60 28
8 4
8 53
8 92
85 63
65 38
65 43
65 11
38 82
70 79
70 96
70 50
79 20
79 69
79 75
40 16
40 25
67 61
67 78
80 5
20 56
20 6
21 46
28 2
32 72
2 47
2 57
47 49
24 14
43 36
43 9
69 48
71 90
71 42
71 81
71 73
90 36
90 18
90 56
42 83
94 41
57 39
46 93
46 97
98 18
98 51
18 13
36 44
51 99
4 17
91 56
56 66
75 19
12 52
61 59
14 23
49 10
52 7
68 3
39 95
31 35
9 55
30 62
11 26