10 54 15 63 20 73 21 76 31 95 7 48 24 82 18 70 26 85 16 66 3 39 11 55 0 33 8 50 14 62 17 67 13 59 12 58 2 38 28 89 5 43 44 30 94 22 77 6 45 32 98 97 86 81 78 69 9 51 1 36 29 92 90 27 88 25 83 23 80 19 71 49 34 96 79 47 4 42 41 56 91 60 57 40 65 64 52 61 53 35 37 68 87 72 75 84 74 46 93
10 54
10 53
10 13
54 56
15 63
15 64
15 24
63 61
20 73
20 74
20 12
73 75
21 76
76 74
31 95
31 96
31 2
31 32
95 93
7 48
7 47
48 46
24 82
24 81
24 2
24 22
24 19
82 84
18 70
18 69
70 72
26 85
26 86
26 0
85 87
16 66
16 65
66 68
3 39
3 40
39 37
11 55
55 53
0 33
0 34
0 13
0 5
0 29
33 35
8 50
8 49
50 52
14 62
14 61
14 9
17 67
17 68
17 13
13 59
13 60
13 6
12 58
12 57
12 4
12 23
58 60
2 38
2 37
2 5
28 89
28 90
28 4
5 43
5 44
30 94
30 93
22 77
22 78
6 45
6 46
32 98
32 97
9 51
9 52
1 36
1 35
29 92
29 91
27 88
27 87
25 83
25 84
23 80
23 79
19 71
19 72
4 42
4 41