64 51 89 28 86 68 1 8 10 57 36 5 94 47 26 37 32 15 20 23 99 59 54 44 76 27 48 33 63 90 14 24 60 97 92 4 67 17 0 34 53 61 91 29 39 13 79 73 85 6 35 7 80 81 16 75 98 65 22 42 72 62 19 82 69 40 88 18 30 12 50 21 25 84 41 38 93 77 11 49 66 96 78 31 83 45 74 71 55 58 43 95 87 56 52 70 2 9 46 3
64 51
64 89
64 68
64 10
64 94
64 57
64 16
64 65
64 18
51 8
51 20
51 24
89 5
89 99
89 55
28 86
28 10
28 48
28 92
86 32
86 23
86 59
86 27
68 76
68 33
68 21
68 78
1 8
1 54
1 67
8 69
57 36
57 0
57 56
36 47
36 15
36 61
5 26
5 38
94 63
94 49
94 52
47 62
47 19
26 37
26 30
26 31
37 35
15 90
15 43
20 29
20 88
23 6
23 95
99 34
99 91
59 72
59 93
54 44
44 4
76 75
76 12
76 70
27 97
27 39
48 85
33 50
63 82
63 71
90 7
90 42
14 24
14 40
24 17
24 53
24 11
60 97
4 79
67 58
17 73
0 74
34 25
53 3
91 83
29 80
29 66
39 13
85 96
35 98
35 9
7 41
80 81
81 77
16 2
65 22
88 87
84 41
93 46
49 45