5 4 6 3 2 7 1 8 9 82 64 19 0 90 89 88 87 86 85 84 83 72 71 70 69 68 67 66 65 27 26 25 24 23 22 21 20 81 80 79 78 77 76 75 74 73 54 53 52 51 50 49 48 47 46 99 98 97 96 95 94 93 92 91 63 62 61 60 59 58 57 56 55 45 44 43 42 41 40 39 38 37 36 35 34 33 32 31 30 29 28 18 17 16 15 14 13 12 11 10
5 4
5 6
5 63
5 62
5 61
5 60
5 59
5 58
5 57
5 56
5 55
4 3
4 54
4 53
4 52
4 51
4 50
4 49
4 48
4 47
4 46
6 7
6 64
3 2
3 45
3 44
3 43
3 42
3 41
3 40
3 39
3 38
3 37
2 1
2 36
2 35
2 34
2 33
2 32
2 31
2 30
2 29
2 28
7 8
7 81
7 80
7 79
7 78
7 77
7 76
7 75
7 74
7 73
1 19
1 0
8 9
8 82
9 99
9 98
9 97
9 96
9 95
9 94
9 93
9 92
9 91
82 90
82 89
82 88
82 87
82 86
82 85
82 84
82 83
64 72
64 71
64 70
64 69
64 68
64 67
64 66
64 65
19 27
19 26
19 25
19 24
19 23
19 22
19 21
19 20
0 18
0 17
0 16
0 15
0 14
0 13
0 12
0 11
0 10