16 73 15 72 21 88 7 47 70 0 25 74 86 18 79 46 62 56 5 42 12 22 93 75 91 69 54 71 10 26 27 84 40 60 96 87 20 61 6 45 19 83 41 30 34 23 89 80 13 65 1 48 95 14 44 81 92 9 4 37 2 32 29 33 35 17 78 76 3 90 57 77 64 36 85 39 97 98 58 43 66 31 51 8 53 24 55 49 11 63 68 99 52 82 94 50 59 38 28 67
16 73
16 74
16 75
73 62
73 29
15 72
15 70
15 71
72 45
72 65
72 35
21 88
21 89
21 90
88 86
88 91
7 47
7 46
7 48
47 54
47 84
47 25
47 81
47 97
70 69
70 27
0 25
0 26
0 27
25 56
74 86
74 42
86 20
18 79
18 80
18 81
79 51
46 62
62 12
56 10
5 42
5 41
5 40
42 77
42 64
42 31
12 61
12 63
22 93
22 91
22 92
93 95
75 96
91 59
69 14
54 9
26 87
84 19
40 60
60 37
60 11
96 23
96 57
20 85
61 98
6 45
6 44
19 83
19 82
41 34
41 76
30 34
30 1
30 68
30 67
34 3
23 94
89 36
80 58
13 65
13 66
1 28
95 43
44 32
44 49
9 53
9 52
4 37
4 39
4 38
2 32
2 33
17 78
17 76
76 55
98 24
51 8
8 50
24 99