47 23 21 13 7 1 9 15 14 59 8 6 5 25 84 66 2 11 30 12 48 22 57 90 28 27 42 95 31 87 75 10 49 44 20 45 40 71 41 16 97 98 34 32 39 72 29 65 78 18 0 46 53 92 81 70 89 38 33 93 64 96 43 82 76 56 80 36 86 35 99 26 94 4 60 51 73 83 55 3 58 77 69 37 88 85 79 17 61 50 24 54 63 52 67 91 62 68 74 19
47 23
47 21
47 14
47 83
47 24
23 9
23 40
23 88
21 13
21 66
21 34
21 56
21 79
13 15
13 8
13 17
13 91
13 68
7 1
7 2
7 10
7 76
7 37
7 54
1 5
1 84
1 49
1 45
1 16
1 65
9 59
15 11
15 87
15 20
15 55
14 6
14 22
14 44
14 94
59 12
59 90
8 25
8 75
8 93
8 82
8 36
6 42
6 64
6 26
6 3
5 25
5 48
5 4
84 30
66 71
66 51
2 39
2 35
2 85
11 32
11 92
11 80
30 70
30 73
12 43
12 69
48 27
22 96
57 90
57 53
57 81
90 28
28 29
28 62
27 31
27 41
42 95
42 86
95 61
31 98
87 60
75 78
10 89
49 99
44 33
45 97
40 58
71 18
97 67
98 63
34 72
32 74
72 77
18 0
18 19
0 46
38 33
37 50
17 52