9 31 86 0 92 33 2 5 38 75 88 43 71 20 28 76 23 13 79 46 19 36 3 17 10 45 73 80 15 27 16 65 63 34 98 37 67 78 51 4 7 42 66 64 97 22 81 6 25 39 93 30 68 89 18 14 85 1 52 69 59 53 82 58 54 47 11 72 49 90 95 40 60 83 94 77 70 87 99 41 61 55 57 26 56 96 29 35 62 74 50 84 44 48 24 21 8 32 12 91
9 31
9 2
9 38
9 71
9 78
31 86
31 63
86 33
86 98
86 14
86 55
86 21
0 92
0 88
0 13
0 7
0 99
92 33
92 46
92 30
33 89
2 5
2 17
2 22
5 75
5 28
5 15
38 76
38 85
38 35
75 43
75 73
75 11
75 94
88 23
88 49
88 70
43 45
43 51
43 60
71 20
71 10
20 36
20 66
20 87
28 19
28 27
28 1
76 3
76 4
23 79
23 82
13 80
13 44
13 24
79 90
79 41
46 97
19 37
19 47
36 16
3 67
17 34
17 68
17 40
10 6
45 65
45 72
73 64
73 12
80 39
15 93
15 52
27 58
16 61
65 42
65 32
63 59
34 81
34 95
98 54
67 83
78 56
51 8
4 62
7 96
42 25
42 77
64 18
64 91
97 50
6 53
6 26
30 69
40 84
87 29
55 74
57 26
57 48