45 51 49 50 52 44 41 35 33 55 59 19 65 67 73 77 20 21 13 88 89 22 24 10 25 86 34 91 99 68 70 79 4 90 6 15 3 76 39 58 27 93 18 97 12 82 64 71 72 32 7 46 38 2 96 81 61 11 63 85 23 43 60 57 62 66 83 84 94 0 95 92 98 78 69 53 54 37 31 26 29 28 30 8 16 75 74 47 48 36 1 9 5 40 14 17 80 87 42 56
45 51
45 44
45 46
45 48
51 49
49 50
50 52
52 55
52 61
52 53
44 41
44 43
44 54
41 35
41 40
35 33
33 19
33 34
55 59
55 56
59 65
59 58
19 20
19 22
19 18
65 67
65 68
65 64
67 73
73 77
73 72
77 88
77 79
77 71
20 21
21 13
21 17
13 10
13 4
13 12
13 14
88 89
88 85
88 87
89 86
89 99
22 24
24 25
10 6
10 11
10 9
25 15
25 23
25 26
86 91
34 39
34 36
91 90
99 97
99 98
68 70
70 76
79 82
79 78
4 3
90 93
6 7
6 5
15 27
3 2
3 1
76 81
76 74
39 38
58 60
58 57
27 29
27 28
93 94
93 92
18 32
18 30
97 96
12 16
82 83
82 80
72 69
32 31
7 8
46 47
38 37
2 0
96 95
81 75
61 63
63 62
85 84
43 42
60 66