29 91 26 85 12 58 13 59 23 79 2 38 18 70 7 47 6 46 17 67 4 42 0 34 33 20 73 10 53 30 94 25 83 92 54 93 86 8 50 49 41 15 64 63 68 37 32 98 97 84 69 80 22 78 21 76 74 24 82 19 71 16 66 3 39 14 62 61 5 43 9 52 51 31 95 27 88 11 56 28 90 55 96 81 75 1 36 35 44 65 77 89 57 87 60 72 48 45 40
29 91
29 92
29 7
29 12
29 32
91 89
26 85
26 86
26 17
26 14
85 87
12 58
58 60
13 59
13 60
13 23
59 57
23 79
23 80
23 0
79 77
2 38
2 37
2 22
2 9
38 40
18 70
18 69
18 21
70 72
7 47
7 48
7 25
47 45
6 46
6 45
17 67
17 68
17 10
67 65
4 42
4 41
4 20
42 44
0 34
0 33
0 30
0 24
0 8
33 35
20 73
20 74
73 75
10 53
10 54
10 30
53 55
30 94
30 93
94 96
25 83
25 84
8 50
8 49
8 15
15 64
15 63
32 98
32 97
22 78
22 77
21 76
21 75
21 11
24 82
24 81
19 71
19 72
16 66
16 65
3 39
3 40
14 62
14 61
5 43
5 44
9 52
9 51
31 95
31 96
27 88
27 87
11 56
11 55
28 90
28 89
1 36
1 35