78 23 25 53 27 5 41 37 58 51 4 0 84 90 3 69 28 2 97 76 57 31 59 50 73 12 86 15 34 9 43 10 79 95 17 60 52 88 45 81 40 18 68 66 33 96 11 7 62 93 87 29 47 75 1 44 30 77 38 63 49 91 82 80 70 42 13 89 20 61 98 74 26 35 32 94 56 71 48 65 22 14 39 46 72 6 8 83 54 55 16 19 67 85 21 92 64 24 36 99
78 23
78 58
78 17
78 45
78 47
23 53
23 51
23 98
23 71
25 53
25 27
25 5
25 94
25 39
53 86
27 88
27 75
27 38
5 4
5 97
41 37
41 28
41 33
37 60
37 70
58 3
58 31
58 40
58 8
51 76
4 32
4 64
0 84
0 57
84 90
84 28
84 12
84 89
90 96
90 6
3 69
3 2
69 59
69 87
69 77
28 91
2 57
2 11
97 93
76 50
57 13
57 21
31 9
59 15
50 1
50 63
73 12
73 18
73 95
73 99
12 7
86 62
15 46
34 9
34 10
43 10
43 20
10 82
79 95
79 66
79 22
95 48
17 29
60 52
60 68
52 83
88 72
45 55
81 40
40 16
18 49
18 80
96 92
11 19
7 74
7 65
47 67
75 35
75 36
1 26
44 30
30 77
77 56
42 13
61 98
98 54
32 85
65 14
22 24