39 40 30 53 51 52 55 27 26 64 65 15 14 5 76 77 13 38 80 2 63 88 1 78 12 91 66 41 16 28 37 85 11 60 61 3 35 93 89 81 68 56 43 31 18 6 75 67 69 50 36 42 44 25 17 19 0 86 62 99 87 10 92 94 98 97 96 90 82 79 83 73 72 71 70 57 54 58 48 47 46 45 32 29 33 23 22 21 20 7 4 8 84 74 59 49 24 9 95 34
39 40
39 30
40 53
40 60
30 27
30 38
53 51
51 52
51 50
51 59
52 55
52 56
52 54
55 64
55 63
27 26
27 31
27 29
26 15
26 28
26 25
26 34
64 65
65 76
65 99
15 14
14 5
5 13
5 2
76 77
76 78
76 75
76 84
77 80
77 81
77 79
13 12
13 16
13 18
13 19
38 41
38 37
38 43
38 44
80 88
80 89
2 1
2 6
2 4
63 66
63 68
63 69
88 91
88 93
88 87
88 94
1 3
1 0
1 9
78 85
12 11
91 97
91 96
66 72
66 71
41 47
41 46
16 22
16 21
28 35
37 36
85 86
11 17
60 61
61 67
61 62
3 10
93 98
89 90
81 82
68 73
56 57
43 48
31 32
18 23
6 7
75 83
67 70
69 74
50 58
36 42
42 45
44 49
25 33
17 20
19 24
0 8
86 92
99 95