20 97 38 98 78 43 21 24 77 53 0 81 94 74 27 32 4 33 39 63 42 17 67 34 29 5 99 14 90 72 86 37 79 3 83 92 1 57 87 23 80 58 75 69 59 82 6 35 85 93 51 44 61 76 95 52 55 45 73 41 19 50 68 15 10 2 11 9 13 84 7 30 31 65 48 36 47 8 71 26 60 40 89 91 88 96 54 66 22 64 56 49 25 18 70 46 28 62 16 12
20 97
20 98
20 94
20 7
97 38
97 32
97 42
97 51
38 78
38 86
38 57
38 68
38 22
38 25
98 53
98 59
98 52
98 41
98 19
98 36
78 67
78 29
78 82
78 15
78 85
43 21
43 24
43 34
43 6
43 40
21 33
21 99
21 75
21 46
24 77
24 65
24 66
77 27
77 49
53 74
53 69
0 81
0 80
0 95
81 39
81 99
81 87
81 9
81 12
94 4
94 23
94 89
74 63
74 72
27 14
27 92
32 37
32 13
4 17
33 79
33 73
33 62
39 29
39 3
39 93
63 90
63 28
42 5
17 31
17 47
67 11
34 58
29 30
29 54
5 83
99 2
14 61
90 50
90 16
72 1
86 96
86 18
37 76
79 91
3 10
83 26
92 56
1 88
87 55
80 64
58 70
59 45
35 85
35 48
93 44
93 71
51 8
61 60
13 84