0 3 1 35 29 24 11 14 67 57 47 37 70 60 50 40 63 53 43 33 61 51 31 62 52 42 32 74 73 72 71 65 64 55 54 45 44 41 34 68 58 48 38 30 28 27 26 25 23 22 21 20 19 18 17 16 15 13 12 10 9 8 7 6 5 4 2 69 66 59 56 49 46 39 36
0 3
0 1
0 29
0 24
0 11
0 14
0 68
0 58
0 48
0 38
0 30
0 28
0 27
0 26
0 25
0 23
0 22
0 21
0 20
0 19
0 18
0 17
0 16
0 15
0 13
0 12
0 10
0 9
0 8
0 7
0 6
0 5
0 4
0 2
3 35
3 74
3 73
3 72
3 71
3 65
3 64
3 55
3 54
3 45
3 44
3 41
3 34
1 69
1 66
1 59
1 56
1 49
1 46
1 39
1 36
35 67
35 57
35 47
35 37
29 70
29 60
29 50
29 40
24 63
24 53
24 43
24 33
11 62
11 52
11 42
11 32
14 61
14 51
14 31