18 70 31 96 15 64 7 48 29 91 11 55 4 41 25 83 63 5 44 9 51 17 68 56 92 23 80 13 60 52 3 40 47 79 59 39 30 93 20 74 73 1 36 35 32 98 97 27 87 69 16 65 88 26 86 84 24 82 85 19 71 67 0 34 33 95 21 76 75 72 22 77 12 57 2 37 6 45 58 8 50 38 78 28 90 10 54 66 49 42 14 61 81 43 94 53 89 46 62
18 70
18 69
18 29
70 72
31 96
31 95
31 3
31 14
31 13
96 94
15 64
15 63
15 29
15 27
15 32
64 62
7 48
7 47
7 11
7 2
48 46
29 91
29 92
91 89
11 55
11 56
11 27
11 0
11 26
55 53
4 41
4 42
4 9
4 17
41 43
25 83
25 84
25 20
25 0
83 81
5 44
5 43
9 51
9 52
9 22
51 49
17 68
17 67
17 1
17 19
68 66
23 80
23 79
23 27
13 60
13 59
3 40
3 39
30 93
30 94
20 74
20 73
1 36
1 35
32 98
32 97
27 87
27 88
27 12
16 65
16 66
26 86
26 85
24 82
24 81
24 22
19 71
0 34
0 33
21 76
21 75
21 12
22 77
22 78
12 57
12 58
2 37
2 38
6 45
6 46
8 50
8 49
28 90
28 89
10 54
10 53
14 61
14 62