22 81 23 78 53 52 83 8 15 20 2 6 47 48 76 28 93 16 57 9 12 70 97 54 5 29 3 72 42 38 91 80 50 10 77 69 27 75 96 49 46 32 61 37 56 95 88 19 87 64 60 82 90 44 18 98 1 67 86 0 74 36 71 17 99 68 24 14 66 51 84 4 41 35 58 55 30 59 62 26 94 89 65 39 40 7 45 34 13 79 25 92 85 43 21 63 11 33 73 31
22 81
22 23
22 88
81 53
81 15
81 3
81 1
81 63
23 20
23 9
23 94
23 34
78 53
78 57
78 2
78 26
53 8
53 4
52 83
52 28
52 38
83 8
83 5
83 56
83 35
8 76
8 32
8 41
15 48
20 54
20 95
20 89
2 6
2 46
2 50
6 93
6 25
47 48
47 42
47 17
48 21
76 16
28 24
28 85
93 66
16 70
16 44
57 72
9 77
9 14
9 55
12 70
12 19
12 0
70 75
70 96
97 54
97 69
54 74
5 45
5 79
29 3
29 80
29 64
72 40
42 68
42 11
38 91
38 60
91 36
91 65
91 39
50 10
50 43
50 31
10 61
77 27
77 49
69 67
27 71
75 18
32 87
61 58
37 56
95 98
95 62
88 84
88 33
87 90
64 13
82 90
82 73
44 99
67 86
0 51
36 30
99 7
30 59
89 92