0 33 29 92 13 60 5 43 8 50 17 68 22 77 11 55 26 85 28 89 56 31 96 95 24 82 86 19 72 1 36 59 14 62 61 49 7 47 32 98 97 23 80 18 69 67 48 2 38 37 25 83 81 21 76 75 20 74 73 44 4 42 78 71 16 65 6 46 3 40 39 45 15 64 63 9 51 12 57 34 27 88 70 30 93 84 94 10 54 91 87 53 79 66 52 41 58 35 90
0 33
0 34
0 28
0 18
33 35
29 92
29 91
29 5
29 13
29 2
92 90
13 60
13 59
60 58
5 43
5 44
5 22
43 41
8 50
8 49
8 28
50 52
17 68
17 67
17 11
68 66
22 77
22 78
22 25
22 21
77 79
11 55
11 56
11 25
11 19
26 85
26 86
26 32
85 87
28 89
28 90
56 54
31 96
31 95
31 4
24 82
24 81
24 25
24 30
19 72
19 71
1 36
1 35
14 62
14 61
14 32
14 6
7 47
7 48
7 25
32 98
32 97
32 23
23 80
23 79
23 3
18 69
18 70
2 38
2 37
25 83
25 84
25 20
25 15
21 76
21 75
20 74
20 73
4 42
4 41
16 65
16 66
6 46
6 45
3 40
3 39
15 64
15 63
9 51
9 52
12 57
12 58
27 88
27 87
30 93
30 94
10 54
10 53