46 4 92 84 75 12 26 91 59 67 41 68 43 57 77 53 15 42 80 69 23 30 45 11 27 74 88 72 17 93 85 14 58 87 16 31 60 40 22 49 76 6 33 32 21 48 70 20 64 79 29 39 34 96 28 62 90 7 50 2 36 44 81 5 97 99 8 3 89 37 35 95 63 61 0 71 47 38 1 18 83 24 56 94 54 10 73 25 19 82 55 66 65 98 78 52 51 13 86 9
46 4
46 84
46 77
46 5
46 25
46 65
4 92
4 26
4 85
4 36
92 12
92 59
92 57
92 20
92 13
84 75
84 76
84 94
75 91
75 49
12 53
12 17
26 68
26 42
91 15
91 87
59 45
59 90
59 98
67 41
67 43
41 53
41 58
41 70
68 33
68 95
68 24
43 74
43 28
43 52
57 31
57 18
77 29
77 83
15 14
42 72
80 69
80 93
80 48
69 55
23 30
23 16
23 47
30 81
45 79
45 34
11 27
11 88
27 97
74 39
88 58
88 54
88 51
72 62
72 99
17 2
93 33
93 21
93 0
85 96
14 38
16 76
31 60
31 3
60 8
40 22
40 32
22 64
22 37
49 78
6 33
21 10
48 64
48 66
70 50
20 9
29 19
39 56
28 61
90 7
90 44
90 82
2 71
5 1
97 73
89 37
35 95
35 63
54 86