0 61 26 45 86 63 48 77 74 89 66 27 25 59 98 15 21 30 70 43 64 3 76 73 87 12 7 2 80 42 69 99 81 78 9 6 33 36 58 14 97 11 75 28 96 71 95 18 91 17 4 88 16 5 44 20 19 51 56 54 49 53 1 22 31 23 10 24 37 35 52 50 55 34 46 60 39 47 62 57 94 92 67 65 41 40 13 85 72 8 90 93 83 79 68 38 82 29 84 32
0 61
0 86
0 63
0 77
0 74
0 89
0 66
0 98
0 70
0 76
0 73
0 87
0 80
0 69
0 99
0 81
0 78
0 97
0 75
0 96
0 71
0 95
0 91
0 88
0 94
0 92
0 67
0 65
0 85
0 72
0 90
0 93
0 83
0 79
0 68
0 82
0 84
61 26
61 3
26 45
45 48
86 27
63 25
63 10
48 43
77 15
74 12
89 30
66 2
27 7
25 59
25 33
25 20
59 55
98 42
15 64
21 30
21 9
70 6
43 58
64 60
64 39
3 36
76 14
73 11
87 28
12 1
12 35
7 56
7 53
2 51
2 22
80 18
42 23
42 34
69 5
99 44
81 19
78 16
9 47
6 54
6 62
36 31
58 52
14 17
14 4
97 41
11 24
75 13
28 50
96 40
71 8
95 38
18 49
91 32
88 29
16 46
5 57
19 37