71 91 76 32 69 87 61 84 86 42 20 28 16 85 70 29 56 51 99 10 12 19 53 36 96 13 90 57 92 17 77 33 65 49 41 2 4 83 31 14 40 39 34 6 38 98 78 48 60 11 0 52 75 68 44 23 37 54 82 27 30 43 66 21 63 47 67 3 81 58 7 79 59 62 26 93 15 88 46 72 22 50 94 80 55 24 18 35 74 45 25 9 5 97 1 89 95 73 64 8
71 91
71 87
71 20
71 78
91 76
91 69
76 70
76 96
76 37
32 69
32 12
32 44
32 23
69 51
87 53
87 62
87 95
61 84
61 42
61 16
61 60
84 29
84 21
84 22
84 45
86 42
86 10
86 41
20 99
28 16
28 14
28 6
28 65
28 89
16 85
16 34
16 11
85 77
85 51
70 2
29 56
29 13
29 57
56 19
56 0
56 18
51 74
99 17
10 79
10 72
12 83
12 80
19 67
53 47
53 50
36 96
36 48
36 52
13 90
90 33
90 40
90 38
90 30
57 92
92 31
17 7
17 73
77 39
65 49
65 98
49 68
41 27
2 4
4 63
83 81
40 25
39 15
39 5
34 58
6 46
38 1
98 43
78 54
48 93
52 75
75 88
44 55
44 8
23 97
54 82
54 26
66 21
47 3
47 94
81 59
22 9
94 24
94 64
55 35