5 6 4 7 8 9 10 28 29 3 2 30 31 1 57 78 34 85 20 56 45 11 72 76 12 35 48 32 60 13 84 36 33 23 54 65 93 19 21 14 49 42 37 22 69 80 44 90 41 67 53 18 61 24 96 86 27 64 15 38 50 83 73 46 43 75 81 89 98 40 55 47 58 52 17 92 62 94 25 88 68 66 0 71 70 39 99 79 16 87 77 26 63 95 59 91 51 74 82 97
5 6
5 4
6 7
6 78
4 3
4 57
4 20
4 90
7 8
8 9
8 98
9 10
9 85
10 28
10 11
28 29
28 23
28 27
29 30
29 76
3 2
2 1
30 31
31 48
31 32
31 60
1 72
1 0
1 99
57 56
57 58
78 34
78 79
78 77
34 35
34 33
34 80
85 84
85 86
20 19
20 21
56 45
56 93
56 55
45 65
45 44
45 46
11 12
72 69
72 73
72 71
76 42
76 67
76 75
12 13
35 36
48 49
48 47
32 54
60 61
60 59
13 14
84 83
84 89
36 37
23 24
23 96
54 53
65 64
93 92
93 94
19 18
21 22
14 15
49 50
42 41
37 38
69 70
80 81
44 43
90 91
41 40
67 68
67 66
53 52
18 17
61 62
24 25
96 95
96 97
86 87
27 26
64 63
15 16
38 39
50 51
83 82
73 74
89 88