14 61 17 67 2 37 11 55 38 20 73 5 43 8 50 49 12 58 57 21 76 56 25 84 83 6 45 4 42 1 36 35 26 86 23 80 15 64 30 94 93 29 91 22 77 19 72 32 98 97 92 71 27 87 85 68 16 66 7 48 46 28 90 18 69 31 96 95 89 79 70 88 78 62 44 0 34 33 24 82 81 47 74 10 54 13 60 59 9 52 51 75 41 63 3 40 65 53 39
14 61
14 62
14 4
61 63
17 67
17 68
17 1
17 25
17 0
67 65
2 37
2 38
2 30
2 0
37 39
11 55
11 56
11 6
11 32
55 53
20 73
20 74
20 12
20 8
20 19
73 75
5 43
5 44
5 18
43 41
8 50
8 49
50 52
12 58
12 57
12 31
12 4
21 76
21 75
25 84
25 83
6 45
6 46
6 1
6 31
6 26
6 7
4 42
4 41
4 27
1 36
1 35
1 22
26 86
26 85
23 80
23 79
23 31
15 64
15 63
30 94
30 93
29 91
29 92
29 18
22 77
22 78
19 72
19 71
32 98
32 97
27 87
27 88
16 66
16 65
7 48
7 47
7 28
28 90
28 89
18 69
18 70
18 13
31 96
31 95
31 24
0 34
0 33
24 82
24 81
10 54
10 53
13 60
13 59
9 52
9 51
3 40
3 39