16 49 69 29 64 12 54 10 75 63 55 24 0 47 53 14 72 97 9 26 71 37 11 77 67 7 99 96 79 5 44 17 95 88 30 35 18 46 50 1 38 83 39 84 60 74 4 91 42 2 61 93 68 21 36 81 41 45 27 56 73 98 32 52 28 6 57 89 13 3 87 23 59 34 62 33 80 19 94 90 58 65 8 25 78 15 43 20 70 85 76 22 92 86 66 48 40 51 31 82
16 49
16 69
16 5
16 65
16 43
16 66
49 64
49 9
49 13
69 29
69 63
69 84
69 4
29 75
29 11
29 96
29 48
64 55
64 80
12 54
12 24
12 53
12 47
12 26
54 10
10 91
10 56
10 28
75 14
63 77
63 30
55 37
55 70
55 76
24 72
24 17
0 47
0 18
0 41
47 67
47 79
53 95
53 6
14 35
14 52
14 62
72 97
97 89
97 58
9 68
9 19
26 71
26 39
26 32
26 40
71 88
71 37
71 36
37 21
37 59
37 78
37 15
11 3
77 60
77 38
67 46
7 99
7 79
99 50
99 1
99 74
99 85
96 93
96 22
5 44
5 33
17 45
35 20
50 81
38 83
83 61
83 94
60 42
4 25
42 8
2 61
61 87
68 98
68 51
21 27
45 90
45 86
27 23
56 73
6 57
6 92
87 34
87 82
59 31