30 31 32 27 28 26 34 35 36 23 24 22 38 39 40 19 20 18 42 43 16 44 15 14 46 47 12 48 11 10 50 51 8 52 7 6 54 55 4 56 3 2 58 59 1 0 57 5 53 9 49 13 45 17 41 21 37 25 33 29
30 31
30 28
30 29
31 32
32 34
32 33
27 28
27 26
26 24
26 25
34 35
35 36
36 38
36 37
23 24
23 22
22 20
22 21
38 39
39 40
40 42
40 41
19 20
19 18
18 16
18 17
42 43
43 44
16 15
44 46
44 45
15 14
14 12
14 13
46 47
47 48
12 11
48 50
48 49
11 10
10 8
10 9
50 51
51 52
8 7
52 54
52 53
7 6
6 4
6 5
54 55
55 56
4 3
56 58
56 57
3 2
2 1
2 0
58 59