57 58 56 88 89 99 90 4 3 98 91 27 33 2 97 92 28 32 1 96 93 29 31 95 94 0 55 54 61 53 52 84 83 82 81 80 79 78 77 76 75 74 73 72 71 70 69 68 67 66 65 64 63 62 51 50 49 48 47 46 45 44 43 42 41 40 39 38 37 23 22 21 20 19 18 17 16 15 14 13 12 11 10 9 8 30 5 35 34 26 25 6 36 24 7 87 86 85 59 60
57 58
57 56
57 88
57 61
57 84
57 83
57 82
57 81
57 80
57 79
57 78
57 77
57 76
57 75
57 74
57 73
57 72
57 71
57 70
57 69
57 68
57 67
57 66
57 65
57 64
57 63
57 62
57 87
57 86
57 85
57 60
58 4
58 27
58 23
58 22
58 21
58 20
58 19
58 18
58 17
58 16
58 15
58 14
58 13
58 12
58 11
58 10
58 9
58 8
58 5
58 26
58 25
58 6
58 24
58 7
58 59
56 33
56 55
56 54
56 53
56 52
56 51
56 50
56 49
56 48
56 47
56 46
56 45
56 44
56 43
56 42
56 41
56 40
56 39
56 38
56 37
56 35
56 34
56 36
88 89
89 99
89 90
99 98
90 91
4 3
3 2
98 97
91 92
27 28
33 32
2 1
97 96
92 93
28 29
32 31
1 0
96 95
93 94
29 30