0 34 17 43 44 1 6 4 23 42 55 25 58 50 15 45 14 49 22 8 61 18 7 64 41 9 71 87 35 77 73 10 99 33 91 72 89 79 27 47 26 59 54 92 2 57 30 84 98 83 24 56 90 95 94 60 88 28 13 20 3 81 70 69 37 36 76 97 75 19 96 66 82 78 53 11 74 62 52 51 46 68 93 67 65 48 85 31 63 80 29 5 16 38 39 21 86 32 40 12
0 34
0 44
0 55
0 58
0 50
0 45
0 49
0 61
0 64
0 71
0 73
0 72
0 47
0 59
0 54
0 57
0 30
0 56
0 60
0 70
0 69
0 37
0 36
0 66
0 53
0 74
0 62
0 52
0 51
0 46
0 68
0 67
0 65
0 48
0 63
34 17
34 43
17 6
17 9
17 35
17 27
43 4
44 1
1 15
1 87
1 77
1 99
1 91
1 89
1 79
1 92
1 84
1 98
1 83
1 90
1 95
1 94
1 88
1 81
1 76
1 97
1 75
1 96
1 82
1 78
1 93
1 85
1 86
6 25
6 39
4 23
4 11
23 42
42 24
42 13
55 14
25 20
25 19
58 18
50 8
45 2
14 10
14 26
49 7
22 8
22 3
8 80
18 41
7 33
64 29
9 40
71 38
87 16
35 12
77 5
99 32
2 31
24 28
60 21