0 34 20 73 3 40 28 90 31 96 29 91 14 62 6 46 45 19 71 8 49 13 60 2 37 5 43 26 86 44 16 65 15 63 10 53 12 57 54 23 80 9 52 33 25 84 27 87 83 66 32 98 97 95 74 18 70 79 22 77 30 93 21 76 72 85 24 81 17 68 82 78 50 1 35 59 11 56 67 61 55 88 4 42 36 41 39 58 51 69 7 48 47 64 89 75 38 94 92
0 34
0 33
0 3
0 16
0 30
34 36
20 73
20 74
20 9
20 6
73 75
3 40
3 39
3 23
3 10
3 28
3 4
40 38
28 90
28 89
28 27
90 92
31 96
31 95
96 94
29 91
29 92
14 62
14 61
14 21
62 64
6 46
6 45
6 8
46 48
19 71
19 72
19 23
19 9
71 69
8 49
8 50
13 60
13 59
60 58
2 37
2 38
5 43
5 44
5 17
26 86
26 85
26 18
16 65
16 66
15 63
15 64
10 53
10 54
12 57
12 58
12 18
23 80
23 79
80 78
9 52
9 51
25 84
25 83
25 21
27 87
27 88
27 17
32 98
32 97
32 30
32 24
18 70
18 69
22 77
22 78
30 93
30 94
21 76
21 75
21 11
24 81
24 82
17 68
17 67
1 35
1 36
11 56
11 55
4 42
4 41
7 48
7 47