46 5 24 62 1 81 84 61 16 77 15 42 60 83 2 11 17 68 97 89 0 71 3 26 95 50 63 30 7 73 45 39 19 79 93 27 72 59 9 75 99 20 41 25 22 82 58 87 64 44 92 49 76 86 47 43 38 57 18 13 6 23 29 85 65 98 14 90 80 67 96 12 56 69 48 35 28 70 34 52 88 21 53 54 37 94 74 31 4 55 78 40 91 33 8 36 66 10 51 32
46 5
46 83
46 71
46 30
46 37
5 84
5 16
5 77
5 39
5 36
24 62
24 61
24 15
24 81
24 0
24 52
62 17
62 47
1 81
1 93
1 99
81 16
81 42
81 21
81 66
84 26
84 48
84 32
61 97
61 88
61 33
16 22
16 8
77 89
77 28
15 2
42 60
42 38
60 58
60 85
83 68
2 11
11 73
11 27
17 3
17 45
68 25
97 54
89 63
89 95
89 13
89 91
0 41
0 35
3 49
26 9
95 50
95 76
50 72
63 64
30 86
7 73
7 92
7 6
7 70
73 67
45 23
39 80
19 79
79 82
79 65
93 96
27 90
27 69
72 59
72 10
59 75
9 29
75 14
99 4
20 41
20 87
20 57
41 74
25 55
22 44
82 92
58 94
64 56
86 34
47 53
43 38
43 18
13 12
29 40
65 98
98 51
35 31
55 78