51 94 63 77 49 67 35 5 7 30 31 89 54 73 53 22 36 9 96 78 25 32 70 3 97 41 14 74 90 8 19 20 92 1 56 46 86 21 88 39 68 23 98 26 47 71 34 44 66 42 55 61 64 43 6 40 62 72 93 91 85 99 15 95 75 48 18 82 33 28 29 80 24 83 65 59 17 37 76 60 69 79 27 84 16 52 87 81 45 38 13 4 58 11 12 0 10 2 50 57
51 94
51 5
51 41
51 24
51 2
94 63
94 77
63 89
63 35
77 7
77 9
49 67
49 74
49 61
49 15
67 35
67 97
67 85
35 37
35 58
5 21
5 23
7 53
7 55
7 40
7 80
30 31
30 54
30 65
31 70
31 88
31 48
31 10
89 73
54 96
54 97
54 98
54 0
73 46
73 39
73 75
73 69
53 1
53 68
22 36
22 32
22 93
36 25
36 66
9 3
9 64
96 92
96 71
96 60
78 25
78 14
78 52
25 74
25 87
32 56
70 81
3 43
41 72
41 27
14 90
14 28
14 57
90 8
90 38
8 26
19 20
19 86
19 84
92 82
1 17
56 91
56 12
46 99
46 13
86 62
86 26
86 18
86 16
21 44
21 83
88 76
39 29
68 47
23 95
26 45
71 79
34 44
66 33
42 55
42 4
43 6
28 50
65 59
76 11