57 39 0 92 61 49 75 4 31 95 20 97 2 69 86 45 42 38 48 46 18 37 8 89 63 11 33 68 28 9 55 59 6 22 30 71 81 76 70 25 87 12 60 67 88 72 74 94 78 3 80 96 98 36 77 50 15 82 66 79 53 73 90 62 58 7 10 16 32 64 43 51 14 65 52 56 54 1 29 93 83 40 85 84 21 27 99 91 34 13 23 5 41 35 44 26 17 24 19 47
57 39
57 61
57 2
39 92
39 49
0 92
0 75
0 4
0 95
0 97
0 69
0 86
0 89
0 68
0 30
0 71
0 81
0 76
0 70
0 87
0 67
0 88
0 72
0 74
0 94
0 78
0 80
0 96
0 98
0 77
0 82
0 66
0 79
0 73
0 90
0 93
0 83
0 40
0 85
0 84
0 99
0 91
61 31
61 64
49 45
49 37
49 12
75 20
4 48
4 29
31 6
95 42
20 38
97 46
2 28
2 54
69 8
86 33
45 18
42 60
42 10
38 11
48 56
46 22
46 50
18 63
18 25
18 17
37 3
8 58
8 16
89 36
63 9
11 59
33 15
68 7
9 55
59 51
6 52
22 1
30 32
81 27
76 21
87 34
12 43
12 23
60 53
67 5
88 35
72 13
74 19
94 41
78 24
3 44
80 26
98 47
36 62
15 14
7 65