15 63 1 35 14 62 19 71 29 92 30 94 25 84 7 47 16 66 13 60 27 88 21 76 17 67 28 89 23 79 18 70 75 59 24 81 8 50 9 51 5 43 2 38 6 46 32 98 97 31 95 87 11 56 55 36 80 22 78 44 4 42 3 39 37 93 26 85 10 54 53 0 34 48 49 41 40 52 83 20 73 12 57 77 72 91 74 65 86 58 68 45 82 61 96 90 69 64 33
15 63
15 64
63 61
1 35
1 36
1 24
1 13
1 14
35 33
14 62
62 64
19 71
19 72
71 69
29 92
29 91
29 9
29 11
29 31
92 90
30 94
30 93
94 96
25 84
25 83
84 82
7 47
7 48
7 18
7 17
7 27
47 45
16 66
16 65
66 68
13 60
13 59
13 20
13 28
27 88
27 87
88 86
21 76
21 75
21 4
21 10
76 74
17 67
17 68
28 89
28 90
28 23
23 79
23 80
79 77
18 70
18 69
18 20
59 57
24 81
24 82
8 50
8 49
8 0
9 51
9 52
9 5
5 43
5 44
5 32
2 38
2 37
2 12
6 46
6 45
32 98
32 97
31 95
31 96
11 56
11 55
22 78
22 77
4 42
4 41
3 39
3 40
3 0
26 85
26 86
10 54
10 53
0 34
0 33
20 73
20 74
12 57
12 58