48 86 29 8 91 47 52 79 24 1 74 94 34 39 5 83 38 43 62 77 72 36 21 2 35 42 95 10 61 12 46 75 6 64 18 17 71 97 68 98 58 59 25 26 80 92 27 60 9 82 85 66 87 20 99 4 22 53 11 78 65 54 0 37 93 41 67 49 69 19 3 76 44 56 50 32 30 33 16 90 89 28 55 13 45 73 84 15 81 63 57 96 40 88 70 51 31 7 14 23
48 86
48 74
48 46
48 63
86 94
86 34
86 77
86 9
29 8
29 79
29 43
29 89
29 84
8 34
8 36
91 47
91 52
91 38
91 92
91 3
91 6
47 62
47 80
52 83
52 59
79 24
79 37
79 67
24 1
24 66
1 61
1 26
74 35
74 82
74 13
94 2
39 5
39 10
5 27
83 36
83 75
83 49
38 98
43 72
43 95
43 58
43 60
43 78
62 81
77 12
77 25
72 18
36 54
36 31
21 2
2 42
2 96
42 99
95 87
10 73
61 17
12 15
12 51
46 45
46 14
75 44
75 16
6 64
64 69
18 22
18 0
17 71
17 27
97 68
97 65
97 41
68 25
98 56
98 7
58 32
59 4
25 20
25 33
27 93
9 19
82 85
82 76
66 70
20 57
4 23
53 11
11 93
37 90
67 28
50 32
30 33
89 55
96 40
88 70