20 85 14 67 51 23 95 94 11 58 28 34 1 2 32 69 55 61 60 87 3 33 9 53 29 78 10 72 90 8 31 13 64 48 96 21 42 27 59 12 54 44 68 57 18 81 49 5 70 63 35 22 93 56 0 26 19 84 88 98 16 74 80 24 37 82 25 6 43 79 73 65 15 52 50 4 38 36 30 7 17 77 75 83 46 99 66 92 91 86 39 89 76 47 62 40 41 45 71 97
20 85
20 87
85 51
14 67
14 69
14 68
67 31
67 95
67 48
51 28
51 8
23 95
23 94
23 96
95 46
95 86
94 58
94 44
11 58
11 60
11 59
28 34
28 1
28 81
34 3
1 29
1 30
2 32
2 33
32 42
32 27
69 98
55 61
55 10
55 90
55 53
61 12
61 82
60 78
60 42
87 72
87 54
3 35
3 36
33 73
9 53
9 54
9 52
53 74
29 37
78 17
10 57
10 56
72 71
90 21
90 76
8 50
31 40
13 64
13 65
13 66
64 70
64 68
48 7
96 54
21 88
21 89
42 5
27 49
27 0
27 93
59 84
12 63
12 62
44 77
44 99
44 45
18 81
18 80
18 79
5 41
70 15
70 83
22 93
22 92
22 91
93 39
56 38
0 26
0 25
19 84
98 24
16 74
16 75
80 47
24 97
25 43
6 43
4 38