25 27 70 20 2 18 0 71 79 1 98 96 97 88 19 44 45 21 82 85 83 84 57 89 49 16 34 33 15 35 75 24 38 10 74 22 32 55 92 50 12 40 42 47 39 60 14 86 7 90 8 11 64 87 46 58 69 72 61 68 59 99 94 66 23 65 95 93 91 73 67 77 52 53 48 43 41 37 3 17 76 26 31 30 29 36 63 51 28 56 78 62 9 4 54 81 80 13 6 5
25 27
25 20
25 10
25 26
25 28
27 70
70 71
70 69
70 53
20 21
20 19
20 3
20 63
2 18
2 0
2 68
18 16
18 21
18 17
0 1
0 4
71 79
79 82
79 75
79 81
79 80
1 98
98 96
96 97
97 88
88 89
88 74
19 44
44 45
45 49
45 42
21 22
82 85
85 83
83 84
83 78
84 92
84 86
84 99
57 89
57 55
57 58
57 56
49 34
16 15
34 33
34 36
33 35
15 14
15 7
35 32
75 60
75 77
75 76
24 38
24 22
38 47
38 37
10 12
10 9
74 64
74 72
22 23
32 31
32 30
32 29
55 50
92 90
92 93
92 91
50 52
50 51
12 11
40 42
40 39
42 43
42 41
47 46
60 59
14 13
86 87
7 6
7 5
8 11
64 65
46 48
58 61
69 94
72 73
68 66
68 67
59 54
94 95
63 62