10 68 42 33 6 39 98 83 92 37 65 79 20 45 77 30 46 27 94 0 41 50 75 88 24 57 38 59 26 55 40 23 49 11 89 9 97 14 12 71 7 53 81 34 95 76 1 16 69 3 31 4 85 58 93 17 90 72 96 25 2 63 47 51 19 36 87 74 62 78 67 80 60 52 99 91 29 18 13 43 22 84 5 86 21 48 28 73 15 54 82 66 35 56 44 64 70 61 32 8
10 68
10 42
10 33
10 77
10 27
10 23
10 3
68 98
68 75
68 63
42 26
42 22
42 64
33 65
33 58
33 72
6 39
6 55
6 17
6 82
39 98
39 4
98 97
98 29
83 92
83 93
83 19
83 44
92 37
92 46
92 47
37 50
37 7
65 79
79 40
79 14
79 25
79 67
20 45
20 59
20 61
45 94
45 50
45 87
30 46
30 11
46 89
46 53
46 51
46 18
46 73
27 86
94 23
94 12
94 85
0 41
0 24
41 2
41 36
41 80
50 57
75 88
75 71
75 96
75 13
88 34
24 59
57 48
57 28
38 59
38 81
59 49
59 15
26 31
55 52
55 99
40 95
40 78
49 84
11 69
11 16
89 9
9 62
97 21
12 35
71 90
71 8
7 91
53 60
34 76
34 43
95 74
76 5
1 16
16 54
16 32
69 66
93 56
64 70