11 58 9 54 7 47 52 5 40 17 77 8 51 13 65 38 2 31 14 69 78 64 41 46 21 88 0 27 30 6 44 95 91 60 67 33 59 50 25 53 3 34 66 49 89 35 74 22 12 61 76 70 68 81 45 48 1 93 56 4 29 73 26 37 98 42 36 16 23 20 86 85 99 19 83 39 18 63 94 15 87 92 10 57 43 62 82 84 32 90 79 80 75 24 97 72 71 96 28 55
11 58
11 60
11 59
58 41
58 95
58 66
58 56
9 54
9 52
9 53
54 44
54 74
54 67
54 94
7 47
7 46
7 48
47 30
52 38
52 79
5 40
5 41
5 42
40 27
40 55
17 77
17 78
17 76
77 88
77 70
77 80
8 51
8 50
8 49
51 97
13 65
13 64
13 66
65 49
65 83
38 4
38 98
2 31
2 33
2 32
31 78
31 57
14 69
14 67
14 68
69 33
78 46
64 85
21 88
21 89
21 90
88 91
0 27
0 25
30 1
6 44
6 45
6 43
44 59
95 36
95 23
91 22
91 28
60 81
25 35
53 26
53 87
53 75
3 34
3 35
34 61
89 39
89 63
89 96
74 16
22 93
22 92
12 61
12 62
76 84
70 15
81 18
4 37
29 73
73 16
26 99
20 86
20 85
99 24
19 83
19 82
15 72
15 71
10 57