53 54 19 26 66 72 21 20 32 14 45 8 71 51 65 86 46 12 74 84 61 24 27 29 11 31 3 59 44 28 34 90 92 17 1 37 13 70 62 30 91 41 73 60 57 76 22 0 81 88 68 25 48 97 64 33 16 95 80 43 38 39 36 55 47 83 93 96 63 99 89 6 5 9 79 42 69 10 98 94 82 85 87 18 75 4 67 49 35 52 78 56 58 15 23 2 40 7 50 77
53 54
53 66
53 86
53 49
54 19
54 76
54 55
19 26
19 24
19 39
19 47
19 5
26 51
26 71
26 31
26 73
26 57
66 32
72 21
72 86
72 12
72 96
21 20
20 3
20 22
20 43
32 14
32 63
14 45
14 44
14 13
14 62
45 82
8 71
8 74
8 99
8 79
71 65
71 61
51 30
51 64
51 50
65 11
65 41
86 88
46 12
46 95
46 80
46 85
12 34
12 60
74 84
74 28
74 10
84 90
84 75
61 81
61 67
24 6
24 98
27 29
27 70
29 28
29 38
29 42
11 17
31 59
31 35
3 48
3 87
3 23
59 16
44 36
44 7
28 68
28 69
28 15
92 17
92 91
92 93
92 52
1 37
1 89
37 57
13 94
70 4
70 58
62 33
73 2
60 25
57 97
0 81
0 56
68 18
48 83
97 78
16 9
96 77
85 40