0 22 53 5 70 18 9 52 32 30 16 60 46 42 23 14 74 59 1 68 48 58 62 40 49 39 29 47 13 10 34 27 72 71 69 37 31 24 20 17 15 4 2 11 63 43 75 73 44 33 28 26 57 64 38 55 67 66 65 56 54 45 36 21 12 50 8 3 51 6 41 25 7 61 35 19
0 22
0 5
0 70
0 18
0 9
0 52
0 32
0 30
0 16
0 60
0 46
0 42
0 23
0 74
0 72
0 71
0 69
0 37
0 31
0 24
0 20
0 17
0 15
0 4
0 2
0 11
0 75
0 73
0 44
0 33
0 28
0 26
0 57
0 67
0 66
0 65
0 56
0 54
0 45
0 36
0 21
0 12
0 50
0 8
0 3
0 51
0 6
0 41
0 25
0 7
0 61
0 35
0 19
22 53
22 64
53 10
53 27
5 34
5 43
70 1
70 48
18 63
18 38
9 14
52 59
52 40
32 49
30 39
16 47
60 13
46 58
42 62
23 29
14 55
74 68