21 68 56 72 16 54 83 44 65 73 77 15 0 49 31 1 81 25 19 18 84 61 92 86 5 46 37 62 79 52 10 2 64 67 76 90 12 9 82 22 63 78 58 91 53 66 28 7 51 35 75 48 20 29 45 69 17 71 32 23 3 6 34 50 59 57 8 40 70 60 13 14 33 74 39 88 11 24 41 42 4 43 85 47 89 87 36 55 38 30 27 80 26
21 68
21 44
21 31
21 19
21 43
21 26
68 54
68 73
68 48
56 72
56 65
56 84
56 63
56 51
72 15
72 81
72 64
16 54
16 83
16 37
16 87
54 23
83 86
83 2
83 90
83 78
83 88
83 89
44 65
44 77
65 25
65 74
65 11
73 18
73 52
73 29
73 57
77 61
77 60
15 1
15 58
15 32
15 47
0 49
0 31
49 46
49 50
1 62
1 40
81 10
81 30
25 53
19 79
18 5
84 82
61 92
92 71
92 39
92 42
5 67
46 20
46 8
37 12
62 76
62 22
79 33
79 24
52 91
10 3
2 41
64 70
67 9
90 66
12 17
9 7
82 85
22 45
63 28
63 36
78 27
91 35
53 6
66 59
28 34
51 55
35 75
75 69
48 4
20 38
45 13
13 14
41 80