34 30 11 68 28 49 93 43 31 20 52 54 19 51 35 65 24 48 73 0 83 82 36 74 46 7 95 41 67 57 1 56 64 18 70 40 12 13 25 33 16 80 76 98 85 79 94 89 55 58 6 91 5 90 88 53 2 97 22 26 50 61 37 96 84 92 21 15 86 71 29 3 4 39 9 14 45 72 87 77 38 8 10 27 42 81 17 59 69 99 60 75 44 32 66 63 23 47 78 62
34 30
34 51
34 46
34 54
34 16
34 9
34 87
30 11
30 20
30 33
11 68
11 82
68 19
68 36
68 74
68 67
68 95
68 25
28 49
28 31
28 6
49 93
49 89
49 22
93 43
43 54
43 35
31 83
31 64
31 99
20 52
20 18
20 98
20 94
52 73
52 1
54 53
54 39
19 66
51 48
51 75
35 40
35 5
65 24
65 63
65 23
24 48
24 79
48 97
48 8
73 44
0 83
0 13
0 86
0 71
83 76
82 37
36 57
36 12
74 7
74 90
74 2
74 26
46 77
7 96
7 84
7 92
7 62
95 41
41 80
67 14
1 56
56 70
56 47
18 85
70 61
40 15
12 50
25 81
33 21
16 72
98 29
85 38
55 58
55 9
58 59
58 32
6 91
91 88
2 10
50 45
61 60
96 4
92 3
29 17
87 78
27 42
42 81
69 99