11 21 14 0 3 37 27 28 4 72 99 98 20 12 5 17 1 56 77 44 70 58 46 13 65 59 15 33 69 36 8 47 9 18 80 82 41 73 19 97 79 90 48 87 92 39 45 31 22 51 84 81 55 76 34 89 52 75 49 93 57 35 62 71 2 74 6 24 83 43 94 32 61 60 88 86 95 63 66 68 85 91 10 40 78 16 38 26 50 96 25 53 30 23 67 64 7 42 54 29
11 21
11 14
11 15
11 34
11 49
21 4
21 20
21 70
21 74
14 99
14 5
14 77
14 32
14 60
14 63
14 78
0 3
0 28
0 72
0 17
0 66
0 23
3 59
3 48
3 75
3 43
3 53
37 27
37 46
37 92
37 81
37 55
37 91
27 98
27 44
27 41
27 35
27 62
27 40
28 79
28 6
28 83
28 94
28 38
4 56
4 18
4 93
4 24
4 67
4 7
72 98
99 65
99 8
20 12
12 31
12 76
5 1
5 58
5 19
5 22
5 51
5 16
5 30
17 1
1 89
1 52
1 10
1 42
56 36
56 80
77 73
77 57
44 13
70 69
58 33
46 47
46 86
46 85
46 29
13 39
59 82
15 2
15 25
69 9
69 90
36 87
8 71
8 88
8 95
9 97
9 64
18 50
18 54
80 84
82 96
97 26
90 45
39 61
66 68