96 66 58 86 34 18 43 38 69 1 93 35 21 25 85 50 59 40 46 84 5 73 32 91 4 83 76 19 87 72 42 20 94 10 8 74 16 65 27 63 36 13 62 92 54 31 82 41 30 99 56 24 71 64 44 97 53 67 70 2 47 26 17 75 55 61 80 60 95 48 33 79 77 49 6 11 98 22 14 89 51 90 88 23 9 68 12 78 39 15 0 28 57 7 45 52 29 37 3 81
96 66
96 25
96 34
96 84
66 35
66 68
58 86
58 50
58 5
86 34
86 43
34 38
34 1
18 43
18 69
18 67
18 90
43 93
38 21
38 20
38 48
38 29
69 85
69 65
69 97
69 61
1 59
1 26
93 32
35 19
35 6
35 7
21 27
21 33
25 72
25 77
85 94
50 92
50 74
50 23
59 91
59 51
40 46
40 87
40 81
46 73
46 55
84 16
84 70
5 42
73 4
32 49
32 99
91 62
4 53
83 76
83 98
76 87
76 19
76 75
72 82
42 10
42 13
42 56
20 41
20 3
94 17
10 63
10 22
8 74
74 24
74 71
74 78
16 15
65 36
27 45
63 54
36 12
92 57
92 37
54 31
54 14
41 11
30 99
99 2
56 47
56 95
56 89
56 88
24 52
64 44
44 70
53 79
67 60
2 9
26 0
61 80
61 28
51 39