24 75 83 88 2 46 85 47 7 20 52 68 11 36 3 29 42 26 16 4 87 32 81 17 59 66 67 15 71 69 14 19 60 91 78 76 35 74 44 9 41 63 28 34 50 80 33 70 22 86 40 61 12 57 31 38 30 6 64 39 13 45 89 18 25 21 8 1 37 5 10 23 90 84 48 82 62 56 65 49 0 79 73 54 77 92 55 27 53 43 72 51 58
24 75
24 32
24 6
24 55
75 2
75 42
75 9
75 73
83 88
83 66
83 91
83 86
83 37
88 47
88 87
88 78
88 61
2 29
46 85
46 20
46 17
46 67
46 33
85 47
85 36
47 52
7 20
7 80
7 51
20 3
20 16
20 50
20 63
20 89
52 68
68 76
68 5
68 48
11 36
11 40
11 90
36 26
3 4
3 71
29 69
42 26
42 13
42 43
26 49
16 59
16 8
87 22
87 10
32 81
81 31
81 64
17 14
17 18
59 39
66 15
66 72
67 38
67 77
15 34
71 28
69 82
14 19
14 70
14 25
19 60
19 30
60 92
78 44
35 74
35 79
74 31
41 63
41 62
63 45
63 54
50 84
70 58
12 57
12 79
31 0
6 21
6 56
89 65
25 1
1 23
1 27
1 53