2 38 15 64 21 75 0 34 7 47 30 93 76 12 57 9 51 1 35 19 71 94 17 68 37 27 88 10 54 29 91 28 90 48 8 50 24 82 72 53 5 44 32 98 97 26 85 81 16 65 63 58 43 40 23 80 79 22 78 77 87 25 83 67 14 61 13 60 4 41 84 18 70 11 55 42 52 6 46 92 89 56 86 3 39 31 96 66 69 33 74 49 95 20 59 45 36 73 62
2 38
2 37
2 27
2 15
2 18
2 19
2 13
2 4
38 40
15 64
15 63
64 62
21 75
21 76
21 30
21 32
21 11
21 9
0 34
0 33
0 28
34 36
7 47
7 48
7 13
47 45
30 93
30 94
30 22
30 24
30 25
93 95
76 74
12 57
12 58
57 59
9 51
9 52
51 49
1 35
1 36
1 32
1 26
19 71
19 72
17 68
17 67
17 14
68 66
37 39
27 88
27 87
10 54
10 53
10 14
29 91
29 92
29 32
28 90
28 89
8 50
8 49
24 82
24 81
5 44
5 43
5 16
32 98
32 97
32 16
26 85
26 86
26 23
16 65
16 66
23 80
23 79
22 78
22 77
25 83
25 84
14 61
14 62
13 60
13 59
4 41
4 42
18 70
18 69
11 55
11 56
6 46
6 45
3 39
31 96
31 95
74 20
20 73