20 38 53 54 67 88 31 34 56 41 80 37 8 69 74 68 18 9 42 1 62 98 91 70 30 15 7 82 95 85 51 64 76 48 72 13 11 59 84 55 21 43 60 47 94 19 33 12 3 65 96 57 78 35 77 75 22 63 28 39 29 93 32 79 92 86 89 66 6 36 71 40 61 99 16 4 49 2 45 83 90 87 26 24 10 27 52 5 50 25 97 44 46 14 58 17 73 81 23 0
20 38
20 18
20 77
38 56
38 1
38 70
53 54
53 74
53 12
53 32
53 83
54 67
54 34
54 44
67 19
67 63
67 6
67 0
88 31
88 37
31 68
31 18
31 9
34 62
34 91
56 84
56 39
41 80
41 69
80 59
80 73
37 13
37 89
8 69
8 15
8 51
69 7
69 96
69 45
74 68
68 2
9 42
42 98
42 3
42 49
42 22
1 30
1 43
1 93
91 51
91 27
70 72
70 87
30 85
15 64
7 65
82 95
82 57
95 78
95 29
85 86
85 16
51 11
51 21
64 40
76 48
76 12
48 55
72 90
13 61
13 10
11 78
84 97
21 60
43 35
60 25
47 94
47 33
47 28
94 36
94 46
19 33
33 66
65 24
78 99
77 81
75 22
63 50
39 58
29 26
93 92
32 79
86 23
6 17
36 71
36 5
36 14
61 52
16 4