4 21 23 64 69 75 59 63 84 18 3 26 73 72 49 50 5 60 67 51 48 93 79 78 95 92 91 36 40 39 29 24 25 13 28 62 70 27 74 19 43 7 58 83 8 16 17 80 61 11 38 14 66 42 55 77 31 54 37 2 57 32 9 88 45 85 52 1 82 94 81 15 47 35 46 68 41 44 12 6 10 86 56 71 30 89 76 34 90 65 87 20 33 0 22 53
4 21
4 3
4 5
4 20
21 23
21 22
23 18
23 24
64 69
64 63
69 75
75 84
75 88
59 63
59 3
84 73
84 85
84 86
84 89
18 26
18 19
18 17
3 2
26 29
26 28
26 27
73 72
72 67
72 78
49 50
49 48
50 51
5 60
5 7
5 8
5 6
60 62
60 61
67 74
67 66
51 93
48 39
93 91
79 78
79 95
79 80
78 76
95 92
92 91
36 40
36 39
36 37
40 45
39 14
39 47
29 43
29 44
24 25
25 13
13 11
62 70
70 71
70 65
27 31
27 34
74 83
19 32
43 42
7 58
58 55
58 57
83 82
8 9
16 17
16 15
80 77
80 94
11 38
11 12
38 52
38 35
66 68
42 41
55 54
31 30
54 53
2 1
57 56
32 33
9 10
88 90
85 87
1 0
82 81
35 46