7 47 1 30 28 3 35 46 76 17 23 94 83 22 93 19 40 2 32 10 57 77 99 60 11 34 6 44 78 5 31 84 29 42 55 56 53 16 73 27 91 65 67 81 86 4 37 36 48 39 24 21 90 13 18 9 33 52 98 8 50 49 43 0 95 12 63 58 82 25 72 75 66 61 70 64 89 41 14 68 80 88 74 62 54 20 15 79 92 96 71 85 59 38 45 97 26 69 51 87
7 47
7 46
7 48
47 76
47 30
1 30
1 28
30 96
30 45
28 60
28 32
3 35
3 34
3 36
35 83
35 53
35 73
46 84
46 65
76 17
17 77
17 78
23 94
23 95
94 99
94 53
83 19
83 27
22 93
22 91
22 92
93 40
93 99
19 84
19 82
40 5
2 32
2 31
2 33
32 72
10 57
10 55
10 56
57 86
57 88
77 50
99 81
99 24
60 11
11 58
11 59
34 37
34 44
6 44
6 43
5 42
5 41
29 42
55 54
53 9
16 73
16 74
73 86
27 0
91 67
65 13
67 75
67 14
81 18
81 70
86 20
86 87
4 37
4 39
4 38
24 98
24 97
21 90
21 89
90 49
90 80
13 66
13 64
18 79
9 52
8 50
8 49
8 51
0 25
0 26
95 63
12 63
12 61
12 62
72 15
14 68
14 69
20 85
15 71