2 0 70 10 75 7 3 58 72 8 86 14 18 19 1 51 76 35 74 46 55 59 41 50 79 20 26 25 73 44 47 30 39 13 54 27 71 11 24 67 81 33 49 53 40 29 89 6 80 84 22 65 83 78 38 62 48 16 43 37 88 28 66 15 82 31 69 63 4 68 12 52 77 60 56 36 23 45 57 85 9 32 61 87 34 42 17 5 64 21
2 0
2 75
2 27
2 83
2 9
0 3
0 10
0 14
0 46
0 11
0 55
0 6
0 15
0 4
0 12
0 5
70 10
70 8
70 86
70 51
70 47
10 19
75 7
7 58
7 29
3 72
3 52
58 25
58 39
72 18
72 57
8 76
8 53
86 1
86 37
14 79
14 38
14 88
18 30
18 49
18 42
19 73
19 56
1 43
51 67
51 40
51 80
76 44
76 64
35 74
35 24
74 46
46 68
55 59
59 89
41 50
41 73
50 20
50 26
79 54
79 71
20 81
26 22
26 23
25 65
47 82
47 17
30 13
13 16
54 84
71 31
11 32
24 69
67 48
81 34
33 49
33 78
53 28
40 77
29 60
89 87
6 61
84 45
83 66
78 21
38 62
62 63
15 85
4 36