94 95 84 85 74 75 64 65 54 55 49 59 48 58 47 57 46 56 45 44 43 53 42 52 41 51 40 50 34 35 24 25 14 15 4 5 96 93 86 83 76 73 66 63 69 68 67 62 61 60 39 38 37 36 33 32 31 30 26 23 16 13 6 3 97 92 87 82 77 72 79 78 71 70 29 28 27 22 21 20 17 12 7 2 98 91 88 81 89 80 19 18 11 10 8 1 99 90 9 0
94 95
94 93
95 96
84 85
84 83
85 86
74 75
74 73
75 76
64 65
64 63
65 66
65 55
54 55
54 44
55 45
49 59
49 39
59 69
48 58
48 38
58 68
47 57
47 37
57 67
46 56
46 36
56 66
45 35
43 53
43 33
53 63
42 52
42 32
52 62
41 51
41 31
51 61
40 50
40 30
50 60
34 35
24 25
24 23
25 26
14 15
14 13
15 16
4 5
4 3
5 6
96 97
93 92
86 87
83 82
76 77
76 66
73 72
69 79
68 78
67 77
62 72
61 71
60 70
39 29
38 28
37 27
36 26
32 22
31 21
30 20
16 17
13 12
6 7
3 2
97 98
92 91
87 88
87 77
82 81
79 89
78 88
71 81
70 80
29 19
28 18
27 17
21 11
20 10
7 8
2 1
98 99
98 88
91 90
89 99
80 90
19 9
18 8
10 0