1 12 21 6 25 29 7 0 60 27 30 26 40 83 48 53 80 16 58 82 69 98 67 42 11 13 22 95 75 65 96 61 52 63 50 47 76 18 19 2 5 56 39 97 81 70 77 93 49 86 54 91 28 71 31 43 62 51 33 36 90 72 99 74 87 23 79 17 20 64 41 3 59 45 66 14 94 78 84 32 89 57 35 24 88 37 15 8 46 85 68 38 9 34 10 44 4 55 92 73
1 12
1 83
1 40
1 80
1 82
1 69
1 98
1 95
1 75
1 96
1 76
1 97
1 81
1 70
1 77
1 93
1 86
1 91
1 71
1 90
1 72
1 99
1 74
1 87
1 79
1 94
1 78
1 84
1 89
1 88
1 85
1 92
1 73
12 21
21 26
21 22
6 25
6 27
6 2
6 35
25 29
25 16
29 7
29 32
7 13
7 8
0 60
0 27
0 40
0 48
0 53
0 58
0 67
0 42
0 65
0 61
0 52
0 63
0 50
0 47
0 56
0 49
0 54
0 43
0 62
0 51
0 64
0 59
0 45
0 66
0 57
0 46
0 68
0 44
0 55
30 26
30 5
30 39
83 20
48 11
58 28
82 18
67 38
11 24
13 33
95 34
65 36
61 31
50 15
18 19
19 10
70 3
28 23
71 4
31 9
23 14
17 20
41 3
66 37