72 23 11 24 71 58 35 48 45 31 6 10 59 55 40 84 9 68 7 77 13 62 61 16 15 38 1 50 54 87 64 60 41 5 78 46 32 44 2 20 25 22 34 4 81 36 12 86 85 28 51 19 82 0 75 47 83 56 53 57 76 65 14 8 63 37 27 67 52 33 18 73 21 3 43 49 80 66 30 69 42 26 70 17 39 79 88 29 74
72 23
72 71
72 45
72 67
72 18
72 73
72 88
23 11
23 24
23 7
23 64
23 22
11 10
11 77
11 25
11 12
11 75
24 40
24 68
24 50
24 87
71 58
71 70
58 35
58 31
58 6
58 57
35 48
35 55
48 59
48 47
48 53
48 29
45 13
45 46
45 44
31 32
31 51
31 85
31 30
6 5
6 34
10 9
10 66
59 60
59 42
55 56
40 41
40 39
84 9
84 16
84 83
84 80
9 38
68 28
68 69
7 20
77 76
13 1
13 14
62 61
62 81
62 8
61 87
16 15
16 78
38 54
38 37
1 2
1 0
50 49
50 74
64 65
64 63
41 36
5 4
78 79
46 27
44 43
2 3
20 19
25 26
22 21
34 33
34 17
81 82
86 85
53 52