5 33 23 75 27 4 58 56 38 86 73 96 36 26 49 21 99 60 9 98 93 70 1 61 24 41 10 50 52 37 80 97 71 40 29 11 51 42 92 47 62 14 12 6 17 43 84 81 15 54 19 59 65 44 18 16 28 78 66 3 91 39 20 74 25 95 0 55 68 31 77 35 85 45 48 83 7 46 57 76 30 13 89 34 94 22 67 90 87 2 32 69 88 82 79 72 8 64 63 53
5 33
5 4
5 74
5 31
5 76
33 23
33 24
33 78
33 90
23 37
75 27
75 21
75 40
75 73
27 84
27 19
27 91
27 8
4 58
4 12
4 44
4 22
4 69
58 41
56 38
56 1
56 80
38 86
38 62
86 73
86 54
73 52
73 41
73 28
96 36
96 40
96 50
96 6
96 68
96 46
96 87
26 49
26 29
49 99
21 99
21 83
21 7
21 64
99 11
99 93
99 48
60 9
60 50
60 39
60 63
9 70
98 93
98 0
98 82
70 61
70 15
1 10
1 42
1 35
24 67
10 97
10 57
10 13
50 14
52 45
52 2
37 51
80 65
97 71
97 59
71 92
71 25
29 85
29 88
11 20
51 95
42 81
92 47
62 17
12 79
17 43
84 89
81 18
81 16
19 94
16 55
66 3
66 35
68 34
31 77
31 53
77 30
13 32
72 8