47 48 53 54 41 42 37 40 36 59 60 35 30 65 66 29 71 24 72 23 22 20 77 18 78 17 12 83 84 11 89 6 90 4 92 0 94 85 86 76 74 62 38 32 2 44 26 80 70 68 14 8 52 82 16 64 58 56 50 5 91 93 88 87 81 73 75 67 69 63 57 51 45 39 31 33 34 27 21 13 15 9 3 43 25 55 49 7 95 1 10 79 19 28 61 46
47 48
47 42
47 43
47 46
48 53
48 50
53 54
53 52
53 49
54 59
54 56
41 42
41 37
42 44
37 40
40 36
36 35
36 38
59 60
59 58
59 55
60 65
60 62
60 64
35 30
35 31
30 29
30 32
30 34
65 66
66 71
66 68
29 24
29 25
29 28
71 72
71 70
24 23
24 26
72 77
72 76
72 74
23 22
23 19
22 20
20 18
20 21
77 78
18 17
78 83
78 80
78 82
17 12
17 16
12 11
12 14
83 84
84 89
84 86
11 6
11 7
11 10
89 90
89 85
6 4
6 8
90 92
90 95
4 0
4 1
92 94
92 93
0 2
0 5
94 91
85 88
86 87
76 73
74 75
62 63
38 39
32 33
2 3
44 45
26 27
80 81
70 67
68 69
14 15
8 9
82 79
16 13
64 61
56 57
50 51