13 59 27 88 23 79 8 49 31 95 25 84 0 34 21 76 6 46 5 43 3 39 19 71 16 66 96 11 55 17 67 14 61 7 47 56 9 52 28 90 32 98 97 87 83 75 18 70 12 58 1 35 29 91 89 80 22 78 15 64 62 44 4 42 40 2 38 26 85 24 81 20 73 72 60 33 92 63 50 10 54 65 45 30 94 53 57 68 69 37 41 86 48 74 36 93 82 51 77
13 59
13 60
13 31
59 57
27 88
27 87
27 14
27 21
27 10
88 86
23 79
23 80
23 0
23 19
79 77
8 49
8 50
8 7
49 51
31 95
31 96
31 19
31 2
31 32
95 93
25 84
25 83
25 7
25 18
84 82
0 34
0 33
0 20
34 36
21 76
21 75
76 74
6 46
6 45
46 48
5 43
5 44
5 19
43 41
3 39
3 40
39 37
19 71
19 72
16 66
16 65
66 68
11 55
11 56
11 1
17 67
17 68
17 4
14 61
14 62
14 28
7 47
7 48
7 29
7 15
9 52
9 51
28 90
28 89
32 98
32 97
18 70
18 69
70 72
12 58
12 57
1 35
1 36
29 91
29 92
22 78
22 77
15 64
15 63
4 42
4 41
2 38
2 37
26 85
26 86
24 81
24 82
20 73
20 74
10 54
10 53
30 94
30 93