21 89 84 96 90 86 5 42 19 62 31 23 24 99 2 39 85 12 7 48 10 55 52 20 1 30 16 73 95 18 80 94 22 92 97 25 33 65 57 47 8 49 13 87 98 66 74 82 46 91 41 28 63 4 3 34 58 70 60 77 11 88 40 50 83 0 26 79 17 38 56 68 76 9 29 75 59 27 64 93 69 32 36 45 54 44 71 35 6 14 37 78 15 61 53 81 67 51 43 72
21 89
21 90
21 88
89 31
89 45
84 96
84 19
96 86
96 62
96 23
96 67
90 52
86 20
86 76
5 42
5 41
5 40
42 99
42 48
19 82
19 83
62 12
62 92
62 49
31 2
31 70
31 77
23 95
23 94
24 99
24 97
2 33
39 85
39 46
39 4
85 20
85 32
85 43
12 63
12 61
7 48
48 57
48 37
10 55
10 57
10 56
55 94
52 25
52 9
20 87
1 30
1 28
1 29
30 58
16 73
16 74
73 26
95 75
18 80
18 79
18 81
80 47
80 98
80 71
94 69
22 92
22 91
22 93
92 54
97 27
97 72
33 65
33 36
65 57
65 13
65 44
8 49
8 50
8 51
13 66
13 64
87 98
66 74
46 28
41 34
63 60
4 38
3 34
3 35
34 68
58 11
77 17
11 59
0 26
17 78
9 53
69 14
45 6
71 15