10 55 19 82 56 23 96 84 95 94 71 57 5 40 7 46 27 74 54 9 59 15 70 77 69 0 11 16 88 39 87 28 53 38 47 42 72 6 43 61 91 17 1 29 12 20 62 48 30 31 50 36 18 79 34 98 75 68 22 4 85 44 21 92 83 89 14 58 8 3 25 45 32 64 78 76 37 24 51 97 73 13 66 65 52 35 86 93 80 60 2 41 26 33 63 81 99 90 49 67
10 55
10 56
10 57
55 46
55 69
55 67
19 82
19 84
19 83
82 59
82 38
82 34
82 50
56 88
56 90
23 96
23 95
23 94
96 91
96 31
96 97
96 60
84 28
84 79
84 42
95 38
95 73
94 71
71 77
71 15
57 27
5 40
5 42
5 41
40 98
40 92
7 46
7 47
7 48
27 74
27 54
27 0
74 16
74 61
54 9
54 36
9 53
59 11
15 70
15 72
70 87
70 62
77 17
69 51
0 26
11 58
16 75
88 21
39 87
39 35
87 20
28 1
53 91
38 68
38 4
72 64
6 43
6 44
6 45
43 50
61 12
91 22
17 76
1 29
1 30
29 89
29 52
20 85
20 86
31 2
50 8
50 25
18 79
18 80
18 81
34 3
98 24
68 14
22 93
4 37
89 63
58 32
58 78
8 49
24 99
51 66
13 66
13 65
2 33