0 36 38 84 85 51 22 57 23 12 59 92 28 87 82 81 62 69 35 86 20 30 96 4 48 95 19 76 9 66 73 74 37 43 52 15 54 64 25 60 44 34 8 39 55 68 26 97 75 70 2 80 77 11 78 40 14 45 67 33 21 7 49 58 61 56 24 63 16 27 47 46 29 50 3 93 18 65 53 42 31 6 98 89 88 71 32 91 79 90 99 83 94 72 1 13 5 41 17 10
0 36
0 38
0 84
0 85
0 92
0 87
0 82
0 81
0 69
0 86
0 96
0 95
0 76
0 73
0 74
0 34
0 68
0 97
0 75
0 70
0 80
0 77
0 78
0 98
0 89
0 88
0 71
0 32
0 91
0 79
0 90
0 99
0 83
0 94
0 72
36 51
36 93
36 18
36 42
36 31
36 6
38 64
38 25
38 7
38 65
84 22
85 23
51 43
51 60
22 57
57 59
57 62
57 52
23 12
12 28
12 47
59 15
59 66
92 35
28 54
87 30
82 20
81 19
62 48
69 2
35 33
35 21
86 26
20 46
20 29
30 44
96 40
4 48
4 37
4 50
48 8
95 39
76 11
9 66
9 14
43 3
52 49
15 27
54 56
64 58
25 24
60 16
44 61
34 53
39 55
68 1
26 63
97 41
75 10
70 5
2 67
80 17
77 13
11 45