18 80 5 40 7 48 47 46 24 98 8 49 81 38 58 51 41 50 10 55 59 64 11 34 82 3 6 44 73 13 65 84 60 29 99 79 52 90 22 91 71 2 33 4 94 23 95 37 53 56 57 39 27 16 19 17 76 72 66 86 78 67 43 21 9 32 1 68 77 15 12 61 93 69 63 96 45 42 89 97 26 14 83 85 20 92 36 31 25 70 28 62 88 0 74 54 87 75 35 30
18 80
18 81
18 79
80 95
80 55
80 77
5 40
5 41
5 42
40 58
40 82
7 48
7 47
7 46
48 60
48 69
47 78
47 96
46 84
24 98
24 99
24 97
98 60
8 49
8 51
8 50
49 99
81 59
38 58
38 4
38 72
58 11
58 93
51 73
41 90
41 67
50 56
10 55
10 57
55 52
59 64
59 11
59 63
64 13
64 74
11 60
34 82
34 3
34 29
34 44
34 71
34 94
3 35
6 44
6 43
6 45
73 16
13 65
13 66
65 86
65 68
65 25
84 19
84 32
60 85
29 1
79 89
52 9
90 21
22 91
22 93
22 92
91 28
2 33
2 32
2 31
4 39
94 23
37 53
53 9
56 26
57 27
19 83
17 76
17 78
76 75
72 15
72 87
86 20
21 88
9 54
1 30
15 70
12 61
12 63
12 62
69 14
26 36
26 0