25 49 5 98 34 66 68 80 90 84 32 40 47 81 58 51 61 23 55 4 85 37 91 88 22 83 67 93 15 96 45 1 73 53 69 86 24 27 17 56 57 62 71 42 9 43 70 26 13 97 28 65 41 50 52 95 6 72 74 2 46 35 60 14 77 92 12 11 87 48 33 21 89 31 19 10 39 54 20 78 63 0 94 44 59 18 79 3 64 36 16 30 7 99 29 82 8 38 75 76
25 49
25 81
25 61
49 5
49 42
49 29
5 98
5 58
5 43
5 79
5 75
98 84
98 1
98 13
98 76
34 66
34 88
34 40
34 86
66 90
66 47
68 80
68 32
68 17
80 22
80 56
80 26
80 28
80 2
90 84
90 23
90 8
84 72
32 40
32 51
32 73
32 12
40 62
40 48
47 37
47 91
47 27
47 20
81 67
81 4
81 33
58 96
58 57
58 9
58 41
51 55
51 82
61 24
61 59
61 18
23 83
4 85
4 93
4 46
85 45
85 71
37 11
37 89
91 95
91 99
22 78
83 15
67 60
67 39
67 63
67 64
93 69
15 53
96 74
96 30
45 35
45 21
1 50
73 87
53 10
53 16
69 65
69 31
24 19
24 94
27 54
17 6
56 36
57 3
9 0
43 70
43 44
26 77
13 97
13 92
41 38
50 52
52 14
39 7