0 80 79 86 18 85 24 65 20 34 75 2 29 83 63 77 73 48 8 46 40 53 54 61 12 14 17 82 1 67 64 11 55 78 45 9 5 42 10 22 3 41 76 66 47 84 39 81 91 26 58 31 74 23 69 21 43 16 71 57 59 49 35 70 56 7 68 52 25 60 28 32 15 38 19 4 13 6 50 30 62 87 89 51 88 72 92 37 90 44 36 27 33
0 80
0 79
0 84
80 75
80 76
80 43
79 86
79 90
86 18
86 82
18 40
18 91
18 38
85 24
85 2
85 7
24 29
24 74
65 20
65 34
65 41
20 42
20 54
34 75
34 60
75 58
75 37
2 55
2 13
29 83
29 23
83 48
83 32
63 77
63 3
77 53
77 54
77 12
77 16
73 48
73 45
48 61
8 46
8 5
8 22
8 41
46 10
46 81
40 9
53 69
53 51
54 6
61 12
14 17
14 11
14 78
17 15
82 62
1 67
1 64
67 68
64 11
64 72
11 91
55 39
55 59
78 47
45 50
9 4
5 44
42 70
10 88
22 56
3 31
3 89
41 71
76 92
66 47
47 21
84 25
26 58
23 36
69 19
16 49
71 57
57 28
59 87
49 35
49 27
52 25
32 33
6 30