9 38 15 85 16 11 49 47 79 19 22 88 76 36 91 46 50 18 8 37 66 5 96 70 83 74 10 0 72 20 67 56 35 25 62 86 84 75 94 95 71 13 59 77 78 52 12 90 97 89 14 6 53 64 69 54 2 44 33 24 65 1 55 23 28 82 63 73 58 48 42 3 32 80 40 45 39 81 30 92 27 68 99 29 34 31 98 87 26 4 93 51 43 21 7 61 41 17 57 60
9 38
9 49
9 79
9 55
9 78
38 16
38 22
38 50
15 85
15 79
15 19
15 37
15 10
15 62
85 11
85 47
85 24
16 8
16 94
16 63
11 88
11 70
49 91
47 46
47 7
79 97
79 29
79 43
19 71
19 82
22 6
22 44
22 30
88 5
88 14
76 36
76 83
76 67
76 35
76 48
36 25
36 89
36 32
36 98
91 18
46 74
46 86
50 20
18 12
18 31
8 84
8 3
37 66
37 75
37 73
37 60
66 56
66 87
5 83
5 0
96 70
96 53
96 42
96 92
83 72
83 28
74 17
10 54
0 95
0 99
72 34
20 13
67 2
67 27
62 90
62 41
84 40
84 45
75 59
75 69
75 81
75 61
95 52
95 26
71 21
59 64
77 78
77 65
90 39
90 57
6 33
53 1
69 58
69 93
24 23
73 68
32 80
32 51
34 4