1 4 3 12 5 9 11 8 10 2 7 13 6 16 29 28 32 19 25 17 26 23 20 24 14 30 31 15 27 18 22 33 21 0 50 49 41 40 99 98 97 96 95 93 92 91 90 89 88 87 86 85 84 83 82 81 80 79 78 77 76 75 74 72 71 70 69 68 66 64 63 62 61 60 59 58 57 56 55 54 53 52 51 48 47 46 45 44 43 42 39 38 37 36 34 73 65 94 67 35
1 4
1 3
1 2
1 0
4 12
4 5
4 13
3 9
3 8
3 7
12 11
12 37
12 36
12 35
5 16
5 17
5 15
9 29
9 28
9 26
9 27
11 10
11 33
11 34
8 25
8 23
8 24
10 32
10 30
10 31
2 6
7 20
7 22
7 21
13 14
13 41
13 40
13 39
13 38
6 19
6 18
16 50
16 49
16 48
16 47
16 46
29 90
29 89
29 88
29 87
28 86
28 85
28 84
28 83
32 98
32 97
32 96
32 95
19 60
19 59
19 58
19 57
25 76
25 75
25 74
25 73
17 54
17 53
17 52
17 51
26 80
26 79
26 78
26 77
23 69
23 68
23 67
20 63
20 62
20 61
24 72
24 71
24 70
14 43
14 42
30 92
30 91
31 93
31 94
15 45
15 44
27 82
27 81
18 56
18 55
22 66
22 65
33 99
21 64