85 46 48 11 39 66 24 93 35 61 2 14 62 40 34 45 1 20 59 28 79 75 16 0 44 33 13 30 3 42 29 10 17 27 77 55 94 86 84 67 65 56 88 82 51 89 83 38 19 57 98 63 80 36 7 12 68 53 8 9 32 5 92 23 52 50 60 58 69 76 90 26 49 31 91 87 97 22 70 25 43 95 99 41 37 71 96 6 21 18 81 54 73 74 64 15 4 78 72 47
85 46
85 11
46 48
48 39
11 66
39 24
66 93
24 35
93 61
35 2
61 14
2 62
14 40
62 34
40 45
34 1
45 20
1 59
20 28
59 79
28 75
79 16
75 0
16 44
0 33
44 13
33 30
13 3
30 42
3 29
42 10
29 17
10 27
17 77
27 55
77 94
55 86
94 84
86 67
84 65
67 56
65 88
56 82
88 51
82 89
51 83
89 38
83 19
38 57
19 98
57 63
98 80
63 36
80 7
36 12
7 68
12 53
68 8
53 9
8 32
9 5
32 92
5 23
92 52
23 50
52 60
50 58
60 69
58 76
69 90
76 26
90 49
26 31
49 91
31 87
91 97
87 22
97 70
22 25
70 43
25 95
43 99
95 41
99 37
41 71
37 96
71 6
96 21
6 18
21 81
18 54
81 73
54 74
73 64
74 15
64 4
15 78
4 72
78 47