0 86 40 7 55 79 66 64 56 92 73 29 59 69 96 25 50 41 48 12 54 74 91 1 67 13 53 70 76 57 77 71 30 93 3 88 81 80 63 85 68 61 84 5 6 72 9 75 89 14 83 24 2 82 47 95 18 90 58 38 87 97 43 15 98 4 45 51 44 31 21 10 32 19 99 78 46 20 65 52 35 60 16 62 49 27 28 36 42 22 8 94 34 26 17 11 33 23 39 37
0 86
0 55
0 79
0 66
0 64
0 56
0 92
0 73
0 29
0 59
0 69
0 96
0 74
0 91
0 67
0 70
0 76
0 57
0 77
0 71
0 93
0 88
0 81
0 80
0 63
0 85
0 68
0 61
0 84
0 72
0 75
0 89
0 83
0 82
0 95
0 90
0 58
0 87
0 78
0 65
0 60
0 62
0 94
86 40
40 7
7 48
55 1
79 30
66 14
64 12
56 2
92 47
73 24
29 9
59 5
69 18
25 50
25 41
25 53
25 35
50 44
41 12
41 45
48 32
12 54
12 3
54 21
91 46
1 97
1 43
1 99
67 16
13 53
70 20
76 27
77 28
71 22
30 31
93 49
3 98
3 4
88 42
81 34
80 33
63 11
85 39
68 17
61 8
84 37
5 6
72 23
14 10
24 15
2 19
47 51
18 38
38 26
4 52
45 36