33 97 93 53 23 26 87 71 89 25 49 95 99 12 91 72 13 22 56 65 38 6 67 75 84 60 86 83 64 41 9 11 4 17 79 15 69 98 82 96 94 57 68 48 32 36 92 24 5 21 90 28 54 63 51 80 18 77 37 42 88 40 2 0 50 85 39 74 66 20 34 1 70 27 59 16 62 29 10 78 76 81 14 73 31 19 61 30 8 43 55 3 52 47 44 58 45 7 46 35
33 97
33 53
33 71
33 67
33 4
97 93
97 83
97 64
93 26
93 84
93 2
53 23
23 91
23 79
23 16
23 45
26 87
26 17
87 99
87 56
87 28
87 29
87 55
87 58
71 89
71 36
71 85
89 25
89 6
89 96
89 19
25 13
49 95
49 38
49 82
95 12
95 60
95 21
95 59
99 72
99 62
12 69
12 0
12 70
91 98
91 39
91 61
72 22
13 11
13 40
22 86
22 24
56 9
56 80
65 38
65 50
65 78
65 52
38 41
38 34
6 75
6 42
6 27
67 54
67 10
75 48
84 63
60 9
86 66
83 92
64 57
41 90
41 1
9 15
9 32
9 37
11 88
11 74
17 30
79 51
15 43
69 14
82 44
96 94
57 46
68 48
48 76
48 81
48 35
92 20
24 5
18 77
18 47
77 0
42 31
88 73
88 8
62 7
3 52