90 27 54 69 96 61 74 0 44 64 65 68 82 55 24 23 75 31 85 14 52 17 78 10 66 4 87 42 80 37 2 79 84 43 11 36 33 97 39 46 13 3 26 58 86 38 59 48 35 28 20 50 91 93 49 41 76 29 72 12 22 51 47 32 8 77 16 30 5 94 88 73 70 19 45 7 53 62 81 21 89 6 18 40 63 98 60 95 1 9 92 83 57 34 99 15 25 67 71 56
90 27
90 54
90 14
90 52
90 11
90 36
90 35
90 20
90 40
90 1
27 96
27 41
27 67
54 69
54 64
54 86
54 50
69 23
69 97
69 49
69 95
96 75
96 17
96 91
96 60
61 74
61 65
61 87
74 0
0 44
0 94
44 4
44 43
64 78
64 25
65 82
65 2
65 93
68 82
68 75
68 55
68 28
55 24
24 31
24 15
23 42
23 76
23 19
75 37
75 33
75 3
75 59
75 62
31 85
85 66
85 58
14 10
52 79
52 92
17 80
17 57
10 26
10 34
66 30
66 5
4 46
87 39
42 77
42 16
80 13
37 88
37 73
2 7
2 56
79 84
84 22
84 99
43 48
11 21
11 83
36 72
36 45
33 98
97 81
39 51
46 12
13 70
3 8
26 32
58 47
86 38
38 63
59 29
48 89
48 6
48 18
35 9
28 53
20 71