25 84 5 43 23 79 22 78 3 40 1 35 30 93 14 62 6 45 8 50 39 11 56 28 90 55 31 96 20 74 18 70 69 16 66 7 48 44 27 88 83 32 98 97 89 65 61 12 58 9 51 87 26 85 21 75 73 13 59 57 36 0 34 29 91 17 67 15 63 60 49 86 24 81 68 46 4 42 19 72 71 94 76 92 10 53 54 2 37 52 47 64 82 41 77 80 95 38 33
25 84
25 83
25 4
25 20
25 11
25 23
25 1
84 82
5 43
5 44
43 41
23 79
23 80
79 77
22 78
22 28
78 80
3 40
3 39
3 20
3 13
3 10
40 38
1 35
1 36
35 33
30 93
30 94
30 16
93 95
14 62
14 61
14 28
62 64
6 45
6 46
6 18
45 47
8 50
8 49
8 20
50 52
11 56
11 55
11 27
28 90
28 89
28 12
28 17
31 96
31 95
31 20
20 74
20 73
74 76
18 70
18 69
18 9
16 66
16 65
7 48
7 47
27 88
27 87
27 32
88 86
32 98
32 97
32 19
12 58
12 57
9 51
9 52
26 85
26 86
21 75
21 76
13 59
13 60
0 34
0 33
29 91
29 92
29 19
17 67
17 68
15 63
15 64
24 81
24 82
4 42
4 41
19 72
19 71
10 53
10 54
2 37
2 38