13 66 64 0 25 27 69 62 14 68 65 6 44 21 90 5 41 95 40 11 59 76 88 67 81 70 33 86 7 47 42 9 53 51 4 38 56 24 98 2 31 8 20 15 18 45 3 34 52 54 43 46 74 92 19 84 10 71 94 49 55 97 16 37 1 28 60 48 29 83 17 89 22 93 57 30 26 58 39 80 23 87 12 61 79 75 91 72 35 73 82 85 99 78 50 32 63 77 96 36
13 66
13 64
13 65
66 44
66 90
66 76
64 69
64 62
0 25
0 27
0 26
25 56
25 44
25 89
27 70
27 42
69 14
69 95
69 59
69 91
69 72
62 34
14 68
14 67
68 74
65 81
6 44
6 45
6 43
44 51
21 90
21 88
90 46
90 61
5 41
5 40
5 42
95 23
95 87
40 84
11 59
11 60
11 58
76 17
88 38
67 71
67 57
81 18
81 94
70 15
33 86
33 2
33 97
86 20
7 47
7 46
7 48
47 79
9 53
9 52
9 54
53 98
51 8
4 38
4 39
56 92
56 10
24 98
24 97
24 99
98 37
2 31
2 32
8 49
8 50
20 85
18 80
3 34
3 35
3 36
52 49
74 16
92 22
19 84
19 83
19 82
10 55
71 78
94 73
16 75
1 28
1 29
1 30
29 80
17 77
22 93
23 96
12 61
12 63