2 76 58 75 82 96 92 11 71 17 54 60 90 94 53 22 78 30 91 88 29 42 47 32 9 50 41 83 49 68 69 84 93 56 48 27 5 14 3 67 28 31 40 95 74 10 6 99 24 18 98 73 1 72 19 23 51 65 87 37 45 8 0 79 25 89 81 62 44 13 64 85 63 20 57 80 35 12 15 66 46 33 16 55 43 36 52 39 26 34 21 97 4 61 38 77 59 7 70 86
2 76
2 96
2 92
2 11
2 56
76 58
76 88
76 66
58 78
58 9
58 25
75 82
75 30
75 69
75 3
75 95
75 6
75 37
82 94
82 88
82 54
96 60
96 27
96 67
96 57
96 80
92 31
92 89
92 20
92 35
11 71
11 68
11 70
71 90
71 14
71 10
71 18
17 54
17 22
17 72
17 33
60 84
60 62
60 63
90 32
90 83
94 49
94 74
94 98
94 73
53 22
53 41
53 0
78 50
30 91
30 29
30 24
91 42
88 8
88 64
29 47
29 5
29 52
42 48
42 28
47 15
32 87
9 81
9 59
50 51
50 86
41 65
41 38
83 26
83 4
49 19
68 23
69 39
84 93
84 45
93 12
56 46
48 13
27 55
27 77
5 40
67 79
67 85
31 97
40 21
74 34
10 61
6 1
99 24
18 43
23 36
8 44
44 16
35 7