31 45 81 9 99 13 46 95 10 76 42 33 71 60 1 20 48 70 28 61 97 39 94 22 62 26 49 69 78 27 77 68 52 56 2 87 96 73 64 37 18 41 16 34 40 32 15 88 84 90 25 91 14 66 21 51 17 44 53 23 86 55 93 75 38 63 92 57 19 58 4 82 85 72 83 36 7 59 54 3 30 79 65 74 0 11 29 6 35 98 67 89 5 8 24 80 47 43 12 50
31 45
31 81
31 1
31 64
31 53
31 55
31 54
45 9
45 13
45 46
45 62
45 65
81 95
81 60
81 20
81 41
81 15
81 66
81 30
81 29
81 80
9 99
9 92
99 71
99 27
99 24
13 10
13 49
13 63
13 89
46 76
95 33
95 69
10 48
10 39
10 2
10 12
76 17
76 85
42 33
42 22
42 14
42 6
71 94
60 68
60 0
1 97
1 40
1 58
20 18
20 5
48 70
48 84
70 77
70 79
28 61
28 52
61 41
61 16
61 32
61 90
97 83
97 59
39 56
94 78
22 86
22 82
62 34
26 49
26 88
69 98
78 73
27 75
77 87
68 4
68 35
52 47
52 43
56 91
56 38
87 51
96 73
96 23
64 37
37 21
37 36
37 7
18 74
16 93
34 25
34 57
34 72
84 67
66 11
17 44
19 58
54 3
30 50
6 8