21 72 80 68 14 38 4 15 12 23 49 73 28 88 84 76 97 43 96 11 63 79 85 48 32 13 83 67 77 93 17 33 19 59 22 36 86 75 81 55 95 65 2 89 94 20 66 34 60 91 99 31 92 5 74 56 16 42 90 37 29 1 8 46 54 39 50 58 51 78 82 62 30 44 64 3 7 18 25 35 98 41 53 10 47 57 70 27 52 6 24 61 40 45 26 87 71 69 9 0
21 72
21 85
21 81
21 89
21 46
21 50
72 12
72 76
72 13
80 68
80 23
80 12
80 1
68 14
68 4
68 17
14 11
14 93
38 4
38 2
38 75
38 82
4 15
4 92
15 79
15 32
15 34
15 44
15 18
12 91
12 51
12 62
23 88
23 64
23 87
49 73
49 28
49 63
73 96
73 59
73 56
28 76
28 42
28 58
88 84
88 35
88 40
88 9
84 27
84 45
84 69
97 43
97 16
97 25
97 70
43 60
43 29
96 54
11 83
11 65
11 7
11 10
63 48
79 19
85 47
85 71
48 77
48 30
32 90
13 95
13 74
13 8
83 36
83 61
67 77
67 22
77 31
77 78
93 60
17 33
17 5
33 57
19 94
19 98
19 6
19 26
59 41
36 39
86 75
75 37
81 55
94 20
20 66
91 52
99 31
5 53
54 3
3 24
70 0