73 2 24 63 33 85 43 21 1 55 6 3 84 93 29 79 88 97 62 28 77 70 65 49 42 72 39 38 36 78 17 98 10 0 5 81 75 66 86 59 12 60 15 44 50 20 25 46 95 61 94 11 67 27 41 64 45 96 16 31 99 87 92 19 57 22 7 26 4 56 58 9 80 82 30 91 83 76 53 74 68 47 69 8 32 90 51 18 40 35 52 14 71 34 13 89 37 48 23 54
73 2
73 65
73 60
73 19
2 70
2 39
24 63
24 33
24 85
24 97
24 42
63 79
63 84
63 81
63 75
63 40
63 71
63 89
33 3
33 28
33 52
85 6
43 21
43 86
43 32
21 1
21 29
1 62
55 6
55 77
55 5
55 61
6 80
3 26
3 56
84 93
84 23
93 88
29 79
29 49
29 50
29 48
79 72
79 46
79 58
88 31
88 76
88 69
88 90
97 39
62 38
62 22
62 13
28 44
28 95
28 68
77 11
77 18
70 83
65 10
65 14
49 78
49 96
42 87
72 36
39 30
36 98
36 9
78 17
78 74
17 67
98 66
0 5
0 12
0 99
81 41
81 16
81 4
81 51
75 15
86 27
86 37
59 12
59 8
20 25
20 46
46 91
95 54
61 94
94 92
27 57
64 45
45 69
31 53
87 35
57 47
22 7
58 34
80 82