23 31 27 21 53 14 30 22 26 32 33 36 6 97 17 25 55 52 89 65 46 76 92 68 51 59 2 44 24 93 57 69 12 20 70 29 87 99 54 19 64 40 66 61 0 1 56 62 77 47 49 71 38 90 98 28 73 60 15 78 91 88 11 37 13 4 41 79 16 96 84 48 34 18 50 67 80 81 95 42 9 82 83 58 3 39 5 85 10 86 72 94 75 63 45 35 74 7 8 43
23 31
23 21
23 55
23 87
23 7
31 27
31 29
31 95
27 26
27 91
27 11
21 53
21 17
21 20
53 52
53 61
53 37
14 30
14 46
14 12
14 15
14 78
30 22
30 26
22 6
22 54
26 24
26 90
26 58
26 10
32 33
32 36
32 40
33 97
33 41
36 52
36 44
6 2
6 70
97 65
97 99
17 25
17 1
25 89
55 51
55 39
52 60
52 48
89 93
89 73
65 67
65 81
46 47
76 92
76 68
92 93
92 84
68 69
68 64
51 59
51 19
51 49
51 35
59 57
2 66
2 3
44 45
24 88
93 77
57 56
69 71
69 85
12 13
12 8
20 4
29 28
87 83
87 86
99 98
54 62
54 38
19 18
40 42
66 74
0 1
0 16
1 9
62 63
77 79
38 34
90 94
98 96
73 72
91 75
4 5
41 43
18 50
18 82
80 81