95 94 87 99 92 90 93 91 86 81 63 42 53 24 96 17 69 82 51 27 32 39 57 61 43 60 83 70 18 44 72 36 4 58 23 76 75 55 33 89 84 79 31 78 50 77 62 26 66 5 40 48 6 38 19 12 22 49 9 46 97 71 98 7 59 41 35 68 13 0 20 34 28 29 45 1 74 3 67 25 11 21 88 65 47 30 16 85 15 64 8 80 52 14 56 54 73 2 10 37
95 94
95 92
95 86
95 61
95 60
95 72
95 66
95 48
95 25
95 64
95 54
94 93
94 53
94 32
94 57
94 44
87 99
87 86
87 51
87 84
87 13
87 88
99 90
99 42
99 76
99 89
99 79
99 56
92 82
92 45
92 21
90 91
90 6
90 38
93 63
93 83
93 62
93 12
93 98
93 68
91 39
91 55
86 81
86 85
81 24
63 43
63 15
42 96
53 58
24 23
96 27
96 18
17 69
17 18
17 9
69 70
82 78
82 10
51 52
27 26
32 33
39 36
57 4
61 40
61 1
43 77
60 50
60 59
83 80
44 75
72 22
72 20
36 35
36 37
4 5
4 3
58 97
75 74
55 0
33 34
89 31
84 11
79 19
79 16
31 30
78 65
50 28
62 46
66 67
40 41
48 49
48 47
6 7
46 2
97 71
97 73
7 8
13 14
28 29