21 89 88 19 83 84 87 35 68 70 55 10 9 54 3 48 14 15 34 57 23 94 40 75 52 65 7 20 13 22 91 62 0 25 95 27 47 30 69 97 66 18 79 51 98 45 80 16 58 53 50 8 26 73 46 1 74 24 99 81 49 76 28 38 17 42 32 11 60 72 77 67 12 78 93 6 2 64 90 56 71 4 59 33 39 92 36 5 43 85 44 96 82 31 37 61 86 29 63 41
21 89
21 88
21 90
89 68
89 55
89 48
89 62
88 65
88 50
88 32
19 83
19 84
19 82
83 87
83 95
83 58
84 54
84 97
87 70
87 68
87 75
87 20
35 68
35 3
35 40
68 14
70 15
55 10
10 57
10 56
9 54
9 52
9 53
3 34
3 36
48 7
14 69
15 72
15 71
34 27
34 43
23 94
23 95
23 96
94 30
94 80
40 41
75 16
75 59
52 76
65 13
65 91
7 47
7 46
20 85
20 86
13 66
13 64
22 91
22 93
22 92
62 12
0 25
0 27
0 26
30 1
69 77
97 45
18 79
18 80
18 81
51 98
51 8
51 33
98 42
98 24
45 38
45 6
16 73
16 74
58 11
50 8
8 49
26 44
1 28
1 29
24 99
99 67
76 17
38 4
17 78
42 5
32 2
11 60
72 39
12 61
78 63
2 31
4 37