37 91 70 4 77 87 2 89 40 90 94 73 67 81 56 58 83 82 24 63 93 33 86 44 1 0 65 99 57 8 42 69 16 12 36 22 84 38 29 31 20 7 15 95 59 48 13 54 17 39 26 34 68 41 43 51 3 64 35 49 46 50 55 96 92 72 21 45 11 52 78 62 71 98 60 14 10 18 80 85 97 75 79 28 76 6 25 53 23 27 9 30 66 19 32 5 74 88 47 61
37 91
37 70
37 77
37 94
37 24
91 40
91 56
91 33
91 47
70 4
70 58
70 82
70 7
70 34
70 97
4 20
4 13
4 30
77 87
77 44
77 25
87 73
87 74
2 89
2 93
2 78
89 0
89 48
89 98
40 63
90 94
90 42
90 95
94 83
94 59
94 54
73 86
67 81
67 8
67 5
81 36
56 38
56 3
56 75
58 11
58 52
83 1
82 57
24 72
24 28
24 88
63 31
93 86
33 16
33 84
33 15
86 65
86 62
86 60
44 96
0 22
65 99
65 39
65 76
57 68
8 26
8 31
42 69
42 35
69 14
16 51
16 64
16 49
16 71
12 36
84 9
38 92
29 31
29 50
29 10
29 32
31 27
7 41
15 45
95 79
59 66
48 46
17 39
26 55
34 53
68 23
41 43
41 85
3 18
3 61
21 45
78 19
80 85
6 25