87 78 93 11 90 63 85 46 28 21 35 54 0 30 45 7 91 14 44 84 56 81 51 34 60 15 36 17 55 37 96 40 29 62 41 69 95 24 2 98 50 9 76 59 6 13 75 89 25 57 86 74 71 42 72 49 73 18 99 64 8 77 39 58 94 10 47 70 53 22 20 5 82 83 38 4 31 19 88 16 33 97 48 92 66 27 32 67 61 43 3 79 80 23 12 52 65 26 1 68
87 78
87 93
87 46
87 95
87 59
78 63
78 35
78 45
78 15
78 41
78 50
78 16
93 11
93 5
93 33
11 90
90 21
90 9
63 28
63 84
63 94
85 46
85 0
85 60
85 17
85 26
46 34
46 98
46 89
46 27
28 30
28 37
21 91
21 44
21 51
21 36
21 39
35 54
35 97
54 81
0 14
30 56
30 49
45 7
7 24
7 43
7 3
91 6
91 88
14 4
44 72
44 22
84 96
84 70
56 62
56 69
56 13
56 25
81 40
81 76
81 52
51 29
34 82
34 79
15 2
15 71
36 55
17 64
55 99
55 83
55 92
37 73
96 75
96 53
96 66
40 86
29 23
29 12
62 58
41 19
41 1
69 8
95 18
24 20
2 61
98 77
98 32
50 38
9 31
76 74
59 10
6 80
89 48
25 57
42 72
72 67
99 65
10 47
48 68