19 48 46 44 58 51 4 57 68 13 59 53 15 32 66 80 0 14 29 72 34 63 79 47 67 92 31 93 69 3 33 83 25 97 10 86 23 62 45 1 16 84 56 78 11 39 30 88 17 24 73 55 2 42 37 75 41 7 74 6 82 54 38 27 50 9 70 99 43 81 64 89 52 5 95 40 12 20 28 60 22 21 26 94 91 36 98 65 90 77 61 18 8 87 49 35 85 96 76 71
19 48
19 46
19 4
19 2
48 59
48 88
48 12
46 80
46 63
46 17
46 91
44 58
44 66
44 92
44 84
58 51
58 4
58 53
51 15
51 29
51 82
57 68
57 14
57 34
57 6
57 54
68 13
13 32
13 45
59 67
59 18
53 33
53 20
15 0
15 72
15 1
15 24
15 26
32 69
32 41
66 47
66 14
80 31
80 16
0 39
0 7
14 93
14 52
29 83
29 42
72 79
72 78
34 86
63 3
79 23
79 8
47 25
47 97
67 43
67 77
92 89
92 95
92 28
31 98
31 96
93 11
93 61
93 76
69 75
69 5
3 10
33 9
33 94
33 65
33 85
25 22
97 50
10 27
86 73
23 70
62 45
62 99
1 64
16 55
84 21
56 78
56 74
30 88
30 40
24 90
73 49
55 60
2 38
37 75
41 81
82 71
38 87
21 36
49 35