14 63 13 55 34 46 24 51 5 30 74 9 3 17 6 88 8 71 81 47 23 15 76 28 59 1 40 32 25 0 20 90 4 2 54 57 22 7 33 69 29 56 12 61 16 11 18 35 86 41 52 82 49 99 39 92 62 10 53 26 44 64 68 45 87 96 94 66 93 80 85 37 98 38 95 67 60 58 70 72 79 48 97 36 43 78 21 83 75 89 84 65 19 27 31 77 91 50 42 73
14 63
14 55
14 3
14 15
14 12
14 18
63 13
63 23
63 68
13 51
13 76
13 56
13 60
55 9
55 80
55 79
34 46
34 24
34 47
34 40
46 8
46 71
46 32
24 5
51 74
51 67
5 30
5 33
5 78
30 81
30 85
74 71
74 99
74 72
74 91
9 6
9 10
9 27
3 17
17 22
17 7
17 0
17 84
6 88
6 1
6 2
6 43
88 90
88 29
8 28
8 49
8 62
71 66
71 98
81 25
81 44
47 61
47 53
47 65
23 94
23 93
15 11
15 58
28 59
28 41
28 70
59 4
59 75
40 96
25 82
0 20
0 21
0 42
20 95
20 36
90 86
90 19
2 16
2 39
54 57
54 11
57 89
7 69
7 64
69 45
29 92
56 38
61 77
16 50
11 35
11 26
18 87
86 97
41 52
52 83
49 48
10 37
37 31
19 73