28 90 12 57 18 70 6 45 17 68 5 44 2 38 1 35 25 84 9 52 46 29 91 21 76 75 10 53 54 27 87 31 95 19 71 43 88 24 81 59 32 98 97 30 94 22 78 77 16 65 14 62 51 36 92 15 63 61 13 60 58 3 39 37 96 23 80 79 67 64 8 49 0 34 26 86 83 93 69 4 41 85 11 56 72 55 89 20 74 73 7 48 47 82 50 40 33 42 66
28 90
28 89
28 14
28 20
28 26
28 32
28 22
28 13
90 92
12 57
12 58
12 19
57 59
18 70
18 69
18 0
70 72
6 45
6 46
6 31
45 47
17 68
17 67
17 2
17 27
17 10
68 66
5 44
5 43
5 15
44 42
2 38
2 37
2 25
38 40
1 35
1 36
35 33
25 84
25 83
25 23
84 82
9 52
9 51
52 50
29 91
91 89
21 76
21 75
21 7
21 8
75 73
10 53
10 54
27 87
27 88
31 95
31 96
31 11
19 71
19 72
24 81
24 82
24 20
32 98
32 97
30 94
30 93
30 0
22 78
22 77
16 65
16 66
14 62
14 61
62 64
15 63
15 64
13 60
3 39
3 40
23 80
23 79
8 49
8 50
8 0
0 34
0 33
26 86
26 85
4 41
4 42
11 56
11 55
20 74
20 73
7 48
7 47