0 10 85 20 61 48 79 4 46 17 58 89 9 56 78 23 81 12 7 5 76 37 13 21 64 8 42 68 35 83 86 70 18 97 84 75 33 43 72 71 73 66 65 1 82 74 59 87 54 6 41 93 2 55 44 52 60 80 19 88 24 47 39 92 99 94 11 53 32 22 15 26 29 28 38 40 3 36 63 50 90 67 49 69 95 62 91 77 45 31 30 14 16 27 25 34 57 96 51 98
0 10
0 85
0 20
0 61
0 79
0 58
0 89
0 56
0 78
0 81
0 76
0 64
0 68
0 83
0 86
0 70
0 84
0 75
0 72
0 71
0 73
0 66
0 65
0 82
0 74
0 59
0 87
0 60
0 80
0 88
0 63
0 90
0 67
0 69
0 62
0 91
0 77
0 57
10 17
10 99
85 48
20 24
20 11
20 3
61 9
48 37
48 18
79 42
4 46
4 23
4 7
4 51
46 6
46 28
17 12
17 33
58 5
89 52
9 36
9 98
56 2
78 41
23 43
23 38
81 44
12 15
7 5
7 96
5 94
37 53
13 21
13 8
13 64
21 50
8 35
8 97
42 54
42 39
68 19
35 26
86 49
97 1
84 47
75 34
72 27
71 25
73 30
66 16
65 14
1 93
1 40
82 45
74 31
6 95
41 29
2 92
55 44
52 32
19 22