31 97 15 89 90 23 4 77 91 49 11 24 8 46 22 74 66 26 55 32 9 99 30 19 96 16 57 7 76 17 36 54 84 38 39 12 1 43 41 79 71 6 35 27 60 80 58 83 44 48 72 61 14 29 69 62 25 64 70 2 45 20 73 92 59 13 87 95 68 52 86 63 34 67 37 33 3 98 82 47 78 40 56 51 94 75 21 18 0 28 50 42 85 10 81 5 53 93 65 88
31 97
31 15
31 89
31 90
31 9
31 41
97 23
97 49
15 79
15 14
15 29
15 78
89 26
89 60
89 72
90 4
90 24
90 22
90 80
90 40
23 11
23 19
4 66
4 20
77 91
77 55
77 76
91 46
49 27
49 87
49 5
11 32
11 93
24 8
24 74
24 61
24 98
8 16
8 34
46 10
22 36
74 96
74 17
74 47
74 21
66 30
66 92
66 0
26 57
26 39
26 69
55 16
55 70
32 7
9 99
9 48
9 67
99 35
30 71
30 81
19 58
96 12
96 86
57 73
7 62
76 13
17 51
17 53
36 54
36 3
54 52
84 38
84 71
38 44
39 56
12 42
1 43
1 41
1 37
43 25
79 95
71 6
6 83
35 59
27 82
60 75
58 2
44 68
48 18
72 85
14 94
29 63
29 33
64 70
2 45
92 88
82 50
0 28
85 65