34 35 1 33 54 38 11 29 3 4 50 51 20 2 52 7 8 30 21 46 47 12 28 13 48 53 49 44 0 24 25 27 22 55 36 26 19 37 15 16 31 39 41 56 14 32 42 45 43 17 23 5 6 10 57 58 18 59 40 9
34 35
34 1
34 33
35 38
1 2
33 54
54 53
54 55
38 37
38 39
11 29
11 8
11 12
29 30
29 28
3 4
3 2
4 20
4 5
50 51
50 13
50 49
51 52
20 21
20 44
20 19
52 53
52 59
7 8
7 46
7 0
30 31
21 22
46 47
46 45
47 48
12 13
28 27
13 10
44 43
24 25
24 36
25 26
27 26
27 16
22 23
55 56
19 18
37 41
15 16
15 14
16 17
31 32
39 40
41 42
56 57
14 9
5 6
57 58