20 74 56 81 22 98 18 39 37 71 15 36 33 4 66 19 76 41 17 87 86 65 51 38 12 32 68 48 75 16 47 82 7 10 78 52 29 85 2 42 89 21 0 62 25 92 96 28 53 40 46 91 97 1 9 11 69 95 93 64 45 63 90 72 83 44 73 26 80 59 50 24 8 67 84 35 60 23 27 31 99 13 54 79 77 14 49 30 58 94 3 88 43 6 70 34 5 55 61 57
20 74
20 98
20 45
20 73
74 22
74 33
74 13
56 81
56 36
56 41
56 22
56 10
81 15
81 1
81 23
22 7
98 4
98 78
18 39
18 17
18 42
18 67
18 88
39 86
39 75
37 71
37 15
71 66
71 52
15 68
15 34
36 38
36 27
33 51
4 19
66 65
66 21
19 76
19 97
76 87
76 6
41 94
41 95
17 80
87 48
87 64
86 38
86 9
65 0
51 89
51 40
51 53
38 14
12 32
12 85
12 62
32 2
68 93
68 58
48 47
48 2
16 47
16 92
47 82
82 90
82 61
10 63
78 91
52 29
29 44
29 84
29 55
85 31
85 3
2 11
2 50
42 59
89 24
21 49
0 83
0 70
0 5
62 25
92 96
92 8
28 53
28 77
53 26
46 91
46 35
97 54
1 60
69 95
45 79
72 83
83 57
59 30
8 43
31 99