49 62 10 52 45 90 93 81 85 57 86 88 96 0 70 43 47 75 98 41 7 76 26 42 46 17 55 53 84 32 27 29 95 91 31 40 50 11 74 6 82 16 5 9 61 4 63 92 80 22 19 25 67 97 1 83 89 56 69 24 39 3 21 66 73 12 78 71 65 54 23 30 15 2 51 48 37 68 77 38 64 87 72 44 35 58 94 28 14 60 36 33 13 8 59 34 99 79 18 20
49 62
49 85
49 46
49 69
62 7
62 50
62 21
62 87
10 52
10 53
10 93
10 5
52 45
52 79
45 41
45 92
90 93
90 88
90 91
90 29
90 67
90 3
90 39
90 48
93 42
81 85
81 84
81 25
85 88
85 63
57 86
57 26
86 70
86 32
86 61
86 71
86 14
88 96
96 4
0 70
0 41
0 47
0 16
70 51
43 47
43 97
43 15
47 76
47 11
47 1
75 98
75 27
75 64
98 31
98 11
7 6
76 55
76 77
26 2
46 34
17 55
17 82
17 60
55 9
55 72
53 30
84 74
84 80
27 54
29 95
95 38
95 36
91 83
31 18
40 50
40 23
50 28
6 99
82 78
16 66
5 33
9 89
61 65
4 94
92 12
92 37
22 19
22 97
83 73
89 20
56 69
24 39
66 44
23 13
15 35
51 59
37 68
87 58
44 8