0 45 73 65 2 35 94 55 95 20 22 39 91 7 68 33 89 43 52 36 5 80 10 26 63 77 23 67 96 21 19 40 4 18 17 64 37 6 93 42 1 71 14 34 54 70 60 62 88 41 85 61 15 82 9 78 24 57 84 49 59 46 3 30 79 44 8 81 76 48 86 13 56 69 27 50 12 53 72 92 47 90 83 97 28 32 11 66 75 98 87 29 74 38 16 99 58 31 51 25
0 45
0 80
0 10
0 42
0 88
0 30
45 73
45 63
45 70
73 91
73 64
73 41
73 50
65 2
65 20
65 19
65 49
65 28
2 35
2 82
35 94
35 7
35 3
94 67
94 1
94 60
94 72
94 31
55 95
55 39
55 71
95 7
95 36
20 22
22 43
22 15
22 92
39 89
39 77
39 84
91 68
7 33
7 48
68 5
68 23
68 17
68 9
33 26
33 13
33 32
89 40
43 74
52 36
36 24
5 21
80 66
10 97
26 21
26 59
26 53
63 34
63 81
63 51
77 57
23 96
23 4
23 58
96 85
96 8
19 44
4 69
18 17
18 93
64 16
37 6
37 61
37 75
37 98
6 14
6 38
42 27
14 41
14 86
14 47
34 54
60 99
62 88
62 79
15 78
15 56
82 76
78 90
84 29
49 46
12 53
90 11
83 97
83 25
28 87