49 50 51 48 52 47 53 46 54 45 55 44 56 43 57 42 58 41 59 40 60 39 61 38 62 37 63 36 64 35 65 34 66 33 67 32 68 31 69 30 70 29 71 28 72 27 73 26 74 25 75 24 76 23 77 22 78 21 79 20 80 19 81 18 82 17 83 16 84 15 85 14 86 13 87 12 88 11 89 10 90 9 91 8 92 7 93 6 94 5 95 4 96 3 97 2 98 1 99 0
49 50
49 48
50 51
51 52
48 47
52 53
47 46
53 54
46 45
54 55
45 44
55 56
44 43
56 57
43 42
57 58
42 41
58 59
41 40
59 60
40 39
60 61
39 38
61 62
38 37
62 63
37 36
63 64
36 35
64 65
35 34
65 66
34 33
66 67
33 32
67 68
32 31
68 69
31 30
69 70
30 29
70 71
29 28
71 72
28 27
72 73
27 26
73 74
26 25
74 75
25 24
75 76
24 23
76 77
23 22
77 78
22 21
78 79
21 20
79 80
20 19
80 81
19 18
81 82
18 17
82 83
17 16
83 84
16 15
84 85
15 14
85 86
14 13
86 87
13 12
87 88
12 11
88 89
11 10
89 90
10 9
90 91
9 8
91 92
8 7
92 93
7 6
93 94
6 5
94 95
5 4
95 96
4 3
96 97
3 2
97 98
2 1
98 99
1 0