11 29 17 25 26 35 30 24 55 8 23 37 40 41 42 43 5 2 28 52 31 20 44 19 53 45 32 27 54 18 22 57 46 49 33 16 0 6 38 10 1 58 56 51 50 47 48 36 34 13 15 12 9 7 59 39 21 3 14 4
11 29
11 17
29 30
29 28
17 35
17 16
25 26
25 24
25 7
26 8
35 37
35 38
35 36
30 55
30 31
30 12
24 23
24 6
55 8
55 56
23 5
23 22
37 40
40 41
41 42
42 43
43 44
43 49
5 2
5 4
2 20
28 52
28 27
28 10
52 53
52 51
31 32
31 13
20 19
44 45
19 18
19 1
53 54
45 46
45 48
32 33
32 14
27 9
54 57
18 0
22 21
57 58
46 47
49 50
33 15
16 34
0 59
6 3
38 39