47 3 37 75 5 2 16 46 41 60 49 90 6 10 58 22 66 84 48 72 69 63 43 29 94 7 92 78 81 55 86 93 8 51 76 61 50 67 83 91 17 33 32 30 23 24 95 14 87 20 68 25 54 0 45 74 52 39 4 57 13 31 71 85 53 21 40 65 73 79 80 19 11 89 1 28 99 96 59 44 70 98 18 27 38 26 56 82 64 36 42 77 35 9 34 15 12 88 62 97
47 3
47 2
47 61
47 50
47 32
47 86
47 34
47 88
3 37
3 46
3 8
3 4
3 71
37 49
37 7
75 5
75 6
75 72
75 29
75 33
5 16
5 74
2 43
2 92
2 1
2 82
16 66
16 93
16 76
16 23
16 20
46 41
46 60
46 21
46 65
46 96
46 44
41 22
60 84
60 30
60 56
49 90
49 14
90 6
90 67
10 58
10 78
10 51
10 91
58 94
22 69
66 31
84 79
84 12
48 72
48 63
72 45
69 25
69 89
69 64
63 94
43 24
29 73
29 13
7 40
7 35
92 28
78 83
81 55
55 86
86 68
93 17
93 9
8 53
51 27
76 59
76 62
61 18
50 99
91 26
30 70
23 98
24 95
24 19
87 20
20 52
20 77
25 39
54 0
0 4
74 15
39 11
4 42
57 13
71 36
85 53
40 38
80 19
70 97