10 20 86 6 97 31 30 48 38 34 69 17 88 14 58 79 75 56 7 13 93 66 68 98 85 11 80 60 81 18 24 77 37 54 25 59 71 5 40 41 72 94 4 74 26 46 82 92 29 70 84 42 49 73 28 61 83 78 45 2 32 63 55 53 36 67 39 43 35 90 50 19 64 23 44 65 96 62 51 27 57 16 89 21 0 8 12 1 47 33 9 15 99 87 91 76 52 95 22 3
10 20
10 25
10 5
10 70
10 84
10 43
10 64
20 97
20 68
20 54
86 6
86 97
86 30
86 56
86 14
86 59
86 61
86 94
6 13
6 52
97 31
31 88
31 75
30 55
30 36
48 38
48 7
38 69
34 69
34 17
34 66
34 58
34 49
34 8
34 3
69 71
69 11
69 1
17 93
17 82
88 85
14 58
14 79
14 29
14 90
14 0
58 37
58 2
58 12
79 62
75 21
56 42
7 83
13 9
93 15
66 4
68 98
68 46
68 28
68 99
98 51
85 76
11 80
11 53
11 33
80 91
60 81
60 50
81 54
81 19
18 24
18 45
18 22
24 77
77 5
37 27
54 74
54 87
59 96
40 41
40 82
40 78
72 94
94 65
4 47
26 46
26 63
82 39
92 29
29 32
70 73
70 67
49 44
43 35
43 95
23 44
27 57
16 89
16 8