3 26 2 74 82 95 24 77 29 36 80 40 93 85 12 58 39 94 34 48 61 75 38 10 19 6 90 22 91 53 33 89 31 54 14 87 63 99 97 21 17 13 4 96 23 73 8 20 41 15 65 18 55 45 28 71 16 32 1 60 84 72 44 70 67 66 76 9 37 52 51 57 86 49 92 98 59 69 78 64 81 0 43 62 25 88 30 46 56 5 68 42 35 83 7 79 47 11 50 27
3 26
3 74
3 29
3 40
3 36
26 2
26 93
26 62
2 95
2 77
2 92
2 98
74 82
82 89
82 41
82 35
82 83
82 7
95 96
95 15
95 79
24 77
24 19
24 53
24 9
77 12
77 76
29 85
29 11
29 50
36 80
36 33
36 13
36 4
80 34
80 90
40 75
40 38
93 10
93 99
93 65
85 69
85 78
12 58
12 71
12 16
58 39
58 30
39 61
39 87
94 34
94 48
48 6
48 59
61 64
75 22
75 37
38 21
38 60
10 20
10 5
10 68
19 91
6 31
90 14
22 63
22 52
91 70
53 84
53 72
53 44
33 17
89 8
89 46
54 14
54 97
54 51
54 57
87 25
87 88
87 27
99 18
99 55
97 86
97 49
21 73
17 67
17 66
13 32
13 1
4 23
96 0
96 43
23 45
73 81
8 56
20 42
41 28
15 47