88 77 55 60 65 18 46 7 94 75 6 79 5 8 73 67 2 25 42 9 19 51 36 64 11 10 78 92 68 21 30 32 13 57 38 90 61 53 81 14 40 35 33 62 59 15 41 84 29 74 23 70 97 49 44 4 63 50 48 99 54 31 52 47 83 87 12 43 72 24 20 22 28 34 0 17 93 16 58 27 45 85 69 1 26 56 80 37 91 86 39 76 98 96 66 82 3 71 89 95
88 77
88 65
88 79
88 21
88 38
88 72
77 46
77 83
77 91
55 60
55 51
60 75
60 53
65 8
65 36
65 10
65 89
18 46
18 5
18 78
18 32
18 12
46 94
7 94
7 75
7 63
7 76
94 84
75 6
75 45
6 57
79 62
79 49
5 11
5 25
5 3
8 19
8 14
8 24
73 67
73 64
73 29
73 85
67 87
67 34
2 25
2 81
2 4
25 70
42 9
42 30
42 0
42 66
9 92
9 64
9 35
9 56
19 30
51 40
11 90
11 80
10 68
78 44
78 43
92 23
68 13
68 86
68 71
21 33
21 58
32 82
13 15
57 48
38 93
90 59
90 31
90 47
61 53
53 97
53 28
81 54
14 99
40 1
35 69
62 27
59 52
15 17
41 84
41 50
29 74
29 26
23 95
70 20
97 98
49 22
44 16
48 39
28 37
69 96