53 90 72 83 51 35 82 68 69 84 85 34 62 71 74 57 66 65 96 55 61 87 58 22 63 44 37 64 76 46 43 94 15 77 14 97 59 29 11 56 95 31 45 75 73 99 70 38 47 20 21 7 25 1 12 36 50 19 32 6 39 92 79 89 81 13 54 67 93 8 17 88 16 60 2 18 91 98 30 5 10 0 86 3 26 33 28 49 4 42 27 9 80 78 40 48 23 24 52 41
53 90
53 65
53 61
53 94
53 31
90 72
90 87
90 20
90 91
90 86
72 83
72 82
72 55
72 25
72 1
72 30
83 34
83 23
51 35
51 96
51 44
51 11
51 77
51 12
51 54
51 3
51 26
51 28
35 71
35 76
82 74
82 95
82 29
82 40
68 69
68 84
68 74
68 50
69 62
69 66
69 5
69 33
84 85
84 64
84 42
85 44
85 15
85 21
85 7
85 4
34 58
34 73
62 43
62 97
62 47
71 38
71 89
71 78
74 56
57 66
57 36
57 19
57 6
57 60
66 24
65 45
65 32
65 93
96 37
96 10
55 13
55 17
55 18
87 22
87 16
58 81
22 63
22 70
63 46
63 39
63 8
37 99
64 98
46 67
15 92
77 14
14 79
59 29
59 48
95 0
31 80
75 73
75 88
70 2
50 27
50 41
81 9
54 49
18 52