41 47 72 61 19 15 38 64 27 92 48 31 65 73 24 79 82 37 25 11 69 54 62 83 76 1 89 29 0 14 85 60 8 16 68 55 49 58 63 5 86 88 32 22 81 99 35 7 52 20 28 45 13 84 80 18 66 4 57 67 56 33 9 21 12 17 39 44 36 91 10 98 46 96 95 75 34 87 50 42 2 26 77 3 53 90 59 30 93 23 40 71 70 94 74 43 51 6 78 97
41 47
41 72
41 79
41 2
41 70
41 43
47 19
47 38
47 65
47 57
47 21
72 61
72 73
61 31
61 5
19 8
19 4
19 56
15 38
15 48
15 69
38 98
38 77
64 27
64 73
64 23
64 74
27 92
92 82
92 62
92 7
92 51
48 24
48 46
31 22
31 33
65 29
65 0
65 86
65 3
73 44
24 55
24 67
79 10
79 96
79 34
82 37
82 54
37 76
25 11
25 32
25 71
11 49
11 66
11 9
69 42
69 30
54 83
62 90
83 45
76 1
76 60
1 89
1 68
1 35
89 99
29 59
0 81
14 85
14 86
14 28
8 16
16 63
16 94
68 26
49 58
49 52
49 75
63 50
86 20
86 13
88 32
88 20
32 39
81 17
35 53
35 93
7 36
20 91
28 78
13 84
80 18
18 33
57 12
9 95
98 87
50 97
30 40
40 6