40 74 73 39 56 30 55 48 49 31 65 99 18 64 98 81 17 19 80 97 10 12 96 89 82 38 72 9 16 57 13 95 71 41 15 32 63 94 20 70 47 42 69 66 37 90 43 75 50 25 21 76 44 45 46 5 14 83 58 33 84 8 88 2 4 62 68 67 36 59 51 29 93 22 77 35 91 79 24 60 61 6 85 34 7 86 52 11 87 28 26 1 54 3 0 27 53 92 23 78
40 74
40 39
40 41
74 73
73 56
73 72
39 30
39 38
56 55
56 57
30 31
30 25
55 64
55 50
48 49
48 31
48 47
49 18
31 32
65 99
65 64
65 66
99 98
18 17
18 19
64 63
98 81
98 97
81 80
81 82
17 12
17 16
19 10
19 20
80 89
80 75
97 96
10 9
10 11
12 13
96 95
89 90
89 88
82 76
82 83
38 37
38 29
72 71
9 8
9 2
16 15
57 58
57 51
13 4
95 94
71 70
41 42
15 14
15 24
32 33
63 62
94 93
20 21
70 69
47 46
42 43
69 68
66 67
37 36
90 91
43 44
75 79
50 54
25 26
21 22
76 77
44 45
5 14
5 6
83 84
58 59
33 34
84 85
8 7
88 87
2 1
4 0
36 35
59 60
51 52
29 28
93 92
22 23
77 78
60 61
85 86
11 3
26 27
54 53