66 84 78 33 77 14 17 85 18 24 23 48 25 19 20 6 43 16 46 36 60 65 1 63 37 4 52 15 5 64 72 56 55 27 47 40 44 54 26 0 3 8 2 39 61 68 67 53 57 41 28 38 13 12 35 45 92 86 97 94 76 79 70 89 80 98 91 83 75 74 69 95 71 73 93 49 50 96 81 59 42 82 51 87 99 90 58 62 30 88 32 29 34 22 31 11 10 21 7 9
66 84
66 78
66 80
84 77
84 85
84 92
78 33
78 97
78 94
33 25
33 40
33 41
33 99
33 90
33 58
77 14
77 86
14 17
14 15
14 13
17 18
17 36
85 24
18 16
18 19
24 6
24 27
23 48
23 25
23 46
23 26
48 65
48 37
25 64
25 45
19 20
20 43
6 4
6 8
6 22
6 7
6 9
43 52
43 59
16 5
16 47
16 61
16 12
46 60
46 93
46 49
36 55
36 87
60 63
65 72
65 98
65 91
1 63
1 0
63 67
4 2
52 56
15 88
15 32
15 29
64 68
64 83
72 76
72 79
56 74
56 69
55 95
55 71
27 28
47 53
40 44
44 54
44 57
44 96
44 81
54 39
26 30
0 3
3 31
3 10
3 21
8 38
39 82
61 35
68 70
67 89
53 73
57 75
41 42
28 62
38 51
13 34
12 11
45 50