33 83 61 76 11 72 34 84 42 92 10 12 62 17 67 29 79 22 60 46 96 35 85 27 9 59 8 89 39 68 44 94 16 58 95 98 75 49 99 1 31 81 70 23 4 54 48 38 28 78 0 50 91 66 56 45 5 55 47 77 21 71 25 2 52 41 13 63 82 88 7 57 93 36 86 24 26 3 53 6 32 20 19 69 73 14 64 97 30 80 37 87 15 65 18 40 51 43 74 90
33 83
33 10
33 27
33 8
33 23
33 14
33 3
83 99
83 66
61 76
61 11
61 72
61 75
76 68
76 91
76 26
76 78
11 24
11 36
72 22
72 56
34 84
34 29
84 59
42 92
42 18
92 89
92 52
92 71
10 60
10 5
12 62
12 25
12 46
12 15
62 54
17 67
17 1
67 60
29 79
29 16
29 46
79 70
79 60
46 96
46 31
35 85
35 31
35 7
35 44
85 82
85 98
27 77
9 59
9 47
8 58
8 38
89 39
89 56
89 69
44 94
94 87
95 98
95 45
98 48
98 74
75 25
49 99
1 51
31 81
81 93
70 20
23 73
4 54
4 0
38 88
28 78
0 50
91 41
56 6
5 55
47 97
21 71
21 30
2 52
13 63
13 40
82 32
7 57
93 43
36 86
3 53
19 69
14 64
14 40
30 80
37 87
15 65
40 90