31 40 49 8 51 19 84 2 22 92 30 54 93 5 42 82 12 62 77 94 59 61 0 27 21 88 75 23 95 18 80 3 35 1 29 79 24 97 6 44 16 73 66 83 33 38 25 81 68 70 26 13 50 17 91 36 99 90 67 34 47 9 7 96 45 11 85 56 43 64 65 58 14 86 52 20 4 32 78 60 10 76 41 46 74 72 71 69 55 28 48 37 89 98 57 39 53 87 15 63
31 40
31 49
31 2
31 46
40 5
40 90
49 8
49 72
49 37
8 51
8 50
51 30
51 71
19 84
19 82
19 83
84 44
2 33
2 32
22 92
22 93
22 91
92 54
30 88
30 1
30 65
54 80
54 9
93 61
93 67
5 42
5 41
42 97
82 59
12 62
12 61
12 63
62 26
62 48
77 94
77 97
77 17
94 23
59 75
59 66
59 11
0 27
0 25
0 26
21 88
21 89
88 56
88 57
75 16
75 70
75 86
23 95
23 96
95 80
95 38
18 80
18 79
18 81
3 35
3 36
3 34
35 33
1 29
1 28
29 44
79 78
79 74
24 97
24 99
24 98
97 58
6 44
6 45
6 43
44 47
16 73
66 13
38 4
25 85
25 87
68 70
68 14
70 55
70 15
13 64
17 76
47 7
9 52
9 53
11 60
85 20
56 10
14 69
4 39