50 51 99 98 97 96 95 94 93 92 91 90 89 88 87 86 85 84 83 82 81 80 79 78 77 76 75 74 73 72 71 70 69 68 67 66 65 64 63 62 61 60 59 58 57 56 55 54 53 52 49 48 47 46 45 44 43 42 41 40 39 38 37 36 35 34 33 32 31 30 29 28 27 26 25 24 23 22 21 20 19 18 17 16 15 14 13 12 11 10 9 8 7 6 5 4 3 2 1 0
50 51
50 49
50 48
50 47
50 46
50 45
50 44
50 43
50 42
50 41
50 40
50 39
50 38
50 37
50 36
50 35
50 34
50 33
50 32
50 31
50 30
50 29
50 28
50 27
50 26
50 25
50 24
50 23
50 22
50 21
50 20
50 19
50 18
50 17
50 16
50 15
50 14
50 13
50 12
50 11
50 10
50 9
50 8
50 7
50 6
50 5
50 4
50 3
50 2
50 1
50 0
51 99
51 98
51 97
51 96
51 95
51 94
51 93
51 92
51 91
51 90
51 89
51 88
51 87
51 86
51 85
51 84
51 83
51 82
51 81
51 80
51 79
51 78
51 77
51 76
51 75
51 74
51 73
51 72
51 71
51 70
51 69
51 68
51 67
51 66
51 65
51 64
51 63
51 62
51 61
51 60
51 59
51 58
51 57
51 56
51 55
51 54
51 53
51 52