60 69 33 22 70 38 97 31 7 27 47 46 88 54 9 4 3 73 35 18 39 13 49 64 76 51 10 67 65 81 98 40 17 23 24 77 62 53 14 56 28 99 71 45 32 19 48 96 41 52 16 66 43 21 85 87 59 36 82 25 5 94 2 93 1 91 30 68 72 42 78 57 84 83 12 8 26 34 11 15 89 79 92 63 29 90 0 20 37 75 55 74 61 44 95 58 80 86 50 6
60 69
60 97
60 59
60 1
60 22
60 26
60 37
69 33
69 35
69 13
69 67
69 19
22 70
22 46
22 49
22 87
22 0
70 16
70 34
38 97
31 7
31 52
31 91
31 30
7 77
7 4
7 29
27 47
47 96
47 12
46 9
46 18
88 54
88 53
54 90
9 4
9 63
9 55
9 80
4 98
4 48
3 73
3 98
3 99
18 39
18 96
18 68
13 17
13 65
13 95
64 76
64 19
51 10
51 40
10 56
10 71
65 81
81 14
98 40
40 89
23 24
23 21
23 12
77 53
62 53
62 43
53 66
53 25
53 57
53 84
28 99
28 78
28 86
99 32
45 32
32 61
48 72
41 52
52 74
66 11
43 36
21 85
59 42
36 82
82 79
25 93
25 5
5 94
2 93
1 58
68 92
42 8
78 15
84 83
83 6
8 44
63 20
90 75
37 50