10 57 21 90 88 12 61 56 62 59 55 11 31 45 27 2 43 47 67 73 37 53 1 28 4 17 78 7 14 69 68 60 87 77 9 93 99 85 0 19 82 79 48 24 16 25 18 49 38 76 96 95 8 58 41 26 6 29 23 22 84 71 46 20 70 32 98 15 36 92 52 80 40 72 81 50 64 3 39 51 44 75 83 42 30 54 35 94 65 74 13 66 5 89 63 91 34 86 97 33
10 57
10 56
10 55
57 90
57 73
57 93
21 90
21 88
21 89
90 40
88 59
88 85
12 61
12 62
12 63
61 27
61 37
61 42
61 65
56 67
56 76
62 45
62 99
62 68
59 11
55 53
55 79
11 60
11 58
31 45
31 2
31 60
45 87
27 0
27 77
2 32
43 47
43 53
43 95
43 6
43 39
47 7
73 16
37 4
37 49
53 9
53 36
1 28
1 29
1 30
28 87
4 38
17 78
17 77
7 48
7 46
14 69
14 68
69 41
69 82
68 35
60 70
87 20
77 64
9 52
9 54
93 22
99 24
85 51
0 25
0 26
19 82
19 84
79 18
48 33
24 98
24 97
16 75
16 74
18 80
18 81
49 96
49 8
96 23
96 71
8 50
6 44
23 94
22 92
22 91
71 15
20 86
15 72
36 3
52 66
40 5
3 34
44 83
13 66