0 1 36 95 68 90 26 65 50 82 54 19 97 91 80 66 42 23 70 64 74 57 92 71 28 69 75 85 78 72 67 12 79 10 40 84 59 3 89 62 18 47 52 98 5 27 51 96 53 60 7 16 93 2 94 11 38 8 87 86 88 33 37 73 56 48 55 77 63 99 45 58 46 49 83 76 61 21 13 30 4 43 24 14 22 15 81 6 32 35 34 31 41 9 29 39 25 44 17 20
0 1
0 36
0 68
0 65
0 50
0 54
0 80
0 66
0 70
0 64
0 74
0 57
0 71
0 69
0 75
0 78
0 72
0 67
0 79
0 59
0 62
0 47
0 52
0 51
0 53
0 60
0 73
0 56
0 48
0 55
0 77
0 63
0 45
0 58
0 46
0 49
0 76
0 61
0 81
0 44
1 95
1 90
1 82
1 97
1 91
1 92
1 85
1 84
1 89
1 98
1 96
1 93
1 94
1 87
1 86
1 88
1 99
1 83
36 26
36 3
95 19
68 28
90 12
26 5
65 23
50 7
82 2
54 11
19 37
97 21
91 13
80 41
66 24
42 23
42 40
42 9
23 16
70 30
64 22
74 34
57 15
92 14
71 31
28 33
69 29
75 35
85 6
78 39
72 32
67 25
12 27
10 40
10 18
59 17
62 20
18 8
7 43
11 38
4 43