37 69 43 42 52 27 5 54 34 95 64 44 57 41 84 21 46 94 58 91 49 79 12 28 7 45 70 13 35 32 30 22 68 24 31 29 39 40 97 67 82 75 33 65 38 16 8 55 20 77 72 87 99 1 80 56 10 4 88 3 36 48 2 73 53 96 93 86 19 89 85 81 17 61 15 11 98 74 78 63 90 71 59 92 60 18 26 50 23 62 83 76 9 25 14 0 51 6 66 47
37 69
37 43
37 64
69 84
69 24
43 95
43 3
43 19
43 18
42 52
42 57
42 33
42 25
52 34
52 94
27 5
27 46
27 64
27 17
27 0
27 51
5 28
5 45
5 87
54 34
54 32
54 97
54 4
54 92
34 65
95 12
64 89
64 59
44 57
44 41
44 21
41 84
41 35
41 49
41 77
41 72
84 13
84 71
21 55
21 83
46 67
46 14
94 11
94 47
58 91
58 13
91 36
91 53
91 81
49 79
49 29
49 23
79 8
79 56
12 31
12 99
28 7
28 70
28 39
28 9
45 78
35 98
32 30
32 22
32 68
32 10
32 74
68 15
31 66
39 88
39 60
40 97
40 1
40 63
97 90
67 82
67 75
67 20
65 62
38 16
38 85
38 6
16 87
20 80
77 96
1 73
80 2
56 86
4 61
88 76
3 50
36 48
73 93
98 26