0 1 11 10 9 8 7 6 5 4 3 2 12 99 98 97 96 95 94 93 92 91 90 89 88 87 86 85 84 83 82 81 80 79 78 77 76 75 74 73 72 71 70 69 68 67 66 65 64 63 62 61 60 59 58 57 56 55 54 53 52 51 50 49 48 47 46 45 44 43 42 41 40 39 38 37 36 35 34 33 32 31 30 29 28 27 26 25 24 23 22 21 20 19 18 17 16 15 14 13
0 1
0 8
0 7
0 6
0 5
0 4
0 3
0 2
1 11
1 10
1 9
1 12
1 16
1 15
1 14
1 13
11 96
11 95
11 94
11 93
11 92
11 91
11 90
11 89
10 88
10 87
10 86
10 85
10 84
10 83
10 82
10 81
9 80
9 79
9 78
9 77
9 76
9 75
9 74
9 73
8 72
8 71
8 70
8 69
8 68
8 67
8 66
8 65
7 64
7 63
7 62
7 61
7 60
7 59
7 58
7 57
6 56
6 55
6 54
6 53
6 52
6 51
6 50
6 49
5 48
5 47
5 46
5 45
5 44
5 43
5 42
5 41
4 40
4 39
4 38
4 37
4 36
4 35
4 34
4 33
3 32
3 31
3 30
3 29
3 28
3 27
3 26
3 25
2 24
2 23
2 22
2 21
2 20
2 19
2 18
2 17
12 99
12 98
12 97