0 23 54 82 80 15 19 65 93 68 56 21 24 88 32 17 31 90 57 71 92 9 53 89 94 86 85 83 79 66 64 76 63 84 70 13 8 87 67 69 62 29 95 91 50 99 73 40 48 75 77 43 12 97 52 1 78 42 96 44 72 16 46 81 25 20 58 30 27 35 38 60 49 47 36 2 22 7 28 41 6 37 59 39 10 33 3 34 5 61 11 98 14 45 74 18 4 51 55 26
0 23
0 82
0 80
0 65
0 93
0 68
0 88
0 90
0 71
0 92
0 89
0 94
0 86
0 85
0 83
0 79
0 66
0 64
0 76
0 63
0 84
0 70
0 87
0 67
0 69
0 62
0 95
0 91
0 99
0 73
0 75
0 77
0 97
0 78
0 96
0 72
0 81
0 36
0 61
0 98
0 74
23 54
54 19
54 56
54 57
54 1
82 32
80 29
15 19
15 31
15 13
19 17
19 52
65 8
93 48
68 12
56 60
21 24
21 50
21 43
24 31
88 42
32 40
17 53
90 44
57 30
71 16
92 46
9 53
86 39
85 37
83 33
79 28
66 10
64 6
63 5
84 34
8 47
87 41
67 11
69 14
62 3
29 27
95 51
91 45
50 25
50 35
73 18
48 22
43 20
43 38
12 7
97 55
78 26
42 4
44 2
16 49
46 58
25 59