19 20 32 33 16 29 36 37 38 40 21 22 30 31 57 58 54 56 14 10 17 11 55 61 48 65 50 18 39 3 23 42 68 60 12 7 52 2 45 70 6 41 27 73 47 51 71 1 8 43 59 76 28 25 62 46 4 44 64 63 74 75 53 49 35 34 24 15 72 13 9 5 0 66 26 69 67
19 20
19 16
20 21
20 55
32 33
32 29
32 27
33 36
33 35
33 34
16 14
16 11
29 22
29 30
36 37
37 38
38 40
40 48
40 39
40 41
21 22
22 23
30 31
31 54
57 58
57 56
58 61
58 59
54 56
56 65
14 10
14 15
10 17
17 18
17 71
11 12
11 7
61 60
61 70
48 50
65 68
65 66
50 52
50 46
18 3
39 42
3 2
23 28
23 25
42 45
68 76
68 69
60 73
60 74
12 8
12 13
7 6
52 51
2 1
45 47
70 67
6 4
6 5
41 43
73 62
47 49
51 53
71 72
1 0
8 9
43 44
59 75
76 64
76 63
28 26
25 24