1 2 0 32 17 34 14 11 33 6 5 83 8 13 96 20 68 71 12 82 92 9 42 21 29 79 54 47 94 10 36 95 78 86 25 52 26 91 80 51 88 74 72 46 35 15 55 73 31 18 89 63 16 50 28 85 76 44 69 3 70 65 40 48 38 67 59 45 4 75 22 99 27 64 60 23 62 97 98 49 19 39 41 87 84 53 37 61 77 30 7 90 81 24 58 57 43 56 93 66
1 2
1 34
1 68
1 71
1 21
1 78
1 74
1 72
1 73
1 63
1 76
1 69
1 70
1 65
1 67
1 59
1 75
1 64
1 60
1 62
1 61
1 77
1 66
2 17
2 83
2 96
2 82
2 92
2 79
2 94
2 10
2 95
2 86
2 91
2 80
2 88
2 89
2 85
2 99
2 97
2 98
2 87
2 84
2 90
2 81
2 58
2 93
0 32
0 34
0 6
0 12
0 42
0 54
0 47
0 36
0 52
0 51
0 46
0 35
0 55
0 50
0 44
0 40
0 48
0 38
0 45
0 49
0 39
0 41
0 53
0 37
0 57
0 43
0 56
32 14
32 33
32 16
17 11
17 29
14 15
11 13
11 26
11 27
33 20
6 5
5 8
8 28
96 25
20 9
71 23
12 22
82 7
47 19
25 30
26 31
31 18
31 3
31 24
18 4