14 15 16 17 13 18 12 19 11 20 10 21 9 22 8 23 7 24 37 6 25 39 34 33 32 31 36 35 5 26 40 38 4 27 3 28 2 29 1 99 98 97 96 95 94 93 92 91 90 88 87 86 89 85 84 83 82 81 80 79 78 77 76 75 74 73 72 71 62 61 60 59 58 57 56 55 54 53 52 51 50 49 48 47 46 45 44 43 30 70 69 68 67 42 41 66 65 64 63 0
14 15
14 13
14 37
14 36
14 35
14 38
15 16
15 34
15 33
15 32
15 31
16 17
16 39
16 40
16 42
16 41
17 18
17 70
17 69
17 68
17 67
13 12
13 66
13 65
13 64
13 63
18 19
12 11
19 20
11 10
20 21
10 9
21 22
9 8
22 23
8 7
23 24
7 6
24 25
37 89
37 85
37 84
37 83
37 82
37 81
6 5
25 26
39 95
39 94
39 93
39 92
39 91
34 62
34 61
34 60
34 59
34 58
33 57
33 56
33 55
33 54
33 53
32 52
32 51
32 50
32 49
32 48
31 47
31 46
31 45
31 44
31 43
36 80
36 79
36 78
36 77
36 76
35 75
35 74
35 73
35 72
35 71
5 4
26 27
40 99
40 98
40 97
40 96
38 90
38 88
38 87
38 86
4 3
27 28
3 2
28 29
2 1
29 30
1 0