19 22 25 16 13 28 10 31 7 34 4 37 1 40 0 43 61 46 58 49 55 52 65 64 63 62 60 59 57 56 54 53 51 50 48 47 45 44 42 41 39 38 36 35 33 32 30 29 27 26 24 23 21 20 18 17 15 14 12 11 9 8 6 5 3 2
19 22
19 16
19 24
19 23
22 25
22 27
22 26
25 28
25 30
25 29
16 13
16 21
16 20
13 10
13 18
13 17
28 31
28 33
28 32
10 7
10 15
10 14
31 34
31 36
31 35
7 4
7 12
7 11
34 37
34 39
34 38
4 1
4 9
4 8
37 40
37 42
37 41
1 0
1 6
1 5
40 43
40 45
40 44
0 61
0 3
0 2
43 46
43 48
43 47
61 58
61 65
61 64
46 49
46 51
46 50
58 55
58 63
58 62
49 52
49 54
49 53
55 60
55 59
52 57
52 56