7 48 47 4 39 46 0 25 2 33 27 12 62 61 9 52 31 32 18 81 80 26 88 21 90 23 96 89 37 94 53 59 29 70 40 8 50 54 49 16 75 42 5 13 65 78 93 10 56 34 82 85 73 15 79 19 84 69 24 98 57 66 3 36 86 22 91 83 92 35 95 44 38 1 30 45 11 51 64 99 41 20 14 67 74 28 68 55 87 97 76 63 6 72 17 77 43 60 58 71
7 48
7 47
7 46
48 26
48 59
48 70
48 44
47 33
47 40
4 39
4 37
4 38
39 27
39 96
39 98
46 88
46 53
46 69
0 25
0 26
25 75
25 84
2 33
2 31
2 32
27 62
27 45
27 58
12 62
12 61
12 63
62 86
61 89
9 52
9 53
9 54
52 80
31 97
32 99
32 87
32 60
18 81
18 80
18 79
81 29
81 64
80 85
88 21
21 90
21 89
90 77
23 96
23 94
23 95
89 71
53 73
53 66
59 11
70 15
40 5
8 50
8 49
8 51
50 93
54 82
49 42
16 75
16 74
75 56
42 5
5 41
13 65
13 66
78 93
93 22
93 30
10 56
10 57
10 55
34 82
34 3
15 72
79 68
19 84
19 83
69 14
24 98
3 36
3 35
36 76
86 20
22 91
22 92
1 30
1 28
45 6
14 67
97 43
17 77