93 1 68 44 50 32 0 34 87 41 65 40 35 61 56 13 9 21 20 59 75 2 86 16 90 58 63 60 67 24 12 73 55 29 79 39 11 81 71 5 98 88 26 28 74 99 33 18 6 37 23 49 82 47 66 27 54 48 38 46 3 94 91 97 43 77 84 96 95 42 25 72 57 30 22 69 4 36 53 80 10 31 62 83 85 92 89 15 52 19 8 45 70 51 64 78 17 76 7 14
93 1
93 9
93 21
93 47
93 97
1 34
1 87
1 13
1 75
68 44
68 16
68 40
68 27
68 51
44 41
44 61
44 25
50 32
50 60
50 55
50 81
50 92
32 0
32 7
0 21
0 26
0 82
0 14
34 56
34 73
34 10
34 70
87 2
87 28
87 18
87 4
41 65
65 86
65 11
65 74
65 31
40 35
40 63
35 20
35 95
61 56
61 37
61 38
56 96
9 88
9 53
21 64
20 59
59 67
59 33
75 23
2 6
2 78
16 49
90 58
90 72
58 29
58 15
63 62
60 46
67 94
24 12
24 5
24 28
12 98
73 71
55 66
29 99
29 76
79 39
79 28
39 30
81 99
81 3
71 80
5 69
26 52
28 45
6 22
37 57
23 17
47 89
27 84
27 36
54 48
54 3
46 91
46 19
97 8
43 77
77 83
95 42
72 83
10 85