31 75 98 92 16 2 32 24 83 5 40 74 9 53 46 86 18 80 97 14 69 20 58 22 10 55 6 43 81 7 45 41 61 68 13 66 12 42 51 87 54 99 47 79 11 77 94 65 1 29 49 30 64 8 62 3 35 17 44 56 48 37 85 72 89 57 27 23 67 88 4 39 95 26 21 90 78 76 60 73 96 52 34 84 25 70 59 15 71 91 50 93 19 38 63 33 36 28 0 82
31 75
31 98
31 2
31 64
75 92
75 16
98 24
98 58
98 37
98 63
92 22
92 51
16 74
16 73
2 32
2 33
32 83
24 97
24 99
83 80
83 53
5 40
5 41
5 42
40 69
74 30
74 88
9 53
9 54
9 52
53 57
46 86
46 7
46 66
86 20
86 76
18 80
18 81
18 79
80 72
97 62
97 56
97 36
14 69
14 68
14 67
69 43
69 65
69 84
20 87
20 85
58 11
22 91
22 93
10 55
55 43
55 89
6 43
6 45
6 44
81 61
81 29
7 47
7 48
45 94
45 25
61 12
68 27
13 66
13 65
66 49
51 8
54 96
54 70
99 35
47 26
11 60
11 59
77 94
77 17
94 23
1 29
1 28
49 8
8 50
3 35
3 34
17 78
48 39
72 15
89 21
27 0
23 95
4 39
4 38
21 90
84 19
15 71
19 82