29 91 20 74 13 59 6 46 19 71 0 34 15 63 22 77 18 70 28 90 27 88 17 68 4 42 7 47 30 93 67 60 21 75 5 43 3 40 64 32 98 97 25 83 78 10 54 53 39 31 96 94 87 26 85 84 24 82 9 52 51 8 50 49 1 35 33 81 23 80 11 56 55 2 37 14 62 73 41 38 16 65 12 58 95 45 44 66 86 92 79 72 61 36 69 48 57 89 76
29 91
29 92
29 25
29 2
91 89
20 74
20 73
20 19
20 30
20 31
74 76
13 59
13 60
13 22
13 27
59 57
6 46
6 45
6 22
46 48
19 71
19 72
19 10
71 69
0 34
0 33
0 3
34 36
15 63
15 64
63 61
22 77
22 78
22 26
77 79
18 70
18 69
18 25
18 14
28 90
28 89
28 32
27 88
27 87
27 25
17 68
17 67
17 24
68 66
4 42
4 41
42 44
7 47
7 48
30 93
30 94
30 11
21 75
21 76
5 43
5 44
5 25
3 40
3 39
32 98
32 97
25 83
25 84
25 9
25 1
10 54
10 53
31 96
31 95
26 85
26 86
84 82
24 82
24 81
9 52
9 51
9 8
8 50
8 49
1 35
1 36
23 80
23 79
11 56
11 55
2 37
2 38
14 62
14 61
16 65
16 66
12 58
12 57