72 59 56 69 6 52 75 85 67 94 13 30 2 89 20 8 73 84 49 92 43 39 1 12 36 64 29 5 90 23 28 37 80 86 95 22 57 32 60 81 53 98 71 58 79 54 10 15 40 38 61 46 99 47 96 76 7 27 68 45 0 24 25 65 41 35 82 48 4 9 50 87 78 19 26 77 18 31 16 91 83 63 21 66 55 74 70 88 62 33 93 34 51 14 97 44 42 3 11 17
72 59
72 67
72 40
72 46
59 2
59 81
59 53
56 69
56 9
56 35
56 66
6 52
52 71
52 29
52 44
75 85
75 84
75 10
75 74
67 55
94 13
94 90
30 2
30 39
30 1
30 23
30 37
30 98
2 89
2 43
2 15
2 27
2 26
2 38
2 88
89 20
89 80
89 58
89 54
89 16
20 5
20 57
20 82
20 78
8 73
73 84
73 28
73 32
73 60
73 49
73 35
84 39
84 79
84 47
49 92
92 90
39 19
39 3
12 36
12 25
12 53
12 93
12 97
64 29
29 22
29 60
29 63
29 76
37 48
80 11
86 95
86 57
95 33
57 83
32 45
32 0
32 51
60 96
60 77
53 65
40 68
38 61
46 99
96 87
96 18
96 14
76 7
76 62
0 24
25 41
25 31
25 34
41 4
50 87
50 91
50 42
19 21
19 70
62 17