29 66 39 99 25 16 96 6 63 27 12 9 88 84 61 48 98 40 37 70 74 89 38 42 8 41 54 93 53 22 90 17 50 85 32 47 35 58 11 43 24 91 33 3 21 77 34 92 7 69 97 79 68 20 36 46 95 81 64 75 62 31 0 82 4 45 51 80 13 26 94 28 15 30 73 23 49 86 19 55 44 78 67 83 72 57 65 56 1 10 59 71 76 52 60 87 5 18 14 2
29 66
29 39
29 6
29 15
29 78
29 2
66 74
66 43
66 20
39 96
99 25
99 12
99 21
99 7
25 16
25 48
25 18
25 14
16 9
16 63
16 37
16 67
96 27
6 63
27 89
27 85
12 61
9 53
9 69
9 62
88 84
88 38
88 64
84 42
84 45
61 8
61 11
61 3
48 98
48 31
98 40
40 70
40 17
40 60
37 58
37 51
37 49
70 41
70 1
74 68
74 52
89 54
89 32
89 0
89 59
38 93
38 77
42 41
8 35
8 83
54 90
54 34
54 46
93 47
93 72
22 90
22 55
17 28
17 56
50 85
85 91
85 94
32 97
47 30
35 24
58 65
11 80
43 13
24 23
91 57
33 3
3 92
21 4
77 95
34 19
92 86
97 26
79 68
79 44
79 87
79 5
20 36
95 81
81 10
64 75
31 73
0 82
45 76
78 71