25 56 30 29 42 16 66 8 31 37 12 48 3 52 68 89 57 39 28 78 14 83 59 35 33 45 70 60 49 88 51 21 50 58 82 44 55 94 5 79 24 62 81 4 17 20 92 10 69 0 53 22 63 11 64 18 95 80 6 43 96 41 40 77 19 46 90 2 9 91 67 76 98 27 86 93 97 54 73 26 85 23 61 72 65 38 84 32 15 13 34 71 99 7 75 47 74 36 87 1
25 56
25 30
25 29
25 14
25 18
25 77
25 93
25 23
25 15
56 42
56 4
30 66
30 57
29 16
29 22
29 74
42 39
42 12
42 64
42 6
16 48
16 95
66 89
66 81
8 31
8 12
8 32
31 37
31 5
31 33
31 7
37 28
37 34
12 80
48 45
48 73
3 52
3 50
3 69
52 35
52 26
52 38
68 89
68 49
68 96
89 90
57 51
39 21
28 78
28 70
28 58
78 20
14 41
14 46
83 59
83 21
59 98
35 33
35 88
35 55
45 60
45 86
70 79
60 19
49 61
88 75
51 0
50 82
82 76
44 55
44 67
44 97
55 94
55 17
94 54
79 53
79 92
79 65
24 62
24 40
62 77
81 43
4 91
92 10
92 47
92 36
0 99
53 1
22 71
63 11
63 90
64 87
95 9
95 27
43 2
46 72
46 13
73 84
26 85