4 5 61 72 88 41 82 20 60 67 89 90 70 71 69 42 68 40 51 26 50 34 21 32 33 84 83 10 92 6 64 8 9 62 45 22 11 63 59 18 23 77 52 99 91 7 12 58 17 93 81 53 98 25 27 66 16 78 80 35 46 15 57 13 79 14 24 54 56 36 55 39 31 94 73 97 37 3 76 28 0 38 85 47 95 87 96 1 29 49 30 43 74 75 86 19 44 65 48 2
4 5
4 88
4 3
5 67
61 72
61 60
61 62
72 71
72 99
72 73
88 89
88 87
41 82
41 42
41 40
82 83
82 81
20 60
20 21
20 19
60 34
60 59
60 66
67 68
67 77
89 90
90 50
90 45
70 71
70 69
71 26
69 68
42 51
42 43
40 10
40 39
51 50
51 52
26 25
26 27
50 49
34 35
21 22
32 33
32 84
32 31
84 83
84 85
10 92
10 9
10 11
92 91
92 93
6 64
6 7
64 63
8 9
8 0
62 63
45 46
45 44
22 23
11 12
59 58
18 23
18 17
23 24
77 78
77 76
52 53
99 98
12 13
58 57
17 16
93 94
81 80
53 54
98 97
27 28
66 65
16 15
80 79
35 36
46 47
15 14
57 56
54 55
36 37
39 38
31 30
94 95
73 74
97 96
3 2
28 29
0 1
85 86
47 48
74 75