23 80 12 57 0 34 26 85 28 89 79 27 88 19 71 11 56 17 67 30 94 5 44 20 74 16 66 6 45 43 9 51 21 75 14 62 2 37 15 63 58 46 29 92 72 32 98 97 31 95 52 25 84 83 24 82 81 55 10 53 3 40 38 1 35 33 93 8 50 90 18 70 61 13 60 7 48 73 64 39 49 4 41 76 68 47 96 42 78 65 54 36 69 59 91 87 86 22 77
23 80
23 79
23 0
23 11
80 78
12 57
12 58
12 25
57 59
0 34
0 33
0 18
0 7
0 3
34 36
26 85
26 86
26 32
85 87
28 89
28 90
28 30
28 8
89 91
79 77
27 88
27 19
88 86
19 71
19 72
19 24
19 5
19 16
71 69
11 56
11 55
56 54
17 67
17 68
17 21
67 65
30 94
30 93
30 6
94 96
5 44
5 43
5 13
5 2
44 42
20 74
20 73
74 76
16 66
16 65
6 45
6 46
9 51
9 52
9 29
21 75
21 76
14 62
14 61
14 10
2 37
2 38
15 63
15 64
15 1
15 29
29 92
29 91
32 98
32 97
31 95
31 96
25 84
25 83
24 82
24 81
10 53
10 54
3 40
3 39
1 35
1 36
8 50
8 49
18 70
18 69
13 60
13 59
7 48
7 47
4 41
4 42
22 77