31 92 75 60 24 84 6 85 65 42 62 87 4 72 7 20 88 83 64 77 15 99 40 68 70 93 2 17 13 12 11 8 1 0 46 56 53 74 16 59 22 78 45 44 49 95 41 52 5 28 39 38 25 96 50 18 48 47 30 98 10 61 63 55 26 86 9 34 35 97 51 19 29 90 37 80 27 71 23 67 89 58 76 94 69 91 14 82 73 81 3 21 36 43 57 33 66 32 79 54
31 92
31 85
31 12
31 74
31 61
31 86
31 67
92 75
92 65
92 68
92 49
92 96
75 42
75 88
75 93
75 59
75 44
60 24
60 84
60 40
60 3
24 6
24 85
24 17
24 76
24 36
84 2
84 11
84 41
6 55
6 26
85 69
65 83
42 62
42 64
42 56
42 53
42 39
62 87
62 70
62 5
62 33
4 72
4 7
72 20
7 45
7 66
20 1
20 49
20 37
88 46
88 35
88 58
83 8
64 77
64 0
64 50
64 18
77 94
15 99
15 22
15 52
15 80
15 73
40 97
93 28
2 9
17 13
17 81
13 25
12 63
12 27
11 57
8 16
8 10
1 30
0 38
0 47
0 34
46 90
16 89
22 48
78 45
45 52
95 41
41 23
41 54
52 43
28 51
28 79
25 19
96 82
30 98
86 29
86 14
97 21
51 71
67 91
21 32