17 76 52 77 56 3 36 38 35 78 42 10 5 20 85 67 9 34 14 50 86 40 12 62 41 15 70 39 90 0 27 71 21 88 87 29 55 7 46 6 44 26 4 58 61 69 82 8 1 11 30 22 92 37 66 95 99 97 28 75 45 65 48 89 23 63 13 16 73 31 19 24 33 43 94 74 91 59 96 2 72 83 84 25 51 47 81 64 53 79 18 80 68 49 32 98 57 60 93 54
17 76
17 77
17 78
76 52
76 42
76 82
52 9
52 86
52 58
77 56
77 50
56 10
56 27
56 72
3 36
3 35
3 34
36 38
36 67
38 4
38 95
38 65
35 29
78 62
78 92
78 32
42 5
10 55
10 57
5 40
5 41
20 85
20 86
20 87
67 14
9 53
9 54
34 33
14 69
14 68
50 8
86 94
40 39
12 62
12 61
41 99
41 93
15 70
15 71
70 46
39 90
39 4
39 75
39 47
39 64
90 21
0 27
0 25
71 63
21 88
21 89
87 79
29 26
29 1
55 66
7 46
7 48
46 66
46 81
6 44
6 45
6 43
4 37
58 11
69 97
82 19
8 51
8 49
1 30
1 28
11 60
22 92
22 91
92 45
37 59
95 23
97 24
75 16
65 13
23 96
63 31
16 73
16 74
31 98
19 83
19 84
33 2
81 18
18 80