5 44 27 87 31 96 14 62 21 76 22 78 10 54 30 93 25 83 0 33 17 68 61 88 6 46 8 49 7 47 28 90 2 38 12 57 53 19 72 50 77 1 36 32 98 97 29 91 67 37 84 24 82 75 20 73 71 18 69 13 60 58 43 4 41 89 16 65 3 39 23 79 34 70 9 52 59 11 55 92 40 45 51 48 26 86 15 63 42 66 81 35 95 80 56 74 85 94 64
5 44
5 43
5 13
5 30
44 42
27 87
27 88
27 12
27 18
87 85
31 96
31 95
31 22
31 29
96 94
14 62
14 61
14 16
14 8
14 9
62 64
21 76
21 75
21 26
21 6
76 74
22 78
22 77
78 80
10 54
10 53
10 25
54 56
30 93
30 94
25 83
25 84
25 4
83 81
0 33
0 34
0 6
0 3
33 35
17 68
17 67
17 12
17 7
17 2
68 66
6 46
6 45
8 49
8 50
7 47
7 48
28 90
28 89
28 13
2 38
2 37
12 57
12 58
12 19
19 72
19 71
1 36
1 35
32 98
32 97
32 26
29 91
29 92
24 82
24 81
20 73
20 74
18 69
18 70
13 60
13 59
4 41
4 16
4 42
16 65
16 66
3 39
3 40
23 79
23 80
9 52
9 51
11 55
11 56
26 86
26 85
15 63
15 64