49 50 48 47 46 45 44 43 42 41 40 39 38 37 36 35 34 33 32 31 30 29 28 51 27 52 26 53 25 54 55 24 56 23 57 22 58 21 59 20 60 19 61 18 62 99 17 98 63 16 97 64 15 96 65 14 95 66 13 94 67 12 93 68 11 92 69 10 91 70 9 90 71 8 89 72 7 88 73 6 87 74 5 86 75 4 85 76 3 84 77 83 2 78 82 1 79 81 80 0
49 50
49 48
50 51
50 99
48 47
47 46
46 45
45 44
44 43
43 42
42 41
41 40
40 39
39 38
38 37
37 36
36 35
35 34
34 33
33 32
32 31
31 30
30 29
29 28
28 27
51 52
27 26
52 53
26 25
53 54
25 24
54 55
55 56
24 23
56 57
23 22
57 58
22 21
58 59
21 20
59 60
20 19
60 61
19 18
61 62
18 17
62 63
99 98
17 16
98 97
63 64
16 15
97 96
64 65
15 14
96 95
65 66
14 13
95 94
66 67
13 12
94 93
67 68
12 11
93 92
68 69
11 10
92 91
69 70
10 9
91 90
70 71
9 8
90 89
71 72
8 7
89 88
72 73
7 6
88 87
73 74
6 5
87 86
74 75
5 4
86 85
75 76
4 3
85 84
76 77
3 2
84 83
77 78
83 82
2 1
78 79
82 81
1 0
79 80