17 67 1 35 5 43 22 77 28 90 89 0 34 12 58 7 47 27 88 14 61 87 25 84 31 96 48 9 52 19 72 71 62 10 53 51 32 98 97 95 20 74 73 16 66 57 54 3 39 83 24 81 23 80 78 44 4 42 40 2 38 30 93 21 76 75 68 13 59 11 56 37 15 64 55 8 49 18 70 69 50 94 6 46 26 85 82 86 63 79 45 60 36 29 91 65 33 92 41
17 67
17 68
17 27
17 25
67 65
1 35
1 36
1 28
35 33
5 43
5 44
5 11
43 41
22 77
22 78
22 14
22 2
77 79
28 90
28 89
28 26
28 20
28 13
28 10
28 18
90 92
0 34
0 19
0 33
0 8
0 7
12 58
12 57
58 60
7 47
7 48
47 45
27 88
27 87
27 14
27 3
27 8
14 61
14 62
25 84
25 83
25 30
84 82
31 96
31 95
31 32
31 15
31 9
9 52
9 51
19 72
19 71
10 53
10 54
32 98
32 97
20 74
20 73
16 66
16 65
3 39
3 40
24 81
24 82
23 80
23 79
23 11
4 42
4 41
2 38
2 37
30 93
30 94
30 21
21 76
21 75
13 59
13 60
11 56
11 55
15 64
15 63
15 6
8 49
8 50
18 70
18 69
6 46
6 45
26 85
26 86
29 91
29 92