36 23 9 6 4 55 41 75 17 43 59 48 25 86 39 24 72 64 44 49 94 1 14 54 85 84 46 81 16 10 61 15 52 7 38 95 68 89 98 53 19 80 37 57 83 3 42 92 27 73 78 30 22 21 74 51 58 79 28 70 93 11 0 97 76 32 91 31 8 5 29 82 12 56 45 35 33 60 96 62 34 67 71 50 20 63 18 26 87 66 13 88 69 2 65 77 90 40 47
36 23
36 9
36 84
36 74
36 56
36 47
23 6
23 55
23 75
23 48
23 25
23 64
23 44
23 54
23 85
23 16
23 10
23 15
23 38
23 95
23 53
23 80
23 37
23 78
23 51
23 28
23 70
23 8
23 45
23 33
23 34
23 66
23 13
23 88
23 2
23 90
23 40
9 4
9 41
6 17
6 24
6 14
6 20
4 59
4 7
4 60
4 50
4 87
4 65
55 43
41 39
41 22
75 72
75 1
75 96
17 86
17 3
17 92
43 49
43 81
43 57
59 61
59 27
48 46
25 76
25 91
86 73
86 35
39 58
39 63
24 42
24 79
72 11
72 97
64 52
44 89
44 32
49 98
94 1
94 68
14 82
54 30
85 21
84 12
46 31
81 19
16 71
10 93
61 62
15 69
52 29
7 26
38 83
95 77
68 67
89 5
80 18
37 0