6 85 77 42 83 45 46 72 79 87 86 54 29 39 5 33 9 80 14 71 36 88 10 1 31 48 43 95 98 67 89 22 35 96 66 24 64 93 23 62 41 20 76 47 13 3 4 59 27 25 75 50 53 68 32 81 74 52 49 58 7 26 57 92 44 28 12 55 37 78 16 90 97 70 99 63 65 61 8 56 21 2 40 18 19 34 11 91 84 17 15 82 38 51 60 69 94 73 30 0
6 85
6 77
6 48
6 19
85 46
85 29
85 9
85 25
77 45
42 83
42 87
42 54
42 96
42 3
42 11
83 72
83 98
45 67
45 59
46 79
46 86
46 39
72 10
72 52
72 28
79 5
79 90
87 5
87 32
86 22
86 66
86 76
86 65
86 84
86 94
54 99
29 71
39 33
39 34
5 56
5 38
9 80
9 95
9 36
9 23
80 1
14 71
14 75
14 17
71 68
36 88
36 43
88 15
10 4
10 8
1 31
1 41
31 89
48 47
48 12
48 51
43 74
43 0
95 64
98 50
67 93
89 58
89 44
22 55
35 96
35 24
35 18
96 20
66 70
24 37
64 78
93 7
23 62
62 27
62 53
62 49
41 13
41 81
41 57
76 40
47 26
3 16
4 21
27 63
25 92
75 73
53 60
52 97
44 61
28 91
97 2
61 82
40 30
69 94