69 92 37 91 46 52 38 29 34 95 5 97 79 62 81 57 15 55 28 39 80 43 72 13 96 47 75 64 58 50 9 44 4 99 0 67 49 26 23 82 1 71 90 89 19 21 85 35 16 17 68 74 87 18 65 94 6 63 84 24 27 78 12 42 36 70 10 41 77 53 7 98 20 45 2 76 31 22 48 56 14 54 25 83 66 61 73 3 59 8 40 51 32 30 86 93 60 88 33 11
69 92
69 46
69 37
69 29
69 52
69 97
69 79
69 62
69 81
69 15
69 28
69 80
69 47
69 44
69 23
92 95
92 43
92 56
92 51
92 86
37 91
37 55
37 9
37 26
37 82
37 49
37 16
37 74
37 94
37 76
37 48
91 34
91 72
91 13
91 96
91 19
91 78
91 70
91 53
91 61
91 33
46 73
52 38
52 5
52 57
52 99
52 21
52 85
52 42
38 68
38 24
38 12
38 22
38 8
34 65
34 84
34 63
95 39
95 0
95 90
95 27
95 31
5 18
97 88
57 4
57 35
57 17
57 36
57 98
57 11
39 14
80 20
72 7
72 25
72 3
13 45
96 32
47 75
64 58
64 50
64 1
64 89
64 83
67 49
49 71
49 66
82 87
71 59
90 89
89 40
35 54
18 30
6 63
6 41
6 93
42 77
36 10
7 2
66 60