16 75 18 80 17 77 74 78 81 88 43 76 13 65 6 22 93 39 56 3 35 68 73 52 4 36 41 21 5 42 26 83 8 50 9 27 14 69 97 34 53 33 40 89 15 71 60 19 84 91 87 10 64 0 63 46 82 30 67 20 11 58 2 96 12 62 48 44 57 7 51 28 38 45 49 1 85 66 79 95 54 72 92 23 94 37 32 99 90 61 47 25 24 98 29 31 59 55 70 86
16 75
16 74
16 73
75 88
75 39
75 56
75 36
18 80
18 81
18 79
80 41
80 65
17 77
17 78
17 76
77 26
77 69
74 60
74 59
74 55
78 89
78 87
81 43
81 28
88 21
88 93
43 6
43 52
76 48
13 65
13 64
13 66
6 44
6 45
22 93
22 91
22 92
39 4
39 99
56 10
3 35
3 36
3 34
35 97
35 53
35 33
35 85
35 94
68 73
68 72
73 83
73 27
73 98
52 9
4 38
4 37
36 30
41 5
21 89
21 90
5 42
5 40
26 96
83 19
8 50
8 51
8 49
50 63
9 53
27 0
14 69
14 67
69 71
69 82
97 24
97 31
34 95
33 2
40 47
15 71
15 70
71 46
19 84
84 54
87 20
87 58
10 57
64 63
0 25
63 12
46 7
30 1
67 61
20 86
11 58
2 32
96 23
12 62
1 29