0 68 84 70 18 6 59 75 30 95 58 46 13 90 74 17 47 38 83 78 94 28 4 77 3 82 7 67 87 86 36 35 9 63 85 11 56 29 8 39 41 37 65 72 34 2 61 42 79 73 22 43 16 88 54 21 99 89 64 15 19 91 66 23 31 5 20 51 69 48 62 26 60 14 52 45 12 71 57 33 32 53 50 25 49 40 55 97 98 93 96 81 92 10 1 80 44 76 24 27
0 68
0 84
0 75
0 95
0 90
0 74
0 83
0 78
0 94
0 77
0 82
0 87
0 86
0 35
0 85
0 79
0 73
0 88
0 99
0 89
0 91
0 97
0 98
0 93
0 96
0 81
0 92
0 80
0 76
68 13
68 63
68 61
68 42
84 18
70 18
70 30
70 2
70 25
18 7
6 59
6 75
6 67
59 58
59 29
59 57
30 46
95 38
58 72
58 14
46 4
13 39
13 45
90 28
74 3
17 47
17 83
47 65
38 37
38 26
78 9
94 36
28 56
28 43
4 34
77 8
3 11
3 50
82 16
87 22
86 21
36 41
35 54
9 64
63 15
85 19
11 53
56 66
8 23
8 32
39 52
41 62
37 48
65 69
72 12
34 33
2 49
61 51
42 40
79 10
73 1
22 31
16 60
88 24
54 55
21 5
99 44
89 27
64 20
19 71