33 69 8 63 40 21 58 90 12 38 51 96 88 15 39 13 62 98 34 9 70 18 44 11 20 0 3 56 14 10 35 78 93 71 89 36 45 19 53 49 66 42 52 85 86 25 67 50 87 81 72 41 31 92 95 61 1 64 75 5 17 83 60 37 32 22 80 23 43 84 4 30 28 55 76 54 79 26 74 91 73 16 68 2 97 47 77 46 94 99 7 48 24 29 65 27 59 82 6 57
33 69
33 21
33 26
33 76
69 40
69 56
69 35
69 32
8 63
8 12
8 98
8 39
8 60
63 40
63 58
63 47
63 46
40 80
40 54
21 53
21 44
21 24
58 90
58 61
58 94
90 62
90 45
12 38
12 88
12 17
12 68
12 82
38 10
38 85
38 74
38 77
51 96
51 15
51 39
51 14
51 0
51 25
96 34
96 83
96 59
88 70
88 89
15 93
39 81
39 49
13 62
13 11
62 31
62 84
62 28
34 20
9 70
9 86
9 50
9 37
9 57
70 78
70 95
18 44
18 5
11 30
11 73
20 43
0 3
0 16
0 29
3 4
56 36
14 67
35 79
78 23
71 89
71 19
36 42
36 72
36 64
45 65
19 1
53 99
49 66
66 52
66 7
42 41
52 91
85 22
85 97
86 27
50 87
87 2
92 95
64 75
55 76
54 48
29 6