51 66 37 7 74 54 39 53 79 77 60 47 0 33 71 17 92 62 72 59 35 1 13 84 49 44 48 57 78 80 56 70 29 25 42 97 8 91 67 85 45 2 3 21 68 76 36 26 6 73 40 64 96 98 20 12 15 88 55 95 89 22 63 38 86 24 18 16 27 90 87 99 93 41 19 32 9 69 10 50 43 28 5 83 30 23 46 58 52 61 14 4 81 31 34 65 11 75 94 82
51 66
51 37
51 47
51 60
51 46
66 74
66 17
37 7
37 8
37 10
37 11
7 54
7 3
7 76
7 36
7 26
7 28
74 33
74 71
74 70
54 39
54 67
39 53
39 92
39 43
53 79
53 0
53 90
79 62
79 59
79 18
77 60
77 1
77 29
77 45
60 5
47 13
47 56
47 95
47 61
0 2
0 86
0 9
33 87
33 93
33 69
33 65
71 35
71 20
71 14
17 21
17 6
92 73
92 24
62 25
62 12
72 59
72 84
72 16
35 49
35 64
35 38
35 88
1 44
1 48
13 96
13 34
84 78
84 97
44 41
48 57
57 42
78 80
80 68
80 30
56 19
56 31
70 63
29 58
25 55
42 91
8 40
67 85
67 99
85 27
45 75
2 81
21 23
76 89
76 22
26 94
6 50
73 32
73 52
98 20
15 88
88 83
95 4
34 82