0 44 15 53 4 78 5 38 22 94 64 30 97 50 24 40 83 28 14 27 89 76 61 29 10 74 62 79 98 17 32 92 3 63 25 9 56 55 72 54 73 13 7 70 95 99 36 49 1 93 84 90 88 75 6 85 91 81 21 65 66 51 57 35 43 68 41 52 34 69 39 19 59 47 46 67 48 60 71 26 31 45 58 37 42 80 96 8 77 2 87 82 86 33 23 11 18 16 20 12
0 44
0 4
0 78
0 94
0 97
0 83
0 89
0 76
0 74
0 79
0 98
0 92
0 7
0 95
0 99
0 93
0 84
0 90
0 88
0 75
0 85
0 91
0 81
0 80
0 96
0 77
0 87
0 82
0 86
44 15
44 53
15 64
15 9
15 60
53 50
53 14
4 30
4 58
4 37
78 5
5 38
38 22
22 72
22 69
22 39
94 24
64 57
64 59
64 47
30 27
97 28
50 40
24 55
24 52
40 13
40 36
83 10
28 56
28 51
14 73
27 54
89 17
76 3
61 29
61 10
61 25
29 35
10 62
10 66
10 48
74 1
79 6
17 32
17 70
17 49
92 21
3 63
63 31
25 65
25 68
9 71
56 43
55 41
72 34
54 19
73 46
13 67
7 42
70 20
99 33
49 8
1 45
93 23
84 11
90 18
88 16
75 2
6 26
85 12