33 19 55 39 61 93 28 65 78 36 27 17 95 44 73 25 72 88 87 62 47 49 26 0 97 6 71 64 89 32 86 99 57 22 43 70 84 51 69 53 8 59 23 1 60 20 67 18 38 37 30 45 98 42 34 52 11 76 92 14 31 24 83 68 56 77 35 7 5 48 12 79 82 63 3 96 81 15 9 54 46 41 29 66 58 2 74 85 80 40 13 21 4 75 90 91 94 16 50 10
33 19
33 61
33 95
33 11
33 76
33 66
19 55
19 86
55 39
55 27
39 70
39 10
61 44
61 84
61 68
61 98
93 28
93 49
93 26
93 77
28 87
28 25
28 20
28 48
65 78
65 36
65 34
78 27
78 3
78 91
36 0
36 99
36 24
17 95
17 25
17 53
17 16
95 97
44 57
44 12
73 25
73 64
25 32
25 8
72 88
72 32
88 69
88 59
88 22
87 52
87 56
62 47
62 6
62 18
47 71
47 21
49 38
26 29
26 50
0 41
97 79
71 89
64 51
64 37
64 30
89 70
89 58
89 90
32 23
32 31
86 35
99 75
57 1
57 67
57 2
22 43
22 80
22 13
43 81
70 9
51 92
51 15
69 7
8 63
1 60
1 82
60 45
20 40
45 4
98 42
98 54
42 83
52 14
52 94
7 85
5 48
3 96
96 74
54 46