18 81 50 27 52 71 22 92 9 8 0 93 91 15 62 79 87 32 70 26 80 20 21 88 73 69 99 25 39 53 4 41 49 14 7 47 64 46 1 28 48 3 36 5 24 85 11 60 37 42 43 82 34 19 56 86 45 97 12 63 23 96 29 77 57 2 59 10 90 72 16 55 68 51 13 89 74 6 40 67 44 30 58 35 84 33 54 38 94 31 75 95 78 65 17 83 76 98 61 66
18 81
18 79
18 80
81 50
81 71
81 93
81 99
81 85
50 8
50 73
50 60
27 52
27 0
27 62
52 9
52 64
52 67
71 15
71 47
22 92
22 91
22 93
92 32
92 82
9 53
9 54
8 49
8 51
0 26
0 25
93 43
93 98
91 87
15 70
15 72
62 41
62 70
62 12
62 77
62 57
62 76
79 69
87 20
32 2
80 88
80 56
20 86
21 88
21 90
88 28
73 16
69 14
99 24
25 39
39 4
39 63
39 31
4 37
4 38
41 5
49 89
14 68
7 47
7 46
7 48
64 36
64 13
1 28
1 29
28 34
3 36
36 45
5 42
5 40
24 97
85 55
11 60
11 58
82 19
19 84
19 83
56 10
86 59
45 6
12 61
23 96
23 94
23 95
96 72
77 17
2 33
16 74
16 75
55 78
51 35
13 65
13 66
6 44
67 30