14 15 13 12 45 16 11 10 50 17 44 51 9 18 43 52 8 19 42 7 53 20 6 54 41 5 21 55 40 4 22 56 39 3 57 23 2 38 58 24 1 37 59 25 0 60 36 61 69 26 35 62 68 27 34 63 67 28 64 33 66 65 29 32 30 31 48 47 46 49
14 15
14 13
15 45
15 16
15 50
15 48
15 47
15 46
15 49
13 12
12 11
45 44
16 17
11 10
10 9
50 51
17 18
44 43
51 52
9 8
18 19
43 42
52 53
8 7
19 20
42 41
7 6
53 54
20 21
6 5
54 55
41 40
5 4
21 22
55 56
40 39
4 3
22 23
56 57
39 38
3 2
57 58
23 24
2 1
38 37
58 59
24 25
1 0
37 36
59 60
25 26
0 69
60 61
36 35
61 62
69 68
26 27
35 34
62 63
68 67
27 28
34 33
63 64
67 66
28 29
64 65
33 32
29 30
32 31