71 66 73 72 48 38 83 9 13 14 49 76 39 59 47 62 30 77 92 93 82 80 99 75 70 8 11 26 27 28 85 98 1 84 40 81 91 36 63 12 29 5 37 24 15 43 31 97 96 2 50 52 64 0 61 67 34 41 55 35 88 21 4 79 46 22 94 90 53 32 33 86 10 6 17 58 54 25 51 3 44 45 16 42 68 87 89 60 23 69 95 18 7 19 65 56 20 78 74 57
71 66
71 73
71 72
71 59
71 70
71 45
66 48
66 99
66 67
73 38
73 24
73 89
73 74
72 8
72 1
72 44
48 47
48 20
38 39
83 9
83 62
83 84
83 5
83 3
9 82
9 10
13 14
13 30
14 59
14 15
14 65
49 76
49 4
49 90
76 77
76 75
39 11
39 40
59 58
59 60
47 88
47 46
62 63
62 61
30 31
77 36
77 78
92 93
92 80
92 70
92 91
93 43
93 94
82 81
80 81
80 79
99 98
75 21
70 34
70 69
11 26
11 12
26 27
27 28
27 85
28 29
1 0
40 41
36 37
36 55
36 35
63 2
63 64
5 6
37 17
24 25
24 23
15 16
43 42
97 96
97 64
96 95
2 50
50 52
52 53
52 51
0 57
67 68
41 35
55 54
55 56
88 87
21 22
46 18
53 86
32 33
32 86
6 7
18 19