46 43 35 52 76 25 34 81 39 75 33 86 85 28 72 70 61 82 65 59 2 29 49 74 44 77 80 4 15 88 60 3 84 5 47 57 67 58 9 66 79 62 1 71 7 45 32 37 54 12 78 83 64 22 6 89 87 51 24 50 21 11 18 48 10 63 55 0 16 27 23 31 17 56 40 41 14 73 36 38 53 69 20 8 30 42 68 26 13 19
46 43
46 35
46 33
46 85
46 80
46 1
43 25
43 2
43 12
43 50
35 52
35 76
35 28
35 67
52 81
52 84
52 45
76 72
76 77
76 18
25 34
25 65
25 64
25 53
25 13
34 70
34 7
34 8
81 86
39 75
39 58
39 62
39 83
75 49
75 4
33 88
33 55
86 44
86 89
85 29
85 41
28 59
72 6
72 21
70 61
70 3
70 66
61 82
61 74
61 31
82 54
82 73
65 60
2 48
2 38
29 57
29 32
29 24
29 19
49 80
74 78
44 15
44 40
77 22
88 17
60 56
60 14
3 87
84 5
5 47
57 37
57 51
57 11
67 9
67 71
67 63
58 0
66 30
79 62
1 16
71 10
7 23
45 68
50 42
11 26
18 36
55 27
53 69
20 8