0 26 3 72 91 23 43 15 16 18 1 83 96 63 41 61 75 73 77 90 31 40 47 57 49 84 4 56 99 88 64 94 25 66 71 2 97 79 67 29 87 65 95 85 70 92 93 82 86 19 80 76 69 68 32 20 17 42 22 36 12 60 59 8 53 39 58 52 24 34 50 55 33 14 51 38 7 46 98 54 11 81 78 10 9 89 74 37 27 6 5 62 44 48 13 21 45 28 35 30
0 26
0 72
0 91
0 83
0 96
0 63
0 61
0 75
0 73
0 77
0 90
0 84
0 99
0 88
0 64
0 94
0 66
0 71
0 97
0 79
0 67
0 87
0 65
0 95
0 85
0 70
0 92
0 93
0 82
0 86
0 80
0 76
0 69
0 68
0 98
0 81
0 78
0 89
0 74
0 62
26 3
26 53
26 55
3 23
3 1
3 25
72 16
91 43
23 18
43 15
15 41
16 29
16 12
16 52
18 32
18 58
1 47
83 31
96 49
63 4
41 57
61 2
75 20
73 17
77 22
90 42
31 40
31 24
31 11
40 36
57 39
49 56
84 33
4 8
56 19
99 54
88 38
64 5
94 46
25 10
66 7
71 14
2 50
97 51
79 27
67 9
87 37
65 6
95 48
85 35
70 13
92 44
93 45
82 30
80 28
76 21
20 34
17 60
36 59