0 37 14 74 1 5 35 47 20 99 43 84 17 53 48 55 2 52 60 82 85 73 40 96 88 8 64 69 11 78 44 89 7 9 28 86 59 56 57 3 33 67 65 75 54 49 79 22 95 50 71 39 30 81 18 10 68 16 45 24 46 94 6 77 72 51 19 97 91 90 70 31 38 25 34 29 4 23 83 32 26 36 76 66 87 12 61 27 93 98 42 62 80 58 41 63 13 21 15 92
0 37
0 74
0 53
0 55
0 52
0 60
0 82
0 73
0 64
0 69
0 78
0 59
0 56
0 57
0 67
0 65
0 75
0 54
0 49
0 79
0 50
0 71
0 81
0 68
0 77
0 72
0 51
0 70
0 83
0 76
0 66
0 61
0 62
0 80
0 58
0 63
37 14
14 17
14 18
14 24
74 35
1 5
1 99
1 84
1 85
1 96
1 88
1 89
1 86
1 95
1 94
1 91
1 90
1 29
1 32
1 87
1 93
1 98
1 92
5 47
35 20
35 43
35 48
47 28
47 25
20 99
20 19
20 27
43 9
84 2
17 97
17 31
53 8
48 22
55 11
2 40
2 44
52 7
60 16
82 45
85 3
40 30
88 6
8 38
64 21
78 41
7 34
9 10
28 39
86 4
56 12
57 13
3 33
3 26
79 42
39 15
16 46
6 36
4 23