88 8 14 46 32 5 35 47 41 51 6 20 0 48 15 81 43 17 52 23 64 18 22 24 31 97 80 21 28 50 53 44 3 71 58 62 98 59 30 93 95 4 83 29 13 19 90 1 82 84 87 37 70 74 65 33 55 57 72 42 63 76 38 79 12 36 49 67 45 99 7 68 96 69 91 86 2 39 75 34 94 16 85 77 60 11 61 10 73 54 66 9 25 26 40 89 27 92 78 56
88 8
88 0
88 23
88 30
8 32
8 41
8 51
8 29
8 72
14 46
14 81
14 80
14 28
14 53
46 47
46 24
32 6
32 58
5 35
5 97
5 0
35 20
35 50
47 17
47 16
47 9
41 31
41 19
51 43
51 56
6 87
6 96
20 52
20 4
20 76
48 15
48 18
48 11
15 62
15 68
15 78
81 44
43 59
17 52
17 21
17 98
23 83
23 75
64 18
64 3
64 70
18 45
22 24
24 95
24 84
24 12
31 69
97 13
97 74
80 62
80 82
21 27
28 49
28 77
28 39
50 1
53 79
44 99
71 58
71 37
62 90
59 10
30 93
30 38
30 67
93 33
93 73
95 36
13 25
90 57
1 42
82 7
84 94
84 61
87 26
37 66
70 65
70 60
74 63
33 55
33 86
79 54
45 34
69 85
91 86
2 39
34 40
60 92
11 89