57 74 24 80 54 61 27 89 7 52 6 37 78 36 69 8 70 91 67 72 94 32 45 31 93 95 48 29 81 0 82 53 84 77 13 11 75 38 2 40 63 71 88 17 85 90 83 25 60 41 15 1 42 65 19 4 96 10 49 92 59 21 30 50 20 86 58 87 79 68 33 16 55 14 23 39 44 98 43 12 76 99 46 22 34 9 97 3 66 28 56 73 35 51 64 62 47 5 18 26
57 74
57 70
57 48
57 77
57 15
57 10
74 24
74 67
74 45
74 36
74 86
24 8
24 71
80 54
80 48
80 29
80 65
54 61
54 37
61 93
61 2
27 89
27 6
27 53
89 29
89 82
89 14
7 52
7 91
52 37
52 88
52 46
52 47
6 81
37 78
37 63
37 34
78 19
78 28
36 69
36 13
69 32
69 40
8 72
70 94
91 0
67 98
67 64
72 43
72 3
72 18
32 31
45 95
45 83
45 25
31 85
31 30
31 35
93 38
95 17
48 42
81 23
81 44
82 60
53 84
53 55
53 22
77 41
77 76
13 33
11 75
11 1
11 4
75 40
38 12
2 59
40 9
40 51
63 21
71 39
88 16
17 66
85 90
85 50
90 87
41 99
41 56
42 92
42 26
4 96
4 79
10 58
49 92
59 20
30 97
79 68
43 62
43 5
28 73