1 6 0 18 21 65 3 41 24 75 49 67 63 74 45 4 48 54 90 81 12 56 72 91 17 22 30 13 71 40 68 35 83 76 97 77 73 28 34 59 88 58 64 98 8 5 70 66 50 26 20 39 61 53 78 10 47 44 60 19 99 96 85 57 79 2 94 43 92 15 42 14 38 29 86 9 11 27 32 80 55 52 16 84 62 69 7 51 37 25 82 95 31 46 36 33 93 89 23 87
1 6
1 48
1 90
1 91
1 97
1 88
1 98
1 99
1 96
1 94
1 92
1 95
1 93
1 89
6 21
6 3
6 14
6 87
0 18
0 65
0 75
0 67
0 63
0 74
0 4
0 54
0 81
0 56
0 72
0 71
0 68
0 83
0 76
0 77
0 73
0 59
0 58
0 64
0 70
0 66
0 50
0 61
0 53
0 78
0 60
0 85
0 57
0 79
0 80
0 55
0 52
0 84
0 62
0 69
0 51
0 82
18 41
18 49
18 38
21 45
21 12
21 40
65 24
3 41
3 8
24 20
24 43
75 35
49 5
67 26
63 22
74 34
4 29
4 86
48 17
90 10
81 44
56 11
72 32
91 13
17 39
17 16
30 13
71 31
35 19
83 46
76 36
77 37
73 33
28 34
59 15
88 7
64 23
98 27
8 47
66 25
26 9
10 2
44 42