78 19 18 25 97 43 52 27 55 88 94 2 41 6 51 68 83 96 37 44 75 63 98 71 39 66 22 87 47 11 15 4 50 9 23 54 5 86 95 16 61 72 17 20 74 0 80 13 99 53 36 26 28 82 70 33 8 7 65 45 46 67 24 64 34 73 89 91 93 76 29 12 92 57 56 14 84 42 58 35 62 38 31 21 60 90 30 40 32 85 79 59 81 3 69 1 49 48 10 77
78 19
78 47
78 50
78 5
78 28
19 55
19 98
18 25
18 97
18 17
25 43
25 66
25 95
25 16
25 53
25 92
97 68
97 39
97 30
43 41
43 4
43 67
43 49
52 27
52 75
52 63
27 86
27 47
27 45
55 74
88 94
88 54
88 73
94 2
94 29
94 90
2 65
41 83
41 56
6 51
6 72
6 59
51 44
51 99
68 37
68 63
68 1
83 96
83 70
83 14
96 44
37 13
44 64
44 3
75 15
75 54
98 91
98 69
71 39
71 38
71 60
39 36
66 87
66 40
22 87
22 93
22 81
87 7
87 85
11 15
11 12
4 20
50 32
9 23
9 17
9 57
23 21
16 61
16 46
16 24
16 35
17 26
17 84
20 79
74 89
0 80
0 53
80 58
13 48
36 76
26 77
28 82
28 33
33 8
65 42
67 31
34 73
34 10
84 62