11 55 26 86 9 51 19 71 24 82 0 34 81 6 46 21 75 31 95 17 68 14 62 61 67 1 35 30 94 5 43 52 72 28 90 13 59 2 37 3 40 44 76 60 32 98 97 85 23 80 22 77 56 29 91 89 7 47 45 27 87 79 78 10 54 20 74 12 58 4 42 38 92 57 39 53 18 70 8 50 41 88 96 33 16 65 15 64 63 49 66 93 73 48 69 36 84 25 83
11 55
11 56
11 8
11 5
11 28
55 53
26 86
26 85
26 12
26 5
86 88
9 51
9 52
9 17
51 49
19 71
19 72
19 13
19 32
71 69
24 82
24 81
24 14
24 12
24 21
24 0
24 30
24 3
24 2
24 27
82 84
0 34
0 33
34 36
81 83
6 46
6 45
46 48
21 75
21 76
75 73
31 95
31 96
31 23
95 93
17 68
17 67
17 22
68 66
14 62
14 61
61 63
1 35
1 36
30 94
30 93
30 10
5 43
5 44
28 90
28 89
13 59
13 60
2 37
2 38
3 40
3 39
32 98
32 97
23 80
23 79
22 77
22 78
22 29
29 91
29 92
29 18
29 4
7 47
7 48
7 12
27 87
10 54
20 74
20 73
12 58
12 57
4 42
4 41
18 70
18 69
8 50
8 49
16 65
16 66
15 64
15 63
25 83