0 20 10 40 59 79 57 1 30 25 11 50 52 37 66 82 18 24 80 9 68 58 45 4 5 14 13 71 86 76 69 92 33 96 61 84 97 31 77 90 89 75 73 62 81 98 94 78 83 39 16 34 15 19 41 47 22 53 35 7 46 2 49 12 43 91 60 29 3 85 95 63 72 32 88 67 36 55 54 21 74 17 65 48 38 27 6 93 44 87 8 70 42 28 99 26 64 23 56 51
0 20
0 59
0 79
0 37
0 66
0 82
0 80
0 68
0 71
0 86
0 76
0 69
0 92
0 96
0 61
0 84
0 97
0 77
0 90
0 89
0 75
0 73
0 62
0 81
0 98
0 94
0 78
0 83
0 91
0 60
0 85
0 95
0 63
0 72
0 88
0 67
0 74
0 65
0 93
0 87
0 70
0 99
0 64
20 10
20 25
10 40
10 57
10 50
10 52
40 18
40 22
59 1
79 30
57 11
1 45
1 43
30 58
30 2
25 24
11 34
11 41
11 47
11 29
50 9
52 39
52 35
37 5
66 13
82 33
18 14
24 4
80 31
9 7
68 16
58 53
45 12
4 15
5 46
14 32
13 3
71 21
86 38
76 27
69 17
92 48
33 19
96 54
61 6
84 36
97 55
31 49
77 28
90 44
89 42
75 26
73 23
62 8
98 56
94 51