46 94 95 71 79 12 56 47 89 44 45 13 14 72 18 50 8 9 96 73 57 10 39 19 70 78 41 85 82 54 33 49 74 66 98 99 53 2 22 75 81 42 15 97 0 63 24 20 55 58 29 37 27 69 1 86 32 30 43 64 59 92 38 40 11 93 77 83 88 60 67 62 23 61 36 76 48 84 35 4 17 7 91 51 28 3 26 31 80 87 25 6 21 5 16 34 65 68 90 52
46 94
46 47
46 10
46 45
94 95
94 89
94 93
95 72
95 96
95 6
71 79
71 70
71 33
79 78
79 85
12 56
12 13
12 11
12 87
56 57
56 55
56 91
47 49
89 24
44 45
44 39
44 43
45 33
45 1
13 14
13 2
13 86
14 15
72 73
18 50
18 19
18 17
18 51
50 49
50 38
8 9
8 41
8 98
9 82
9 88
73 74
73 42
73 37
39 84
19 7
70 69
78 54
41 40
82 66
82 81
82 83
54 53
54 76
33 32
33 34
49 4
74 81
74 90
66 67
66 31
66 65
98 99
98 97
99 0
53 3
22 75
22 36
75 0
81 58
81 80
97 86
0 63
63 27
63 64
24 23
24 52
20 55
55 60
58 59
29 37
29 30
29 28
69 68
43 77
59 92
92 25
40 62
11 35
60 61
67 48
62 21
17 16
3 26
6 5