1 66 6 21 26 24 54 92 51 2 7 43 62 5 29 65 91 95 50 69 73 33 25 78 39 90 57 85 84 3 31 17 86 56 59 74 87 47 48 22 53 34 35 94 37 36 20 40 27 63 98 76 81 64 96 82 93 68 13 14 38 55 88 41 9 80 70 30 75 58 18 72 10 45 89 8 15 46 67 42 16 11 44 0 79 61 4 28 32 83 52 97 12 23 49 99 60 19 71 77
1 66
1 24
1 54
1 34
1 10
66 6
66 50
66 55
6 7
6 73
6 33
6 74
6 20
21 26
21 92
21 43
21 59
21 75
26 51
26 25
26 64
24 62
24 65
54 56
54 36
54 76
92 2
92 83
92 19
51 91
51 69
2 5
2 65
2 90
2 30
7 3
7 44
43 35
43 98
62 47
62 27
5 29
5 84
29 39
65 17
65 94
91 31
95 50
95 9
95 88
95 32
69 4
73 15
33 80
33 46
25 78
25 82
25 79
78 0
39 96
90 97
57 85
57 53
57 37
85 93
85 70
85 16
84 86
84 87
84 53
84 67
3 18
3 8
3 52
17 28
86 23
56 14
59 45
74 81
74 89
48 22
48 36
22 40
34 71
34 77
35 13
94 42
20 99
27 38
27 72
63 98
64 12
68 13
88 41
75 58
75 60
16 11
79 61
52 49