62 91 96 95 63 6 74 24 81 80 19 7 70 78 20 54 55 75 67 21 85 22 48 9 90 79 40 43 92 82 33 64 98 23 25 65 86 37 88 60 93 10 77 42 27 14 15 16 71 31 47 17 30 59 35 2 28 12 84 52 50 51 44 87 34 97 99 41 89 13 53 1 73 72 57 4 68 3 49 45 11 39 76 69 18 32 36 58 94 61 38 26 0 46 5 56 8 66 29 83
62 91
62 63
62 19
62 78
62 43
91 96
91 92
96 95
96 70
96 73
95 20
95 9
95 94
63 7
63 93
63 30
6 74
6 7
6 2
6 53
74 75
74 67
74 58
74 26
24 81
24 23
24 25
24 85
24 56
24 29
81 80
80 48
80 79
80 27
19 17
19 46
7 68
70 71
70 69
78 79
78 77
20 21
20 86
54 55
54 85
54 37
55 42
55 14
55 89
55 5
75 33
67 82
67 45
67 66
21 22
85 84
85 0
22 90
48 40
48 47
48 49
9 10
90 83
79 4
40 41
40 39
43 44
92 1
82 12
33 34
33 32
64 98
64 65
64 23
98 99
65 3
86 60
37 88
88 31
88 87
88 36
60 51
60 61
93 50
10 57
77 76
42 97
27 28
15 16
16 17
71 72
17 52
30 59
30 35
12 11
87 8
13 53
39 38
18 32