79 39 36 22 13 62 64 66 6 46 67 40 75 23 53 26 30 90 87 8 1 32 59 43 78 5 48 91 63 71 25 76 61 70 80 77 86 57 37 31 16 73 4 18 29 45 3 83 9 19 72 38 20 34 93 84 12 28 44 21 81 92 51 41 54 65 68 15 82 42 52 94 27 50 0 35 24 14 58 47 17 85 60 88 55 74 33 49 7 69 11 10 56 2 89
79 39
79 6
79 23
39 64
39 53
39 43
39 54
36 22
36 75
36 13
36 31
22 59
22 12
22 92
13 62
13 66
13 70
13 57
62 67
62 8
64 66
64 37
64 45
6 46
6 42
6 47
46 40
46 61
46 38
46 94
67 26
67 91
67 63
40 4
75 30
75 32
75 2
23 1
23 86
23 16
23 69
23 11
53 25
26 18
26 74
30 93
30 58
90 87
90 85
90 88
90 56
87 1
87 5
8 84
8 41
1 48
32 71
32 77
32 7
32 10
59 80
43 78
43 65
78 68
78 15
5 83
48 21
91 20
63 76
71 9
25 73
76 52
61 19
61 24
70 81
80 51
77 14
77 55
86 29
57 28
37 44
16 3
73 33
4 72
18 49
29 27
29 50
3 34
19 17
34 0
21 89
15 82
82 35
60 88