56 58 71 88 75 83 79 3 2 34 44 67 23 70 96 51 54 20 87 45 31 61 14 22 40 24 57 26 10 50 68 46 11 55 52 93 37 1 73 17 32 99 29 15 62 80 65 35 5 59 77 47 42 39 76 9 72 63 25 94 49 48 27 74 91 84 53 82 8 4 90 21 30 78 97 43 36 38 95 13 7 28 69 98 85 60 12 89 41 16 64 66 18 6 0 86 92 81 19 33
56 58
56 44
56 54
56 36
56 89
58 67
58 87
58 40
71 88
71 79
71 47
88 34
88 26
88 72
75 83
75 2
75 29
75 92
83 3
83 90
79 3
79 51
79 77
79 39
79 30
79 97
79 98
3 93
3 49
2 96
2 41
34 31
44 10
67 20
67 16
23 70
23 61
23 1
70 96
96 74
51 54
51 66
54 80
54 53
20 45
20 82
87 55
87 5
87 43
45 52
45 50
31 46
31 12
61 11
14 22
14 9
22 37
22 11
40 25
40 18
24 57
24 8
24 60
57 10
57 69
57 86
26 73
10 64
50 68
50 99
68 42
68 85
46 15
55 4
52 62
93 27
37 21
1 13
73 84
17 32
17 65
17 35
17 59
32 99
29 7
15 38
65 48
35 63
5 95
59 28
77 94
77 19
39 76
76 33
9 6
72 0
49 81
27 78
74 91