23 70 59 63 78 18 49 47 50 85 79 48 75 15 36 51 66 69 96 22 30 8 10 3 20 71 84 7 98 46 82 9 64 87 21 53 80 62 35 13 54 73 72 41 91 88 65 45 56 19 61 52 83 89 68 60 58 43 42 11 31 16 29 17 2 74 94 67 24 57 33 93 86 97 28 40 25 44 77 76 39 32 38 37 5 81 95 12 0 1 90 6 26 92 55 27 14 34 4
23 70
23 59
23 78
23 28
23 44
70 18
70 15
70 20
59 63
59 86
59 55
63 85
63 79
63 8
63 73
78 47
78 75
78 90
18 49
18 60
18 37
18 34
49 48
49 83
49 40
47 50
47 7
47 9
47 80
47 64
47 42
47 97
47 25
50 3
50 65
50 56
50 76
85 66
85 93
79 87
79 94
48 58
15 46
15 81
36 51
36 10
36 31
51 19
51 6
66 11
66 67
66 33
69 96
69 43
96 98
96 64
22 30
22 82
22 21
30 35
8 10
8 62
8 17
8 38
3 88
3 92
20 74
20 26
71 84
71 72
84 9
84 5
7 1
98 39
46 16
82 11
82 57
82 95
87 53
80 68
13 54
13 52
13 43
54 32
73 77
72 12
41 91
41 45
41 27
91 68
88 0
56 29
19 61
61 14
83 89
42 24
2 74
76 4