0 57 88 21 74 89 26 7 27 19 69 71 46 98 28 3 51 14 65 38 61 45 55 73 82 99 41 93 13 76 31 67 86 70 56 60 6 87 36 47 84 78 83 91 90 94 95 17 97 1 80 77 63 44 53 32 9 68 24 39 5 23 62 64 49 16 25 48 43 22 40 59 50 12 34 58 54 52 4 66 2 29 42 10 20 11 30 85 81 96 18 79 8 75 92 35 33 72 15 37
0 57
0 88
0 74
0 89
0 71
0 98
0 61
0 55
0 73
0 82
0 99
0 93
0 76
0 86
0 70
0 87
0 84
0 78
0 83
0 91
0 90
0 94
0 95
0 97
0 80
0 77
0 85
0 81
0 96
0 79
0 75
0 92
0 72
57 21
88 26
21 14
21 50
21 12
74 7
89 27
26 65
26 16
7 31
7 2
27 19
27 44
19 69
19 46
19 28
19 40
69 51
71 3
46 45
46 52
46 4
98 38
28 41
28 5
28 10
3 47
3 66
51 43
51 22
14 56
65 60
38 67
61 36
45 1
55 42
55 8
73 6
82 17
41 13
41 59
93 32
13 53
76 9
31 58
67 34
86 23
56 62
60 48
6 68
6 54
87 24
36 49
47 63
84 20
78 11
83 18
91 30
94 33
95 35
17 64
97 37
1 29
80 15
32 39
9 25