80 58 94 42 86 10 3 27 67 33 13 37 65 12 51 82 50 30 21 19 23 97 34 75 61 89 71 81 54 59 14 16 7 60 47 26 49 95 29 36 53 74 69 83 28 8 87 31 17 64 98 35 72 68 15 52 48 92 22 41 39 77 24 96 46 66 56 25 88 55 91 38 76 40 93 90 78 1 2 73 4 44 45 57 11 84 0 32 79 9 6 70 18 85 5 62 63 20 43
80 58
80 94
80 82
58 42
58 10
58 3
58 18
94 86
94 27
42 33
42 72
42 39
42 96
42 45
86 37
86 57
10 61
10 69
10 25
3 28
3 8
27 65
67 33
67 13
67 73
33 81
13 95
13 48
37 21
37 97
37 55
37 9
65 71
65 52
65 1
12 51
12 30
51 29
51 66
82 54
82 44
50 30
50 34
50 75
50 47
50 53
50 68
50 15
30 19
30 83
21 41
21 88
19 81
19 7
23 97
23 87
23 46
97 26
97 49
34 85
75 74
61 14
89 71
89 59
89 77
71 78
54 16
59 60
14 84
14 43
16 36
7 11
60 2
49 35
95 93
29 91
36 56
53 31
74 98
74 0
83 17
28 92
8 79
8 5
8 20
31 76
17 40
64 98
64 22
35 62
72 90
68 70
15 24
41 4
39 63
77 38
96 6
0 32