79 56 72 83 60 28 30 58 3 52 18 10 43 90 23 78 44 97 76 47 21 11 41 19 94 35 84 81 27 39 87 4 45 59 42 75 8 55 0 80 54 99 6 40 1 98 63 31 12 85 62 82 93 14 33 88 53 70 74 51 92 13 49 64 46 69 15 20 66 29 22 91 38 48 67 95 34 61 37 16 73 17 96 5 7 50 9 24 89 26 57 32 77 65 71 2 36 86 25 68
79 56
79 52
79 10
79 89
79 68
56 72
56 30
56 18
56 97
56 19
56 45
56 85
72 83
72 60
72 50
83 35
83 84
83 93
83 88
60 28
60 27
60 4
60 29
28 47
28 54
28 63
28 51
30 58
30 3
30 82
58 43
58 99
3 90
3 23
3 39
3 40
3 64
52 8
52 14
52 33
18 1
18 62
18 91
10 46
10 48
10 26
43 76
43 41
43 13
90 94
90 17
23 78
23 87
23 7
78 31
78 38
78 16
44 97
44 55
44 61
76 5
76 95
76 71
47 22
21 11
21 0
21 69
11 81
11 86
41 42
41 49
41 67
19 37
94 80
94 36
35 70
84 96
81 27
39 75
4 2
45 77
59 42
75 15
8 66
80 12
54 74
6 40
1 98
98 92
14 20
88 57
53 70
53 32
92 24
22 9
95 34
16 73
5 65
24 25