49 50 51 52 53 54 55 56 57 58 59 60 61 62 63 64 65 66 67 68 69 70 71 72 73 74 75 76 3 77 4 5 78 6 79 7 80 8 81 9 10 82 83 13 84 48 85 47 86 46 87 12 45 17 88 44 18 89 43 19 90 42 20 41 21 91 40 22 92 39 23 93 38 24 37 25 94 36 26 95 35 27 34 28 96 33 29 32 97 30 31 98 1 15 99 2 0 14 11 16
49 50
49 3
49 48
49 1
49 2
50 51
51 52
52 53
53 54
54 55
55 56
56 57
57 58
58 59
59 60
60 61
61 62
62 63
63 64
64 65
65 66
66 67
67 68
68 69
69 70
70 71
71 72
72 73
73 74
74 75
75 76
76 77
3 4
77 78
4 5
5 6
78 79
6 7
79 80
7 8
80 81
8 9
81 82
9 10
10 13
10 11
82 83
83 84
13 12
13 15
13 14
84 85
48 47
85 86
47 46
86 87
46 45
87 88
12 17
45 44
17 18
88 89
44 43
18 19
89 90
43 42
19 20
90 91
42 41
20 21
41 40
21 22
91 92
40 39
22 23
92 93
39 38
23 24
93 94
38 37
24 25
37 36
25 26
94 95
36 35
26 27
95 96
35 34
27 28
34 33
28 29
96 97
33 32
29 30
32 31
97 98
98 99
1 0
15 16