7 72 71 67 23 81 58 85 92 10 99 11 87 82 46 17 59 12 96 18 14 50 76 93 97 88 49 89 40 6 9 1 22 31 52 73 16 26 35 37 3 8 90 80 30 62 43 98 68 60 2 39 95 53 29 36 32 34 13 63 15 38 83 79 66 41 45 64 42 70 65 20 4 47 56 54 0 61 21 25 75 84 91 27 51 74 5 19 28 48 24 33 94 55 86 78 57 44 77 69
7 72
7 71
7 18
7 88
7 6
7 95
7 64
7 55
72 23
72 76
72 91
71 67
71 26
71 90
71 56
71 44
67 81
67 14
67 12
67 31
23 92
23 97
23 33
81 11
81 46
81 40
81 24
58 85
58 92
58 9
58 16
58 32
85 87
85 93
85 3
10 99
10 12
10 66
10 75
99 82
99 39
99 21
11 50
11 98
87 83
87 47
87 51
87 28
82 96
46 73
46 38
17 59
17 49
59 96
59 78
12 69
96 68
18 1
18 13
18 54
18 77
14 79
14 19
50 15
50 94
76 65
93 52
97 37
97 43
49 89
89 63
89 48
40 36
9 60
9 53
1 22
22 62
31 35
16 4
26 27
35 45
37 74
3 8
8 20
8 57
90 41
80 30
80 70
30 38
98 0
2 39
39 61
53 29
53 84
36 34
36 42
25 75
25 5
48 86