2 3 1 0 33 20 60 80 7 4 12 6 5 30 10 40 50 9 90 57 79 78 77 76 75 74 73 72 71 69 68 67 66 65 64 63 62 61 70 99 98 97 96 95 94 93 92 91 89 88 87 86 85 84 83 82 81 49 48 47 46 45 44 43 42 41 39 38 37 36 35 34 32 31 29 28 27 26 25 24 23 22 21 19 18 17 16 15 14 13 11 8 56 55 54 53 52 51 59 58
2 3
2 1
2 57
2 29
2 28
2 27
2 26
2 25
2 24
2 23
2 22
2 21
2 56
2 55
2 54
2 53
2 52
2 51
2 59
2 58
3 33
3 4
3 39
3 38
3 37
3 36
3 35
3 34
3 32
3 31
1 0
0 20
0 12
0 30
0 10
0 19
0 18
0 17
0 16
0 15
0 14
0 13
0 11
33 79
33 78
33 77
33 76
33 75
33 74
33 73
33 72
33 71
33 69
33 68
33 67
33 66
33 65
33 64
33 63
33 62
33 61
20 60
60 80
80 7
7 6
7 99
7 98
7 97
7 96
7 95
7 94
7 93
7 92
7 91
7 89
7 88
7 87
7 86
7 85
7 84
7 83
7 82
7 81
4 5
4 49
4 48
4 47
4 46
4 45
4 44
4 43
4 42
4 41
30 40
30 70
10 9
40 50
50 90
9 8