0 1 2 3 11 4 10 9 5 8 6 7 16 12 66 63 62 61 60 59 56 55 52 51 50 48 47 46 45 43 42 39 37 36 34 33 32 31 30 27 26 23 22 21 18 17 15 71 69 68 14 13 65 64 58 57 54 53 49 44 41 40 38 35 29 28 25 24 20 19 70 67
0 1
0 11
0 12
0 13
1 2
1 16
2 3
2 21
2 18
2 17
2 20
2 19
3 4
3 27
3 26
3 23
3 22
3 25
3 24
11 10
11 71
11 69
11 68
11 70
11 67
4 5
4 31
4 30
4 29
4 28
10 9
10 66
10 63
10 65
10 64
9 8
9 62
9 61
9 60
9 59
9 56
9 58
9 57
5 6
5 37
5 36
5 34
5 33
5 32
5 38
5 35
8 7
8 55
8 52
8 51
8 54
8 53
6 43
6 42
6 39
6 41
6 40
7 50
7 48
7 47
7 46
7 45
7 49
7 44
16 15
12 14