94 49 69 16 1 63 24 7 2 36 81 20 31 41 80 54 28 10 88 43 91 90 25 71 82 3 45 67 17 52 22 19 93 42 18 96 62 65 57 55 75 51 40 14 59 76 44 47 56 32 53 79 77 13 73 9 38 27 78 99 72 92 74 68 39 98 64 89 26 29 48 11 66 70 0 86 4 83 97 46 60 34 33 6 58 15 95 30 37 23 50 35 87 84 5 61 8 85 12 21
94 49
94 16
94 28
94 75
94 77
94 38
49 69
49 41
49 17
69 20
69 39
16 80
1 63
1 54
1 43
1 40
63 24
63 27
63 97
63 37
24 67
24 79
24 34
7 2
7 93
7 65
7 14
7 96
2 20
2 52
2 30
36 81
36 91
36 68
36 4
81 54
81 88
20 31
20 57
20 56
20 0
31 91
31 25
41 71
80 90
80 55
80 76
80 5
28 18
28 60
10 88
10 3
10 32
88 19
88 58
43 42
43 44
43 61
91 99
90 22
25 50
25 35
71 82
71 47
71 98
82 72
82 8
3 45
3 26
45 74
45 33
67 21
17 73
52 15
19 84
93 23
93 85
42 13
42 11
96 62
65 89
57 46
55 53
75 78
75 87
51 40
51 6
40 66
14 59
59 86
76 83
47 64
32 29
13 12
73 92
9 38
9 70
99 48
0 95