9 27 54 55 98 76 74 94 79 92 75 22 28 43 17 78 30 19 96 11 36 56 73 63 60 91 84 41 18 2 1 44 82 7 31 45 49 38 13 61 25 5 53 23 40 51 83 0 34 90 62 80 86 50 70 32 20 46 8 35 15 81 29 87 72 93 97 48 58 65 39 42 14 12 71 33 47 4 59 26 85 77 3 6 99 67 95 89 69 21 10 66 37 52 57 64 68 24 16 88
9 27
9 76
9 19
27 74
27 22
27 56
27 41
54 55
54 75
54 18
54 30
54 4
54 37
55 98
55 2
98 43
98 40
76 92
76 75
76 16
74 28
74 60
94 79
94 1
94 42
94 6
94 24
79 22
79 73
79 84
92 7
92 36
92 33
75 12
22 65
28 17
43 21
17 46
17 34
17 68
78 30
78 61
78 71
78 47
78 88
19 96
19 23
19 95
96 82
96 15
11 36
11 63
36 45
56 0
56 32
73 50
63 49
63 53
60 91
60 44
91 70
91 93
91 89
84 67
41 26
18 77
2 62
2 85
1 66
44 51
82 86
82 35
82 97
7 3
31 45
31 69
49 83
38 13
38 5
13 51
13 29
61 25
25 81
5 20
23 8
51 14
0 59
34 90
62 80
80 64
50 48
70 72
81 58
81 10
87 72
65 39
71 57
6 99
52 57