46 29 4 83 69 93 78 40 84 47 36 77 67 53 39 1 19 43 87 48 97 85 26 81 2 11 88 92 59 6 71 44 20 51 65 75 13 91 23 31 27 30 95 94 24 52 10 25 22 33 55 54 73 49 56 99 82 8 42 74 96 50 0 5 34 89 60 62 17 90 72 57 3 7 98 21 79 64 18 80 15 86 37 63 61 12 45 58 28 16 35 76 70 9 41 38 14 66 32 68
46 29
46 83
46 69
46 40
46 13
46 90
46 98
29 4
29 93
29 88
29 42
29 9
4 36
4 43
4 60
83 81
83 48
83 96
83 18
69 78
69 50
93 84
93 33
93 54
78 47
78 10
78 61
40 1
40 30
40 57
84 77
84 89
47 53
47 20
47 58
36 24
36 15
36 86
77 39
67 53
67 92
67 75
67 22
67 66
39 97
39 11
1 19
1 2
19 65
19 31
19 62
43 59
87 48
87 6
48 71
48 91
48 23
48 74
48 5
97 25
97 56
85 26
85 81
26 51
81 55
2 16
11 94
88 52
92 17
92 63
59 44
6 95
71 99
44 80
44 14
20 12
20 38
51 34
65 35
75 76
13 3
91 49
23 21
31 27
31 8
27 72
27 41
94 79
24 37
10 45
25 7
54 73
73 0
49 64
82 8
82 28
96 32
7 70
79 68