88 55 1 22 45 18 19 4 60 61 15 53 33 64 84 96 72 52 62 98 5 87 67 2 17 6 70 11 51 54 76 36 26 10 3 28 8 12 66 7 41 56 59 81 46 27 23 80 37 9 35 49 43 94 34 30 48 50 39 32 47 20 69 31 25 13 38 14 24 78 21 99 83 86 57 68 74 77 82 63 29 93 97 73 75 79 16 89 95 92 90 0 58 40 91 65 71 42 44 85
88 55
88 1
55 22
55 19
55 60
55 46
55 63
1 4
1 5
22 45
22 53
45 18
18 17
18 26
18 27
18 93
19 15
19 13
4 2
4 11
4 48
60 61
61 62
61 47
15 96
15 14
53 33
33 64
64 84
64 34
84 72
96 67
96 97
96 71
72 52
52 36
52 41
62 98
98 87
5 6
5 90
87 70
87 99
67 54
67 86
67 57
2 76
2 0
17 28
6 8
6 16
70 66
70 83
11 51
51 10
54 37
76 3
36 59
36 35
26 31
26 58
26 40
10 20
3 7
3 9
3 92
28 30
28 29
8 12
12 50
12 91
66 56
7 49
41 81
56 39
56 38
59 78
59 65
81 23
46 43
27 80
23 24
80 94
37 69
37 68
9 95
43 82
43 44
94 32
30 74
48 89
50 73
39 25
47 42
20 21
69 85
31 77
13 75
14 79