0 15 54 53 37 28 70 71 52 16 92 86 11 9 76 99 89 87 79 60 58 25 64 41 5 67 22 19 21 68 98 91 90 85 80 72 57 51 38 24 20 17 12 10 84 83 18 8 77 65 40 36 29 27 14 6 96 95 93 82 81 75 73 56 50 39 35 34 26 13 7 1 88 61 94 74 62 59 45 44 43 33 32 31 30 3 2 97 78 49 48 47 46 42 4 66 63 55 69 23
0 15
0 54
0 37
0 28
0 70
0 92
0 86
0 11
0 9
0 76
0 99
0 89
0 87
0 79
0 60
0 58
0 25
0 64
0 41
0 5
0 67
0 22
0 19
0 84
0 83
0 18
0 8
0 96
0 95
0 93
0 82
0 81
0 75
0 73
0 56
0 50
0 39
0 35
0 34
0 26
0 13
0 7
0 1
0 94
0 74
0 62
0 59
0 45
0 44
0 43
0 33
0 32
0 31
0 30
0 3
0 2
0 97
0 78
0 49
0 48
0 47
0 46
0 42
0 4
0 66
0 63
0 55
0 69
0 23
15 16
15 14
54 53
53 52
37 38
37 36
28 29
28 27
70 71
71 72
52 51
16 17
92 91
86 85
11 12
9 10
76 77
99 98
89 90
87 88
79 80
60 61
58 57
25 24
64 65
41 40
5 6
67 68
22 21
19 20