2 46 33 48 7 12 89 32 34 5 96 93 70 19 26 90 1 59 6 4 88 11 85 87 27 67 16 25 3 42 30 81 18 31 69 75 95 86 37 97 82 0 9 45 77 72 58 20 60 51 55 57 71 10 29 61 65 43 40 92 52 54 14 84 17 8 83 21 44 24 22 39 94 50 15 47 56 80 23 38 28 63 76 73 41 79 66 49 64 91 78 74 36 53 35 68 62 13
2 46
2 48
2 32
2 93
2 70
2 67
2 42
2 69
2 75
2 95
2 84
2 8
2 24
2 94
2 49
2 53
2 62
2 13
46 33
46 27
46 47
33 4
33 86
33 66
48 89
48 39
7 12
7 5
7 93
7 64
12 85
12 58
12 10
12 38
12 63
89 30
89 81
32 92
34 5
34 96
5 6
5 88
5 59
5 18
5 60
5 65
5 50
96 19
96 20
96 23
93 90
70 28
19 26
19 36
26 45
26 29
26 78
90 44
90 22
1 59
1 3
1 52
1 54
1 21
6 72
6 80
4 11
4 79
4 35
11 77
85 87
85 25
87 31
87 82
27 0
67 83
16 25
25 51
25 40
3 14
42 17
30 43
81 74
31 71
69 55
75 56
95 61
37 97
37 73
97 82
0 9
9 15
72 68
55 41
57 71
29 91
50 76