0 57 75 87 31 84 2 77 16 13 40 70 69 4 90 34 58 71 29 19 62 37 67 46 9 45 61 12 15 80 1 72 78 23 56 43 74 8 82 53 30 32 5 54 44 3 41 94 6 25 97 85 66 81 93 92 83 7 88 98 79 96 24 76 10 52 20 42 86 18 63 65 33 55 38 64 60 51 59 50 48 35 68 49 73 36 47 39 28 26 14 89 95 22 27 11 91 17 99 21
0 57
0 75
0 87
0 84
0 77
0 90
0 80
0 78
0 74
0 82
0 94
0 97
0 85
0 81
0 93
0 92
0 83
0 88
0 98
0 79
0 96
0 76
0 86
0 89
0 95
0 91
0 99
57 31
57 26
75 2
87 16
31 40
31 18
84 13
2 58
2 24
77 4
16 37
16 41
16 60
16 51
13 34
13 70
13 32
40 43
40 20
40 64
70 69
70 71
69 29
69 56
4 45
4 61
4 3
4 36
90 19
34 67
58 47
58 39
58 28
71 15
71 68
71 49
29 62
29 38
19 12
62 1
62 8
37 30
67 53
46 9
9 15
45 54
61 44
12 72
1 52
72 5
78 6
23 56
23 7
43 50
8 66
8 48
8 35
82 10
53 63
30 55
32 59
5 73
54 65
44 33
3 25
97 27
85 14
93 22
92 21
83 11
88 17
10 42