0 24 25 41 9 89 37 5 88 39 77 71 97 91 86 42 22 81 76 93 74 11 27 30 58 54 20 47 95 36 2 87 59 82 38 78 70 99 68 64 94 67 50 84 13 33 75 19 44 66 18 96 98 72 16 55 14 56 15 10 32 60 1 49 23 29 26 57 53 35 43 3 79 28 92 12 63 62 46 34 80 8 17 40 4 85 61 21 7 52 31 90 73 69 83 45 65 51 6 48
0 24
0 25
0 89
0 88
0 77
0 71
0 97
0 91
0 86
0 81
0 76
0 93
0 74
0 95
0 2
0 87
0 82
0 78
0 70
0 99
0 68
0 64
0 94
0 67
0 84
0 75
0 66
0 96
0 98
0 72
0 79
0 92
0 63
0 62
0 80
0 85
0 90
0 73
0 69
0 83
0 65
24 41
24 54
24 32
24 35
25 9
41 37
41 15
9 11
9 58
89 39
37 5
37 30
37 53
5 10
88 36
39 47
77 20
71 13
97 50
91 42
86 33
42 22
22 29
76 19
93 44
74 16
11 56
27 30
27 38
58 57
54 23
20 59
20 26
20 17
47 60
95 46
36 1
2 43
87 34
59 14
82 28
78 21
70 12
99 52
68 8
64 4
94 45
67 7
50 49
84 31
13 61
33 3
19 40
44 18
66 6
96 48
98 51
16 55