34 35 82 61 41 31 15 49 54 2 67 12 37 84 0 20 45 27 50 51 68 88 1 8 58 69 39 87 42 76 79 70 52 26 78 13 3 43 17 71 10 40 44 80 48 18 21 91 38 5 32 65 59 75 90 74 29 23 4 9 62 36 92 22 16 46 6 47 60 86 81 25 19 11 77 57 72 89 55 85 73 53 7 30 63 33 14 24 64 56 28 66 83 93
34 35
34 12
34 84
34 55
34 24
35 82
35 68
35 87
82 61
82 41
82 67
82 8
82 79
82 1
82 46
61 31
61 15
41 47
41 89
41 53
31 49
31 37
15 58
15 4
15 73
49 54
49 42
49 78
49 14
49 66
54 2
2 45
2 27
2 65
2 9
67 3
67 92
12 33
84 76
84 18
0 20
0 21
20 1
20 38
20 19
45 17
27 22
27 72
50 51
50 43
50 29
51 88
68 48
68 5
88 39
1 62
8 81
8 93
58 69
69 86
39 26
39 71
87 25
42 44
79 59
70 52
70 30
70 28
52 3
78 13
13 85
43 17
43 36
17 10
71 7
10 40
10 75
10 6
40 77
40 63
44 80
44 23
21 91
38 60
32 65
65 74
75 90
29 16
19 11
77 57
77 83
55 64
14 56