3 6 4 36 39 5 7 15 37 26 33 44 34 45 11 29 0 35 56 14 10 61 25 41 38 1 75 46 8 47 49 77 55 60 43 66 58 62 21 20 59 9 2 27 70 63 64 67 71 68 74 76 53 72 69 52 42 73 57 32 40 48 54 24 22 19 18 17 16 65 13 12 50 51 28 31 30 23
3 6
3 4
3 37
3 10
3 1
3 47
3 51
6 7
6 8
6 9
6 13
6 12
4 5
36 39
36 37
36 35
39 44
39 66
5 14
5 38
7 15
15 25
15 21
15 20
15 24
15 22
15 23
37 62
26 33
26 0
26 32
26 31
26 30
33 34
44 45
34 35
45 46
45 60
11 29
11 10
29 56
29 57
56 61
14 19
14 18
14 17
14 16
61 75
25 41
25 40
41 43
41 42
38 58
38 73
1 49
1 2
1 27
75 77
46 72
46 69
8 59
47 55
49 76
49 53
77 63
55 74
60 67
43 52
66 70
58 68
62 64
21 48
20 54
59 71
9 65
2 50
27 28