52 50 77 99 40 8 92 20 9 26 15 80 51 35 83 44 31 25 19 6 39 72 78 57 79 65 3 17 4 88 49 21 36 61 93 55 56 46 63 5 85 90 54 76 84 7 64 34 10 23 53 89 48 69 60 22 43 18 67 68 12 11 27 14 81 41 87 86 70 13 0 75 66 45 97 38 2 59 24 94 16 98 91 28 82 73 71 62 37 29 95 47 32 58 30 33 96 42 74 1
52 50
52 77
52 8
52 15
50 35
50 39
50 36
50 81
50 45
77 99
99 40
99 83
99 10
99 22
40 31
40 61
40 63
40 98
8 6
8 68
92 20
92 9
92 18
20 26
20 19
20 27
20 71
20 30
9 44
9 49
9 56
9 7
9 58
9 74
26 14
15 80
80 3
80 17
80 16
80 42
51 35
51 79
51 43
35 25
35 28
35 29
83 65
44 88
44 21
44 46
44 90
31 5
31 23
31 69
25 57
19 78
19 41
6 76
6 67
39 72
72 55
72 64
78 34
78 0
57 88
79 4
65 60
65 75
17 53
17 33
88 47
49 85
49 1
21 12
21 70
36 93
61 37
93 89
56 62
46 48
63 54
5 95
85 87
90 84
76 38
84 86
7 59
64 66
34 13
10 2
23 94
53 97
89 24
48 11
69 82
60 73
22 32
18 91
67 96