59 60 19 83 58 82 18 93 11 12 6 61 10 67 26 37 38 27 28 13 20 92 32 22 23 57 56 94 95 96 29 53 79 78 5 25 68 15 14 21 87 88 89 90 17 24 7 70 71 4 77 80 81 0 1 3 86 66 43 74 50 69 31 49 46 52 2 33 62 44 47 41 91 30 76 75 63 48 35 36 40 39 97 16 45 84 54 55 64 72 8 9 73 42 51 34 65 85 98
59 60
59 58
59 37
60 93
60 61
19 83
19 18
19 20
83 82
83 84
58 67
58 57
82 29
82 81
18 61
18 17
93 92
93 94
11 12
11 6
11 10
12 13
12 41
6 7
61 62
10 26
10 9
67 68
67 66
26 27
26 25
37 38
38 5
27 28
13 96
13 14
20 21
20 46
92 32
32 31
32 33
22 23
22 77
23 53
23 24
57 56
57 15
56 50
56 55
94 95
94 52
95 96
96 97
53 54
79 78
79 80
78 77
78 88
5 4
25 74
68 69
15 16
14 43
21 1
87 88
87 86
88 89
89 90
90 91
70 71
70 69
71 72
4 3
77 76
80 81
80 65
0 1
3 2
86 30
86 85
43 44
43 42
74 73
50 49
50 51
46 47
46 45
62 75
62 63
47 35
76 8
63 48
63 64
35 36
35 34
40 39
39 64
97 98