11 59 58 12 62 75 13 66 52 6 43 72 25 74 81 60 99 18 15 23 96 0 14 67 9 90 16 92 79 30 24 97 4 39 57 10 61 68 26 65 54 50 8 19 83 45 80 71 84 35 49 38 98 3 36 69 17 76 55 51 53 5 42 86 7 46 1 22 56 48 21 32 91 77 94 78 40 70 33 88 2 31 20 85 37 27 64 93 73 89 95 63 28 29 87 47 44 41 34 82
11 59
11 58
11 60
59 52
59 66
59 68
58 75
58 30
12 62
12 61
12 63
62 90
62 79
62 54
62 97
75 72
75 16
13 66
13 64
66 50
66 69
52 9
52 56
52 33
6 43
6 45
6 44
43 81
43 96
72 15
72 96
25 74
25 0
25 57
74 92
74 16
74 46
81 18
60 99
99 90
18 80
15 71
15 70
23 96
23 95
0 26
0 27
14 67
14 68
9 53
90 21
92 22
30 1
24 97
97 32
4 39
4 38
4 37
39 91
57 10
10 55
61 36
26 65
26 94
65 40
54 89
54 29
50 8
8 51
8 49
19 83
19 84
19 82
80 84
71 77
84 78
35 49
35 86
38 98
3 36
3 34
36 91
36 73
17 76
17 78
55 31
53 42
5 42
5 41
86 20
7 46
7 48
7 47
1 28
22 93
21 88
2 31
20 85
20 87