35 50 30 46 47 8 28 72 14 9 19 45 43 3 10 74 11 13 76 5 6 56 20 71 70 75 22 82 51 23 49 87 48 73 52 0 69 1 60 83 86 77 61 54 39 81 64 65 88 24 12 78 84 67 57 58 66 68 44 80 79 89 38 34 63 53 36 25 27 26 18 17 59 15 16 85 31 33 21 40 2 62 4 55 29 32 42 37 7 41
35 50
35 30
35 39
35 34
35 36
50 72
50 49
50 42
30 28
30 31
30 33
30 29
46 47
46 43
46 40
47 56
47 51
47 48
8 28
8 14
8 7
72 74
14 13
14 15
9 19
9 6
19 45
19 44
45 43
43 37
3 10
3 11
10 13
10 5
10 0
74 76
11 20
11 18
11 21
13 16
13 2
76 75
76 87
5 6
5 4
56 71
56 60
20 22
71 70
70 73
70 69
75 82
22 23
82 83
82 81
51 52
51 55
23 24
23 27
23 26
49 57
87 86
87 88
73 77
52 54
52 53
0 1
69 68
1 12
60 61
83 84
86 67
77 78
61 63
61 62
54 64
39 38
81 80
64 65
88 89
24 25
12 17
78 79
84 85
67 66
57 58
58 59
38 41
34 32