9 20 77 67 17 63 51 33 25 23 40 5 14 13 1 42 15 12 48 26 3 6 44 8 11 19 98 7 4 49 22 59 99 0 24 61 35 16 80 32 65 64 30 52 79 62 81 68 75 54 43 56 31 71 46 21 53 66 88 57 84 55 34 97 39 2 60 91 95 18 78 29 74 85 58 76 89 93 72 90 27 73 83 10 45 37 86 96 41 47 28 92 70 87 36 50 94 69 82 38
9 20
9 23
9 13
9 48
9 55
9 82
20 77
20 67
20 40
20 30
20 68
20 31
20 39
20 91
20 37
77 3
77 49
67 17
17 63
17 16
63 51
63 71
51 81
51 94
33 25
33 26
33 44
33 0
33 80
33 43
25 79
25 36
23 24
23 95
40 42
40 97
40 74
5 14
5 22
5 46
14 15
14 89
14 72
13 1
13 61
13 34
13 85
1 7
1 8
1 84
1 66
42 26
15 12
12 4
12 35
48 56
48 92
26 64
26 2
26 83
3 29
3 70
6 44
6 98
6 35
6 65
6 28
44 58
8 11
11 99
11 32
19 98
19 10
4 75
4 76
49 59
22 60
59 54
99 41
0 27
0 47
0 50
24 88
61 86
35 57
16 69
80 96
32 78
32 93
30 45
52 79
52 38
62 81
62 73
68 18
75 87
21 53
21 66
72 90