16 66 30 93 5 44 65 94 10 54 28 90 20 74 7 47 13 59 4 41 8 49 27 88 24 82 3 39 23 80 29 91 73 14 62 2 38 18 69 12 58 70 87 81 32 98 97 79 22 77 15 63 61 11 55 53 9 52 50 48 6 46 1 36 35 0 34 33 25 83 26 85 19 72 64 68 71 60 40 89 21 75 78 37 86 84 51 43 57 45 76 95 92 56 31 96 42 17 67
16 66
16 65
16 8
16 23
16 7
66 68
30 93
30 94
93 95
5 44
5 43
5 8
5 28
5 20
44 42
65 67
94 96
10 54
10 53
54 56
28 90
28 89
28 27
90 92
20 74
20 73
20 11
20 0
20 13
20 9
74 76
7 47
7 48
47 45
13 59
13 60
13 14
13 18
4 41
41 43
8 49
8 50
27 88
27 87
24 82
24 81
24 1
82 84
3 39
3 40
3 6
3 26
3 12
23 80
23 79
29 91
29 92
14 62
14 61
2 38
2 37
2 0
18 69
18 70
12 58
12 57
32 98
32 97
32 1
22 77
22 78
22 15
15 63
15 64
15 1
11 55
11 56
9 52
9 51
6 46
6 45
1 36
1 35
1 0
0 34
0 33
25 83
25 84
26 85
26 86
26 31
19 72
19 71
19 21
21 75
21 76
31 96
17 67