54 17 43 77 34 6 32 75 20 63 91 11 41 65 15 58 53 27 45 31 68 5 42 64 25 48 66 26 16 1 35 44 72 69 46 2 39 22 33 76 36 73 51 30 14 96 57 23 24 61 59 84 83 10 47 56 98 38 3 40 50 55 60 92 89 86 7 94 81 85 95 93 97 88 80 74 79 9 0 67 71 37 99 49 12 19 90 21 29 87 82 4 13 70 52 78 18 62 8 28
54 17
54 20
54 91
54 11
54 88
54 80
54 28
17 43
43 77
43 6
43 86
77 34
34 68
34 0
34 71
34 8
6 32
6 49
32 75
32 66
75 41
75 38
20 63
63 26
63 97
63 37
91 65
11 45
41 15
65 31
65 39
65 22
65 99
15 58
58 84
53 27
53 16
53 96
53 90
53 87
27 64
45 2
45 19
45 82
31 5
68 25
5 42
5 48
42 16
64 30
64 98
64 21
25 51
48 14
48 85
66 92
66 23
66 29
26 69
1 35
1 44
35 72
35 69
35 61
35 9
35 78
44 10
44 7
44 70
72 46
69 95
46 89
46 3
46 12
2 36
39 76
22 56
33 76
36 73
36 79
51 94
30 4
96 59
96 62
57 23
57 83
23 60
24 61
24 67
84 47
84 50
47 13
98 55
3 40
40 74
50 93
55 81
55 18
86 52