43 46 6 7 48 75 29 16 74 86 83 3 36 35 64 31 44 25 42 19 62 1 60 11 2 77 56 81 53 80 26 61 0 91 10 92 37 97 18 20 21 90 22 93 45 24 9 89 69 54 4 12 52 40 84 17 78 14 23 96 73 5 50 94 58 82 27 38 59 41 76 49 63 67 85 33 47 30 72 32 8 71 95 68 13 66 88 99 15 55 70 28 65 34 39 57 87 51 79 98
43 46
43 6
43 29
43 86
43 77
43 35
46 7
46 75
46 40
6 44
6 45
7 48
7 47
48 64
48 62
48 91
75 16
75 65
29 1
29 71
29 57
16 74
16 73
74 49
74 51
86 83
86 92
86 20
86 67
86 87
83 19
3 36
3 35
3 34
36 60
36 84
64 13
31 44
31 2
25 42
25 0
25 97
25 78
42 5
19 82
62 12
1 30
1 28
60 11
11 58
11 59
2 33
2 32
77 54
56 81
56 10
81 18
81 98
53 80
53 9
53 50
80 18
80 89
26 61
26 0
26 72
61 37
61 12
0 27
10 55
92 22
92 70
37 4
97 24
97 94
20 85
21 90
21 89
21 88
22 93
93 69
24 99
9 54
9 52
69 14
4 38
12 63
17 78
17 76
23 96
23 94
23 95
5 41
50 8
94 68
41 39
33 79
72 15
13 66