38 79 57 80 93 39 67 68 16 46 94 75 1 25 15 49 84 74 43 69 73 64 95 96 70 24 87 56 65 72 33 14 76 58 4 66 97 40 7 85 2 13 63 20 83 32 17 37 92 42 29 52 77 98 8 28 35 31 62 53 48 27 61 22 91 26 18 21 12 44 11 5 86 41 30 82 59 55 50 23 9 6 99 88 90 51 47 0 19 81 54 78 60 10 3 89 45 71 36 34
38 79
38 39
38 37
38 98
79 57
79 80
79 7
79 78
57 16
57 56
80 93
80 75
80 81
93 84
93 94
93 92
93 35
39 70
39 40
67 68
67 58
67 66
67 53
68 16
68 4
16 15
16 17
46 94
46 64
46 47
94 95
94 71
75 74
75 76
1 25
1 2
1 0
25 33
25 84
25 26
15 14
49 84
49 48
49 50
49 60
84 43
84 85
84 83
74 54
43 42
43 44
43 90
69 73
69 96
69 10
73 72
64 63
95 96
96 97
70 20
24 87
24 82
24 23
24 89
87 65
87 88
56 22
56 55
65 66
72 29
72 36
33 32
33 45
14 51
76 77
4 5
4 3
97 59
40 41
7 8
85 86
2 19
13 63
13 12
63 62
20 21
83 11
32 31
17 18
92 91
52 77
98 99
8 28
8 9
28 27
35 34
31 30
62 61
30 6