63 84 1 77 57 24 21 76 4 89 38 79 66 94 42 73 37 9 36 17 80 55 34 85 49 87 53 33 72 41 81 11 27 47 0 56 16 88 90 78 43 59 10 93 50 68 62 52 8 98 48 13 69 99 75 18 30 74 95 22 82 92 5 32 15 2 60 51 61 65 70 29 45 6 23 40 14 91 3 7 97 83 96 12 58 67 31 19 26 44 20 46 86 28 64 71 25 35 54 39
63 84
63 77
63 9
63 16
84 1
84 21
84 93
84 96
1 37
1 36
77 38
77 85
57 24
57 76
57 42
24 89
21 73
76 4
76 80
76 88
76 13
76 60
4 17
4 50
89 66
89 7
38 79
38 12
79 66
79 52
79 69
66 94
66 90
66 3
94 11
94 30
42 19
42 28
73 27
73 47
73 68
73 6
37 34
37 56
9 87
36 55
36 86
36 64
17 72
17 23
80 81
55 10
55 91
55 35
34 95
34 2
34 40
85 49
85 99
49 74
87 32
53 33
53 62
53 15
33 90
41 81
41 0
81 78
81 26
11 75
11 48
47 92
56 22
16 31
88 45
90 61
78 18
78 51
43 59
43 68
59 70
10 14
93 25
50 54
68 8
52 71
98 48
48 83
13 5
13 58
18 20
30 82
60 44
61 65
65 46
70 29
97 83
67 31
35 39