56 65 66 63 70 23 18 83 31 88 71 37 95 96 52 85 72 2 86 19 64 74 84 62 20 6 13 68 14 69 42 77 82 47 90 45 11 57 17 59 21 39 67 89 27 87 12 40 91 51 30 76 15 4 54 25 43 94 50 16 9 48 7 34 46 79 49 29 8 3 93 36 33 75 5 53 80 44 28 92 97 60 32 55 24 22 99 61 78 58 81 35 1 38 10 0 41 26 98 73
56 65
56 88
56 2
56 59
56 15
56 53
65 66
65 27
66 63
66 17
66 40
66 29
63 70
63 11
63 41
70 23
70 71
70 85
23 31
23 24
18 83
18 96
18 90
83 52
83 86
83 82
31 37
88 19
88 89
88 87
88 30
71 6
71 72
37 42
37 9
37 98
95 96
95 72
95 3
52 68
85 62
85 97
2 45
2 94
86 84
86 81
86 0
19 64
19 20
19 76
64 47
74 84
74 13
74 12
84 8
84 38
62 22
62 99
20 21
6 7
13 54
68 4
68 1
14 69
14 47
14 91
69 57
42 77
77 25
77 79
82 28
47 49
47 55
90 43
90 48
90 73
45 50
45 93
11 58
57 78
17 34
59 60
21 75
39 67
39 5
67 89
67 51
27 61
40 44
91 33
51 16
51 46
76 26
25 10
94 36
8 32
3 80
93 92
97 35