20 22 93 15 26 14 65 36 95 31 6 76 91 19 43 62 4 7 47 68 72 90 42 96 73 46 71 77 55 48 54 86 1 13 3 94 50 89 27 84 92 82 80 37 34 11 41 44 57 9 29 39 16 63 83 23 49 40 2 75 64 35 79 45 24 59 99 17 51 98 66 25 58 61 33 10 97 74 8 56 85 30 28 78 60 88 18 81 70 52 21 38 87 0 12 5 32 53 67 69
20 22
20 15
20 95
20 80
20 23
20 10
22 93
22 26
22 65
22 90
22 42
22 55
22 3
22 9
22 2
93 43
93 37
93 41
93 8
15 19
15 62
26 6
26 57
26 18
26 67
14 65
14 31
14 68
14 71
36 95
36 50
36 11
36 63
36 30
95 17
31 94
31 44
31 49
6 4
6 16
76 91
76 46
76 13
91 72
91 54
19 48
19 64
19 59
43 73
62 97
62 78
4 72
7 47
7 77
7 90
7 35
7 0
47 83
47 75
47 33
68 1
68 32
90 79
42 96
96 89
96 40
73 98
73 66
46 29
46 24
46 56
77 45
55 92
48 51
54 86
54 27
54 82
54 5
86 25
1 87
1 53
13 39
3 60
50 58
89 70
27 61
84 92
84 28
80 34
37 52
34 99
11 74
41 85
44 12
57 88
16 81
58 38
61 69
52 21