66 5 11 53 23 28 29 31 92 25 95 27 43 19 77 21 54 17 7 49 47 32 93 87 40 71 61 12 44 39 60 0 81 15 84 89 42 10 63 74 85 69 94 56 79 96 62 6 72 38 45 97 67 30 37 9 78 46 98 14 16 51 57 80 82 70 8 2 20 41 4 34 13 73 91 64 86 52 75 35 68 76 3 24 22 88 48 50 33 1 26 58 36 90 55 59 65 83 18
66 5
66 7
66 49
66 15
5 28
5 25
11 53
11 23
11 39
11 44
53 21
53 94
53 19
53 20
53 13
23 95
23 84
28 29
28 43
29 63
31 92
31 97
31 30
92 21
92 17
92 79
25 77
95 54
95 38
95 73
27 43
27 35
27 26
27 65
43 85
43 14
43 83
19 77
19 61
19 89
77 42
77 52
21 37
21 55
54 47
54 62
17 34
7 78
49 87
49 74
49 69
47 10
47 82
47 1
32 93
32 60
93 96
87 98
40 71
40 50
40 90
71 6
61 58
12 44
12 96
12 24
44 56
60 2
0 81
81 89
81 51
81 86
15 8
84 88
42 59
10 76
63 72
74 57
85 41
69 48
56 22
79 70
62 67
62 46
6 76
38 45
38 9
97 3
67 91
14 16
57 18
80 82
41 4
4 36
13 68
64 86
52 75
35 33