55 59 33 64 13 27 83 39 78 0 23 81 38 26 75 17 73 93 15 56 69 90 98 3 63 9 89 94 50 40 92 62 58 88 37 14 84 74 21 22 96 95 10 57 32 20 70 2 54 71 72 46 43 30 67 25 60 66 48 65 53 76 86 52 44 18 36 5 11 47 41 12 82 91 1 51 35 8 34 49 97 99 85 19 24 77 7 79 16 29 4 28 80 61 6 87 42 68 45 31
55 59
55 26
55 17
55 56
55 88
55 95
55 52
55 4
55 6
59 33
59 93
59 54
33 64
33 92
64 13
64 28
13 27
13 40
13 71
27 81
27 12
83 39
83 78
83 15
83 72
83 67
83 16
83 42
39 23
39 58
78 75
0 23
0 38
0 73
0 14
23 21
23 44
81 89
81 70
81 82
81 24
38 3
38 57
38 8
26 94
26 11
26 49
75 50
17 74
17 47
73 90
93 15
93 35
93 34
56 69
56 62
56 53
69 96
69 32
69 79
90 2
98 3
98 76
3 63
63 36
63 1
9 89
9 37
94 46
94 86
94 51
50 22
40 66
92 25
92 61
88 91
88 85
88 7
37 65
14 84
84 10
74 18
21 19
22 48
95 20
57 77
32 99
20 41
70 45
2 29
54 43
71 30
71 31
43 60
30 87
67 68
48 97
48 80
5 11