68 72 2 28 21 20 70 76 45 30 36 65 74 10 26 83 48 64 0 67 69 4 23 94 46 18 87 3 78 41 97 47 16 15 7 59 24 27 33 25 13 1 5 58 55 35 38 31 17 14 39 63 49 62 73 32 53 43 19 8 84 91 99 95 57 96 98 66 60 50 85 81 29 44 86 80 12 42 90 93 71 52 9 51 88 61 92 75 54 11 22 77 82 37 56 6 79 89 34 40
68 72
68 30
68 46
68 39
72 2
72 4
72 86
2 10
2 67
2 73
28 21
28 0
28 87
21 76
21 49
21 61
21 37
20 70
20 45
20 4
20 41
70 3
70 11
70 40
76 78
76 65
45 36
45 51
30 74
36 65
65 59
65 58
65 89
74 97
74 90
10 75
26 83
26 64
83 48
83 19
83 81
64 87
64 13
64 22
0 93
0 88
67 69
67 25
67 38
69 47
4 16
23 94
23 16
94 95
94 98
46 8
18 87
18 99
87 53
87 14
87 77
3 7
78 84
97 62
47 17
16 15
16 33
16 55
15 63
15 82
7 43
7 91
7 79
24 27
24 62
24 34
27 35
33 42
25 66
13 54
1 5
5 31
5 14
55 32
14 12
14 60
14 92
63 52
62 85
73 57
43 80
19 29
57 96
60 50
29 71
44 86
90 6
9 51
92 56