51 87 10 11 68 89 8 3 53 81 62 64 2 26 44 42 92 67 55 79 58 56 14 80 0 37 66 38 74 49 40 36 91 30 73 23 28 70 69 71 97 12 6 95 17 52 21 29 4 15 90 16 20 60 33 45 27 39 34 83 93 99 77 43 82 5 86 46 47 94 18 19 59 7 9 61 76 41 72 88 98 78 25 32 1 85 50 63 65 96 22 75 54 31 48 24 84 57 13 35
51 87
51 10
87 11
87 97
10 89
10 8
11 68
11 88
68 2
68 44
89 81
89 77
8 67
8 4
3 53
3 92
3 37
53 0
53 66
81 79
81 35
62 64
62 26
64 79
64 6
2 36
2 61
26 42
44 95
42 55
42 57
92 58
92 13
67 38
67 28
55 56
55 25
58 29
56 49
56 23
14 80
14 74
80 40
80 60
0 98
37 30
66 74
66 96
38 73
49 15
40 91
40 1
36 83
91 73
30 21
23 33
28 70
70 52
69 71
69 12
69 29
97 34
12 43
6 32
6 84
17 52
17 46
21 27
4 45
15 90
15 39
90 16
90 78
16 9
20 60
20 41
20 85
33 50
33 54
45 82
27 72
39 93
39 19
34 7
83 5
93 99
99 86
77 47
43 75
82 31
5 18
46 22
47 94
19 59
7 48
61 76
41 63
25 65
48 24