38 47 45 10 46 62 26 11 39 42 24 63 25 6 50 28 19 0 52 53 16 9 8 37 44 29 32 36 40 49 43 13 65 30 14 18 22 56 34 5 41 4 54 61 60 31 27 48 7 1 12 17 2 3 20 51 21 35 55 15 57 23 58 59 64 33
38 47
38 45
38 10
38 43
47 46
47 49
47 14
47 61
45 62
45 26
45 6
45 22
10 25
10 39
46 63
46 53
46 34
46 4
62 42
26 37
26 36
11 39
11 50
11 28
11 19
11 51
11 64
39 52
39 44
39 56
39 12
39 65
42 32
42 31
42 1
24 63
24 16
24 27
24 35
63 13
25 0
6 17
6 59
50 7
50 20
28 9
19 23
19 33
0 8
0 55
52 40
53 3
16 18
9 2
8 29
37 48
44 54
29 5
65 30
30 60
18 58
22 41
60 21
31 15
20 57