15 25 24 33 32 41 50 60 71 14 35 46 72 4 56 67 84 80 3 74 66 64 54 16 55 81 2 27 82 83 57 1 98 48 0 76 58 93 69 45 28 94 88 59 44 52 5 10 47 85 92 89 86 62 68 53 49 43 8 6 20 11 38 21 95 91 78 96 90 97 87 77 75 70 79 61 65 73 63 39 34 51 40 31 30 42 26 18 17 23 22 7 13 12 37 36 29 19 9
15 25
15 14
15 16
15 26
25 24
25 35
24 33
33 32
32 41
32 42
41 50
41 52
41 51
41 40
41 31
41 30
50 60
60 71
71 72
71 80
71 62
71 70
14 4
14 5
14 23
35 46
46 56
46 45
72 84
4 3
56 67
56 47
67 66
67 57
67 98
67 68
84 74
80 81
80 90
3 2
3 13
74 64
66 76
66 65
64 54
54 55
54 73
16 27
81 82
2 1
2 12
27 28
27 8
27 18
27 37
27 36
82 83
83 93
83 92
57 48
1 0
98 88
98 97
98 87
48 58
0 10
0 11
76 86
76 77
76 75
58 69
93 94
69 59
45 44
28 29
28 19
28 9
94 85
88 89
59 49
44 53
52 43
5 6
10 20
47 38
85 95
92 91
89 78
86 96
62 61
68 79
53 63
49 39
43 34
8 17
6 7
20 21
11 22