16 56 61 66 4 60 77 93 24 44 62 15 84 5 53 71 8 39 31 55 54 74 78 51 3 29 43 64 20 91 87 14 95 7 37 58 92 96 88 81 13 11 49 38 98 23 42 68 47 70 19 28 10 72 63 50 45 40 99 48 18 41 85 32 33 46 22 9 2 25 80 27 89 73 59 34 90 79 94 35 86 82 75 67 76 52 12 0 36 30 26 65 97 21 17 57 83 69 6 1
16 56
16 4
16 2
56 63
56 90
56 67
61 66
61 15
61 5
61 55
61 69
66 71
4 60
4 24
4 70
60 53
77 93
77 62
77 22
93 53
93 42
24 44
24 87
44 39
44 92
44 13
44 25
44 65
62 7
62 11
62 48
62 79
15 51
15 45
15 33
84 5
84 54
84 49
84 40
5 95
53 3
53 68
71 29
71 78
71 59
8 39
8 10
8 89
39 54
39 50
39 18
31 55
31 14
31 32
31 36
55 38
55 23
74 78
74 85
78 81
78 83
51 98
51 72
3 47
29 19
43 64
43 28
43 0
64 95
20 91
20 76
20 97
91 58
91 34
87 80
87 86
87 57
14 37
14 6
95 58
37 82
96 88
96 35
96 26
88 11
98 99
98 46
23 41
23 30
42 21
47 17
19 94
50 12
40 73
40 52
18 9
27 89
89 1
82 75