84 85 86 83 82 81 87 80 88 89 90 91 79 92 93 78 94 77 95 76 96 97 98 75 99 0 1 74 2 3 4 73 5 6 72 7 71 8 70 9 10 69 11 68 12 13 67 14 15 66 16 65 17 64 18 63 19 62 20 61 21 60 22 59 58 23 57 56 24 55 54 25 53 26 52 51 27 50 49 48 47 28 46 45 44 29 43 42 41 30 40 31 39 38 37 32 36 35 33 34
84 85
84 83
85 86
86 87
83 82
82 81
81 80
87 88
80 79
88 89
89 90
90 91
91 92
79 78
92 93
93 94
78 77
94 95
77 76
95 96
76 75
96 97
97 98
98 99
75 74
99 0
0 1
1 2
74 73
2 3
3 4
4 5
73 72
5 6
6 7
72 71
7 8
71 70
8 9
70 69
9 10
10 11
69 68
11 12
68 67
12 13
13 14
67 66
14 15
15 16
66 65
16 17
65 64
17 18
64 63
18 19
63 62
19 20
62 61
20 21
61 60
21 22
60 59
22 23
59 58
58 57
23 24
57 56
56 55
24 25
55 54
54 53
25 26
53 52
26 27
52 51
51 50
27 28
50 49
49 48
48 47
47 46
28 29
46 45
45 44
44 43
29 30
43 42
42 41
41 40
30 31
40 39
31 32
39 38
38 37
37 36
32 33
36 35
33 34