53 90 6 70 47 74 76 80 8 56 3 10 21 71 66 78 17 72 33 14 95 41 22 54 11 93 63 83 59 1 25 30 82 85 98 97 16 84 55 94 49 32 46 44 79 36 2 28 24 34 51 86 18 61 57 26 52 48 13 73 99 58 65 92 27 19 0 35 64 75 88 15 38 39 62 23 12 91 29 43 37 96 31 42 87 77 5 7 68 20 67 40 89 60 69 4 50 45 81 9
53 90
53 14
53 95
53 75
90 6
90 24
90 26
90 4
6 70
6 59
6 84
47 74
47 41
47 80
74 17
74 15
74 89
76 80
76 21
80 19
80 39
8 56
8 11
8 34
8 46
8 29
8 42
56 82
56 96
3 10
3 33
3 30
3 63
10 44
10 48
21 71
21 77
71 2
71 52
71 99
66 78
66 97
66 46
66 55
78 98
17 72
17 49
17 32
17 62
33 20
33 45
14 44
14 2
95 1
41 88
41 60
22 54
22 83
22 9
54 93
54 67
54 40
93 64
93 31
63 83
83 25
59 50
1 57
1 38
82 0
85 98
85 18
85 87
16 84
16 28
84 36
55 94
55 79
94 51
32 46
32 69
46 86
46 23
46 7
44 5
36 35
2 61
2 58
28 27
52 12
13 73
13 23
65 92
92 42
19 43
12 91
37 96
37 68
67 81