77 38 25 50 59 5 96 45 65 53 3 87 52 61 10 58 80 30 36 13 12 92 91 82 55 9 57 93 14 75 78 70 15 63 99 0 72 37 16 47 6 24 18 1 84 43 94 11 76 56 69 60 2 64 23 40 49 27 22 98 46 88 68 54 81 66 86 79 7 28 35 83 73 71 90 74 21 26 20 8 31 19 44 33 51 42 97 95 32 29 34 17 85 89 39 67 62 48 41 4
77 38
77 25
77 88
77 28
77 83
38 93
38 61
25 50
25 11
50 96
50 79
50 89
59 5
59 45
59 0
59 27
59 68
59 31
5 61
5 65
96 10
96 70
45 3
65 53
65 80
65 35
53 58
53 69
3 55
3 20
87 52
87 55
87 16
87 60
87 23
52 78
52 34
61 75
61 6
61 86
10 92
58 30
80 12
30 82
30 94
30 63
36 13
36 12
36 74
13 91
13 95
12 41
92 9
92 84
91 43
91 66
91 90
82 76
9 57
57 14
57 99
57 17
93 67
14 47
75 18
78 51
70 56
70 29
15 63
15 98
15 71
63 22
99 49
0 7
0 19
0 33
0 39
72 37
72 6
37 64
16 81
47 46
6 26
24 18
24 2
1 84
1 8
84 4
11 21
56 40
56 85
60 73
2 54
40 32
88 48
66 42
86 62
28 97
83 44