2 50 76 87 18 6 21 24 5 57 78 90 52 27 28 32 65 80 49 37 46 26 15 43 72 30 4 45 47 38 55 67 13 92 29 77 7 1 25 62 91 51 56 66 16 69 61 96 8 36 12 86 79 17 39 58 81 31 41 9 42 64 11 34 33 48 93 73 88 94 14 83 59 84 82 40 63 89 44 3 71 60 98 19 97 53 10 74 23 35 22 54 0 70 20 85 99 95 68 75
2 50
2 18
2 90
2 4
50 52
50 27
50 41
76 87
76 80
76 49
76 40
87 21
87 48
18 46
18 55
18 62
18 73
6 21
6 57
21 26
21 32
21 9
24 5
24 28
24 96
5 78
5 67
5 29
57 28
57 19
78 42
78 33
90 69
90 1
90 89
52 72
27 30
27 88
28 37
28 8
28 36
32 65
32 93
32 98
65 45
65 12
80 92
49 46
49 71
37 13
46 60
26 7
26 97
26 53
26 54
15 43
15 45
15 64
43 31
43 85
30 77
4 58
4 44
45 68
47 38
38 92
55 91
67 61
13 81
92 59
29 34
29 75
7 51
7 16
7 11
1 25
25 63
51 10
56 66
56 69
66 22
61 0
96 94
96 79
96 14
12 23
86 79
86 70
79 74
17 39
39 31
81 20
41 82
9 84
9 3
14 83
44 99
3 95
23 35