15 95 12 1 4 58 2 0 14 32 43 78 86 96 68 82 63 26 17 75 36 45 25 35 73 38 11 87 98 34 83 6 62 24 5 9 31 92 93 89 20 79 97 88 99 55 30 49 67 85 44 8 71 21 61 37 48 76 7 77 80 72 3 50 54 16 18 53 69 41 27 84 74 42 66 47 29 91 51 40 46 33 39 94 23 13 57 70 65 81 64 19 90 52 28 56 10 59 22 60
15 95
15 2
15 25
15 73
15 76
15 90
95 12
95 58
95 78
95 26
12 1
12 86
12 31
12 29
12 39
12 81
1 4
4 36
4 67
4 71
4 37
4 18
58 0
58 93
58 30
2 43
2 87
2 53
2 27
0 14
0 20
14 32
14 13
32 75
32 77
32 94
43 68
78 96
86 17
86 6
96 21
96 61
96 3
68 35
68 89
68 55
82 63
82 8
82 72
63 17
63 38
63 84
63 56
63 10
26 48
26 69
17 45
75 92
36 5
36 91
45 44
45 74
25 98
25 83
35 62
73 34
73 50
38 11
11 9
87 85
87 47
83 22
6 42
62 24
62 97
62 54
24 51
5 79
5 19
31 46
92 23
93 52
89 16
89 66
20 70
79 49
97 88
88 99
88 40
99 80
55 59
67 65
85 57
71 60
21 33
37 7
48 41
50 28
29 64