2 27 21 24 35 26 77 12 89 96 92 99 73 54 5 3 25 88 23 33 43 13 95 80 86 29 9 41 30 6 37 15 22 64 16 0 50 66 53 65 4 36 58 11 93 81 91 52 90 32 98 57 51 19 62 85 10 84 46 87 83 31 1 45 74 17 56 38 61 79 39 68 60 8 67 7 40 70 75 71 28 34 44 76 47 18 48 94 82 69 42 63 55 78 49 20 59 97 72 14
2 27
2 21
27 3
27 25
27 52
27 67
21 24
21 89
21 16
21 4
24 35
24 30
24 87
35 26
35 80
26 96
26 77
26 5
26 88
26 75
77 12
77 29
77 93
77 40
77 76
77 63
12 92
12 33
12 37
12 20
12 59
89 99
96 53
96 32
96 98
92 9
92 62
99 15
99 11
99 28
73 54
73 95
54 43
54 29
54 64
54 91
5 36
5 10
3 23
3 65
25 60
25 70
88 50
88 61
88 97
23 42
33 6
33 22
43 0
43 31
43 94
13 95
13 86
13 51
13 74
80 41
80 69
86 44
29 7
9 81
9 45
41 58
30 57
6 34
37 78
15 90
22 66
22 1
64 79
64 18
64 14
16 48
50 83
66 71
53 84
53 46
65 72
58 55
11 82
81 56
52 85
90 49
98 8
51 19
19 38
45 39
17 56
39 68
40 47