0 14 93 81 97 66 34 83 90 41 98 92 7 31 87 5 24 22 44 3 77 91 99 45 29 94 38 36 59 25 69 75 53 74 63 78 72 48 56 46 40 33 35 60 82 80 95 20 62 47 70 89 76 37 61 9 42 51 6 58 85 30 67 11 32 12 4 49 26 57 19 27 52 39 15 55 54 50 8 71 65 84 16 86 17 2 88 73 64 79 21 1 68 43 13 96 28 23 18 10
0 14
0 93
0 81
0 97
0 66
0 83
0 90
0 98
0 92
0 87
0 22
0 77
0 91
0 99
0 94
0 69
0 75
0 74
0 63
0 78
0 72
0 82
0 80
0 95
0 62
0 70
0 89
0 76
0 85
0 67
0 71
0 65
0 84
0 86
0 88
0 73
0 64
0 79
0 68
0 96
14 34
14 38
14 54
93 41
81 24
97 45
66 5
34 59
83 29
90 36
41 32
98 46
92 40
7 31
7 5
7 61
31 44
31 8
87 33
5 25
5 52
5 39
5 15
24 51
24 57
22 53
44 3
44 35
3 48
77 20
91 37
99 47
45 60
29 6
29 27
94 42
38 4
59 12
25 55
75 17
74 16
63 2
78 21
72 13
48 56
46 26
40 11
33 58
60 49
82 28
80 23
95 43
20 50
62 1
47 19
76 18
37 30
61 9
9 10