48 71 82 39 76 87 0 12 75 56 73 1 70 8 29 98 83 10 94 38 91 13 5 80 60 26 35 93 22 17 46 64 7 30 32 45 77 33 55 79 28 95 69 96 62 58 74 65 20 21 2 52 99 41 78 37 23 54 68 63 88 97 24 89 16 86 57 31 36 67 43 3 34 92 18 50 27 51 15 84 44 81 14 53 19 11 6 4 66 85 47 72 25 40 42 90 59 61 49 9
48 71
48 0
48 91
48 55
48 81
48 19
71 82
71 38
71 28
82 73
82 22
82 65
82 37
39 76
39 87
39 10
39 3
39 90
76 75
76 1
76 94
76 13
87 8
87 47
0 17
0 58
0 31
12 75
12 56
12 46
12 74
56 70
56 83
56 14
73 83
73 16
73 34
1 45
70 60
70 96
8 33
8 78
29 98
29 38
29 25
98 93
83 44
10 80
10 95
94 77
38 69
38 57
38 11
91 20
13 51
5 80
5 64
5 86
80 7
80 79
60 66
60 49
26 35
26 41
26 43
26 15
35 46
35 27
35 42
93 21
22 97
64 62
64 30
30 32
30 6
32 36
32 63
33 53
55 2
28 92
95 18
95 50
69 68
96 40
62 24
58 89
58 85
65 61
20 23
52 99
52 3
78 9
37 4
23 54
63 88
36 67
3 72
15 84
44 59