47 58 61 27 49 43 67 87 25 33 35 37 45 30 26 15 59 92 96 11 38 88 76 63 34 48 89 99 12 8 71 36 85 41 94 3 57 44 73 29 2 60 16 39 81 24 93 10 75 74 21 64 65 23 79 5 53 84 98 62 51 95 42 50 97 4 17 18 22 40 0 69 78 20 6 7 54 9 66 91 52 70 77 14 46 82 83 56 19 86 28 1 72 55 13 32 68 31 90 80
47 58
47 61
47 33
58 30
58 62
58 51
61 43
61 76
61 17
61 82
27 49
27 37
27 45
27 96
27 97
27 40
27 46
49 26
49 15
49 0
49 55
43 67
43 35
43 88
67 87
67 57
67 72
87 25
25 92
25 16
33 89
33 69
33 65
35 26
35 36
37 59
45 64
45 4
45 70
45 13
30 48
30 83
15 99
59 34
59 12
59 22
92 8
92 77
96 60
11 38
11 94
11 75
38 63
38 48
88 10
76 78
76 9
63 2
34 44
48 93
89 71
12 20
12 14
8 81
8 32
71 39
36 91
85 41
85 74
85 52
41 86
41 28
94 3
94 18
3 73
57 66
73 29
73 84
29 24
2 5
60 53
16 1
39 90
24 74
93 68
10 54
75 79
74 98
21 64
64 7
64 56
65 23
79 6
84 95
62 19
51 50
95 42
95 31
50 80