70 23 28 19 69 72 5 96 11 60 34 42 13 21 76 95 64 48 1 88 62 91 17 16 49 78 85 38 83 61 20 82 80 39 6 15 25 87 14 41 36 73 97 32 18 58 67 79 33 53 68 54 2 8 26 98 9 46 47 89 92 0 99 94 65 93 43 86 59 52 10 56 29 57 84 44 24 81 75 51 40 27 7 30 45 3 31 22 77 37 55 74 63 90 12 66 50 71 4 35
70 23
70 5
70 24
23 28
23 96
23 91
28 19
28 11
19 60
19 75
19 3
69 72
69 60
69 83
69 89
69 18
72 21
72 17
72 62
72 33
5 13
96 1
11 95
11 61
60 44
60 77
34 42
34 17
34 85
34 0
34 67
42 32
42 99
42 81
13 38
13 27
21 76
21 98
21 66
76 64
76 14
76 73
95 79
95 57
64 48
64 97
64 9
48 20
48 41
1 82
1 93
1 4
1 35
88 62
88 53
88 54
62 6
62 87
91 92
17 84
17 31
16 49
16 15
16 97
16 59
16 63
49 26
49 86
78 85
78 47
38 46
38 12
82 25
80 39
80 67
6 51
87 7
87 22
14 45
41 56
36 73
36 30
36 74
18 58
58 94
79 37
33 55
53 43
68 54
68 40
2 8
8 9
8 90
47 65
92 71
99 50
52 10
52 7
56 29