29 91 16 66 92 9 52 5 44 15 63 0 33 22 77 27 87 3 40 21 75 39 76 12 58 34 24 81 23 80 6 45 4 41 31 96 95 7 48 51 19 72 18 69 32 98 97 82 14 62 11 55 88 26 86 17 67 65 13 59 57 56 10 54 25 84 64 53 71 70 8 49 30 93 46 94 43 47 83 78 1 36 60 20 74 73 2 37 85 38 79 61 35 89 68 28 90 50 42
29 91
29 92
29 15
29 25
29 24
91 89
16 66
16 65
16 21
66 68
92 90
9 52
9 51
9 23
9 12
52 50
5 44
5 43
5 3
44 42
15 63
15 64
63 61
0 33
0 34
0 12
33 35
22 77
22 78
77 79
27 87
27 88
27 3
27 7
87 85
3 40
3 39
3 32
3 28
40 38
21 75
21 76
21 6
21 32
21 11
76 74
12 58
12 57
12 2
12 18
12 10
58 60
24 81
24 82
23 80
23 79
6 45
6 46
6 30
4 41
4 42
31 96
31 95
31 2
7 48
7 47
19 72
19 71
19 28
18 69
18 70
32 98
32 97
14 62
14 61
11 55
11 56
26 86
26 85
17 67
17 68
13 59
13 60
10 54
10 53
25 84
25 83
8 49
8 50
30 93
30 94
1 36
1 35
20 74
20 73
2 37
2 38
28 90